# build-tree --verbose=1 --max-leaves=2000 --cluster-thresh=-1 exp/tri1/treeacc data/lang_nosp/phones/roots.int exp/tri1/questions.qst data/lang_nosp/topo exp/tri1/tree 
# Started at Thu Mar 11 10:38:03 UTC 2021
#
build-tree --verbose=1 --max-leaves=2000 --cluster-thresh=-1 exp/tri1/treeacc data/lang_nosp/phones/roots.int exp/tri1/questions.qst data/lang_nosp/topo exp/tri1/tree 
LOG (build-tree[5.5.0~1-40c7]:main():build-tree.cc:104) Number of separate statistics is 81517
LOG (build-tree[5.5.0~1-40c7]:BuildTree():build-tree.cc:161) BuildTree: before building trees, map has 41 leaves.
LOG (build-tree[5.5.0~1-40c7]:SplitDecisionTree():build-tree-utils.cc:577) DoDecisionTreeSplit: split 1959 times, #leaves now 2000
LOG (build-tree[5.5.0~1-40c7]:BuildTree():build-tree.cc:187) Setting clustering threshold to smallest split 551.156
VLOG[1] (build-tree[5.5.0~1-40c7]:BuildTree():build-tree.cc:196) After decision tree split, num-leaves = 2000, like-impr = 4.56927 per frame over 1.90919e+06 frames.
VLOG[1] (build-tree[5.5.0~1-40c7]:BuildTree():build-tree.cc:200) Including just phones that were split, improvement is 4.56927 per frame over 1.90919e+06 frames.
LOG (build-tree[5.5.0~1-40c7]:BuildTree():build-tree.cc:215) BuildTree: removed 423 leaves.
VLOG[1] (build-tree[5.5.0~1-40c7]:ClusterEventMapToNClustersRestrictedByMap():build-tree-utils.cc:914) Number of non-empty clusters in map = 41
VLOG[1] (build-tree[5.5.0~1-40c7]:ClusterEventMapToNClustersRestrictedByMap():build-tree-utils.cc:915) Number of non-empty clusters = 1577
LOG (build-tree[5.5.0~1-40c7]:BuildTree():build-tree.cc:231) BuildTree: Rounded num leaves to multiple of 8 by removing 1 leaves.
VLOG[1] (build-tree[5.5.0~1-40c7]:BuildTree():build-tree.cc:256) Objf change due to clustering -0.0829586 per frame.
VLOG[1] (build-tree[5.5.0~1-40c7]:BuildTree():build-tree.cc:259) Normalizing over only split phones, this is: -0.0829586 per frame.
VLOG[1] (build-tree[5.5.0~1-40c7]:BuildTree():build-tree.cc:262) Num-leaves is now 1576
VLOG[1] (build-tree[5.5.0~1-40c7]:main():build-tree.cc:143) For pdf-id 35, low count 89
VLOG[1] (build-tree[5.5.0~1-40c7]:main():build-tree.cc:143) For pdf-id 40, low count 96
VLOG[1] (build-tree[5.5.0~1-40c7]:main():build-tree.cc:143) For pdf-id 60, low count 61
VLOG[1] (build-tree[5.5.0~1-40c7]:main():build-tree.cc:143) For pdf-id 129, low count 75
VLOG[1] (build-tree[5.5.0~1-40c7]:main():build-tree.cc:143) For pdf-id 278, low count 81
VLOG[1] (build-tree[5.5.0~1-40c7]:main():build-tree.cc:143) For pdf-id 336, low count 86
VLOG[1] (build-tree[5.5.0~1-40c7]:main():build-tree.cc:143) For pdf-id 341, low count 45
VLOG[1] (build-tree[5.5.0~1-40c7]:main():build-tree.cc:143) For pdf-id 480, low count 90
VLOG[1] (build-tree[5.5.0~1-40c7]:main():build-tree.cc:143) For pdf-id 495, low count 79
VLOG[1] (build-tree[5.5.0~1-40c7]:main():build-tree.cc:143) For pdf-id 556, low count 23
VLOG[1] (build-tree[5.5.0~1-40c7]:main():build-tree.cc:143) For pdf-id 695, low count 51
VLOG[1] (build-tree[5.5.0~1-40c7]:main():build-tree.cc:143) For pdf-id 708, low count 61
VLOG[1] (build-tree[5.5.0~1-40c7]:main():build-tree.cc:143) For pdf-id 1007, low count 95
VLOG[1] (build-tree[5.5.0~1-40c7]:main():build-tree.cc:143) For pdf-id 1114, low count 53
VLOG[1] (build-tree[5.5.0~1-40c7]:main():build-tree.cc:143) For pdf-id 1360, low count 54
WARNING (build-tree[5.5.0~1-40c7]:main():build-tree.cc:185) Saw no stats for following phones: 2 3 4 5 6 7 8 9 11 12 13 14 16 18 26 27 28 29 30 32 34 36 38 40 42 43 44 45 46 56 58 59 60 61 62 64 66 72 74 75 76 77 78 80 82 86 90 91 92 93 94 98 103 106 110 114 118 122 123 124 125 126 128 130 132 136 138 139 140 141 142 150 151 154 155 156 157 158 162 170 174 178 180 182 183 184 185 186 190 192 194 196 198 199 200 201 202 206 214 218 222 230 234 235 238 239 240 241 242 246 254 255 256 257 258 259 260 262 266 267 270 274 278 282 286 290 294 295 296 297 298 299 300 302 303 304 306 307 308 310 311 312 313 314 315 318 319 322 323 326 330 332 334 336 338 339 342 343 346 
LOG (build-tree[5.5.0~1-40c7]:main():build-tree.cc:189) Wrote tree
# Accounting: time=4 threads=1
# Ended (code 0) at Thu Mar 11 10:38:07 UTC 2021, elapsed time 4 seconds
