# compile-train-graphs --read-disambig-syms=data/lang_nosp/phones/disambig.int exp/tri1/tree exp/tri1/1.mdl data/lang_nosp/L.fst "ark:utils/sym2int.pl --map-oov 3 -f 2- data/lang_nosp/words.txt < data/train_clean_5/split5/4/text |" "ark:|gzip -c >exp/tri1/fsts.4.gz" 
# Started at Thu Mar 11 10:38:08 UTC 2021
#
compile-train-graphs --read-disambig-syms=data/lang_nosp/phones/disambig.int exp/tri1/tree exp/tri1/1.mdl data/lang_nosp/L.fst 'ark:utils/sym2int.pl --map-oov 3 -f 2- data/lang_nosp/words.txt < data/train_clean_5/split5/4/text |' 'ark:|gzip -c >exp/tri1/fsts.4.gz' 
sym2int.pl: replacing KEESAR with 3
sym2int.pl: replacing FIZZLECHIP with 3
sym2int.pl: replacing TAMAGAMI with 3
sym2int.pl: replacing NIPPEWA with 3
sym2int.pl: replacing TEMISKAMING with 3
sym2int.pl: replacing FIZZLECHIP with 3
sym2int.pl: replacing NIPPEWA with 3
sym2int.pl: replacing STABLEKEEPER with 3
sym2int.pl: replacing NETLEY'S with 3
sym2int.pl: replacing FIZZLECHIP with 3
sym2int.pl: replacing NETLEY'S with 3
sym2int.pl: replacing RESURRECTOS with 3
sym2int.pl: replacing CUBEY with 3
sym2int.pl: replacing PORFORIO with 3
sym2int.pl: replacing MOREZ with 3
sym2int.pl: replacing COMBEFERRE with 3
sym2int.pl: replacing MONDETOUR with 3
sym2int.pl: replacing CORINTHE with 3
sym2int.pl: replacing MONDETOUR with 3
sym2int.pl: replacing PONTMERCY with 3
sym2int.pl: not warning for OOVs any more times
** Replaced 23 instances of OOVs with 3
LOG (compile-train-graphs[5.5.0~1-40c7]:main():compile-train-graphs.cc:147) compile-train-graphs: succeeded for 292 graphs, failed for 0
# Accounting: time=2 threads=1
# Ended (code 0) at Thu Mar 11 10:38:10 UTC 2021, elapsed time 2 seconds
