# ali-to-post "ark:gunzip -c exp/tri1_ali_train/ali.5.gz|" ark:- | weight-silence-post 0.0 1:2:3:4:5:6:7:8:9:10 exp/tri1_ali_train/final.mdl ark:- ark:- | acc-lda --rand-prune=4.0 exp/tri1_ali_train/final.mdl "ark,s,cs:apply-cmvn  --utt2spk=ark:data/train/split5/5/utt2spk scp:data/train/split5/5/cmvn.scp scp:data/train/split5/5/feats.scp ark:- | splice-feats --left-context=3 --right-context=3 ark:- ark:- |" ark,s,cs:- exp/tri2b/lda.5.acc 
# Started at Mon Jul 12 19:40:21 UTC 2021
#
weight-silence-post 0.0 1:2:3:4:5:6:7:8:9:10 exp/tri1_ali_train/final.mdl ark:- ark:- 
ali-to-post 'ark:gunzip -c exp/tri1_ali_train/ali.5.gz|' ark:- 
acc-lda --rand-prune=4.0 exp/tri1_ali_train/final.mdl 'ark,s,cs:apply-cmvn  --utt2spk=ark:data/train/split5/5/utt2spk scp:data/train/split5/5/cmvn.scp scp:data/train/split5/5/feats.scp ark:- | splice-feats --left-context=3 --right-context=3 ark:- ark:- |' ark,s,cs:- exp/tri2b/lda.5.acc 
apply-cmvn --utt2spk=ark:data/train/split5/5/utt2spk scp:data/train/split5/5/cmvn.scp scp:data/train/split5/5/feats.scp ark:- 
splice-feats --left-context=3 --right-context=3 ark:- ark:- 
WARNING (acc-lda[5.5.0~1-40c7]:main():acc-lda.cc:77) No posteriors for utterance no11xx21-06101999-1646_u0610001
LOG (acc-lda[5.5.0~1-40c7]:main():acc-lda.cc:114) Done 100 utterances.
LOG (acc-lda[5.5.0~1-40c7]:main():acc-lda.cc:114) Done 200 utterances.
LOG (acc-lda[5.5.0~1-40c7]:main():acc-lda.cc:114) Done 300 utterances.
WARNING (acc-lda[5.5.0~1-40c7]:main():acc-lda.cc:77) No posteriors for utterance no11xx22-07101999-1412_u0611001
LOG (acc-lda[5.5.0~1-40c7]:main():acc-lda.cc:114) Done 400 utterances.
WARNING (acc-lda[5.5.0~1-40c7]:main():acc-lda.cc:77) No posteriors for utterance no11xx22-07101999-1412_u0611162
LOG (acc-lda[5.5.0~1-40c7]:main():acc-lda.cc:114) Done 500 utterances.
LOG (acc-lda[5.5.0~1-40c7]:main():acc-lda.cc:114) Done 600 utterances.
WARNING (acc-lda[5.5.0~1-40c7]:main():acc-lda.cc:77) No posteriors for utterance no11xx76-08012000-1340_u0018001
LOG (acc-lda[5.5.0~1-40c7]:main():acc-lda.cc:114) Done 700 utterances.
LOG (acc-lda[5.5.0~1-40c7]:main():acc-lda.cc:114) Done 800 utterances.
LOG (acc-lda[5.5.0~1-40c7]:main():acc-lda.cc:114) Done 900 utterances.
LOG (acc-lda[5.5.0~1-40c7]:main():acc-lda.cc:114) Done 1000 utterances.
LOG (acc-lda[5.5.0~1-40c7]:main():acc-lda.cc:114) Done 1100 utterances.
LOG (acc-lda[5.5.0~1-40c7]:main():acc-lda.cc:114) Done 1200 utterances.
LOG (acc-lda[5.5.0~1-40c7]:main():acc-lda.cc:114) Done 1300 utterances.
LOG (acc-lda[5.5.0~1-40c7]:main():acc-lda.cc:114) Done 1400 utterances.
LOG (acc-lda[5.5.0~1-40c7]:main():acc-lda.cc:114) Done 1500 utterances.
LOG (acc-lda[5.5.0~1-40c7]:main():acc-lda.cc:114) Done 1600 utterances.
WARNING (acc-lda[5.5.0~1-40c7]:main():acc-lda.cc:77) No posteriors for utterance no11xx90-02081999-1442_u0090001
LOG (acc-lda[5.5.0~1-40c7]:main():acc-lda.cc:114) Done 1700 utterances.
LOG (acc-lda[5.5.0~1-40c7]:main():acc-lda.cc:114) Done 1800 utterances.
LOG (acc-lda[5.5.0~1-40c7]:main():acc-lda.cc:114) Done 1900 utterances.
WARNING (acc-lda[5.5.0~1-40c7]:main():acc-lda.cc:77) No posteriors for utterance no12x030-08071999-1358_u0030001
LOG (acc-lda[5.5.0~1-40c7]:main():acc-lda.cc:114) Done 2000 utterances.
LOG (acc-lda[5.5.0~1-40c7]:main():acc-lda.cc:114) Done 2100 utterances.
LOG (acc-lda[5.5.0~1-40c7]:main():acc-lda.cc:114) Done 2200 utterances.
WARNING (acc-lda[5.5.0~1-40c7]:main():acc-lda.cc:77) No posteriors for utterance no12x030-08071999-1537_u0031001
LOG (acc-lda[5.5.0~1-40c7]:main():acc-lda.cc:114) Done 2300 utterances.
LOG (acc-lda[5.5.0~1-40c7]:main():acc-lda.cc:114) Done 2400 utterances.
LOG (acc-lda[5.5.0~1-40c7]:main():acc-lda.cc:114) Done 2500 utterances.
WARNING (acc-lda[5.5.0~1-40c7]:main():acc-lda.cc:77) No posteriors for utterance no12x036-12071999-1144_u0036001
LOG (acc-lda[5.5.0~1-40c7]:main():acc-lda.cc:114) Done 2600 utterances.
LOG (acc-lda[5.5.0~1-40c7]:main():acc-lda.cc:114) Done 2700 utterances.
LOG (acc-lda[5.5.0~1-40c7]:main():acc-lda.cc:114) Done 2800 utterances.
WARNING (acc-lda[5.5.0~1-40c7]:main():acc-lda.cc:77) No posteriors for utterance no12x038-12071999-1640_u0038001
LOG (acc-lda[5.5.0~1-40c7]:main():acc-lda.cc:114) Done 2900 utterances.
LOG (acc-lda[5.5.0~1-40c7]:main():acc-lda.cc:114) Done 3000 utterances.
LOG (acc-lda[5.5.0~1-40c7]:main():acc-lda.cc:114) Done 3100 utterances.
WARNING (acc-lda[5.5.0~1-40c7]:main():acc-lda.cc:77) No posteriors for utterance no12x061-20071999-1604_u0061001
LOG (acc-lda[5.5.0~1-40c7]:main():acc-lda.cc:114) Done 3200 utterances.
LOG (acc-lda[5.5.0~1-40c7]:main():acc-lda.cc:114) Done 3300 utterances.
LOG (acc-lda[5.5.0~1-40c7]:main():acc-lda.cc:114) Done 3400 utterances.
WARNING (acc-lda[5.5.0~1-40c7]:main():acc-lda.cc:77) No posteriors for utterance no12x087-02081999-0832_u0087001
LOG (acc-lda[5.5.0~1-40c7]:main():acc-lda.cc:114) Done 3500 utterances.
LOG (acc-lda[5.5.0~1-40c7]:main():acc-lda.cc:114) Done 3600 utterances.
LOG (acc-lda[5.5.0~1-40c7]:main():acc-lda.cc:114) Done 3700 utterances.
WARNING (acc-lda[5.5.0~1-40c7]:main():acc-lda.cc:77) No posteriors for utterance no12x108-09081999-0940_u0108001
LOG (acc-lda[5.5.0~1-40c7]:main():acc-lda.cc:114) Done 3800 utterances.
LOG (acc-lda[5.5.0~1-40c7]:main():acc-lda.cc:114) Done 3900 utterances.
LOG (acc-lda[5.5.0~1-40c7]:main():acc-lda.cc:114) Done 4000 utterances.
WARNING (acc-lda[5.5.0~1-40c7]:main():acc-lda.cc:77) No posteriors for utterance no12x112-10081999-1134_u0112001
LOG (acc-lda[5.5.0~1-40c7]:main():acc-lda.cc:114) Done 4100 utterances.
LOG (acc-lda[5.5.0~1-40c7]:main():acc-lda.cc:114) Done 4200 utterances.
LOG (acc-lda[5.5.0~1-40c7]:main():acc-lda.cc:114) Done 4300 utterances.
LOG (acc-lda[5.5.0~1-40c7]:main():acc-lda.cc:114) Done 4400 utterances.
WARNING (acc-lda[5.5.0~1-40c7]:main():acc-lda.cc:77) No posteriors for utterance no12x129-17081999-0756_u0129001
LOG (acc-lda[5.5.0~1-40c7]:main():acc-lda.cc:114) Done 4500 utterances.
LOG (acc-lda[5.5.0~1-40c7]:main():acc-lda.cc:114) Done 4600 utterances.
LOG (acc-lda[5.5.0~1-40c7]:main():acc-lda.cc:114) Done 4700 utterances.
WARNING (acc-lda[5.5.0~1-40c7]:main():acc-lda.cc:77) No posteriors for utterance no12x142-03111999-1639_u0621001
LOG (acc-lda[5.5.0~1-40c7]:main():acc-lda.cc:114) Done 4800 utterances.
LOG (acc-lda[5.5.0~1-40c7]:main():acc-lda.cc:114) Done 4900 utterances.
LOG (acc-lda[5.5.0~1-40c7]:main():acc-lda.cc:114) Done 5000 utterances.
WARNING (acc-lda[5.5.0~1-40c7]:main():acc-lda.cc:77) No posteriors for utterance no12x149-01022000-1345_u0009001
LOG (acc-lda[5.5.0~1-40c7]:main():acc-lda.cc:114) Done 5100 utterances.
LOG (acc-lda[5.5.0~1-40c7]:main():acc-lda.cc:114) Done 5200 utterances.
LOG (acc-lda[5.5.0~1-40c7]:main():acc-lda.cc:114) Done 5300 utterances.
WARNING (acc-lda[5.5.0~1-40c7]:main():acc-lda.cc:77) No posteriors for utterance no12x150-02121999-0850_u0003001
LOG (acc-lda[5.5.0~1-40c7]:main():acc-lda.cc:114) Done 5400 utterances.
LOG (acc-lda[5.5.0~1-40c7]:main():acc-lda.cc:114) Done 5500 utterances.
LOG (acc-lda[5.5.0~1-40c7]:main():acc-lda.cc:114) Done 5600 utterances.
WARNING (acc-lda[5.5.0~1-40c7]:main():acc-lda.cc:77) No posteriors for utterance no12x152-02121999-1241_u0006001
LOG (acc-lda[5.5.0~1-40c7]:main():acc-lda.cc:114) Done 5700 utterances.
LOG (acc-lda[5.5.0~1-40c7]:main():acc-lda.cc:114) Done 5800 utterances.
LOG (acc-lda[5.5.0~1-40c7]:main():acc-lda.cc:114) Done 5900 utterances.
WARNING (acc-lda[5.5.0~1-40c7]:main():acc-lda.cc:77) No posteriors for utterance no12x157-02071999-1501_u0157001
LOG (acc-lda[5.5.0~1-40c7]:main():acc-lda.cc:114) Done 6000 utterances.
LOG (acc-lda[5.5.0~1-40c7]:main():acc-lda.cc:114) Done 6100 utterances.
LOG (acc-lda[5.5.0~1-40c7]:main():acc-lda.cc:114) Done 6200 utterances.
WARNING (acc-lda[5.5.0~1-40c7]:main():acc-lda.cc:77) No posteriors for utterance no12x158-03071999-0852_u0158001
LOG (acc-lda[5.5.0~1-40c7]:main():acc-lda.cc:114) Done 6300 utterances.
LOG (acc-lda[5.5.0~1-40c7]:main():acc-lda.cc:114) Done 6400 utterances.
LOG (acc-lda[5.5.0~1-40c7]:main():acc-lda.cc:114) Done 6500 utterances.
WARNING (acc-lda[5.5.0~1-40c7]:main():acc-lda.cc:77) No posteriors for utterance no12x168-06071999-1528_u0168001
LOG (acc-lda[5.5.0~1-40c7]:main():acc-lda.cc:114) Done 6600 utterances.
LOG (acc-lda[5.5.0~1-40c7]:main():acc-lda.cc:114) Done 6700 utterances.
LOG (acc-lda[5.5.0~1-40c7]:main():acc-lda.cc:114) Done 6800 utterances.
WARNING (acc-lda[5.5.0~1-40c7]:main():acc-lda.cc:77) No posteriors for utterance no12x169-06071999-1644_u0169001
LOG (acc-lda[5.5.0~1-40c7]:main():acc-lda.cc:114) Done 6900 utterances.
LOG (acc-lda[5.5.0~1-40c7]:main():acc-lda.cc:114) Done 7000 utterances.
LOG (acc-lda[5.5.0~1-40c7]:main():acc-lda.cc:114) Done 7100 utterances.
LOG (acc-lda[5.5.0~1-40c7]:main():acc-lda.cc:114) Done 7200 utterances.
WARNING (acc-lda[5.5.0~1-40c7]:main():acc-lda.cc:77) No posteriors for utterance no12x178-08071999-1321_u0178001
LOG (acc-lda[5.5.0~1-40c7]:main():acc-lda.cc:114) Done 7300 utterances.
LOG (acc-lda[5.5.0~1-40c7]:main():acc-lda.cc:114) Done 7400 utterances.
LOG (acc-lda[5.5.0~1-40c7]:main():acc-lda.cc:114) Done 7500 utterances.
WARNING (acc-lda[5.5.0~1-40c7]:main():acc-lda.cc:77) No posteriors for utterance no12x183-16022000-1253_u0637001
LOG (acc-lda[5.5.0~1-40c7]:main():acc-lda.cc:114) Done 7600 utterances.
LOG (acc-lda[5.5.0~1-40c7]:main():acc-lda.cc:114) Done 7700 utterances.
LOG (acc-lda[5.5.0~1-40c7]:main():acc-lda.cc:114) Done 7800 utterances.
WARNING (acc-lda[5.5.0~1-40c7]:main():acc-lda.cc:77) No posteriors for utterance no12x186-12071999-1521_u0186001
WARNING (acc-lda[5.5.0~1-40c7]:main():acc-lda.cc:77) No posteriors for utterance no12x186-12071999-1521_u0186022
LOG (acc-lda[5.5.0~1-40c7]:main():acc-lda.cc:114) Done 7900 utterances.
WARNING (acc-lda[5.5.0~1-40c7]:main():acc-lda.cc:77) No posteriors for utterance no12x186-12071999-1521_u0186114
LOG (acc-lda[5.5.0~1-40c7]:main():acc-lda.cc:114) Done 8000 utterances.
LOG (acc-lda[5.5.0~1-40c7]:main():acc-lda.cc:114) Done 8100 utterances.
WARNING (acc-lda[5.5.0~1-40c7]:main():acc-lda.cc:77) No posteriors for utterance no12x188-13071999-0836_u0188001
LOG (acc-lda[5.5.0~1-40c7]:main():acc-lda.cc:114) Done 8200 utterances.
LOG (acc-lda[5.5.0~1-40c7]:main():acc-lda.cc:114) Done 8300 utterances.
LOG (acc-lda[5.5.0~1-40c7]:main():acc-lda.cc:114) Done 8400 utterances.
WARNING (acc-lda[5.5.0~1-40c7]:main():acc-lda.cc:77) No posteriors for utterance no12x197-15071999-1142_u0197001
LOG (acc-lda[5.5.0~1-40c7]:main():acc-lda.cc:114) Done 8500 utterances.
LOG (acc-lda[5.5.0~1-40c7]:main():acc-lda.cc:114) Done 8600 utterances.
LOG (acc-lda[5.5.0~1-40c7]:main():acc-lda.cc:114) Done 8700 utterances.
WARNING (acc-lda[5.5.0~1-40c7]:main():acc-lda.cc:77) No posteriors for utterance no12x202-16071999-1016_u0202001
LOG (acc-lda[5.5.0~1-40c7]:main():acc-lda.cc:114) Done 8800 utterances.
LOG (acc-lda[5.5.0~1-40c7]:main():acc-lda.cc:114) Done 8900 utterances.
LOG (acc-lda[5.5.0~1-40c7]:main():acc-lda.cc:114) Done 9000 utterances.
WARNING (acc-lda[5.5.0~1-40c7]:main():acc-lda.cc:77) No posteriors for utterance no12x213-20071999-1528_u0213001
LOG (acc-lda[5.5.0~1-40c7]:main():acc-lda.cc:114) Done 9100 utterances.
LOG (acc-lda[5.5.0~1-40c7]:main():acc-lda.cc:114) Done 9200 utterances.
LOG (acc-lda[5.5.0~1-40c7]:main():acc-lda.cc:114) Done 9300 utterances.
WARNING (acc-lda[5.5.0~1-40c7]:main():acc-lda.cc:77) No posteriors for utterance no12x218-21071999-1348_u0218001
LOG (acc-lda[5.5.0~1-40c7]:main():acc-lda.cc:114) Done 9400 utterances.
LOG (acc-lda[5.5.0~1-40c7]:main():acc-lda.cc:114) Done 9500 utterances.
LOG (acc-lda[5.5.0~1-40c7]:main():acc-lda.cc:114) Done 9600 utterances.
WARNING (acc-lda[5.5.0~1-40c7]:main():acc-lda.cc:77) No posteriors for utterance no12x228-26071999-1348_u0228001
LOG (acc-lda[5.5.0~1-40c7]:main():acc-lda.cc:114) Done 9700 utterances.
LOG (acc-lda[5.5.0~1-40c7]:main():acc-lda.cc:114) Done 9800 utterances.
LOG (acc-lda[5.5.0~1-40c7]:main():acc-lda.cc:114) Done 9900 utterances.
LOG (ali-to-post[5.5.0~1-40c7]:main():ali-to-post.cc:73) Converted 9979 alignments.
LOG (weight-silence-post[5.5.0~1-40c7]:main():weight-silence-post.cc:95) Done 9979 posteriors.
LOG (apply-cmvn[5.5.0~1-40c7]:main():apply-cmvn.cc:162) Applied cepstral mean normalization to 10012 utterances, errors on 0
LOG (acc-lda[5.5.0~1-40c7]:main():acc-lda.cc:117) Done 9979 files, failed for 33
LOG (acc-lda[5.5.0~1-40c7]:main():acc-lda.cc:122) Written statistics.
# Accounting: time=4 threads=1
# Ended (code 0) at Mon Jul 12 19:40:25 UTC 2021, elapsed time 4 seconds
