# ali-to-post "ark:gunzip -c exp/tri1_ali_train/ali.4.gz|" ark:- | weight-silence-post 0.0 1:2:3:4:5:6:7:8:9:10 exp/tri1_ali_train/final.mdl ark:- ark:- | acc-lda --rand-prune=4.0 exp/tri1_ali_train/final.mdl "ark,s,cs:apply-cmvn  --utt2spk=ark:data/train/split5/4/utt2spk scp:data/train/split5/4/cmvn.scp scp:data/train/split5/4/feats.scp ark:- | splice-feats --left-context=3 --right-context=3 ark:- ark:- |" ark,s,cs:- exp/tri2b/lda.4.acc 
# Started at Mon Jul 12 19:40:21 UTC 2021
#
acc-lda --rand-prune=4.0 exp/tri1_ali_train/final.mdl 'ark,s,cs:apply-cmvn  --utt2spk=ark:data/train/split5/4/utt2spk scp:data/train/split5/4/cmvn.scp scp:data/train/split5/4/feats.scp ark:- | splice-feats --left-context=3 --right-context=3 ark:- ark:- |' ark,s,cs:- exp/tri2b/lda.4.acc 
ali-to-post 'ark:gunzip -c exp/tri1_ali_train/ali.4.gz|' ark:- 
weight-silence-post 0.0 1:2:3:4:5:6:7:8:9:10 exp/tri1_ali_train/final.mdl ark:- ark:- 
splice-feats --left-context=3 --right-context=3 ark:- ark:- 
apply-cmvn --utt2spk=ark:data/train/split5/4/utt2spk scp:data/train/split5/4/cmvn.scp scp:data/train/split5/4/feats.scp ark:- 
WARNING (acc-lda[5.5.0~1-40c7]:main():acc-lda.cc:77) No posteriors for utterance no11x558-09081999-1328_u0558001
LOG (acc-lda[5.5.0~1-40c7]:main():acc-lda.cc:114) Done 100 utterances.
LOG (acc-lda[5.5.0~1-40c7]:main():acc-lda.cc:114) Done 200 utterances.
LOG (acc-lda[5.5.0~1-40c7]:main():acc-lda.cc:114) Done 300 utterances.
WARNING (acc-lda[5.5.0~1-40c7]:main():acc-lda.cc:77) No posteriors for utterance no11x561-10081999-0844_u0561001
LOG (acc-lda[5.5.0~1-40c7]:main():acc-lda.cc:114) Done 400 utterances.
LOG (acc-lda[5.5.0~1-40c7]:main():acc-lda.cc:114) Done 500 utterances.
LOG (acc-lda[5.5.0~1-40c7]:main():acc-lda.cc:114) Done 600 utterances.
WARNING (acc-lda[5.5.0~1-40c7]:main():acc-lda.cc:77) No posteriors for utterance no11x587-20081999-1454_u0587001
LOG (acc-lda[5.5.0~1-40c7]:main():acc-lda.cc:114) Done 700 utterances.
LOG (acc-lda[5.5.0~1-40c7]:main():acc-lda.cc:114) Done 800 utterances.
LOG (acc-lda[5.5.0~1-40c7]:main():acc-lda.cc:114) Done 900 utterances.
WARNING (acc-lda[5.5.0~1-40c7]:main():acc-lda.cc:77) No posteriors for utterance no11x595-24081999-1309_u0595001
LOG (acc-lda[5.5.0~1-40c7]:main():acc-lda.cc:114) Done 1000 utterances.
LOG (acc-lda[5.5.0~1-40c7]:main():acc-lda.cc:114) Done 1100 utterances.
LOG (acc-lda[5.5.0~1-40c7]:main():acc-lda.cc:114) Done 1200 utterances.
WARNING (acc-lda[5.5.0~1-40c7]:main():acc-lda.cc:77) No posteriors for utterance no11x619-03071999-1325_u0619001
LOG (acc-lda[5.5.0~1-40c7]:main():acc-lda.cc:114) Done 1300 utterances.
LOG (acc-lda[5.5.0~1-40c7]:main():acc-lda.cc:114) Done 1400 utterances.
LOG (acc-lda[5.5.0~1-40c7]:main():acc-lda.cc:114) Done 1500 utterances.
WARNING (acc-lda[5.5.0~1-40c7]:main():acc-lda.cc:77) No posteriors for utterance no11x622-04071999-1315_u0622001
LOG (acc-lda[5.5.0~1-40c7]:main():acc-lda.cc:114) Done 1600 utterances.
LOG (acc-lda[5.5.0~1-40c7]:main():acc-lda.cc:114) Done 1700 utterances.
LOG (acc-lda[5.5.0~1-40c7]:main():acc-lda.cc:114) Done 1800 utterances.
WARNING (acc-lda[5.5.0~1-40c7]:main():acc-lda.cc:77) No posteriors for utterance no11x628-06071999-1619_u0628001
LOG (acc-lda[5.5.0~1-40c7]:main():acc-lda.cc:114) Done 1900 utterances.
LOG (acc-lda[5.5.0~1-40c7]:main():acc-lda.cc:114) Done 2000 utterances.
LOG (acc-lda[5.5.0~1-40c7]:main():acc-lda.cc:114) Done 2100 utterances.
WARNING (acc-lda[5.5.0~1-40c7]:main():acc-lda.cc:77) No posteriors for utterance no11x654-14071999-1138_u0654001
LOG (acc-lda[5.5.0~1-40c7]:main():acc-lda.cc:114) Done 2200 utterances.
LOG (acc-lda[5.5.0~1-40c7]:main():acc-lda.cc:114) Done 2300 utterances.
LOG (acc-lda[5.5.0~1-40c7]:main():acc-lda.cc:114) Done 2400 utterances.
WARNING (acc-lda[5.5.0~1-40c7]:main():acc-lda.cc:77) No posteriors for utterance no11x656-16071999-1449_u0656001
LOG (acc-lda[5.5.0~1-40c7]:main():acc-lda.cc:114) Done 2500 utterances.
LOG (acc-lda[5.5.0~1-40c7]:main():acc-lda.cc:114) Done 2600 utterances.
LOG (acc-lda[5.5.0~1-40c7]:main():acc-lda.cc:114) Done 2700 utterances.
WARNING (acc-lda[5.5.0~1-40c7]:main():acc-lda.cc:77) No posteriors for utterance no11x657-16071999-1630_u0657001
LOG (acc-lda[5.5.0~1-40c7]:main():acc-lda.cc:114) Done 2800 utterances.
LOG (acc-lda[5.5.0~1-40c7]:main():acc-lda.cc:114) Done 2900 utterances.
LOG (acc-lda[5.5.0~1-40c7]:main():acc-lda.cc:114) Done 3000 utterances.
LOG (acc-lda[5.5.0~1-40c7]:main():acc-lda.cc:114) Done 3100 utterances.
WARNING (acc-lda[5.5.0~1-40c7]:main():acc-lda.cc:77) No posteriors for utterance no11x658-19071999-0847_u0658001
LOG (acc-lda[5.5.0~1-40c7]:main():acc-lda.cc:114) Done 3200 utterances.
LOG (acc-lda[5.5.0~1-40c7]:main():acc-lda.cc:114) Done 3300 utterances.
LOG (acc-lda[5.5.0~1-40c7]:main():acc-lda.cc:114) Done 3400 utterances.
WARNING (acc-lda[5.5.0~1-40c7]:main():acc-lda.cc:77) No posteriors for utterance no11x661-19071999-1242_u0661001
LOG (acc-lda[5.5.0~1-40c7]:main():acc-lda.cc:114) Done 3500 utterances.
LOG (acc-lda[5.5.0~1-40c7]:main():acc-lda.cc:114) Done 3600 utterances.
LOG (acc-lda[5.5.0~1-40c7]:main():acc-lda.cc:114) Done 3700 utterances.
WARNING (acc-lda[5.5.0~1-40c7]:main():acc-lda.cc:77) No posteriors for utterance no11x671-21071999-1616_u0671001
LOG (acc-lda[5.5.0~1-40c7]:main():acc-lda.cc:114) Done 3800 utterances.
LOG (acc-lda[5.5.0~1-40c7]:main():acc-lda.cc:114) Done 3900 utterances.
LOG (acc-lda[5.5.0~1-40c7]:main():acc-lda.cc:114) Done 4000 utterances.
WARNING (acc-lda[5.5.0~1-40c7]:main():acc-lda.cc:77) No posteriors for utterance no11x673-22071999-1129_u0673001
LOG (acc-lda[5.5.0~1-40c7]:main():acc-lda.cc:114) Done 4100 utterances.
LOG (acc-lda[5.5.0~1-40c7]:main():acc-lda.cc:114) Done 4200 utterances.
LOG (acc-lda[5.5.0~1-40c7]:main():acc-lda.cc:114) Done 4300 utterances.
WARNING (acc-lda[5.5.0~1-40c7]:main():acc-lda.cc:77) No posteriors for utterance no11x678-23071999-1359_u0678001
LOG (acc-lda[5.5.0~1-40c7]:main():acc-lda.cc:114) Done 4400 utterances.
LOG (acc-lda[5.5.0~1-40c7]:main():acc-lda.cc:114) Done 4500 utterances.
LOG (acc-lda[5.5.0~1-40c7]:main():acc-lda.cc:114) Done 4600 utterances.
WARNING (acc-lda[5.5.0~1-40c7]:main():acc-lda.cc:77) No posteriors for utterance no11x697-03081999-1043_u0697001
LOG (acc-lda[5.5.0~1-40c7]:main():acc-lda.cc:114) Done 4700 utterances.
LOG (acc-lda[5.5.0~1-40c7]:main():acc-lda.cc:114) Done 4800 utterances.
LOG (acc-lda[5.5.0~1-40c7]:main():acc-lda.cc:114) Done 4900 utterances.
WARNING (acc-lda[5.5.0~1-40c7]:main():acc-lda.cc:77) No posteriors for utterance no11x706-06081999-1043_u0706001
LOG (acc-lda[5.5.0~1-40c7]:main():acc-lda.cc:114) Done 5000 utterances.
LOG (acc-lda[5.5.0~1-40c7]:main():acc-lda.cc:114) Done 5100 utterances.
LOG (acc-lda[5.5.0~1-40c7]:main():acc-lda.cc:114) Done 5200 utterances.
WARNING (acc-lda[5.5.0~1-40c7]:main():acc-lda.cc:77) No posteriors for utterance no11x734-18081999-1256_u0734001
LOG (acc-lda[5.5.0~1-40c7]:main():acc-lda.cc:114) Done 5300 utterances.
LOG (acc-lda[5.5.0~1-40c7]:main():acc-lda.cc:114) Done 5400 utterances.
LOG (acc-lda[5.5.0~1-40c7]:main():acc-lda.cc:114) Done 5500 utterances.
WARNING (acc-lda[5.5.0~1-40c7]:main():acc-lda.cc:77) No posteriors for utterance no11x745-23081999-1547_u0745001
LOG (acc-lda[5.5.0~1-40c7]:main():acc-lda.cc:114) Done 5600 utterances.
LOG (acc-lda[5.5.0~1-40c7]:main():acc-lda.cc:114) Done 5700 utterances.
LOG (acc-lda[5.5.0~1-40c7]:main():acc-lda.cc:114) Done 5800 utterances.
LOG (acc-lda[5.5.0~1-40c7]:main():acc-lda.cc:114) Done 5900 utterances.
WARNING (acc-lda[5.5.0~1-40c7]:main():acc-lda.cc:77) No posteriors for utterance no11x763-11012000-1509_u0008001
LOG (acc-lda[5.5.0~1-40c7]:main():acc-lda.cc:114) Done 6000 utterances.
LOG (acc-lda[5.5.0~1-40c7]:main():acc-lda.cc:114) Done 6100 utterances.
WARNING (acc-lda[5.5.0~1-40c7]:main():acc-lda.cc:77) No posteriors for utterance no11x763-11012000-1509_u0008282
LOG (acc-lda[5.5.0~1-40c7]:main():acc-lda.cc:114) Done 6200 utterances.
WARNING (acc-lda[5.5.0~1-40c7]:main():acc-lda.cc:77) No posteriors for utterance no11x771-02071999-1507_u0771001
LOG (acc-lda[5.5.0~1-40c7]:main():acc-lda.cc:114) Done 6300 utterances.
LOG (acc-lda[5.5.0~1-40c7]:main():acc-lda.cc:114) Done 6400 utterances.
LOG (acc-lda[5.5.0~1-40c7]:main():acc-lda.cc:114) Done 6500 utterances.
WARNING (acc-lda[5.5.0~1-40c7]:main():acc-lda.cc:77) No posteriors for utterance no11x792-08071999-1335_u0792001
LOG (acc-lda[5.5.0~1-40c7]:main():acc-lda.cc:114) Done 6600 utterances.
LOG (acc-lda[5.5.0~1-40c7]:main():acc-lda.cc:114) Done 6700 utterances.
LOG (acc-lda[5.5.0~1-40c7]:main():acc-lda.cc:114) Done 6800 utterances.
WARNING (acc-lda[5.5.0~1-40c7]:main():acc-lda.cc:77) No posteriors for utterance no11x801-12071999-1436_u0801001
LOG (acc-lda[5.5.0~1-40c7]:main():acc-lda.cc:114) Done 6900 utterances.
LOG (acc-lda[5.5.0~1-40c7]:main():acc-lda.cc:114) Done 7000 utterances.
LOG (acc-lda[5.5.0~1-40c7]:main():acc-lda.cc:114) Done 7100 utterances.
WARNING (acc-lda[5.5.0~1-40c7]:main():acc-lda.cc:77) No posteriors for utterance no11x803-13071999-0818_u0803001
LOG (acc-lda[5.5.0~1-40c7]:main():acc-lda.cc:114) Done 7200 utterances.
LOG (acc-lda[5.5.0~1-40c7]:main():acc-lda.cc:114) Done 7300 utterances.
LOG (acc-lda[5.5.0~1-40c7]:main():acc-lda.cc:114) Done 7400 utterances.
WARNING (acc-lda[5.5.0~1-40c7]:main():acc-lda.cc:77) No posteriors for utterance no11x848-29071999-1442_u0848001
LOG (acc-lda[5.5.0~1-40c7]:main():acc-lda.cc:114) Done 7500 utterances.
LOG (acc-lda[5.5.0~1-40c7]:main():acc-lda.cc:114) Done 7600 utterances.
LOG (acc-lda[5.5.0~1-40c7]:main():acc-lda.cc:114) Done 7700 utterances.
WARNING (acc-lda[5.5.0~1-40c7]:main():acc-lda.cc:77) No posteriors for utterance no11x859-03081999-1805_u0859001
LOG (acc-lda[5.5.0~1-40c7]:main():acc-lda.cc:114) Done 7800 utterances.
LOG (acc-lda[5.5.0~1-40c7]:main():acc-lda.cc:114) Done 7900 utterances.
LOG (acc-lda[5.5.0~1-40c7]:main():acc-lda.cc:114) Done 8000 utterances.
WARNING (acc-lda[5.5.0~1-40c7]:main():acc-lda.cc:77) No posteriors for utterance no11x868-09081999-1447_u0868001
LOG (acc-lda[5.5.0~1-40c7]:main():acc-lda.cc:114) Done 8100 utterances.
LOG (acc-lda[5.5.0~1-40c7]:main():acc-lda.cc:114) Done 8200 utterances.
LOG (acc-lda[5.5.0~1-40c7]:main():acc-lda.cc:114) Done 8300 utterances.
WARNING (acc-lda[5.5.0~1-40c7]:main():acc-lda.cc:77) No posteriors for utterance no11x895-20081999-1300_u0895001
LOG (acc-lda[5.5.0~1-40c7]:main():acc-lda.cc:114) Done 8400 utterances.
LOG (acc-lda[5.5.0~1-40c7]:main():acc-lda.cc:114) Done 8500 utterances.
LOG (acc-lda[5.5.0~1-40c7]:main():acc-lda.cc:114) Done 8600 utterances.
LOG (acc-lda[5.5.0~1-40c7]:main():acc-lda.cc:114) Done 8700 utterances.
WARNING (acc-lda[5.5.0~1-40c7]:main():acc-lda.cc:77) No posteriors for utterance no11xx15-15121999-1659_u0011001
LOG (acc-lda[5.5.0~1-40c7]:main():acc-lda.cc:114) Done 8800 utterances.
LOG (acc-lda[5.5.0~1-40c7]:main():acc-lda.cc:114) Done 8900 utterances.
LOG (acc-lda[5.5.0~1-40c7]:main():acc-lda.cc:114) Done 9000 utterances.
LOG (acc-lda[5.5.0~1-40c7]:main():acc-lda.cc:114) Done 9100 utterances.
LOG (acc-lda[5.5.0~1-40c7]:main():acc-lda.cc:114) Done 9200 utterances.
LOG (acc-lda[5.5.0~1-40c7]:main():acc-lda.cc:114) Done 9300 utterances.
LOG (acc-lda[5.5.0~1-40c7]:main():acc-lda.cc:114) Done 9400 utterances.
LOG (acc-lda[5.5.0~1-40c7]:main():acc-lda.cc:114) Done 9500 utterances.
LOG (acc-lda[5.5.0~1-40c7]:main():acc-lda.cc:114) Done 9600 utterances.
LOG (ali-to-post[5.5.0~1-40c7]:main():ali-to-post.cc:73) Converted 9693 alignments.
LOG (weight-silence-post[5.5.0~1-40c7]:main():weight-silence-post.cc:95) Done 9693 posteriors.
LOG (apply-cmvn[5.5.0~1-40c7]:main():apply-cmvn.cc:162) Applied cepstral mean normalization to 9723 utterances, errors on 0
LOG (acc-lda[5.5.0~1-40c7]:main():acc-lda.cc:117) Done 9693 files, failed for 30
LOG (acc-lda[5.5.0~1-40c7]:main():acc-lda.cc:122) Written statistics.
# Accounting: time=4 threads=1
# Ended (code 0) at Mon Jul 12 19:40:25 UTC 2021, elapsed time 4 seconds
