# ali-to-post "ark:gunzip -c exp/tri1_ali_train/ali.3.gz|" ark:- | weight-silence-post 0.0 1:2:3:4:5:6:7:8:9:10 exp/tri1_ali_train/final.mdl ark:- ark:- | acc-lda --rand-prune=4.0 exp/tri1_ali_train/final.mdl "ark,s,cs:apply-cmvn  --utt2spk=ark:data/train/split5/3/utt2spk scp:data/train/split5/3/cmvn.scp scp:data/train/split5/3/feats.scp ark:- | splice-feats --left-context=3 --right-context=3 ark:- ark:- |" ark,s,cs:- exp/tri2b/lda.3.acc 
# Started at Mon Jul 12 19:40:21 UTC 2021
#
acc-lda --rand-prune=4.0 exp/tri1_ali_train/final.mdl 'ark,s,cs:apply-cmvn  --utt2spk=ark:data/train/split5/3/utt2spk scp:data/train/split5/3/cmvn.scp scp:data/train/split5/3/feats.scp ark:- | splice-feats --left-context=3 --right-context=3 ark:- ark:- |' ark,s,cs:- exp/tri2b/lda.3.acc 
ali-to-post 'ark:gunzip -c exp/tri1_ali_train/ali.3.gz|' ark:- 
weight-silence-post 0.0 1:2:3:4:5:6:7:8:9:10 exp/tri1_ali_train/final.mdl ark:- ark:- 
splice-feats --left-context=3 --right-context=3 ark:- ark:- 
apply-cmvn --utt2spk=ark:data/train/split5/3/utt2spk scp:data/train/split5/3/cmvn.scp scp:data/train/split5/3/feats.scp ark:- 
WARNING (acc-lda[5.5.0~1-40c7]:main():acc-lda.cc:77) No posteriors for utterance no11x232-28071999-1048_u0232001
LOG (acc-lda[5.5.0~1-40c7]:main():acc-lda.cc:114) Done 100 utterances.
LOG (acc-lda[5.5.0~1-40c7]:main():acc-lda.cc:114) Done 200 utterances.
LOG (acc-lda[5.5.0~1-40c7]:main():acc-lda.cc:114) Done 300 utterances.
WARNING (acc-lda[5.5.0~1-40c7]:main():acc-lda.cc:77) No posteriors for utterance no11x234-28071999-1326_u0234001
LOG (acc-lda[5.5.0~1-40c7]:main():acc-lda.cc:114) Done 400 utterances.
LOG (acc-lda[5.5.0~1-40c7]:main():acc-lda.cc:114) Done 500 utterances.
LOG (acc-lda[5.5.0~1-40c7]:main():acc-lda.cc:114) Done 600 utterances.
WARNING (acc-lda[5.5.0~1-40c7]:main():acc-lda.cc:77) No posteriors for utterance no11x248-03081999-1313_u0248001
LOG (acc-lda[5.5.0~1-40c7]:main():acc-lda.cc:114) Done 700 utterances.
LOG (acc-lda[5.5.0~1-40c7]:main():acc-lda.cc:114) Done 800 utterances.
LOG (acc-lda[5.5.0~1-40c7]:main():acc-lda.cc:114) Done 900 utterances.
WARNING (acc-lda[5.5.0~1-40c7]:main():acc-lda.cc:77) No posteriors for utterance no11x263-10081999-0948_u0263001
WARNING (acc-lda[5.5.0~1-40c7]:main():acc-lda.cc:77) No posteriors for utterance no11x263-10081999-0948_u0263062
LOG (acc-lda[5.5.0~1-40c7]:main():acc-lda.cc:114) Done 1000 utterances.
LOG (acc-lda[5.5.0~1-40c7]:main():acc-lda.cc:114) Done 1100 utterances.
LOG (acc-lda[5.5.0~1-40c7]:main():acc-lda.cc:114) Done 1200 utterances.
WARNING (acc-lda[5.5.0~1-40c7]:main():acc-lda.cc:77) No posteriors for utterance no11x269-11081999-1626_u0269001
LOG (acc-lda[5.5.0~1-40c7]:main():acc-lda.cc:114) Done 1300 utterances.
LOG (acc-lda[5.5.0~1-40c7]:main():acc-lda.cc:114) Done 1400 utterances.
LOG (acc-lda[5.5.0~1-40c7]:main():acc-lda.cc:114) Done 1500 utterances.
WARNING (acc-lda[5.5.0~1-40c7]:main():acc-lda.cc:77) No posteriors for utterance no11x273-13081999-0830_u0273001
LOG (acc-lda[5.5.0~1-40c7]:main():acc-lda.cc:114) Done 1600 utterances.
LOG (acc-lda[5.5.0~1-40c7]:main():acc-lda.cc:114) Done 1700 utterances.
LOG (acc-lda[5.5.0~1-40c7]:main():acc-lda.cc:114) Done 1800 utterances.
WARNING (acc-lda[5.5.0~1-40c7]:main():acc-lda.cc:77) No posteriors for utterance no11x274-13081999-1218_u0274001
LOG (acc-lda[5.5.0~1-40c7]:main():acc-lda.cc:114) Done 1900 utterances.
LOG (acc-lda[5.5.0~1-40c7]:main():acc-lda.cc:114) Done 2000 utterances.
LOG (acc-lda[5.5.0~1-40c7]:main():acc-lda.cc:114) Done 2100 utterances.
WARNING (acc-lda[5.5.0~1-40c7]:main():acc-lda.cc:77) No posteriors for utterance no11x293-20081999-0805_u0293001
LOG (acc-lda[5.5.0~1-40c7]:main():acc-lda.cc:114) Done 2200 utterances.
LOG (acc-lda[5.5.0~1-40c7]:main():acc-lda.cc:114) Done 2300 utterances.
LOG (acc-lda[5.5.0~1-40c7]:main():acc-lda.cc:114) Done 2400 utterances.
WARNING (acc-lda[5.5.0~1-40c7]:main():acc-lda.cc:77) No posteriors for utterance no11x302-07012000-1733_u0023001
LOG (acc-lda[5.5.0~1-40c7]:main():acc-lda.cc:114) Done 2500 utterances.
LOG (acc-lda[5.5.0~1-40c7]:main():acc-lda.cc:114) Done 2600 utterances.
WARNING (acc-lda[5.5.0~1-40c7]:main():acc-lda.cc:77) No posteriors for utterance no11x302-07012000-1733_u0023191
LOG (acc-lda[5.5.0~1-40c7]:main():acc-lda.cc:114) Done 2700 utterances.
WARNING (acc-lda[5.5.0~1-40c7]:main():acc-lda.cc:77) No posteriors for utterance no11x310-03071999-1005_u0310001
LOG (acc-lda[5.5.0~1-40c7]:main():acc-lda.cc:114) Done 2800 utterances.
LOG (acc-lda[5.5.0~1-40c7]:main():acc-lda.cc:114) Done 2900 utterances.
LOG (acc-lda[5.5.0~1-40c7]:main():acc-lda.cc:114) Done 3000 utterances.
LOG (acc-lda[5.5.0~1-40c7]:main():acc-lda.cc:114) Done 3100 utterances.
WARNING (acc-lda[5.5.0~1-40c7]:main():acc-lda.cc:77) No posteriors for utterance no11x334-12071999-1637_u0334001
LOG (acc-lda[5.5.0~1-40c7]:main():acc-lda.cc:114) Done 3200 utterances.
LOG (acc-lda[5.5.0~1-40c7]:main():acc-lda.cc:114) Done 3300 utterances.
LOG (acc-lda[5.5.0~1-40c7]:main():acc-lda.cc:114) Done 3400 utterances.
WARNING (acc-lda[5.5.0~1-40c7]:main():acc-lda.cc:77) No posteriors for utterance no11x354-19071999-1510_u0354001
LOG (acc-lda[5.5.0~1-40c7]:main():acc-lda.cc:114) Done 3500 utterances.
LOG (acc-lda[5.5.0~1-40c7]:main():acc-lda.cc:114) Done 3600 utterances.
LOG (acc-lda[5.5.0~1-40c7]:main():acc-lda.cc:114) Done 3700 utterances.
WARNING (acc-lda[5.5.0~1-40c7]:main():acc-lda.cc:77) No posteriors for utterance no11x357-20071999-0939_u0357001
LOG (acc-lda[5.5.0~1-40c7]:main():acc-lda.cc:114) Done 3800 utterances.
LOG (acc-lda[5.5.0~1-40c7]:main():acc-lda.cc:114) Done 3900 utterances.
LOG (acc-lda[5.5.0~1-40c7]:main():acc-lda.cc:114) Done 4000 utterances.
WARNING (acc-lda[5.5.0~1-40c7]:main():acc-lda.cc:77) No posteriors for utterance no11x360-20071999-1459_u0360001
LOG (acc-lda[5.5.0~1-40c7]:main():acc-lda.cc:114) Done 4100 utterances.
LOG (acc-lda[5.5.0~1-40c7]:main():acc-lda.cc:114) Done 4200 utterances.
LOG (acc-lda[5.5.0~1-40c7]:main():acc-lda.cc:114) Done 4300 utterances.
WARNING (acc-lda[5.5.0~1-40c7]:main():acc-lda.cc:77) No posteriors for utterance no11x366-21071999-1456_u0366001
LOG (acc-lda[5.5.0~1-40c7]:main():acc-lda.cc:114) Done 4400 utterances.
LOG (acc-lda[5.5.0~1-40c7]:main():acc-lda.cc:114) Done 4500 utterances.
LOG (acc-lda[5.5.0~1-40c7]:main():acc-lda.cc:114) Done 4600 utterances.
WARNING (acc-lda[5.5.0~1-40c7]:main():acc-lda.cc:77) No posteriors for utterance no11x369-22071999-1508_u0369001
LOG (acc-lda[5.5.0~1-40c7]:main():acc-lda.cc:114) Done 4700 utterances.
LOG (acc-lda[5.5.0~1-40c7]:main():acc-lda.cc:114) Done 4800 utterances.
LOG (acc-lda[5.5.0~1-40c7]:main():acc-lda.cc:114) Done 4900 utterances.
WARNING (acc-lda[5.5.0~1-40c7]:main():acc-lda.cc:77) No posteriors for utterance no11x372-23071999-1147_u0372001
LOG (acc-lda[5.5.0~1-40c7]:main():acc-lda.cc:114) Done 5000 utterances.
LOG (acc-lda[5.5.0~1-40c7]:main():acc-lda.cc:114) Done 5100 utterances.
LOG (acc-lda[5.5.0~1-40c7]:main():acc-lda.cc:114) Done 5200 utterances.
WARNING (acc-lda[5.5.0~1-40c7]:main():acc-lda.cc:77) No posteriors for utterance no11x381-28071999-1143_u0381001
LOG (acc-lda[5.5.0~1-40c7]:main():acc-lda.cc:114) Done 5300 utterances.
LOG (acc-lda[5.5.0~1-40c7]:main():acc-lda.cc:114) Done 5400 utterances.
LOG (acc-lda[5.5.0~1-40c7]:main():acc-lda.cc:114) Done 5500 utterances.
WARNING (acc-lda[5.5.0~1-40c7]:main():acc-lda.cc:77) No posteriors for utterance no11x391-02081999-1258_u0391001
LOG (acc-lda[5.5.0~1-40c7]:main():acc-lda.cc:114) Done 5600 utterances.
LOG (acc-lda[5.5.0~1-40c7]:main():acc-lda.cc:114) Done 5700 utterances.
LOG (acc-lda[5.5.0~1-40c7]:main():acc-lda.cc:114) Done 5800 utterances.
LOG (acc-lda[5.5.0~1-40c7]:main():acc-lda.cc:114) Done 5900 utterances.
WARNING (acc-lda[5.5.0~1-40c7]:main():acc-lda.cc:77) No posteriors for utterance no11x406-06081999-1037_u0406001
WARNING (acc-lda[5.5.0~1-40c7]:main():acc-lda.cc:77) No posteriors for utterance no11x406-06081999-1037_u0406074
LOG (acc-lda[5.5.0~1-40c7]:main():acc-lda.cc:114) Done 6000 utterances.
LOG (acc-lda[5.5.0~1-40c7]:main():acc-lda.cc:114) Done 6100 utterances.
LOG (acc-lda[5.5.0~1-40c7]:main():acc-lda.cc:114) Done 6200 utterances.
WARNING (acc-lda[5.5.0~1-40c7]:main():acc-lda.cc:77) No posteriors for utterance no11x412-10081999-0813_u0412001
LOG (acc-lda[5.5.0~1-40c7]:main():acc-lda.cc:114) Done 6300 utterances.
WARNING (acc-lda[5.5.0~1-40c7]:main():acc-lda.cc:77) No posteriors for utterance no11x412-10081999-0813_u0412110
LOG (acc-lda[5.5.0~1-40c7]:main():acc-lda.cc:114) Done 6400 utterances.
LOG (acc-lda[5.5.0~1-40c7]:main():acc-lda.cc:114) Done 6500 utterances.
WARNING (acc-lda[5.5.0~1-40c7]:main():acc-lda.cc:77) No posteriors for utterance no11x414-10081999-1149_u0414001
LOG (acc-lda[5.5.0~1-40c7]:main():acc-lda.cc:114) Done 6600 utterances.
LOG (acc-lda[5.5.0~1-40c7]:main():acc-lda.cc:114) Done 6700 utterances.
LOG (acc-lda[5.5.0~1-40c7]:main():acc-lda.cc:114) Done 6800 utterances.
WARNING (acc-lda[5.5.0~1-40c7]:main():acc-lda.cc:77) No posteriors for utterance no11x439-19081999-1150_u0439001
LOG (acc-lda[5.5.0~1-40c7]:main():acc-lda.cc:114) Done 6900 utterances.
LOG (acc-lda[5.5.0~1-40c7]:main():acc-lda.cc:114) Done 7000 utterances.
LOG (acc-lda[5.5.0~1-40c7]:main():acc-lda.cc:114) Done 7100 utterances.
WARNING (acc-lda[5.5.0~1-40c7]:main():acc-lda.cc:77) No posteriors for utterance no11x453-20101999-1241_u0766001
LOG (acc-lda[5.5.0~1-40c7]:main():acc-lda.cc:114) Done 7200 utterances.
LOG (acc-lda[5.5.0~1-40c7]:main():acc-lda.cc:114) Done 7300 utterances.
LOG (acc-lda[5.5.0~1-40c7]:main():acc-lda.cc:114) Done 7400 utterances.
WARNING (acc-lda[5.5.0~1-40c7]:main():acc-lda.cc:77) No posteriors for utterance no11x460-02071999-1349_u0460001
LOG (acc-lda[5.5.0~1-40c7]:main():acc-lda.cc:114) Done 7500 utterances.
LOG (acc-lda[5.5.0~1-40c7]:main():acc-lda.cc:114) Done 7600 utterances.
LOG (acc-lda[5.5.0~1-40c7]:main():acc-lda.cc:114) Done 7700 utterances.
WARNING (acc-lda[5.5.0~1-40c7]:main():acc-lda.cc:77) No posteriors for utterance no11x483-09071999-0806_u0483001
LOG (acc-lda[5.5.0~1-40c7]:main():acc-lda.cc:114) Done 7800 utterances.
LOG (acc-lda[5.5.0~1-40c7]:main():acc-lda.cc:114) Done 7900 utterances.
LOG (acc-lda[5.5.0~1-40c7]:main():acc-lda.cc:114) Done 8000 utterances.
WARNING (acc-lda[5.5.0~1-40c7]:main():acc-lda.cc:77) No posteriors for utterance no11x502-16071999-1017_u0502001
LOG (acc-lda[5.5.0~1-40c7]:main():acc-lda.cc:114) Done 8100 utterances.
LOG (acc-lda[5.5.0~1-40c7]:main():acc-lda.cc:114) Done 8200 utterances.
LOG (acc-lda[5.5.0~1-40c7]:main():acc-lda.cc:114) Done 8300 utterances.
WARNING (acc-lda[5.5.0~1-40c7]:main():acc-lda.cc:77) No posteriors for utterance no11x520-22071999-0801_u0520001
LOG (acc-lda[5.5.0~1-40c7]:main():acc-lda.cc:114) Done 8400 utterances.
LOG (acc-lda[5.5.0~1-40c7]:main():acc-lda.cc:114) Done 8500 utterances.
WARNING (acc-lda[5.5.0~1-40c7]:main():acc-lda.cc:77) No posteriors for utterance no11x520-22071999-0801_u0520144
LOG (acc-lda[5.5.0~1-40c7]:main():acc-lda.cc:114) Done 8600 utterances.
LOG (acc-lda[5.5.0~1-40c7]:main():acc-lda.cc:114) Done 8700 utterances.
WARNING (acc-lda[5.5.0~1-40c7]:main():acc-lda.cc:77) No posteriors for utterance no11x522-22071999-1222_u0522001
LOG (acc-lda[5.5.0~1-40c7]:main():acc-lda.cc:114) Done 8800 utterances.
LOG (acc-lda[5.5.0~1-40c7]:main():acc-lda.cc:114) Done 8900 utterances.
LOG (acc-lda[5.5.0~1-40c7]:main():acc-lda.cc:114) Done 9000 utterances.
WARNING (acc-lda[5.5.0~1-40c7]:main():acc-lda.cc:77) No posteriors for utterance no11x552-04081999-1534_u0552001
LOG (acc-lda[5.5.0~1-40c7]:main():acc-lda.cc:114) Done 9100 utterances.
LOG (acc-lda[5.5.0~1-40c7]:main():acc-lda.cc:114) Done 9200 utterances.
LOG (ali-to-post[5.5.0~1-40c7]:main():ali-to-post.cc:73) Converted 9325 alignments.
LOG (acc-lda[5.5.0~1-40c7]:main():acc-lda.cc:114) Done 9300 utterances.
LOG (weight-silence-post[5.5.0~1-40c7]:main():weight-silence-post.cc:95) Done 9325 posteriors.
LOG (apply-cmvn[5.5.0~1-40c7]:main():apply-cmvn.cc:162) Applied cepstral mean normalization to 9360 utterances, errors on 0
LOG (acc-lda[5.5.0~1-40c7]:main():acc-lda.cc:117) Done 9325 files, failed for 35
LOG (acc-lda[5.5.0~1-40c7]:main():acc-lda.cc:122) Written statistics.
# Accounting: time=4 threads=1
# Ended (code 0) at Mon Jul 12 19:40:25 UTC 2021, elapsed time 4 seconds
