# gmm-est --write-occs=exp/tri2b/2.occs --mix-up=2500 --power=0.25 exp/tri2b/1.mdl "gmm-sum-accs - exp/tri2b/1.*.acc |" exp/tri2b/2.mdl 
# Started at Mon Jul 12 19:41:05 UTC 2021
#
gmm-est --write-occs=exp/tri2b/2.occs --mix-up=2500 --power=0.25 exp/tri2b/1.mdl 'gmm-sum-accs - exp/tri2b/1.*.acc |' exp/tri2b/2.mdl 
gmm-sum-accs - exp/tri2b/1.1.acc exp/tri2b/1.2.acc exp/tri2b/1.3.acc exp/tri2b/1.4.acc exp/tri2b/1.5.acc 
LOG (gmm-sum-accs[5.5.0~1-40c7]:main():gmm-sum-accs.cc:63) Summed 5 stats, total count 2.44302e+07, avg like/frame -46.6638
LOG (gmm-sum-accs[5.5.0~1-40c7]:main():gmm-sum-accs.cc:66) Total count of stats is 2.44302e+07
LOG (gmm-sum-accs[5.5.0~1-40c7]:main():gmm-sum-accs.cc:67) Written stats to -
LOG (gmm-est[5.5.0~1-40c7]:MleUpdate():transition-model.cc:528) TransitionModel::Update, objf change is 0.359704 per frame over 2.44301e+07 frames. 
LOG (gmm-est[5.5.0~1-40c7]:MleUpdate():transition-model.cc:531) 235 probabilities floored, 3669 out of 7843 transition-states skipped due to insuffient data (it is normal to have some skipped.)
LOG (gmm-est[5.5.0~1-40c7]:main():gmm-est.cc:102) Transition model update: Overall 0.359704 log-like improvement per frame over 2.44301e+07 frames.
WARNING (gmm-est[5.5.0~1-40c7]:MleDiagGmmUpdate():mle-diag-gmm.cc:365) Gaussian has too little data but not removing it because it is the last Gaussian: i = 0, occ = 0, weight = 1
LOG (gmm-est[5.5.0~1-40c7]:MleAmDiagGmmUpdate():mle-am-diag-gmm.cc:225) 0 variance elements floored in 0 Gaussians, out of 2016
LOG (gmm-est[5.5.0~1-40c7]:MleAmDiagGmmUpdate():mle-am-diag-gmm.cc:229) Removed 0 Gaussians due to counts < --min-gaussian-occupancy=10 and --remove-low-count-gaussians=true
LOG (gmm-est[5.5.0~1-40c7]:main():gmm-est.cc:113) GMM update: Overall -2.03801e-06 objective function improvement per frame over 2.44302e+07 frames
LOG (gmm-est[5.5.0~1-40c7]:main():gmm-est.cc:116) GMM update: Overall avg like per frame = -46.6638 over 2.44302e+07 frames.
LOG (gmm-est[5.5.0~1-40c7]:SplitByCount():am-diag-gmm.cc:116) Split 2016 states with target = 2500, power = 0.25, perturb_factor = 0.01 and min_count = 20, split #Gauss from 2016 to 2500
LOG (gmm-est[5.5.0~1-40c7]:main():gmm-est.cc:146) Written model to exp/tri2b/2.mdl
# Accounting: time=1 threads=1
# Ended (code 0) at Mon Jul 12 19:41:06 UTC 2021, elapsed time 1 seconds
