# align-equal-compiled "ark:gunzip -c exp/mono/fsts.4.gz|" "ark,s,cs:apply-cmvn  --utt2spk=ark:data/train_500short/split5/4/utt2spk scp:data/train_500short/split5/4/cmvn.scp scp:data/train_500short/split5/4/feats.scp ark:- | add-deltas  ark:- ark:- |" ark,t:- | gmm-acc-stats-ali --binary=true exp/mono/0.mdl "ark,s,cs:apply-cmvn  --utt2spk=ark:data/train_500short/split5/4/utt2spk scp:data/train_500short/split5/4/cmvn.scp scp:data/train_500short/split5/4/feats.scp ark:- | add-deltas  ark:- ark:- |" ark:- exp/mono/0.4.acc 
# Started at Mon Jul 12 19:29:35 UTC 2021
#
gmm-acc-stats-ali --binary=true exp/mono/0.mdl 'ark,s,cs:apply-cmvn  --utt2spk=ark:data/train_500short/split5/4/utt2spk scp:data/train_500short/split5/4/cmvn.scp scp:data/train_500short/split5/4/feats.scp ark:- | add-deltas  ark:- ark:- |' ark:- exp/mono/0.4.acc 
align-equal-compiled 'ark:gunzip -c exp/mono/fsts.4.gz|' 'ark,s,cs:apply-cmvn  --utt2spk=ark:data/train_500short/split5/4/utt2spk scp:data/train_500short/split5/4/cmvn.scp scp:data/train_500short/split5/4/feats.scp ark:- | add-deltas  ark:- ark:- |' ark,t:- 
add-deltas ark:- ark:- 
apply-cmvn --utt2spk=ark:data/train_500short/split5/4/utt2spk scp:data/train_500short/split5/4/cmvn.scp scp:data/train_500short/split5/4/feats.scp ark:- 
add-deltas ark:- ark:- 
apply-cmvn --utt2spk=ark:data/train_500short/split5/4/utt2spk scp:data/train_500short/split5/4/cmvn.scp scp:data/train_500short/split5/4/feats.scp ark:- 
WARNING (align-equal-compiled[5.5.0~1-40c7]:EqualAlign():fstext/fstext-utils-inl.h:919) EqualAlign: the randomly constructed paths lengths: 174,161,161,168,177,160,181,170,168,163
WARNING (align-equal-compiled[5.5.0~1-40c7]:EqualAlign():fstext/fstext-utils-inl.h:920) EqualAlign: utterance has too few frames 73 to align.
WARNING (align-equal-compiled[5.5.0~1-40c7]:main():align-equal-compiled.cc:100) AlignEqual: did not align utterence no11x412-10081999-0813_u0412110
LOG (apply-cmvn[5.5.0~1-40c7]:main():apply-cmvn.cc:162) Applied cepstral mean normalization to 92 utterances, errors on 0
WARNING (align-equal-compiled[5.5.0~1-40c7]:main():align-equal-compiled.cc:109) Computed 91 alignments; 0 lacked features, 1 had other errors.
LOG (gmm-acc-stats-ali[5.5.0~1-40c7]:main():gmm-acc-stats-ali.cc:105) Processed 50 utterances; for utterance no11x293-20081999-0805_u0293306 avg. like is -98.4605 over 123 frames.
WARNING (gmm-acc-stats-ali[5.5.0~1-40c7]:main():gmm-acc-stats-ali.cc:79) No alignment for utterance no11x412-10081999-0813_u0412110
LOG (apply-cmvn[5.5.0~1-40c7]:main():apply-cmvn.cc:162) Applied cepstral mean normalization to 92 utterances, errors on 0
LOG (gmm-acc-stats-ali[5.5.0~1-40c7]:main():gmm-acc-stats-ali.cc:112) Done 91 files, 1 with errors.
LOG (gmm-acc-stats-ali[5.5.0~1-40c7]:main():gmm-acc-stats-ali.cc:115) Overall avg like per frame (Gaussian only) = -101.455 over 10893 frames.
LOG (gmm-acc-stats-ali[5.5.0~1-40c7]:main():gmm-acc-stats-ali.cc:123) Written accs.
# Accounting: time=0 threads=1
# Ended (code 0) at Mon Jul 12 19:29:35 UTC 2021, elapsed time 0 seconds
