gmm-est --min-gaussian-occupancy=3 --mix-up=169 --power=0.25 exp/mono/0.mdl 'gmm-sum-accs - exp/mono/0.*.acc|' exp/mono/1.mdl 
gmm-sum-accs - exp/mono/0.1.acc exp/mono/0.2.acc exp/mono/0.3.acc exp/mono/0.4.acc exp/mono/0.5.acc 
LOG (gmm-sum-accs[5.5.0~1-40c7]:main():gmm-sum-accs.cc:63) Summed 5 stats, total count 65352, avg like/frame -102.851
LOG (gmm-sum-accs[5.5.0~1-40c7]:main():gmm-sum-accs.cc:66) Total count of stats is 65352
LOG (gmm-sum-accs[5.5.0~1-40c7]:main():gmm-sum-accs.cc:67) Written stats to -
LOG (gmm-est[5.5.0~1-40c7]:MleUpdate():transition-model.cc:528) TransitionModel::Update, objf change is 0.188273 per frame over 65352 frames. 
LOG (gmm-est[5.5.0~1-40c7]:MleUpdate():transition-model.cc:531) 0 probabilities floored, 336 out of 686 transition-states skipped due to insuffient data (it is normal to have some skipped.)
LOG (gmm-est[5.5.0~1-40c7]:main():gmm-est.cc:102) Transition model update: Overall 0.188273 log-like improvement per frame over 65352 frames.
WARNING (gmm-est[5.5.0~1-40c7]:MleDiagGmmUpdate():mle-diag-gmm.cc:365) Gaussian has too little data but not removing it because it is the last Gaussian: i = 0, occ = 0, weight = 1
WARNING (gmm-est[5.5.0~1-40c7]:MleDiagGmmUpdate():mle-diag-gmm.cc:365) Gaussian has too little data but not removing it because it is the last Gaussian: i = 0, occ = 0, weight = 1
WARNING (gmm-est[5.5.0~1-40c7]:MleDiagGmmUpdate():mle-diag-gmm.cc:365) Gaussian has too little data but not removing it because it is the last Gaussian: i = 0, occ = 0, weight = 1
WARNING (gmm-est[5.5.0~1-40c7]:MleDiagGmmUpdate():mle-diag-gmm.cc:365) Gaussian has too little data but not removing it because it is the last Gaussian: i = 0, occ = 0, weight = 1
WARNING (gmm-est[5.5.0~1-40c7]:MleDiagGmmUpdate():mle-diag-gmm.cc:365) Gaussian has too little data but not removing it because it is the last Gaussian: i = 0, occ = 0, weight = 1
WARNING (gmm-est[5.5.0~1-40c7]:MleDiagGmmUpdate():mle-diag-gmm.cc:365) Gaussian has too little data but not removing it because it is the last Gaussian: i = 0, occ = 0, weight = 1
WARNING (gmm-est[5.5.0~1-40c7]:MleDiagGmmUpdate():mle-diag-gmm.cc:365) Gaussian has too little data but not removing it because it is the last Gaussian: i = 0, occ = 0, weight = 1
WARNING (gmm-est[5.5.0~1-40c7]:MleDiagGmmUpdate():mle-diag-gmm.cc:365) Gaussian has too little data but not removing it because it is the last Gaussian: i = 0, occ = 0, weight = 1
WARNING (gmm-est[5.5.0~1-40c7]:MleDiagGmmUpdate():mle-diag-gmm.cc:365) Gaussian has too little data but not removing it because it is the last Gaussian: i = 0, occ = 0, weight = 1
WARNING (gmm-est[5.5.0~1-40c7]:MleDiagGmmUpdate():mle-diag-gmm.cc:365) Gaussian has too little data but not removing it because it is the last Gaussian: i = 0, occ = 0, weight = 1
WARNING (gmm-est[5.5.0~1-40c7]:MleDiagGmmUpdate():mle-diag-gmm.cc:365) Gaussian has too little data but not removing it because it is the last Gaussian: i = 0, occ = 0, weight = 1
WARNING (gmm-est[5.5.0~1-40c7]:MleDiagGmmUpdate():mle-diag-gmm.cc:365) Gaussian has too little data but not removing it because it is the last Gaussian: i = 0, occ = 0, weight = 1
WARNING (gmm-est[5.5.0~1-40c7]:MleDiagGmmUpdate():mle-diag-gmm.cc:365) Gaussian has too little data but not removing it because it is the last Gaussian: i = 0, occ = 0, weight = 1
WARNING (gmm-est[5.5.0~1-40c7]:MleDiagGmmUpdate():mle-diag-gmm.cc:365) Gaussian has too little data but not removing it because it is the last Gaussian: i = 0, occ = 0, weight = 1
LOG (gmm-est[5.5.0~1-40c7]:MleAmDiagGmmUpdate():mle-am-diag-gmm.cc:225) 0 variance elements floored in 0 Gaussians, out of 169
LOG (gmm-est[5.5.0~1-40c7]:MleAmDiagGmmUpdate():mle-am-diag-gmm.cc:229) Removed 0 Gaussians due to counts < --min-gaussian-occupancy=3 and --remove-low-count-gaussians=true
LOG (gmm-est[5.5.0~1-40c7]:main():gmm-est.cc:113) GMM update: Overall 1.80766 objective function improvement per frame over 65352 frames
LOG (gmm-est[5.5.0~1-40c7]:main():gmm-est.cc:116) GMM update: Overall avg like per frame = -102.851 over 65352 frames.
LOG (gmm-est[5.5.0~1-40c7]:SplitByCount():am-diag-gmm.cc:116) Split 169 states with target = 169, power = 0.25, perturb_factor = 0.01 and min_count = 20, split #Gauss from 169 to 169
LOG (gmm-est[5.5.0~1-40c7]:main():gmm-est.cc:146) Written model to exp/mono/1.mdl
