# gmm-acc-stats-ali exp/tri3b/13.mdl "ark,s,cs:apply-cmvn  --utt2spk=ark:data/train/split5/1/utt2spk scp:data/train/split5/1/cmvn.scp scp:data/train/split5/1/feats.scp ark:- | splice-feats --left-context=3 --right-context=3 ark:- ark:- | transform-feats exp/tri2b_ali_train/final.mat ark:- ark:- | transform-feats --utt2spk=ark:data/train/split5/1/utt2spk ark:exp/tri3b/trans.1 ark:- ark:- |" "ark,s,cs:gunzip -c exp/tri3b/ali.1.gz|" exp/tri3b/13.1.acc 
# Started at Mon Jul 12 19:57:36 UTC 2021
#
gmm-acc-stats-ali exp/tri3b/13.mdl 'ark,s,cs:apply-cmvn  --utt2spk=ark:data/train/split5/1/utt2spk scp:data/train/split5/1/cmvn.scp scp:data/train/split5/1/feats.scp ark:- | splice-feats --left-context=3 --right-context=3 ark:- ark:- | transform-feats exp/tri2b_ali_train/final.mat ark:- ark:- | transform-feats --utt2spk=ark:data/train/split5/1/utt2spk ark:exp/tri3b/trans.1 ark:- ark:- |' 'ark,s,cs:gunzip -c exp/tri3b/ali.1.gz|' exp/tri3b/13.1.acc 
splice-feats --left-context=3 --right-context=3 ark:- ark:- 
apply-cmvn --utt2spk=ark:data/train/split5/1/utt2spk scp:data/train/split5/1/cmvn.scp scp:data/train/split5/1/feats.scp ark:- 
transform-feats --utt2spk=ark:data/train/split5/1/utt2spk ark:exp/tri3b/trans.1 ark:- ark:- 
transform-feats exp/tri2b_ali_train/final.mat ark:- ark:- 
WARNING (gmm-acc-stats-ali[5.5.0~1-40c7]:main():gmm-acc-stats-ali.cc:79) No alignment for utterance no10x005-02071999-1529_u0005001
LOG (gmm-acc-stats-ali[5.5.0~1-40c7]:main():gmm-acc-stats-ali.cc:105) Processed 50 utterances; for utterance no10x005-02071999-1529_u0005051 avg. like is -42.3999 over 473 frames.
LOG (gmm-acc-stats-ali[5.5.0~1-40c7]:main():gmm-acc-stats-ali.cc:105) Processed 100 utterances; for utterance no10x005-02071999-1529_u0005101 avg. like is -41.6019 over 623 frames.
LOG (gmm-acc-stats-ali[5.5.0~1-40c7]:main():gmm-acc-stats-ali.cc:105) Processed 150 utterances; for utterance no10x005-02071999-1529_u0005151 avg. like is -44.503 over 648 frames.
LOG (gmm-acc-stats-ali[5.5.0~1-40c7]:main():gmm-acc-stats-ali.cc:105) Processed 200 utterances; for utterance no10x005-02071999-1529_u0005201 avg. like is -42.5134 over 498 frames.
LOG (gmm-acc-stats-ali[5.5.0~1-40c7]:main():gmm-acc-stats-ali.cc:105) Processed 250 utterances; for utterance no10x005-02071999-1529_u0005251 avg. like is -39.9475 over 248 frames.
LOG (gmm-acc-stats-ali[5.5.0~1-40c7]:main():gmm-acc-stats-ali.cc:105) Processed 300 utterances; for utterance no10x005-02071999-1529_u0005301 avg. like is -37.4486 over 273 frames.
WARNING (gmm-acc-stats-ali[5.5.0~1-40c7]:main():gmm-acc-stats-ali.cc:79) No alignment for utterance no10x041-14071999-1335_u0041001
LOG (gmm-acc-stats-ali[5.5.0~1-40c7]:main():gmm-acc-stats-ali.cc:105) Processed 350 utterances; for utterance no10x041-14071999-1335_u0041040 avg. like is -38.0611 over 598 frames.
LOG (gmm-acc-stats-ali[5.5.0~1-40c7]:main():gmm-acc-stats-ali.cc:105) Processed 400 utterances; for utterance no10x041-14071999-1335_u0041090 avg. like is -38.7148 over 448 frames.
LOG (gmm-acc-stats-ali[5.5.0~1-40c7]:main():gmm-acc-stats-ali.cc:105) Processed 450 utterances; for utterance no10x041-14071999-1335_u0041140 avg. like is -39.8763 over 498 frames.
LOG (gmm-acc-stats-ali[5.5.0~1-40c7]:main():gmm-acc-stats-ali.cc:105) Processed 500 utterances; for utterance no10x041-14071999-1335_u0041190 avg. like is -38.1494 over 623 frames.
LOG (gmm-acc-stats-ali[5.5.0~1-40c7]:main():gmm-acc-stats-ali.cc:105) Processed 550 utterances; for utterance no10x041-14071999-1335_u0041240 avg. like is -29.9712 over 298 frames.
LOG (gmm-acc-stats-ali[5.5.0~1-40c7]:main():gmm-acc-stats-ali.cc:105) Processed 600 utterances; for utterance no10x041-14071999-1335_u0041290 avg. like is -36.0603 over 223 frames.
WARNING (gmm-acc-stats-ali[5.5.0~1-40c7]:main():gmm-acc-stats-ali.cc:79) No alignment for utterance no10x050-16071999-0941_u0050001
LOG (gmm-acc-stats-ali[5.5.0~1-40c7]:main():gmm-acc-stats-ali.cc:105) Processed 650 utterances; for utterance no10x050-16071999-0941_u0050029 avg. like is -48.0473 over 823 frames.
LOG (gmm-acc-stats-ali[5.5.0~1-40c7]:main():gmm-acc-stats-ali.cc:105) Processed 700 utterances; for utterance no10x050-16071999-0941_u0050079 avg. like is -40.9589 over 823 frames.
LOG (gmm-acc-stats-ali[5.5.0~1-40c7]:main():gmm-acc-stats-ali.cc:105) Processed 750 utterances; for utterance no10x050-16071999-0941_u0050129 avg. like is -40.5527 over 573 frames.
LOG (gmm-acc-stats-ali[5.5.0~1-40c7]:main():gmm-acc-stats-ali.cc:105) Processed 800 utterances; for utterance no10x050-16071999-0941_u0050179 avg. like is -38.4157 over 423 frames.
LOG (gmm-acc-stats-ali[5.5.0~1-40c7]:main():gmm-acc-stats-ali.cc:105) Processed 850 utterances; for utterance no10x050-16071999-0941_u0050229 avg. like is -40.3418 over 298 frames.
LOG (gmm-acc-stats-ali[5.5.0~1-40c7]:main():gmm-acc-stats-ali.cc:105) Processed 900 utterances; for utterance no10x050-16071999-0941_u0050279 avg. like is -38.2094 over 248 frames.
WARNING (gmm-acc-stats-ali[5.5.0~1-40c7]:main():gmm-acc-stats-ali.cc:79) No alignment for utterance no10x101-05081999-1401_u0101001
LOG (gmm-acc-stats-ali[5.5.0~1-40c7]:main():gmm-acc-stats-ali.cc:105) Processed 950 utterances; for utterance no10x101-05081999-1401_u0101018 avg. like is -44.7865 over 973 frames.
LOG (gmm-acc-stats-ali[5.5.0~1-40c7]:main():gmm-acc-stats-ali.cc:105) Processed 1000 utterances; for utterance no10x101-05081999-1401_u0101068 avg. like is -41.8395 over 673 frames.
LOG (gmm-acc-stats-ali[5.5.0~1-40c7]:main():gmm-acc-stats-ali.cc:105) Processed 1050 utterances; for utterance no10x101-05081999-1401_u0101118 avg. like is -43.2737 over 923 frames.
LOG (gmm-acc-stats-ali[5.5.0~1-40c7]:main():gmm-acc-stats-ali.cc:105) Processed 1100 utterances; for utterance no10x101-05081999-1401_u0101168 avg. like is -37.4782 over 448 frames.
LOG (gmm-acc-stats-ali[5.5.0~1-40c7]:main():gmm-acc-stats-ali.cc:105) Processed 1150 utterances; for utterance no10x101-05081999-1401_u0101218 avg. like is -43.3315 over 673 frames.
LOG (gmm-acc-stats-ali[5.5.0~1-40c7]:main():gmm-acc-stats-ali.cc:105) Processed 1200 utterances; for utterance no10x101-05081999-1401_u0101268 avg. like is -31.0604 over 273 frames.
WARNING (gmm-acc-stats-ali[5.5.0~1-40c7]:main():gmm-acc-stats-ali.cc:79) No alignment for utterance no10x103-06081999-0829_u0103001
LOG (gmm-acc-stats-ali[5.5.0~1-40c7]:main():gmm-acc-stats-ali.cc:105) Processed 1250 utterances; for utterance no10x103-06081999-0829_u0103007 avg. like is -43.8307 over 673 frames.
WARNING (gmm-acc-stats-ali[5.5.0~1-40c7]:main():gmm-acc-stats-ali.cc:79) No alignment for utterance no10x103-06081999-0829_u0103013
LOG (gmm-acc-stats-ali[5.5.0~1-40c7]:main():gmm-acc-stats-ali.cc:105) Processed 1300 utterances; for utterance no10x103-06081999-0829_u0103058 avg. like is -32.4136 over 448 frames.
LOG (gmm-acc-stats-ali[5.5.0~1-40c7]:main():gmm-acc-stats-ali.cc:105) Processed 1350 utterances; for utterance no10x103-06081999-0829_u0103108 avg. like is -36.9482 over 573 frames.
LOG (gmm-acc-stats-ali[5.5.0~1-40c7]:main():gmm-acc-stats-ali.cc:105) Processed 1400 utterances; for utterance no10x103-06081999-0829_u0103158 avg. like is -34.98 over 448 frames.
LOG (gmm-acc-stats-ali[5.5.0~1-40c7]:main():gmm-acc-stats-ali.cc:105) Processed 1450 utterances; for utterance no10x103-06081999-0829_u0103208 avg. like is -32.0902 over 973 frames.
LOG (gmm-acc-stats-ali[5.5.0~1-40c7]:main():gmm-acc-stats-ali.cc:105) Processed 1500 utterances; for utterance no10x103-06081999-0829_u0103258 avg. like is -27.1791 over 323 frames.
LOG (gmm-acc-stats-ali[5.5.0~1-40c7]:main():gmm-acc-stats-ali.cc:105) Processed 1550 utterances; for utterance no10x103-06081999-0829_u0103308 avg. like is -28.3341 over 348 frames.
WARNING (gmm-acc-stats-ali[5.5.0~1-40c7]:main():gmm-acc-stats-ali.cc:79) No alignment for utterance no10x107-09081999-0842_u0107001
LOG (gmm-acc-stats-ali[5.5.0~1-40c7]:main():gmm-acc-stats-ali.cc:105) Processed 1600 utterances; for utterance no10x107-09081999-0842_u0107047 avg. like is -46.206 over 573 frames.
WARNING (gmm-acc-stats-ali[5.5.0~1-40c7]:main():gmm-acc-stats-ali.cc:79) No alignment for utterance no10x107-09081999-0842_u0107075
LOG (gmm-acc-stats-ali[5.5.0~1-40c7]:main():gmm-acc-stats-ali.cc:105) Processed 1650 utterances; for utterance no10x107-09081999-0842_u0107098 avg. like is -44.5408 over 498 frames.
LOG (gmm-acc-stats-ali[5.5.0~1-40c7]:main():gmm-acc-stats-ali.cc:105) Processed 1700 utterances; for utterance no10x107-09081999-0842_u0107148 avg. like is -44.2017 over 298 frames.
LOG (gmm-acc-stats-ali[5.5.0~1-40c7]:main():gmm-acc-stats-ali.cc:105) Processed 1750 utterances; for utterance no10x107-09081999-0842_u0107198 avg. like is -46.6473 over 673 frames.
LOG (gmm-acc-stats-ali[5.5.0~1-40c7]:main():gmm-acc-stats-ali.cc:105) Processed 1800 utterances; for utterance no10x107-09081999-0842_u0107248 avg. like is -37.6632 over 223 frames.
LOG (gmm-acc-stats-ali[5.5.0~1-40c7]:main():gmm-acc-stats-ali.cc:105) Processed 1850 utterances; for utterance no10x107-09081999-0842_u0107298 avg. like is -41.7838 over 223 frames.
WARNING (gmm-acc-stats-ali[5.5.0~1-40c7]:main():gmm-acc-stats-ali.cc:79) No alignment for utterance no10x119-11081999-1618_u0119001
LOG (gmm-acc-stats-ali[5.5.0~1-40c7]:main():gmm-acc-stats-ali.cc:105) Processed 1900 utterances; for utterance no10x119-11081999-1618_u0119037 avg. like is -48.586 over 898 frames.
LOG (gmm-acc-stats-ali[5.5.0~1-40c7]:main():gmm-acc-stats-ali.cc:105) Processed 1950 utterances; for utterance no10x119-11081999-1618_u0119087 avg. like is -46.8801 over 623 frames.
LOG (gmm-acc-stats-ali[5.5.0~1-40c7]:main():gmm-acc-stats-ali.cc:105) Processed 2000 utterances; for utterance no10x119-11081999-1618_u0119137 avg. like is -45.6643 over 473 frames.
LOG (gmm-acc-stats-ali[5.5.0~1-40c7]:main():gmm-acc-stats-ali.cc:105) Processed 2050 utterances; for utterance no10x119-11081999-1618_u0119187 avg. like is -45.193 over 348 frames.
LOG (gmm-acc-stats-ali[5.5.0~1-40c7]:main():gmm-acc-stats-ali.cc:105) Processed 2100 utterances; for utterance no10x119-11081999-1618_u0119237 avg. like is -44.8896 over 148 frames.
LOG (gmm-acc-stats-ali[5.5.0~1-40c7]:main():gmm-acc-stats-ali.cc:105) Processed 2150 utterances; for utterance no10x119-11081999-1618_u0119287 avg. like is -39.7536 over 123 frames.
WARNING (gmm-acc-stats-ali[5.5.0~1-40c7]:main():gmm-acc-stats-ali.cc:79) No alignment for utterance no10x159-03071999-1057_u0159001
LOG (gmm-acc-stats-ali[5.5.0~1-40c7]:main():gmm-acc-stats-ali.cc:105) Processed 2200 utterances; for utterance no10x159-03071999-1057_u0159026 avg. like is -45.9587 over 923 frames.
LOG (gmm-acc-stats-ali[5.5.0~1-40c7]:main():gmm-acc-stats-ali.cc:105) Processed 2250 utterances; for utterance no10x159-03071999-1057_u0159076 avg. like is -43.5523 over 673 frames.
LOG (gmm-acc-stats-ali[5.5.0~1-40c7]:main():gmm-acc-stats-ali.cc:105) Processed 2300 utterances; for utterance no10x159-03071999-1057_u0159126 avg. like is -38.2288 over 273 frames.
LOG (gmm-acc-stats-ali[5.5.0~1-40c7]:main():gmm-acc-stats-ali.cc:105) Processed 2350 utterances; for utterance no10x159-03071999-1057_u0159176 avg. like is -37.4347 over 448 frames.
LOG (gmm-acc-stats-ali[5.5.0~1-40c7]:main():gmm-acc-stats-ali.cc:105) Processed 2400 utterances; for utterance no10x159-03071999-1057_u0159226 avg. like is -36.5989 over 273 frames.
LOG (gmm-acc-stats-ali[5.5.0~1-40c7]:main():gmm-acc-stats-ali.cc:105) Processed 2450 utterances; for utterance no10x159-03071999-1057_u0159276 avg. like is -31.4161 over 223 frames.
WARNING (gmm-acc-stats-ali[5.5.0~1-40c7]:main():gmm-acc-stats-ali.cc:79) No alignment for utterance no10x171-07071999-1200_u0171001
LOG (gmm-acc-stats-ali[5.5.0~1-40c7]:main():gmm-acc-stats-ali.cc:105) Processed 2500 utterances; for utterance no10x171-07071999-1200_u0171015 avg. like is -36.327 over 348 frames.
LOG (gmm-acc-stats-ali[5.5.0~1-40c7]:main():gmm-acc-stats-ali.cc:105) Processed 2550 utterances; for utterance no10x171-07071999-1200_u0171065 avg. like is -40.3965 over 598 frames.
LOG (gmm-acc-stats-ali[5.5.0~1-40c7]:main():gmm-acc-stats-ali.cc:105) Processed 2600 utterances; for utterance no10x171-07071999-1200_u0171115 avg. like is -43.862 over 748 frames.
LOG (gmm-acc-stats-ali[5.5.0~1-40c7]:main():gmm-acc-stats-ali.cc:105) Processed 2650 utterances; for utterance no10x171-07071999-1200_u0171165 avg. like is -39.0932 over 373 frames.
LOG (gmm-acc-stats-ali[5.5.0~1-40c7]:main():gmm-acc-stats-ali.cc:105) Processed 2700 utterances; for utterance no10x171-07071999-1200_u0171215 avg. like is -39.3627 over 598 frames.
LOG (gmm-acc-stats-ali[5.5.0~1-40c7]:main():gmm-acc-stats-ali.cc:105) Processed 2750 utterances; for utterance no10x171-07071999-1200_u0171265 avg. like is -23.5109 over 223 frames.
WARNING (gmm-acc-stats-ali[5.5.0~1-40c7]:main():gmm-acc-stats-ali.cc:79) No alignment for utterance no10x189-13071999-1338_u0189001
LOG (gmm-acc-stats-ali[5.5.0~1-40c7]:main():gmm-acc-stats-ali.cc:105) Processed 2800 utterances; for utterance no10x189-13071999-1338_u0189004 avg. like is -45.4118 over 648 frames.
LOG (gmm-acc-stats-ali[5.5.0~1-40c7]:main():gmm-acc-stats-ali.cc:105) Processed 2850 utterances; for utterance no10x189-13071999-1338_u0189054 avg. like is -43.6307 over 498 frames.
LOG (gmm-acc-stats-ali[5.5.0~1-40c7]:main():gmm-acc-stats-ali.cc:105) Processed 2900 utterances; for utterance no10x189-13071999-1338_u0189104 avg. like is -38.3459 over 773 frames.
LOG (gmm-acc-stats-ali[5.5.0~1-40c7]:main():gmm-acc-stats-ali.cc:105) Processed 2950 utterances; for utterance no10x189-13071999-1338_u0189154 avg. like is -40.7239 over 598 frames.
LOG (gmm-acc-stats-ali[5.5.0~1-40c7]:main():gmm-acc-stats-ali.cc:105) Processed 3000 utterances; for utterance no10x189-13071999-1338_u0189204 avg. like is -42.4269 over 773 frames.
LOG (gmm-acc-stats-ali[5.5.0~1-40c7]:main():gmm-acc-stats-ali.cc:105) Processed 3050 utterances; for utterance no10x189-13071999-1338_u0189254 avg. like is -34.6623 over 223 frames.
LOG (gmm-acc-stats-ali[5.5.0~1-40c7]:main():gmm-acc-stats-ali.cc:105) Processed 3100 utterances; for utterance no10x189-13071999-1338_u0189304 avg. like is -36.0092 over 223 frames.
WARNING (gmm-acc-stats-ali[5.5.0~1-40c7]:main():gmm-acc-stats-ali.cc:79) No alignment for utterance no10x205-16071999-1457_u0205001
LOG (gmm-acc-stats-ali[5.5.0~1-40c7]:main():gmm-acc-stats-ali.cc:105) Processed 3150 utterances; for utterance no10x205-16071999-1457_u0205043 avg. like is -44.2994 over 523 frames.
LOG (gmm-acc-stats-ali[5.5.0~1-40c7]:main():gmm-acc-stats-ali.cc:105) Processed 3200 utterances; for utterance no10x205-16071999-1457_u0205093 avg. like is -47.2289 over 748 frames.
LOG (gmm-acc-stats-ali[5.5.0~1-40c7]:main():gmm-acc-stats-ali.cc:105) Processed 3250 utterances; for utterance no10x205-16071999-1457_u0205143 avg. like is -42.9613 over 673 frames.
LOG (gmm-acc-stats-ali[5.5.0~1-40c7]:main():gmm-acc-stats-ali.cc:105) Processed 3300 utterances; for utterance no10x205-16071999-1457_u0205193 avg. like is -48.3534 over 623 frames.
LOG (gmm-acc-stats-ali[5.5.0~1-40c7]:main():gmm-acc-stats-ali.cc:105) Processed 3350 utterances; for utterance no10x205-16071999-1457_u0205243 avg. like is -43.7705 over 223 frames.
LOG (gmm-acc-stats-ali[5.5.0~1-40c7]:main():gmm-acc-stats-ali.cc:105) Processed 3400 utterances; for utterance no10x205-16071999-1457_u0205293 avg. like is -41.103 over 248 frames.
WARNING (gmm-acc-stats-ali[5.5.0~1-40c7]:main():gmm-acc-stats-ali.cc:79) No alignment for utterance no10x223-22071999-1329_u0223001
LOG (gmm-acc-stats-ali[5.5.0~1-40c7]:main():gmm-acc-stats-ali.cc:105) Processed 3450 utterances; for utterance no10x223-22071999-1329_u0223032 avg. like is -47.4115 over 698 frames.
LOG (gmm-acc-stats-ali[5.5.0~1-40c7]:main():gmm-acc-stats-ali.cc:105) Processed 3500 utterances; for utterance no10x223-22071999-1329_u0223082 avg. like is -43.9651 over 598 frames.
LOG (gmm-acc-stats-ali[5.5.0~1-40c7]:main():gmm-acc-stats-ali.cc:105) Processed 3550 utterances; for utterance no10x223-22071999-1329_u0223132 avg. like is -42.6324 over 548 frames.
LOG (gmm-acc-stats-ali[5.5.0~1-40c7]:main():gmm-acc-stats-ali.cc:105) Processed 3600 utterances; for utterance no10x223-22071999-1329_u0223182 avg. like is -47.5561 over 523 frames.
LOG (gmm-acc-stats-ali[5.5.0~1-40c7]:main():gmm-acc-stats-ali.cc:105) Processed 3650 utterances; for utterance no10x223-22071999-1329_u0223232 avg. like is -42.7412 over 248 frames.
LOG (gmm-acc-stats-ali[5.5.0~1-40c7]:main():gmm-acc-stats-ali.cc:105) Processed 3700 utterances; for utterance no10x223-22071999-1329_u0223282 avg. like is -36.8443 over 248 frames.
WARNING (gmm-acc-stats-ali[5.5.0~1-40c7]:main():gmm-acc-stats-ali.cc:79) No alignment for utterance no10x236-29071999-0834_u0236001
LOG (gmm-acc-stats-ali[5.5.0~1-40c7]:main():gmm-acc-stats-ali.cc:105) Processed 3750 utterances; for utterance no10x236-29071999-0834_u0236021 avg. like is -46.7605 over 723 frames.
LOG (gmm-acc-stats-ali[5.5.0~1-40c7]:main():gmm-acc-stats-ali.cc:105) Processed 3800 utterances; for utterance no10x236-29071999-0834_u0236071 avg. like is -47.0578 over 473 frames.
LOG (gmm-acc-stats-ali[5.5.0~1-40c7]:main():gmm-acc-stats-ali.cc:105) Processed 3850 utterances; for utterance no10x236-29071999-0834_u0236121 avg. like is -48.0545 over 423 frames.
LOG (gmm-acc-stats-ali[5.5.0~1-40c7]:main():gmm-acc-stats-ali.cc:105) Processed 3900 utterances; for utterance no10x236-29071999-0834_u0236171 avg. like is -48.0879 over 273 frames.
LOG (gmm-acc-stats-ali[5.5.0~1-40c7]:main():gmm-acc-stats-ali.cc:105) Processed 3950 utterances; for utterance no10x236-29071999-0834_u0236221 avg. like is -50.3298 over 548 frames.
LOG (gmm-acc-stats-ali[5.5.0~1-40c7]:main():gmm-acc-stats-ali.cc:105) Processed 4000 utterances; for utterance no10x236-29071999-0834_u0236271 avg. like is -45.7406 over 248 frames.
WARNING (gmm-acc-stats-ali[5.5.0~1-40c7]:main():gmm-acc-stats-ali.cc:79) No alignment for utterance no10x280-16081999-1559_u0280001
LOG (gmm-acc-stats-ali[5.5.0~1-40c7]:main():gmm-acc-stats-ali.cc:105) Processed 4050 utterances; for utterance no10x280-16081999-1559_u0280010 avg. like is -42.8079 over 623 frames.
LOG (gmm-acc-stats-ali[5.5.0~1-40c7]:main():gmm-acc-stats-ali.cc:105) Processed 4100 utterances; for utterance no10x280-16081999-1559_u0280060 avg. like is -36.8048 over 448 frames.
LOG (gmm-acc-stats-ali[5.5.0~1-40c7]:main():gmm-acc-stats-ali.cc:105) Processed 4150 utterances; for utterance no10x280-16081999-1559_u0280110 avg. like is -39.9446 over 398 frames.
LOG (gmm-acc-stats-ali[5.5.0~1-40c7]:main():gmm-acc-stats-ali.cc:105) Processed 4200 utterances; for utterance no10x280-16081999-1559_u0280160 avg. like is -40.162 over 473 frames.
LOG (gmm-acc-stats-ali[5.5.0~1-40c7]:main():gmm-acc-stats-ali.cc:105) Processed 4250 utterances; for utterance no10x280-16081999-1559_u0280210 avg. like is -40.4515 over 548 frames.
LOG (gmm-acc-stats-ali[5.5.0~1-40c7]:main():gmm-acc-stats-ali.cc:105) Processed 4300 utterances; for utterance no10x280-16081999-1559_u0280260 avg. like is -41.4395 over 248 frames.
LOG (gmm-acc-stats-ali[5.5.0~1-40c7]:main():gmm-acc-stats-ali.cc:105) Processed 4350 utterances; for utterance no10x280-16081999-1559_u0280310 avg. like is -32.9574 over 248 frames.
WARNING (gmm-acc-stats-ali[5.5.0~1-40c7]:main():gmm-acc-stats-ali.cc:79) No alignment for utterance no10x291-19081999-1142_u0291001
LOG (gmm-acc-stats-ali[5.5.0~1-40c7]:main():gmm-acc-stats-ali.cc:105) Processed 4400 utterances; for utterance no10x291-19081999-1142_u0291049 avg. like is -47.6517 over 698 frames.
LOG (gmm-acc-stats-ali[5.5.0~1-40c7]:main():gmm-acc-stats-ali.cc:105) Processed 4450 utterances; for utterance no10x291-19081999-1142_u0291099 avg. like is -47.58 over 773 frames.
LOG (gmm-acc-stats-ali[5.5.0~1-40c7]:main():gmm-acc-stats-ali.cc:105) Processed 4500 utterances; for utterance no10x291-19081999-1142_u0291149 avg. like is -46.6134 over 723 frames.
LOG (gmm-acc-stats-ali[5.5.0~1-40c7]:main():gmm-acc-stats-ali.cc:105) Processed 4550 utterances; for utterance no10x291-19081999-1142_u0291199 avg. like is -45.9495 over 848 frames.
LOG (gmm-acc-stats-ali[5.5.0~1-40c7]:main():gmm-acc-stats-ali.cc:105) Processed 4600 utterances; for utterance no10x291-19081999-1142_u0291249 avg. like is -44.7826 over 198 frames.
LOG (gmm-acc-stats-ali[5.5.0~1-40c7]:main():gmm-acc-stats-ali.cc:105) Processed 4650 utterances; for utterance no10x291-19081999-1142_u0291299 avg. like is -50.1018 over 148 frames.
WARNING (gmm-acc-stats-ali[5.5.0~1-40c7]:main():gmm-acc-stats-ali.cc:79) No alignment for utterance no10x306-02071999-1201_u0306001
LOG (gmm-acc-stats-ali[5.5.0~1-40c7]:main():gmm-acc-stats-ali.cc:105) Processed 4700 utterances; for utterance no10x306-02071999-1201_u0306038 avg. like is -40.6605 over 798 frames.
LOG (gmm-acc-stats-ali[5.5.0~1-40c7]:main():gmm-acc-stats-ali.cc:105) Processed 4750 utterances; for utterance no10x306-02071999-1201_u0306088 avg. like is -44.679 over 648 frames.
LOG (gmm-acc-stats-ali[5.5.0~1-40c7]:main():gmm-acc-stats-ali.cc:105) Processed 4800 utterances; for utterance no10x306-02071999-1201_u0306138 avg. like is -41.5177 over 523 frames.
LOG (gmm-acc-stats-ali[5.5.0~1-40c7]:main():gmm-acc-stats-ali.cc:105) Processed 4850 utterances; for utterance no10x306-02071999-1201_u0306188 avg. like is -42.1445 over 748 frames.
LOG (gmm-acc-stats-ali[5.5.0~1-40c7]:main():gmm-acc-stats-ali.cc:105) Processed 4900 utterances; for utterance no10x306-02071999-1201_u0306238 avg. like is -41.3537 over 323 frames.
LOG (gmm-acc-stats-ali[5.5.0~1-40c7]:main():gmm-acc-stats-ali.cc:105) Processed 4950 utterances; for utterance no10x306-02071999-1201_u0306288 avg. like is -37.3001 over 223 frames.
WARNING (gmm-acc-stats-ali[5.5.0~1-40c7]:main():gmm-acc-stats-ali.cc:79) No alignment for utterance no10x308-02071999-1504_u0308001
LOG (gmm-acc-stats-ali[5.5.0~1-40c7]:main():gmm-acc-stats-ali.cc:105) Processed 5000 utterances; for utterance no10x308-02071999-1504_u0308027 avg. like is -48.1569 over 1023 frames.
WARNING (gmm-acc-stats-ali[5.5.0~1-40c7]:main():gmm-acc-stats-ali.cc:79) No alignment for utterance no10x308-02071999-1504_u0308052
LOG (gmm-acc-stats-ali[5.5.0~1-40c7]:main():gmm-acc-stats-ali.cc:105) Processed 5050 utterances; for utterance no10x308-02071999-1504_u0308078 avg. like is -41.7477 over 673 frames.
LOG (gmm-acc-stats-ali[5.5.0~1-40c7]:main():gmm-acc-stats-ali.cc:105) Processed 5100 utterances; for utterance no10x308-02071999-1504_u0308128 avg. like is -40.9959 over 573 frames.
LOG (gmm-acc-stats-ali[5.5.0~1-40c7]:main():gmm-acc-stats-ali.cc:105) Processed 5150 utterances; for utterance no10x308-02071999-1504_u0308178 avg. like is -47.9904 over 448 frames.
LOG (gmm-acc-stats-ali[5.5.0~1-40c7]:main():gmm-acc-stats-ali.cc:105) Processed 5200 utterances; for utterance no10x308-02071999-1504_u0308228 avg. like is -42.642 over 273 frames.
LOG (gmm-acc-stats-ali[5.5.0~1-40c7]:main():gmm-acc-stats-ali.cc:105) Processed 5250 utterances; for utterance no10x308-02071999-1504_u0308278 avg. like is -36.7551 over 298 frames.
WARNING (gmm-acc-stats-ali[5.5.0~1-40c7]:main():gmm-acc-stats-ali.cc:79) No alignment for utterance no10x309-03071999-0835_u0309001
LOG (gmm-acc-stats-ali[5.5.0~1-40c7]:main():gmm-acc-stats-ali.cc:105) Processed 5300 utterances; for utterance no10x309-03071999-0835_u0309017 avg. like is -42.0604 over 473 frames.
LOG (gmm-acc-stats-ali[5.5.0~1-40c7]:main():gmm-acc-stats-ali.cc:105) Processed 5350 utterances; for utterance no10x309-03071999-0835_u0309067 avg. like is -44.9618 over 648 frames.
LOG (gmm-acc-stats-ali[5.5.0~1-40c7]:main():gmm-acc-stats-ali.cc:105) Processed 5400 utterances; for utterance no10x309-03071999-0835_u0309117 avg. like is -42.2284 over 523 frames.
LOG (gmm-acc-stats-ali[5.5.0~1-40c7]:main():gmm-acc-stats-ali.cc:105) Processed 5450 utterances; for utterance no10x309-03071999-0835_u0309167 avg. like is -44.0826 over 648 frames.
LOG (gmm-acc-stats-ali[5.5.0~1-40c7]:main():gmm-acc-stats-ali.cc:105) Processed 5500 utterances; for utterance no10x309-03071999-0835_u0309217 avg. like is -39.9658 over 348 frames.
LOG (gmm-acc-stats-ali[5.5.0~1-40c7]:main():gmm-acc-stats-ali.cc:105) Processed 5550 utterances; for utterance no10x309-03071999-0835_u0309267 avg. like is -36.1211 over 248 frames.
WARNING (gmm-acc-stats-ali[5.5.0~1-40c7]:main():gmm-acc-stats-ali.cc:79) No alignment for utterance no10x355-19071999-1556_u0355001
LOG (gmm-acc-stats-ali[5.5.0~1-40c7]:main():gmm-acc-stats-ali.cc:105) Processed 5600 utterances; for utterance no10x355-19071999-1556_u0355006 avg. like is -45.0499 over 823 frames.
LOG (gmm-acc-stats-ali[5.5.0~1-40c7]:main():gmm-acc-stats-ali.cc:105) Processed 5650 utterances; for utterance no10x355-19071999-1556_u0355056 avg. like is -43.1145 over 723 frames.
WARNING (gmm-acc-stats-ali[5.5.0~1-40c7]:main():gmm-acc-stats-ali.cc:79) No alignment for utterance no10x355-19071999-1556_u0355091
LOG (gmm-acc-stats-ali[5.5.0~1-40c7]:main():gmm-acc-stats-ali.cc:105) Processed 5700 utterances; for utterance no10x355-19071999-1556_u0355107 avg. like is -35.9344 over 598 frames.
LOG (gmm-acc-stats-ali[5.5.0~1-40c7]:main():gmm-acc-stats-ali.cc:105) Processed 5750 utterances; for utterance no10x355-19071999-1556_u0355157 avg. like is -43.2826 over 648 frames.
WARNING (gmm-acc-stats-ali[5.5.0~1-40c7]:main():gmm-acc-stats-ali.cc:79) No alignment for utterance no10x355-19071999-1556_u0355203
LOG (gmm-acc-stats-ali[5.5.0~1-40c7]:main():gmm-acc-stats-ali.cc:105) Processed 5800 utterances; for utterance no10x355-19071999-1556_u0355208 avg. like is -36.8912 over 448 frames.
LOG (gmm-acc-stats-ali[5.5.0~1-40c7]:main():gmm-acc-stats-ali.cc:105) Processed 5850 utterances; for utterance no10x355-19071999-1556_u0355258 avg. like is -30.5345 over 248 frames.
LOG (gmm-acc-stats-ali[5.5.0~1-40c7]:main():gmm-acc-stats-ali.cc:105) Processed 5900 utterances; for utterance no10x355-19071999-1556_u0355308 avg. like is -32.7612 over 248 frames.
WARNING (gmm-acc-stats-ali[5.5.0~1-40c7]:main():gmm-acc-stats-ali.cc:79) No alignment for utterance no10x390-02081999-0955_u0390001
LOG (gmm-acc-stats-ali[5.5.0~1-40c7]:main():gmm-acc-stats-ali.cc:105) Processed 5950 utterances; for utterance no10x390-02081999-0955_u0390047 avg. like is -47.7929 over 498 frames.
LOG (gmm-acc-stats-ali[5.5.0~1-40c7]:main():gmm-acc-stats-ali.cc:105) Processed 6000 utterances; for utterance no10x390-02081999-0955_u0390097 avg. like is -43.3644 over 473 frames.
LOG (gmm-acc-stats-ali[5.5.0~1-40c7]:main():gmm-acc-stats-ali.cc:105) Processed 6050 utterances; for utterance no10x390-02081999-0955_u0390147 avg. like is -41.4231 over 748 frames.
LOG (gmm-acc-stats-ali[5.5.0~1-40c7]:main():gmm-acc-stats-ali.cc:105) Processed 6100 utterances; for utterance no10x390-02081999-0955_u0390197 avg. like is -47.5746 over 498 frames.
LOG (gmm-acc-stats-ali[5.5.0~1-40c7]:main():gmm-acc-stats-ali.cc:105) Processed 6150 utterances; for utterance no10x390-02081999-0955_u0390247 avg. like is -41.2621 over 323 frames.
LOG (gmm-acc-stats-ali[5.5.0~1-40c7]:main():gmm-acc-stats-ali.cc:105) Processed 6200 utterances; for utterance no10x390-02081999-0955_u0390297 avg. like is -41.5291 over 323 frames.
WARNING (gmm-acc-stats-ali[5.5.0~1-40c7]:main():gmm-acc-stats-ali.cc:79) No alignment for utterance no10x410-09081999-1144_u0410001
LOG (gmm-acc-stats-ali[5.5.0~1-40c7]:main():gmm-acc-stats-ali.cc:105) Processed 6250 utterances; for utterance no10x410-09081999-1144_u0410036 avg. like is -48.2348 over 898 frames.
LOG (gmm-acc-stats-ali[5.5.0~1-40c7]:main():gmm-acc-stats-ali.cc:105) Processed 6300 utterances; for utterance no10x410-09081999-1144_u0410086 avg. like is -46.6764 over 523 frames.
LOG (gmm-acc-stats-ali[5.5.0~1-40c7]:main():gmm-acc-stats-ali.cc:105) Processed 6350 utterances; for utterance no10x410-09081999-1144_u0410136 avg. like is -44.9512 over 398 frames.
LOG (gmm-acc-stats-ali[5.5.0~1-40c7]:main():gmm-acc-stats-ali.cc:105) Processed 6400 utterances; for utterance no10x410-09081999-1144_u0410186 avg. like is -49.8305 over 498 frames.
LOG (gmm-acc-stats-ali[5.5.0~1-40c7]:main():gmm-acc-stats-ali.cc:105) Processed 6450 utterances; for utterance no10x410-09081999-1144_u0410236 avg. like is -42.6488 over 173 frames.
LOG (gmm-acc-stats-ali[5.5.0~1-40c7]:main():gmm-acc-stats-ali.cc:105) Processed 6500 utterances; for utterance no10x410-09081999-1144_u0410286 avg. like is -43.7153 over 123 frames.
WARNING (gmm-acc-stats-ali[5.5.0~1-40c7]:main():gmm-acc-stats-ali.cc:79) No alignment for utterance no10x463-03071999-1345_u0465001
LOG (gmm-acc-stats-ali[5.5.0~1-40c7]:main():gmm-acc-stats-ali.cc:105) Processed 6550 utterances; for utterance no10x463-03071999-1345_u0465025 avg. like is -48.7967 over 873 frames.
LOG (gmm-acc-stats-ali[5.5.0~1-40c7]:main():gmm-acc-stats-ali.cc:105) Processed 6600 utterances; for utterance no10x463-03071999-1345_u0465075 avg. like is -45.0602 over 723 frames.
LOG (gmm-acc-stats-ali[5.5.0~1-40c7]:main():gmm-acc-stats-ali.cc:105) Processed 6650 utterances; for utterance no10x463-03071999-1345_u0465125 avg. like is -43.3596 over 398 frames.
LOG (gmm-acc-stats-ali[5.5.0~1-40c7]:main():gmm-acc-stats-ali.cc:105) Processed 6700 utterances; for utterance no10x463-03071999-1345_u0465175 avg. like is -46.9671 over 623 frames.
LOG (gmm-acc-stats-ali[5.5.0~1-40c7]:main():gmm-acc-stats-ali.cc:105) Processed 6750 utterances; for utterance no10x463-03071999-1345_u0465225 avg. like is -43.3308 over 273 frames.
LOG (gmm-acc-stats-ali[5.5.0~1-40c7]:main():gmm-acc-stats-ali.cc:105) Processed 6800 utterances; for utterance no10x463-03071999-1345_u0465275 avg. like is -38.5057 over 273 frames.
WARNING (gmm-acc-stats-ali[5.5.0~1-40c7]:main():gmm-acc-stats-ali.cc:79) No alignment for utterance no10x474-07071999-0815_u0474001
LOG (gmm-acc-stats-ali[5.5.0~1-40c7]:main():gmm-acc-stats-ali.cc:105) Processed 6850 utterances; for utterance no10x474-07071999-0815_u0474014 avg. like is -37.6528 over 498 frames.
LOG (gmm-acc-stats-ali[5.5.0~1-40c7]:main():gmm-acc-stats-ali.cc:105) Processed 6900 utterances; for utterance no10x474-07071999-0815_u0474064 avg. like is -39.1163 over 798 frames.
LOG (gmm-acc-stats-ali[5.5.0~1-40c7]:main():gmm-acc-stats-ali.cc:105) Processed 6950 utterances; for utterance no10x474-07071999-0815_u0474114 avg. like is -40.9214 over 623 frames.
LOG (gmm-acc-stats-ali[5.5.0~1-40c7]:main():gmm-acc-stats-ali.cc:105) Processed 7000 utterances; for utterance no10x474-07071999-0815_u0474164 avg. like is -39.3164 over 748 frames.
LOG (gmm-acc-stats-ali[5.5.0~1-40c7]:main():gmm-acc-stats-ali.cc:105) Processed 7050 utterances; for utterance no10x474-07071999-0815_u0474214 avg. like is -40.2077 over 673 frames.
LOG (gmm-acc-stats-ali[5.5.0~1-40c7]:main():gmm-acc-stats-ali.cc:105) Processed 7100 utterances; for utterance no10x474-07071999-0815_u0474264 avg. like is -28.9628 over 348 frames.
WARNING (gmm-acc-stats-ali[5.5.0~1-40c7]:main():gmm-acc-stats-ali.cc:79) No alignment for utterance no10x481-23111999-1223_u0019001
LOG (gmm-acc-stats-ali[5.5.0~1-40c7]:main():gmm-acc-stats-ali.cc:105) Processed 7150 utterances; for utterance no10x481-23111999-1223_u0019003 avg. like is -47.8208 over 673 frames.
LOG (gmm-acc-stats-ali[5.5.0~1-40c7]:main():gmm-acc-stats-ali.cc:105) Processed 7200 utterances; for utterance no10x481-23111999-1223_u0019053 avg. like is -50.6245 over 473 frames.
LOG (gmm-acc-stats-ali[5.5.0~1-40c7]:main():gmm-acc-stats-ali.cc:105) Processed 7250 utterances; for utterance no10x481-23111999-1223_u0019103 avg. like is -43.6327 over 573 frames.
LOG (gmm-acc-stats-ali[5.5.0~1-40c7]:main():gmm-acc-stats-ali.cc:105) Processed 7300 utterances; for utterance no10x481-23111999-1223_u0019153 avg. like is -48.7594 over 673 frames.
LOG (gmm-acc-stats-ali[5.5.0~1-40c7]:main():gmm-acc-stats-ali.cc:105) Processed 7350 utterances; for utterance no10x481-23111999-1223_u0019203 avg. like is -48.2158 over 473 frames.
LOG (gmm-acc-stats-ali[5.5.0~1-40c7]:main():gmm-acc-stats-ali.cc:105) Processed 7400 utterances; for utterance no10x481-23111999-1223_u0019253 avg. like is -38.0517 over 198 frames.
LOG (gmm-acc-stats-ali[5.5.0~1-40c7]:main():gmm-acc-stats-ali.cc:105) Processed 7450 utterances; for utterance no10x481-23111999-1223_u0019303 avg. like is -46.5959 over 173 frames.
WARNING (gmm-acc-stats-ali[5.5.0~1-40c7]:main():gmm-acc-stats-ali.cc:79) No alignment for utterance no10x501-16071999-0813_u0501001
LOG (gmm-acc-stats-ali[5.5.0~1-40c7]:main():gmm-acc-stats-ali.cc:105) Processed 7500 utterances; for utterance no10x501-16071999-0813_u0501042 avg. like is -39.2989 over 673 frames.
LOG (gmm-acc-stats-ali[5.5.0~1-40c7]:main():gmm-acc-stats-ali.cc:105) Processed 7550 utterances; for utterance no10x501-16071999-0813_u0501092 avg. like is -41.9296 over 873 frames.
LOG (gmm-acc-stats-ali[5.5.0~1-40c7]:main():gmm-acc-stats-ali.cc:105) Processed 7600 utterances; for utterance no10x501-16071999-0813_u0501142 avg. like is -36.476 over 473 frames.
LOG (gmm-acc-stats-ali[5.5.0~1-40c7]:main():gmm-acc-stats-ali.cc:105) Processed 7650 utterances; for utterance no10x501-16071999-0813_u0501192 avg. like is -37.1137 over 523 frames.
LOG (gmm-acc-stats-ali[5.5.0~1-40c7]:main():gmm-acc-stats-ali.cc:105) Processed 7700 utterances; for utterance no10x501-16071999-0813_u0501242 avg. like is -36.5733 over 223 frames.
LOG (gmm-acc-stats-ali[5.5.0~1-40c7]:main():gmm-acc-stats-ali.cc:105) Processed 7750 utterances; for utterance no10x501-16071999-0813_u0501292 avg. like is -32.6121 over 273 frames.
WARNING (gmm-acc-stats-ali[5.5.0~1-40c7]:main():gmm-acc-stats-ali.cc:79) No alignment for utterance no10x508-19071999-1443_u0508001
LOG (gmm-acc-stats-ali[5.5.0~1-40c7]:main():gmm-acc-stats-ali.cc:105) Processed 7800 utterances; for utterance no10x508-19071999-1443_u0508031 avg. like is -46.2743 over 948 frames.
LOG (gmm-acc-stats-ali[5.5.0~1-40c7]:main():gmm-acc-stats-ali.cc:105) Processed 7850 utterances; for utterance no10x508-19071999-1443_u0508081 avg. like is -37.5763 over 673 frames.
LOG (gmm-acc-stats-ali[5.5.0~1-40c7]:main():gmm-acc-stats-ali.cc:105) Processed 7900 utterances; for utterance no10x508-19071999-1443_u0508131 avg. like is -37.4744 over 473 frames.
LOG (gmm-acc-stats-ali[5.5.0~1-40c7]:main():gmm-acc-stats-ali.cc:105) Processed 7950 utterances; for utterance no10x508-19071999-1443_u0508181 avg. like is -49.067 over 673 frames.
LOG (gmm-acc-stats-ali[5.5.0~1-40c7]:main():gmm-acc-stats-ali.cc:105) Processed 8000 utterances; for utterance no10x508-19071999-1443_u0508231 avg. like is -34.9919 over 273 frames.
LOG (gmm-acc-stats-ali[5.5.0~1-40c7]:main():gmm-acc-stats-ali.cc:105) Processed 8050 utterances; for utterance no10x508-19071999-1443_u0508281 avg. like is -40.6864 over 273 frames.
WARNING (gmm-acc-stats-ali[5.5.0~1-40c7]:main():gmm-acc-stats-ali.cc:79) No alignment for utterance no10x600-25081999-1143_u0600001
LOG (gmm-acc-stats-ali[5.5.0~1-40c7]:main():gmm-acc-stats-ali.cc:105) Processed 8100 utterances; for utterance no10x600-25081999-1143_u0600020 avg. like is -47.2785 over 1098 frames.
WARNING (gmm-acc-stats-ali[5.5.0~1-40c7]:main():gmm-acc-stats-ali.cc:79) No alignment for utterance no10x600-25081999-1143_u0600022
LOG (gmm-acc-stats-ali[5.5.0~1-40c7]:main():gmm-acc-stats-ali.cc:105) Processed 8150 utterances; for utterance no10x600-25081999-1143_u0600071 avg. like is -47.6138 over 548 frames.
LOG (gmm-acc-stats-ali[5.5.0~1-40c7]:main():gmm-acc-stats-ali.cc:105) Processed 8200 utterances; for utterance no10x600-25081999-1143_u0600121 avg. like is -48.1924 over 648 frames.
LOG (gmm-acc-stats-ali[5.5.0~1-40c7]:main():gmm-acc-stats-ali.cc:105) Processed 8250 utterances; for utterance no10x600-25081999-1143_u0600171 avg. like is -44.6304 over 348 frames.
LOG (gmm-acc-stats-ali[5.5.0~1-40c7]:main():gmm-acc-stats-ali.cc:105) Processed 8300 utterances; for utterance no10x600-25081999-1143_u0600221 avg. like is -49.7723 over 598 frames.
LOG (gmm-acc-stats-ali[5.5.0~1-40c7]:main():gmm-acc-stats-ali.cc:105) Processed 8350 utterances; for utterance no10x600-25081999-1143_u0600271 avg. like is -42.5531 over 198 frames.
WARNING (gmm-acc-stats-ali[5.5.0~1-40c7]:main():gmm-acc-stats-ali.cc:79) No alignment for utterance no10x637-08071999-1611_u0637001
LOG (gmm-acc-stats-ali[5.5.0~1-40c7]:main():gmm-acc-stats-ali.cc:105) Processed 8400 utterances; for utterance no10x637-08071999-1611_u0637010 avg. like is -42.0897 over 648 frames.
LOG (gmm-acc-stats-ali[5.5.0~1-40c7]:main():gmm-acc-stats-ali.cc:105) Processed 8450 utterances; for utterance no10x637-08071999-1611_u0637060 avg. like is -35.587 over 498 frames.
LOG (gmm-acc-stats-ali[5.5.0~1-40c7]:main():gmm-acc-stats-ali.cc:105) Processed 8500 utterances; for utterance no10x637-08071999-1611_u0637110 avg. like is -44.377 over 673 frames.
LOG (gmm-acc-stats-ali[5.5.0~1-40c7]:main():gmm-acc-stats-ali.cc:105) Processed 8550 utterances; for utterance no10x637-08071999-1611_u0637160 avg. like is -41.174 over 598 frames.
LOG (gmm-acc-stats-ali[5.5.0~1-40c7]:main():gmm-acc-stats-ali.cc:105) Processed 8600 utterances; for utterance no10x637-08071999-1611_u0637210 avg. like is -40.4955 over 598 frames.
LOG (gmm-acc-stats-ali[5.5.0~1-40c7]:main():gmm-acc-stats-ali.cc:105) Processed 8650 utterances; for utterance no10x637-08071999-1611_u0637260 avg. like is -36.1415 over 223 frames.
LOG (gmm-acc-stats-ali[5.5.0~1-40c7]:main():gmm-acc-stats-ali.cc:105) Processed 8700 utterances; for utterance no10x637-08071999-1611_u0637310 avg. like is -34.7809 over 248 frames.
WARNING (gmm-acc-stats-ali[5.5.0~1-40c7]:main():gmm-acc-stats-ali.cc:79) No alignment for utterance no10x645-12071999-1533_u0645001
LOG (gmm-acc-stats-ali[5.5.0~1-40c7]:main():gmm-acc-stats-ali.cc:105) Processed 8750 utterances; for utterance no10x645-12071999-1533_u0645049 avg. like is -44.4083 over 323 frames.
LOG (gmm-acc-stats-ali[5.5.0~1-40c7]:main():gmm-acc-stats-ali.cc:105) Processed 8800 utterances; for utterance no10x645-12071999-1533_u0645099 avg. like is -50.815 over 748 frames.
LOG (gmm-acc-stats-ali[5.5.0~1-40c7]:main():gmm-acc-stats-ali.cc:105) Processed 8850 utterances; for utterance no10x645-12071999-1533_u0645149 avg. like is -45.5498 over 548 frames.
LOG (gmm-acc-stats-ali[5.5.0~1-40c7]:main():gmm-acc-stats-ali.cc:105) Processed 8900 utterances; for utterance no10x645-12071999-1533_u0645199 avg. like is -42.4925 over 548 frames.
LOG (gmm-acc-stats-ali[5.5.0~1-40c7]:main():gmm-acc-stats-ali.cc:105) Processed 8950 utterances; for utterance no10x645-12071999-1533_u0645249 avg. like is -41.4353 over 173 frames.
LOG (gmm-acc-stats-ali[5.5.0~1-40c7]:main():gmm-acc-stats-ali.cc:105) Processed 9000 utterances; for utterance no10x645-12071999-1533_u0645299 avg. like is -34.7981 over 198 frames.
LOG (apply-cmvn[5.5.0~1-40c7]:main():apply-cmvn.cc:162) Applied cepstral mean normalization to 9048 utterances, errors on 0
LOG (transform-feats[5.5.0~1-40c7]:main():transform-feats.cc:158) Overall average [pseudo-]logdet is -91.665 over 4.57123e+06 frames.
LOG (transform-feats[5.5.0~1-40c7]:main():transform-feats.cc:161) Applied transform to 9048 utterances; 0 had errors.
LOG (transform-feats[5.5.0~1-40c7]:main():transform-feats.cc:158) Overall average logdet is 2.49625 over 4.57123e+06 frames.
LOG (transform-feats[5.5.0~1-40c7]:main():transform-feats.cc:161) Applied transform to 9048 utterances; 0 had errors.
LOG (gmm-acc-stats-ali[5.5.0~1-40c7]:main():gmm-acc-stats-ali.cc:112) Done 9013 files, 35 with errors.
LOG (gmm-acc-stats-ali[5.5.0~1-40c7]:main():gmm-acc-stats-ali.cc:115) Overall avg like per frame (Gaussian only) = -42.6185 over 4556574 frames.
LOG (gmm-acc-stats-ali[5.5.0~1-40c7]:main():gmm-acc-stats-ali.cc:123) Written accs.
# Accounting: time=8 threads=1
# Ended (code 0) at Mon Jul 12 19:57:44 UTC 2021, elapsed time 8 seconds
