# gmm-acc-stats-ali exp/tri3b/18.mdl "ark,s,cs:apply-cmvn  --utt2spk=ark:data/train/split5/1/utt2spk scp:data/train/split5/1/cmvn.scp scp:data/train/split5/1/feats.scp ark:- | splice-feats --left-context=3 --right-context=3 ark:- ark:- | transform-feats exp/tri2b_ali_train/final.mat ark:- ark:- | transform-feats --utt2spk=ark:data/train/split5/1/utt2spk ark:exp/tri3b/trans.1 ark:- ark:- |" "ark,s,cs:gunzip -c exp/tri3b/ali.1.gz|" exp/tri3b/18.1.acc 
# Started at Mon Jul 12 19:58:25 UTC 2021
#
gmm-acc-stats-ali exp/tri3b/18.mdl 'ark,s,cs:apply-cmvn  --utt2spk=ark:data/train/split5/1/utt2spk scp:data/train/split5/1/cmvn.scp scp:data/train/split5/1/feats.scp ark:- | splice-feats --left-context=3 --right-context=3 ark:- ark:- | transform-feats exp/tri2b_ali_train/final.mat ark:- ark:- | transform-feats --utt2spk=ark:data/train/split5/1/utt2spk ark:exp/tri3b/trans.1 ark:- ark:- |' 'ark,s,cs:gunzip -c exp/tri3b/ali.1.gz|' exp/tri3b/18.1.acc 
splice-feats --left-context=3 --right-context=3 ark:- ark:- 
transform-feats exp/tri2b_ali_train/final.mat ark:- ark:- 
transform-feats --utt2spk=ark:data/train/split5/1/utt2spk ark:exp/tri3b/trans.1 ark:- ark:- 
apply-cmvn --utt2spk=ark:data/train/split5/1/utt2spk scp:data/train/split5/1/cmvn.scp scp:data/train/split5/1/feats.scp ark:- 
WARNING (gmm-acc-stats-ali[5.5.0~1-40c7]:main():gmm-acc-stats-ali.cc:79) No alignment for utterance no10x005-02071999-1529_u0005001
LOG (gmm-acc-stats-ali[5.5.0~1-40c7]:main():gmm-acc-stats-ali.cc:105) Processed 50 utterances; for utterance no10x005-02071999-1529_u0005051 avg. like is -42.079 over 473 frames.
LOG (gmm-acc-stats-ali[5.5.0~1-40c7]:main():gmm-acc-stats-ali.cc:105) Processed 100 utterances; for utterance no10x005-02071999-1529_u0005101 avg. like is -41.165 over 623 frames.
LOG (gmm-acc-stats-ali[5.5.0~1-40c7]:main():gmm-acc-stats-ali.cc:105) Processed 150 utterances; for utterance no10x005-02071999-1529_u0005151 avg. like is -44.0398 over 648 frames.
LOG (gmm-acc-stats-ali[5.5.0~1-40c7]:main():gmm-acc-stats-ali.cc:105) Processed 200 utterances; for utterance no10x005-02071999-1529_u0005201 avg. like is -42.0683 over 498 frames.
LOG (gmm-acc-stats-ali[5.5.0~1-40c7]:main():gmm-acc-stats-ali.cc:105) Processed 250 utterances; for utterance no10x005-02071999-1529_u0005251 avg. like is -39.5609 over 248 frames.
LOG (gmm-acc-stats-ali[5.5.0~1-40c7]:main():gmm-acc-stats-ali.cc:105) Processed 300 utterances; for utterance no10x005-02071999-1529_u0005301 avg. like is -37.1678 over 273 frames.
WARNING (gmm-acc-stats-ali[5.5.0~1-40c7]:main():gmm-acc-stats-ali.cc:79) No alignment for utterance no10x041-14071999-1335_u0041001
LOG (gmm-acc-stats-ali[5.5.0~1-40c7]:main():gmm-acc-stats-ali.cc:105) Processed 350 utterances; for utterance no10x041-14071999-1335_u0041040 avg. like is -37.4723 over 598 frames.
LOG (gmm-acc-stats-ali[5.5.0~1-40c7]:main():gmm-acc-stats-ali.cc:105) Processed 400 utterances; for utterance no10x041-14071999-1335_u0041090 avg. like is -38.1559 over 448 frames.
LOG (gmm-acc-stats-ali[5.5.0~1-40c7]:main():gmm-acc-stats-ali.cc:105) Processed 450 utterances; for utterance no10x041-14071999-1335_u0041140 avg. like is -39.5698 over 498 frames.
LOG (gmm-acc-stats-ali[5.5.0~1-40c7]:main():gmm-acc-stats-ali.cc:105) Processed 500 utterances; for utterance no10x041-14071999-1335_u0041190 avg. like is -37.7049 over 623 frames.
LOG (gmm-acc-stats-ali[5.5.0~1-40c7]:main():gmm-acc-stats-ali.cc:105) Processed 550 utterances; for utterance no10x041-14071999-1335_u0041240 avg. like is -29.7227 over 298 frames.
LOG (gmm-acc-stats-ali[5.5.0~1-40c7]:main():gmm-acc-stats-ali.cc:105) Processed 600 utterances; for utterance no10x041-14071999-1335_u0041290 avg. like is -35.7968 over 223 frames.
WARNING (gmm-acc-stats-ali[5.5.0~1-40c7]:main():gmm-acc-stats-ali.cc:79) No alignment for utterance no10x050-16071999-0941_u0050001
LOG (gmm-acc-stats-ali[5.5.0~1-40c7]:main():gmm-acc-stats-ali.cc:105) Processed 650 utterances; for utterance no10x050-16071999-0941_u0050029 avg. like is -47.6845 over 823 frames.
LOG (gmm-acc-stats-ali[5.5.0~1-40c7]:main():gmm-acc-stats-ali.cc:105) Processed 700 utterances; for utterance no10x050-16071999-0941_u0050079 avg. like is -40.671 over 823 frames.
LOG (gmm-acc-stats-ali[5.5.0~1-40c7]:main():gmm-acc-stats-ali.cc:105) Processed 750 utterances; for utterance no10x050-16071999-0941_u0050129 avg. like is -40.1019 over 573 frames.
LOG (gmm-acc-stats-ali[5.5.0~1-40c7]:main():gmm-acc-stats-ali.cc:105) Processed 800 utterances; for utterance no10x050-16071999-0941_u0050179 avg. like is -38.0227 over 423 frames.
LOG (gmm-acc-stats-ali[5.5.0~1-40c7]:main():gmm-acc-stats-ali.cc:105) Processed 850 utterances; for utterance no10x050-16071999-0941_u0050229 avg. like is -39.9048 over 298 frames.
LOG (gmm-acc-stats-ali[5.5.0~1-40c7]:main():gmm-acc-stats-ali.cc:105) Processed 900 utterances; for utterance no10x050-16071999-0941_u0050279 avg. like is -37.9004 over 248 frames.
WARNING (gmm-acc-stats-ali[5.5.0~1-40c7]:main():gmm-acc-stats-ali.cc:79) No alignment for utterance no10x101-05081999-1401_u0101001
LOG (gmm-acc-stats-ali[5.5.0~1-40c7]:main():gmm-acc-stats-ali.cc:105) Processed 950 utterances; for utterance no10x101-05081999-1401_u0101018 avg. like is -44.3357 over 973 frames.
LOG (gmm-acc-stats-ali[5.5.0~1-40c7]:main():gmm-acc-stats-ali.cc:105) Processed 1000 utterances; for utterance no10x101-05081999-1401_u0101068 avg. like is -41.1504 over 673 frames.
LOG (gmm-acc-stats-ali[5.5.0~1-40c7]:main():gmm-acc-stats-ali.cc:105) Processed 1050 utterances; for utterance no10x101-05081999-1401_u0101118 avg. like is -42.8197 over 923 frames.
LOG (gmm-acc-stats-ali[5.5.0~1-40c7]:main():gmm-acc-stats-ali.cc:105) Processed 1100 utterances; for utterance no10x101-05081999-1401_u0101168 avg. like is -36.8362 over 448 frames.
LOG (gmm-acc-stats-ali[5.5.0~1-40c7]:main():gmm-acc-stats-ali.cc:105) Processed 1150 utterances; for utterance no10x101-05081999-1401_u0101218 avg. like is -42.9539 over 673 frames.
LOG (gmm-acc-stats-ali[5.5.0~1-40c7]:main():gmm-acc-stats-ali.cc:105) Processed 1200 utterances; for utterance no10x101-05081999-1401_u0101268 avg. like is -30.7963 over 273 frames.
WARNING (gmm-acc-stats-ali[5.5.0~1-40c7]:main():gmm-acc-stats-ali.cc:79) No alignment for utterance no10x103-06081999-0829_u0103001
LOG (gmm-acc-stats-ali[5.5.0~1-40c7]:main():gmm-acc-stats-ali.cc:105) Processed 1250 utterances; for utterance no10x103-06081999-0829_u0103007 avg. like is -43.4758 over 673 frames.
WARNING (gmm-acc-stats-ali[5.5.0~1-40c7]:main():gmm-acc-stats-ali.cc:79) No alignment for utterance no10x103-06081999-0829_u0103013
LOG (gmm-acc-stats-ali[5.5.0~1-40c7]:main():gmm-acc-stats-ali.cc:105) Processed 1300 utterances; for utterance no10x103-06081999-0829_u0103058 avg. like is -32.0483 over 448 frames.
LOG (gmm-acc-stats-ali[5.5.0~1-40c7]:main():gmm-acc-stats-ali.cc:105) Processed 1350 utterances; for utterance no10x103-06081999-0829_u0103108 avg. like is -36.5393 over 573 frames.
LOG (gmm-acc-stats-ali[5.5.0~1-40c7]:main():gmm-acc-stats-ali.cc:105) Processed 1400 utterances; for utterance no10x103-06081999-0829_u0103158 avg. like is -34.5342 over 448 frames.
LOG (gmm-acc-stats-ali[5.5.0~1-40c7]:main():gmm-acc-stats-ali.cc:105) Processed 1450 utterances; for utterance no10x103-06081999-0829_u0103208 avg. like is -31.6913 over 973 frames.
LOG (gmm-acc-stats-ali[5.5.0~1-40c7]:main():gmm-acc-stats-ali.cc:105) Processed 1500 utterances; for utterance no10x103-06081999-0829_u0103258 avg. like is -26.8348 over 323 frames.
LOG (gmm-acc-stats-ali[5.5.0~1-40c7]:main():gmm-acc-stats-ali.cc:105) Processed 1550 utterances; for utterance no10x103-06081999-0829_u0103308 avg. like is -28.2093 over 348 frames.
WARNING (gmm-acc-stats-ali[5.5.0~1-40c7]:main():gmm-acc-stats-ali.cc:79) No alignment for utterance no10x107-09081999-0842_u0107001
LOG (gmm-acc-stats-ali[5.5.0~1-40c7]:main():gmm-acc-stats-ali.cc:105) Processed 1600 utterances; for utterance no10x107-09081999-0842_u0107047 avg. like is -45.7529 over 573 frames.
WARNING (gmm-acc-stats-ali[5.5.0~1-40c7]:main():gmm-acc-stats-ali.cc:79) No alignment for utterance no10x107-09081999-0842_u0107075
LOG (gmm-acc-stats-ali[5.5.0~1-40c7]:main():gmm-acc-stats-ali.cc:105) Processed 1650 utterances; for utterance no10x107-09081999-0842_u0107098 avg. like is -44.032 over 498 frames.
LOG (gmm-acc-stats-ali[5.5.0~1-40c7]:main():gmm-acc-stats-ali.cc:105) Processed 1700 utterances; for utterance no10x107-09081999-0842_u0107148 avg. like is -43.6749 over 298 frames.
LOG (gmm-acc-stats-ali[5.5.0~1-40c7]:main():gmm-acc-stats-ali.cc:105) Processed 1750 utterances; for utterance no10x107-09081999-0842_u0107198 avg. like is -46.1024 over 673 frames.
LOG (gmm-acc-stats-ali[5.5.0~1-40c7]:main():gmm-acc-stats-ali.cc:105) Processed 1800 utterances; for utterance no10x107-09081999-0842_u0107248 avg. like is -37.3989 over 223 frames.
LOG (gmm-acc-stats-ali[5.5.0~1-40c7]:main():gmm-acc-stats-ali.cc:105) Processed 1850 utterances; for utterance no10x107-09081999-0842_u0107298 avg. like is -41.4963 over 223 frames.
WARNING (gmm-acc-stats-ali[5.5.0~1-40c7]:main():gmm-acc-stats-ali.cc:79) No alignment for utterance no10x119-11081999-1618_u0119001
LOG (gmm-acc-stats-ali[5.5.0~1-40c7]:main():gmm-acc-stats-ali.cc:105) Processed 1900 utterances; for utterance no10x119-11081999-1618_u0119037 avg. like is -48.0839 over 898 frames.
LOG (gmm-acc-stats-ali[5.5.0~1-40c7]:main():gmm-acc-stats-ali.cc:105) Processed 1950 utterances; for utterance no10x119-11081999-1618_u0119087 avg. like is -46.4273 over 623 frames.
LOG (gmm-acc-stats-ali[5.5.0~1-40c7]:main():gmm-acc-stats-ali.cc:105) Processed 2000 utterances; for utterance no10x119-11081999-1618_u0119137 avg. like is -45.1393 over 473 frames.
LOG (gmm-acc-stats-ali[5.5.0~1-40c7]:main():gmm-acc-stats-ali.cc:105) Processed 2050 utterances; for utterance no10x119-11081999-1618_u0119187 avg. like is -44.6347 over 348 frames.
LOG (gmm-acc-stats-ali[5.5.0~1-40c7]:main():gmm-acc-stats-ali.cc:105) Processed 2100 utterances; for utterance no10x119-11081999-1618_u0119237 avg. like is -44.5757 over 148 frames.
LOG (gmm-acc-stats-ali[5.5.0~1-40c7]:main():gmm-acc-stats-ali.cc:105) Processed 2150 utterances; for utterance no10x119-11081999-1618_u0119287 avg. like is -39.2382 over 123 frames.
WARNING (gmm-acc-stats-ali[5.5.0~1-40c7]:main():gmm-acc-stats-ali.cc:79) No alignment for utterance no10x159-03071999-1057_u0159001
LOG (gmm-acc-stats-ali[5.5.0~1-40c7]:main():gmm-acc-stats-ali.cc:105) Processed 2200 utterances; for utterance no10x159-03071999-1057_u0159026 avg. like is -45.4386 over 923 frames.
LOG (gmm-acc-stats-ali[5.5.0~1-40c7]:main():gmm-acc-stats-ali.cc:105) Processed 2250 utterances; for utterance no10x159-03071999-1057_u0159076 avg. like is -43.1398 over 673 frames.
LOG (gmm-acc-stats-ali[5.5.0~1-40c7]:main():gmm-acc-stats-ali.cc:105) Processed 2300 utterances; for utterance no10x159-03071999-1057_u0159126 avg. like is -37.8108 over 273 frames.
LOG (gmm-acc-stats-ali[5.5.0~1-40c7]:main():gmm-acc-stats-ali.cc:105) Processed 2350 utterances; for utterance no10x159-03071999-1057_u0159176 avg. like is -37.148 over 448 frames.
LOG (gmm-acc-stats-ali[5.5.0~1-40c7]:main():gmm-acc-stats-ali.cc:105) Processed 2400 utterances; for utterance no10x159-03071999-1057_u0159226 avg. like is -36.1855 over 273 frames.
LOG (gmm-acc-stats-ali[5.5.0~1-40c7]:main():gmm-acc-stats-ali.cc:105) Processed 2450 utterances; for utterance no10x159-03071999-1057_u0159276 avg. like is -31.0433 over 223 frames.
WARNING (gmm-acc-stats-ali[5.5.0~1-40c7]:main():gmm-acc-stats-ali.cc:79) No alignment for utterance no10x171-07071999-1200_u0171001
LOG (gmm-acc-stats-ali[5.5.0~1-40c7]:main():gmm-acc-stats-ali.cc:105) Processed 2500 utterances; for utterance no10x171-07071999-1200_u0171015 avg. like is -35.2229 over 348 frames.
LOG (gmm-acc-stats-ali[5.5.0~1-40c7]:main():gmm-acc-stats-ali.cc:105) Processed 2550 utterances; for utterance no10x171-07071999-1200_u0171065 avg. like is -39.6212 over 598 frames.
LOG (gmm-acc-stats-ali[5.5.0~1-40c7]:main():gmm-acc-stats-ali.cc:105) Processed 2600 utterances; for utterance no10x171-07071999-1200_u0171115 avg. like is -43.3723 over 748 frames.
LOG (gmm-acc-stats-ali[5.5.0~1-40c7]:main():gmm-acc-stats-ali.cc:105) Processed 2650 utterances; for utterance no10x171-07071999-1200_u0171165 avg. like is -38.2827 over 373 frames.
LOG (gmm-acc-stats-ali[5.5.0~1-40c7]:main():gmm-acc-stats-ali.cc:105) Processed 2700 utterances; for utterance no10x171-07071999-1200_u0171215 avg. like is -38.6292 over 598 frames.
LOG (gmm-acc-stats-ali[5.5.0~1-40c7]:main():gmm-acc-stats-ali.cc:105) Processed 2750 utterances; for utterance no10x171-07071999-1200_u0171265 avg. like is -21.7627 over 223 frames.
WARNING (gmm-acc-stats-ali[5.5.0~1-40c7]:main():gmm-acc-stats-ali.cc:79) No alignment for utterance no10x189-13071999-1338_u0189001
LOG (gmm-acc-stats-ali[5.5.0~1-40c7]:main():gmm-acc-stats-ali.cc:105) Processed 2800 utterances; for utterance no10x189-13071999-1338_u0189004 avg. like is -44.892 over 648 frames.
LOG (gmm-acc-stats-ali[5.5.0~1-40c7]:main():gmm-acc-stats-ali.cc:105) Processed 2850 utterances; for utterance no10x189-13071999-1338_u0189054 avg. like is -43.0478 over 498 frames.
LOG (gmm-acc-stats-ali[5.5.0~1-40c7]:main():gmm-acc-stats-ali.cc:105) Processed 2900 utterances; for utterance no10x189-13071999-1338_u0189104 avg. like is -38.08 over 773 frames.
LOG (gmm-acc-stats-ali[5.5.0~1-40c7]:main():gmm-acc-stats-ali.cc:105) Processed 2950 utterances; for utterance no10x189-13071999-1338_u0189154 avg. like is -40.2209 over 598 frames.
LOG (gmm-acc-stats-ali[5.5.0~1-40c7]:main():gmm-acc-stats-ali.cc:105) Processed 3000 utterances; for utterance no10x189-13071999-1338_u0189204 avg. like is -42.0301 over 773 frames.
LOG (gmm-acc-stats-ali[5.5.0~1-40c7]:main():gmm-acc-stats-ali.cc:105) Processed 3050 utterances; for utterance no10x189-13071999-1338_u0189254 avg. like is -34.2838 over 223 frames.
LOG (gmm-acc-stats-ali[5.5.0~1-40c7]:main():gmm-acc-stats-ali.cc:105) Processed 3100 utterances; for utterance no10x189-13071999-1338_u0189304 avg. like is -35.7981 over 223 frames.
WARNING (gmm-acc-stats-ali[5.5.0~1-40c7]:main():gmm-acc-stats-ali.cc:79) No alignment for utterance no10x205-16071999-1457_u0205001
LOG (gmm-acc-stats-ali[5.5.0~1-40c7]:main():gmm-acc-stats-ali.cc:105) Processed 3150 utterances; for utterance no10x205-16071999-1457_u0205043 avg. like is -43.8816 over 523 frames.
LOG (gmm-acc-stats-ali[5.5.0~1-40c7]:main():gmm-acc-stats-ali.cc:105) Processed 3200 utterances; for utterance no10x205-16071999-1457_u0205093 avg. like is -46.785 over 748 frames.
LOG (gmm-acc-stats-ali[5.5.0~1-40c7]:main():gmm-acc-stats-ali.cc:105) Processed 3250 utterances; for utterance no10x205-16071999-1457_u0205143 avg. like is -42.6298 over 673 frames.
LOG (gmm-acc-stats-ali[5.5.0~1-40c7]:main():gmm-acc-stats-ali.cc:105) Processed 3300 utterances; for utterance no10x205-16071999-1457_u0205193 avg. like is -47.9842 over 623 frames.
LOG (gmm-acc-stats-ali[5.5.0~1-40c7]:main():gmm-acc-stats-ali.cc:105) Processed 3350 utterances; for utterance no10x205-16071999-1457_u0205243 avg. like is -43.7039 over 223 frames.
LOG (gmm-acc-stats-ali[5.5.0~1-40c7]:main():gmm-acc-stats-ali.cc:105) Processed 3400 utterances; for utterance no10x205-16071999-1457_u0205293 avg. like is -40.7507 over 248 frames.
WARNING (gmm-acc-stats-ali[5.5.0~1-40c7]:main():gmm-acc-stats-ali.cc:79) No alignment for utterance no10x223-22071999-1329_u0223001
LOG (gmm-acc-stats-ali[5.5.0~1-40c7]:main():gmm-acc-stats-ali.cc:105) Processed 3450 utterances; for utterance no10x223-22071999-1329_u0223032 avg. like is -46.9421 over 698 frames.
LOG (gmm-acc-stats-ali[5.5.0~1-40c7]:main():gmm-acc-stats-ali.cc:105) Processed 3500 utterances; for utterance no10x223-22071999-1329_u0223082 avg. like is -43.6339 over 598 frames.
LOG (gmm-acc-stats-ali[5.5.0~1-40c7]:main():gmm-acc-stats-ali.cc:105) Processed 3550 utterances; for utterance no10x223-22071999-1329_u0223132 avg. like is -42.2352 over 548 frames.
LOG (gmm-acc-stats-ali[5.5.0~1-40c7]:main():gmm-acc-stats-ali.cc:105) Processed 3600 utterances; for utterance no10x223-22071999-1329_u0223182 avg. like is -47.1427 over 523 frames.
LOG (gmm-acc-stats-ali[5.5.0~1-40c7]:main():gmm-acc-stats-ali.cc:105) Processed 3650 utterances; for utterance no10x223-22071999-1329_u0223232 avg. like is -42.3114 over 248 frames.
LOG (gmm-acc-stats-ali[5.5.0~1-40c7]:main():gmm-acc-stats-ali.cc:105) Processed 3700 utterances; for utterance no10x223-22071999-1329_u0223282 avg. like is -36.7298 over 248 frames.
WARNING (gmm-acc-stats-ali[5.5.0~1-40c7]:main():gmm-acc-stats-ali.cc:79) No alignment for utterance no10x236-29071999-0834_u0236001
LOG (gmm-acc-stats-ali[5.5.0~1-40c7]:main():gmm-acc-stats-ali.cc:105) Processed 3750 utterances; for utterance no10x236-29071999-0834_u0236021 avg. like is -46.3337 over 723 frames.
LOG (gmm-acc-stats-ali[5.5.0~1-40c7]:main():gmm-acc-stats-ali.cc:105) Processed 3800 utterances; for utterance no10x236-29071999-0834_u0236071 avg. like is -46.6198 over 473 frames.
LOG (gmm-acc-stats-ali[5.5.0~1-40c7]:main():gmm-acc-stats-ali.cc:105) Processed 3850 utterances; for utterance no10x236-29071999-0834_u0236121 avg. like is -47.6843 over 423 frames.
LOG (gmm-acc-stats-ali[5.5.0~1-40c7]:main():gmm-acc-stats-ali.cc:105) Processed 3900 utterances; for utterance no10x236-29071999-0834_u0236171 avg. like is -47.6027 over 273 frames.
LOG (gmm-acc-stats-ali[5.5.0~1-40c7]:main():gmm-acc-stats-ali.cc:105) Processed 3950 utterances; for utterance no10x236-29071999-0834_u0236221 avg. like is -49.9874 over 548 frames.
LOG (gmm-acc-stats-ali[5.5.0~1-40c7]:main():gmm-acc-stats-ali.cc:105) Processed 4000 utterances; for utterance no10x236-29071999-0834_u0236271 avg. like is -45.4609 over 248 frames.
WARNING (gmm-acc-stats-ali[5.5.0~1-40c7]:main():gmm-acc-stats-ali.cc:79) No alignment for utterance no10x280-16081999-1559_u0280001
LOG (gmm-acc-stats-ali[5.5.0~1-40c7]:main():gmm-acc-stats-ali.cc:105) Processed 4050 utterances; for utterance no10x280-16081999-1559_u0280010 avg. like is -42.4739 over 623 frames.
LOG (gmm-acc-stats-ali[5.5.0~1-40c7]:main():gmm-acc-stats-ali.cc:105) Processed 4100 utterances; for utterance no10x280-16081999-1559_u0280060 avg. like is -36.374 over 448 frames.
LOG (gmm-acc-stats-ali[5.5.0~1-40c7]:main():gmm-acc-stats-ali.cc:105) Processed 4150 utterances; for utterance no10x280-16081999-1559_u0280110 avg. like is -39.6963 over 398 frames.
LOG (gmm-acc-stats-ali[5.5.0~1-40c7]:main():gmm-acc-stats-ali.cc:105) Processed 4200 utterances; for utterance no10x280-16081999-1559_u0280160 avg. like is -39.9101 over 473 frames.
LOG (gmm-acc-stats-ali[5.5.0~1-40c7]:main():gmm-acc-stats-ali.cc:105) Processed 4250 utterances; for utterance no10x280-16081999-1559_u0280210 avg. like is -40.1387 over 548 frames.
LOG (gmm-acc-stats-ali[5.5.0~1-40c7]:main():gmm-acc-stats-ali.cc:105) Processed 4300 utterances; for utterance no10x280-16081999-1559_u0280260 avg. like is -41.2216 over 248 frames.
LOG (gmm-acc-stats-ali[5.5.0~1-40c7]:main():gmm-acc-stats-ali.cc:105) Processed 4350 utterances; for utterance no10x280-16081999-1559_u0280310 avg. like is -32.7413 over 248 frames.
WARNING (gmm-acc-stats-ali[5.5.0~1-40c7]:main():gmm-acc-stats-ali.cc:79) No alignment for utterance no10x291-19081999-1142_u0291001
LOG (gmm-acc-stats-ali[5.5.0~1-40c7]:main():gmm-acc-stats-ali.cc:105) Processed 4400 utterances; for utterance no10x291-19081999-1142_u0291049 avg. like is -47.115 over 698 frames.
LOG (gmm-acc-stats-ali[5.5.0~1-40c7]:main():gmm-acc-stats-ali.cc:105) Processed 4450 utterances; for utterance no10x291-19081999-1142_u0291099 avg. like is -47.0129 over 773 frames.
LOG (gmm-acc-stats-ali[5.5.0~1-40c7]:main():gmm-acc-stats-ali.cc:105) Processed 4500 utterances; for utterance no10x291-19081999-1142_u0291149 avg. like is -46.1348 over 723 frames.
LOG (gmm-acc-stats-ali[5.5.0~1-40c7]:main():gmm-acc-stats-ali.cc:105) Processed 4550 utterances; for utterance no10x291-19081999-1142_u0291199 avg. like is -45.4979 over 848 frames.
LOG (gmm-acc-stats-ali[5.5.0~1-40c7]:main():gmm-acc-stats-ali.cc:105) Processed 4600 utterances; for utterance no10x291-19081999-1142_u0291249 avg. like is -44.5265 over 198 frames.
LOG (gmm-acc-stats-ali[5.5.0~1-40c7]:main():gmm-acc-stats-ali.cc:105) Processed 4650 utterances; for utterance no10x291-19081999-1142_u0291299 avg. like is -49.6487 over 148 frames.
WARNING (gmm-acc-stats-ali[5.5.0~1-40c7]:main():gmm-acc-stats-ali.cc:79) No alignment for utterance no10x306-02071999-1201_u0306001
LOG (gmm-acc-stats-ali[5.5.0~1-40c7]:main():gmm-acc-stats-ali.cc:105) Processed 4700 utterances; for utterance no10x306-02071999-1201_u0306038 avg. like is -40.2639 over 798 frames.
LOG (gmm-acc-stats-ali[5.5.0~1-40c7]:main():gmm-acc-stats-ali.cc:105) Processed 4750 utterances; for utterance no10x306-02071999-1201_u0306088 avg. like is -44.4105 over 648 frames.
LOG (gmm-acc-stats-ali[5.5.0~1-40c7]:main():gmm-acc-stats-ali.cc:105) Processed 4800 utterances; for utterance no10x306-02071999-1201_u0306138 avg. like is -41.1096 over 523 frames.
LOG (gmm-acc-stats-ali[5.5.0~1-40c7]:main():gmm-acc-stats-ali.cc:105) Processed 4850 utterances; for utterance no10x306-02071999-1201_u0306188 avg. like is -41.825 over 748 frames.
LOG (gmm-acc-stats-ali[5.5.0~1-40c7]:main():gmm-acc-stats-ali.cc:105) Processed 4900 utterances; for utterance no10x306-02071999-1201_u0306238 avg. like is -41.0937 over 323 frames.
LOG (gmm-acc-stats-ali[5.5.0~1-40c7]:main():gmm-acc-stats-ali.cc:105) Processed 4950 utterances; for utterance no10x306-02071999-1201_u0306288 avg. like is -36.7285 over 223 frames.
WARNING (gmm-acc-stats-ali[5.5.0~1-40c7]:main():gmm-acc-stats-ali.cc:79) No alignment for utterance no10x308-02071999-1504_u0308001
LOG (gmm-acc-stats-ali[5.5.0~1-40c7]:main():gmm-acc-stats-ali.cc:105) Processed 5000 utterances; for utterance no10x308-02071999-1504_u0308027 avg. like is -47.7747 over 1023 frames.
WARNING (gmm-acc-stats-ali[5.5.0~1-40c7]:main():gmm-acc-stats-ali.cc:79) No alignment for utterance no10x308-02071999-1504_u0308052
LOG (gmm-acc-stats-ali[5.5.0~1-40c7]:main():gmm-acc-stats-ali.cc:105) Processed 5050 utterances; for utterance no10x308-02071999-1504_u0308078 avg. like is -41.4405 over 673 frames.
LOG (gmm-acc-stats-ali[5.5.0~1-40c7]:main():gmm-acc-stats-ali.cc:105) Processed 5100 utterances; for utterance no10x308-02071999-1504_u0308128 avg. like is -40.7098 over 573 frames.
LOG (gmm-acc-stats-ali[5.5.0~1-40c7]:main():gmm-acc-stats-ali.cc:105) Processed 5150 utterances; for utterance no10x308-02071999-1504_u0308178 avg. like is -47.6957 over 448 frames.
LOG (gmm-acc-stats-ali[5.5.0~1-40c7]:main():gmm-acc-stats-ali.cc:105) Processed 5200 utterances; for utterance no10x308-02071999-1504_u0308228 avg. like is -42.3692 over 273 frames.
LOG (gmm-acc-stats-ali[5.5.0~1-40c7]:main():gmm-acc-stats-ali.cc:105) Processed 5250 utterances; for utterance no10x308-02071999-1504_u0308278 avg. like is -36.4627 over 298 frames.
WARNING (gmm-acc-stats-ali[5.5.0~1-40c7]:main():gmm-acc-stats-ali.cc:79) No alignment for utterance no10x309-03071999-0835_u0309001
LOG (gmm-acc-stats-ali[5.5.0~1-40c7]:main():gmm-acc-stats-ali.cc:105) Processed 5300 utterances; for utterance no10x309-03071999-0835_u0309017 avg. like is -41.7666 over 473 frames.
LOG (gmm-acc-stats-ali[5.5.0~1-40c7]:main():gmm-acc-stats-ali.cc:105) Processed 5350 utterances; for utterance no10x309-03071999-0835_u0309067 avg. like is -44.6603 over 648 frames.
LOG (gmm-acc-stats-ali[5.5.0~1-40c7]:main():gmm-acc-stats-ali.cc:105) Processed 5400 utterances; for utterance no10x309-03071999-0835_u0309117 avg. like is -41.913 over 523 frames.
LOG (gmm-acc-stats-ali[5.5.0~1-40c7]:main():gmm-acc-stats-ali.cc:105) Processed 5450 utterances; for utterance no10x309-03071999-0835_u0309167 avg. like is -43.7951 over 648 frames.
LOG (gmm-acc-stats-ali[5.5.0~1-40c7]:main():gmm-acc-stats-ali.cc:105) Processed 5500 utterances; for utterance no10x309-03071999-0835_u0309217 avg. like is -39.7672 over 348 frames.
LOG (gmm-acc-stats-ali[5.5.0~1-40c7]:main():gmm-acc-stats-ali.cc:105) Processed 5550 utterances; for utterance no10x309-03071999-0835_u0309267 avg. like is -35.8032 over 248 frames.
WARNING (gmm-acc-stats-ali[5.5.0~1-40c7]:main():gmm-acc-stats-ali.cc:79) No alignment for utterance no10x355-19071999-1556_u0355001
LOG (gmm-acc-stats-ali[5.5.0~1-40c7]:main():gmm-acc-stats-ali.cc:105) Processed 5600 utterances; for utterance no10x355-19071999-1556_u0355006 avg. like is -44.6006 over 823 frames.
LOG (gmm-acc-stats-ali[5.5.0~1-40c7]:main():gmm-acc-stats-ali.cc:105) Processed 5650 utterances; for utterance no10x355-19071999-1556_u0355056 avg. like is -42.6498 over 723 frames.
WARNING (gmm-acc-stats-ali[5.5.0~1-40c7]:main():gmm-acc-stats-ali.cc:79) No alignment for utterance no10x355-19071999-1556_u0355091
LOG (gmm-acc-stats-ali[5.5.0~1-40c7]:main():gmm-acc-stats-ali.cc:105) Processed 5700 utterances; for utterance no10x355-19071999-1556_u0355107 avg. like is -35.5177 over 598 frames.
LOG (gmm-acc-stats-ali[5.5.0~1-40c7]:main():gmm-acc-stats-ali.cc:105) Processed 5750 utterances; for utterance no10x355-19071999-1556_u0355157 avg. like is -42.8325 over 648 frames.
WARNING (gmm-acc-stats-ali[5.5.0~1-40c7]:main():gmm-acc-stats-ali.cc:79) No alignment for utterance no10x355-19071999-1556_u0355203
LOG (gmm-acc-stats-ali[5.5.0~1-40c7]:main():gmm-acc-stats-ali.cc:105) Processed 5800 utterances; for utterance no10x355-19071999-1556_u0355208 avg. like is -36.5102 over 448 frames.
LOG (gmm-acc-stats-ali[5.5.0~1-40c7]:main():gmm-acc-stats-ali.cc:105) Processed 5850 utterances; for utterance no10x355-19071999-1556_u0355258 avg. like is -30.2205 over 248 frames.
LOG (gmm-acc-stats-ali[5.5.0~1-40c7]:main():gmm-acc-stats-ali.cc:105) Processed 5900 utterances; for utterance no10x355-19071999-1556_u0355308 avg. like is -32.4345 over 248 frames.
WARNING (gmm-acc-stats-ali[5.5.0~1-40c7]:main():gmm-acc-stats-ali.cc:79) No alignment for utterance no10x390-02081999-0955_u0390001
LOG (gmm-acc-stats-ali[5.5.0~1-40c7]:main():gmm-acc-stats-ali.cc:105) Processed 5950 utterances; for utterance no10x390-02081999-0955_u0390047 avg. like is -47.4917 over 498 frames.
LOG (gmm-acc-stats-ali[5.5.0~1-40c7]:main():gmm-acc-stats-ali.cc:105) Processed 6000 utterances; for utterance no10x390-02081999-0955_u0390097 avg. like is -43.2079 over 473 frames.
LOG (gmm-acc-stats-ali[5.5.0~1-40c7]:main():gmm-acc-stats-ali.cc:105) Processed 6050 utterances; for utterance no10x390-02081999-0955_u0390147 avg. like is -41.1238 over 748 frames.
LOG (gmm-acc-stats-ali[5.5.0~1-40c7]:main():gmm-acc-stats-ali.cc:105) Processed 6100 utterances; for utterance no10x390-02081999-0955_u0390197 avg. like is -47.3239 over 498 frames.
LOG (gmm-acc-stats-ali[5.5.0~1-40c7]:main():gmm-acc-stats-ali.cc:105) Processed 6150 utterances; for utterance no10x390-02081999-0955_u0390247 avg. like is -40.7743 over 323 frames.
LOG (gmm-acc-stats-ali[5.5.0~1-40c7]:main():gmm-acc-stats-ali.cc:105) Processed 6200 utterances; for utterance no10x390-02081999-0955_u0390297 avg. like is -41.4031 over 323 frames.
WARNING (gmm-acc-stats-ali[5.5.0~1-40c7]:main():gmm-acc-stats-ali.cc:79) No alignment for utterance no10x410-09081999-1144_u0410001
LOG (gmm-acc-stats-ali[5.5.0~1-40c7]:main():gmm-acc-stats-ali.cc:105) Processed 6250 utterances; for utterance no10x410-09081999-1144_u0410036 avg. like is -47.6942 over 898 frames.
LOG (gmm-acc-stats-ali[5.5.0~1-40c7]:main():gmm-acc-stats-ali.cc:105) Processed 6300 utterances; for utterance no10x410-09081999-1144_u0410086 avg. like is -46.2971 over 523 frames.
LOG (gmm-acc-stats-ali[5.5.0~1-40c7]:main():gmm-acc-stats-ali.cc:105) Processed 6350 utterances; for utterance no10x410-09081999-1144_u0410136 avg. like is -44.4994 over 398 frames.
LOG (gmm-acc-stats-ali[5.5.0~1-40c7]:main():gmm-acc-stats-ali.cc:105) Processed 6400 utterances; for utterance no10x410-09081999-1144_u0410186 avg. like is -49.4021 over 498 frames.
LOG (gmm-acc-stats-ali[5.5.0~1-40c7]:main():gmm-acc-stats-ali.cc:105) Processed 6450 utterances; for utterance no10x410-09081999-1144_u0410236 avg. like is -42.3351 over 173 frames.
LOG (gmm-acc-stats-ali[5.5.0~1-40c7]:main():gmm-acc-stats-ali.cc:105) Processed 6500 utterances; for utterance no10x410-09081999-1144_u0410286 avg. like is -43.401 over 123 frames.
WARNING (gmm-acc-stats-ali[5.5.0~1-40c7]:main():gmm-acc-stats-ali.cc:79) No alignment for utterance no10x463-03071999-1345_u0465001
LOG (gmm-acc-stats-ali[5.5.0~1-40c7]:main():gmm-acc-stats-ali.cc:105) Processed 6550 utterances; for utterance no10x463-03071999-1345_u0465025 avg. like is -48.471 over 873 frames.
LOG (gmm-acc-stats-ali[5.5.0~1-40c7]:main():gmm-acc-stats-ali.cc:105) Processed 6600 utterances; for utterance no10x463-03071999-1345_u0465075 avg. like is -44.6438 over 723 frames.
LOG (gmm-acc-stats-ali[5.5.0~1-40c7]:main():gmm-acc-stats-ali.cc:105) Processed 6650 utterances; for utterance no10x463-03071999-1345_u0465125 avg. like is -42.9003 over 398 frames.
LOG (gmm-acc-stats-ali[5.5.0~1-40c7]:main():gmm-acc-stats-ali.cc:105) Processed 6700 utterances; for utterance no10x463-03071999-1345_u0465175 avg. like is -46.7228 over 623 frames.
LOG (gmm-acc-stats-ali[5.5.0~1-40c7]:main():gmm-acc-stats-ali.cc:105) Processed 6750 utterances; for utterance no10x463-03071999-1345_u0465225 avg. like is -43.0735 over 273 frames.
LOG (gmm-acc-stats-ali[5.5.0~1-40c7]:main():gmm-acc-stats-ali.cc:105) Processed 6800 utterances; for utterance no10x463-03071999-1345_u0465275 avg. like is -38.2092 over 273 frames.
WARNING (gmm-acc-stats-ali[5.5.0~1-40c7]:main():gmm-acc-stats-ali.cc:79) No alignment for utterance no10x474-07071999-0815_u0474001
LOG (gmm-acc-stats-ali[5.5.0~1-40c7]:main():gmm-acc-stats-ali.cc:105) Processed 6850 utterances; for utterance no10x474-07071999-0815_u0474014 avg. like is -37.3287 over 498 frames.
LOG (gmm-acc-stats-ali[5.5.0~1-40c7]:main():gmm-acc-stats-ali.cc:105) Processed 6900 utterances; for utterance no10x474-07071999-0815_u0474064 avg. like is -38.7147 over 798 frames.
LOG (gmm-acc-stats-ali[5.5.0~1-40c7]:main():gmm-acc-stats-ali.cc:105) Processed 6950 utterances; for utterance no10x474-07071999-0815_u0474114 avg. like is -40.5629 over 623 frames.
LOG (gmm-acc-stats-ali[5.5.0~1-40c7]:main():gmm-acc-stats-ali.cc:105) Processed 7000 utterances; for utterance no10x474-07071999-0815_u0474164 avg. like is -38.9392 over 748 frames.
LOG (gmm-acc-stats-ali[5.5.0~1-40c7]:main():gmm-acc-stats-ali.cc:105) Processed 7050 utterances; for utterance no10x474-07071999-0815_u0474214 avg. like is -39.8087 over 673 frames.
LOG (gmm-acc-stats-ali[5.5.0~1-40c7]:main():gmm-acc-stats-ali.cc:105) Processed 7100 utterances; for utterance no10x474-07071999-0815_u0474264 avg. like is -28.7183 over 348 frames.
WARNING (gmm-acc-stats-ali[5.5.0~1-40c7]:main():gmm-acc-stats-ali.cc:79) No alignment for utterance no10x481-23111999-1223_u0019001
LOG (gmm-acc-stats-ali[5.5.0~1-40c7]:main():gmm-acc-stats-ali.cc:105) Processed 7150 utterances; for utterance no10x481-23111999-1223_u0019003 avg. like is -47.4173 over 673 frames.
LOG (gmm-acc-stats-ali[5.5.0~1-40c7]:main():gmm-acc-stats-ali.cc:105) Processed 7200 utterances; for utterance no10x481-23111999-1223_u0019053 avg. like is -50.1807 over 473 frames.
LOG (gmm-acc-stats-ali[5.5.0~1-40c7]:main():gmm-acc-stats-ali.cc:105) Processed 7250 utterances; for utterance no10x481-23111999-1223_u0019103 avg. like is -43.2111 over 573 frames.
LOG (gmm-acc-stats-ali[5.5.0~1-40c7]:main():gmm-acc-stats-ali.cc:105) Processed 7300 utterances; for utterance no10x481-23111999-1223_u0019153 avg. like is -48.3376 over 673 frames.
LOG (gmm-acc-stats-ali[5.5.0~1-40c7]:main():gmm-acc-stats-ali.cc:105) Processed 7350 utterances; for utterance no10x481-23111999-1223_u0019203 avg. like is -47.903 over 473 frames.
LOG (gmm-acc-stats-ali[5.5.0~1-40c7]:main():gmm-acc-stats-ali.cc:105) Processed 7400 utterances; for utterance no10x481-23111999-1223_u0019253 avg. like is -37.6845 over 198 frames.
LOG (gmm-acc-stats-ali[5.5.0~1-40c7]:main():gmm-acc-stats-ali.cc:105) Processed 7450 utterances; for utterance no10x481-23111999-1223_u0019303 avg. like is -46.1861 over 173 frames.
WARNING (gmm-acc-stats-ali[5.5.0~1-40c7]:main():gmm-acc-stats-ali.cc:79) No alignment for utterance no10x501-16071999-0813_u0501001
LOG (gmm-acc-stats-ali[5.5.0~1-40c7]:main():gmm-acc-stats-ali.cc:105) Processed 7500 utterances; for utterance no10x501-16071999-0813_u0501042 avg. like is -38.827 over 673 frames.
LOG (gmm-acc-stats-ali[5.5.0~1-40c7]:main():gmm-acc-stats-ali.cc:105) Processed 7550 utterances; for utterance no10x501-16071999-0813_u0501092 avg. like is -41.4603 over 873 frames.
LOG (gmm-acc-stats-ali[5.5.0~1-40c7]:main():gmm-acc-stats-ali.cc:105) Processed 7600 utterances; for utterance no10x501-16071999-0813_u0501142 avg. like is -36.0469 over 473 frames.
LOG (gmm-acc-stats-ali[5.5.0~1-40c7]:main():gmm-acc-stats-ali.cc:105) Processed 7650 utterances; for utterance no10x501-16071999-0813_u0501192 avg. like is -36.5928 over 523 frames.
LOG (gmm-acc-stats-ali[5.5.0~1-40c7]:main():gmm-acc-stats-ali.cc:105) Processed 7700 utterances; for utterance no10x501-16071999-0813_u0501242 avg. like is -36.0766 over 223 frames.
LOG (gmm-acc-stats-ali[5.5.0~1-40c7]:main():gmm-acc-stats-ali.cc:105) Processed 7750 utterances; for utterance no10x501-16071999-0813_u0501292 avg. like is -32.129 over 273 frames.
WARNING (gmm-acc-stats-ali[5.5.0~1-40c7]:main():gmm-acc-stats-ali.cc:79) No alignment for utterance no10x508-19071999-1443_u0508001
LOG (gmm-acc-stats-ali[5.5.0~1-40c7]:main():gmm-acc-stats-ali.cc:105) Processed 7800 utterances; for utterance no10x508-19071999-1443_u0508031 avg. like is -45.9687 over 948 frames.
LOG (gmm-acc-stats-ali[5.5.0~1-40c7]:main():gmm-acc-stats-ali.cc:105) Processed 7850 utterances; for utterance no10x508-19071999-1443_u0508081 avg. like is -37.2842 over 673 frames.
LOG (gmm-acc-stats-ali[5.5.0~1-40c7]:main():gmm-acc-stats-ali.cc:105) Processed 7900 utterances; for utterance no10x508-19071999-1443_u0508131 avg. like is -37.2657 over 473 frames.
LOG (gmm-acc-stats-ali[5.5.0~1-40c7]:main():gmm-acc-stats-ali.cc:105) Processed 7950 utterances; for utterance no10x508-19071999-1443_u0508181 avg. like is -48.6406 over 673 frames.
LOG (gmm-acc-stats-ali[5.5.0~1-40c7]:main():gmm-acc-stats-ali.cc:105) Processed 8000 utterances; for utterance no10x508-19071999-1443_u0508231 avg. like is -34.7281 over 273 frames.
LOG (gmm-acc-stats-ali[5.5.0~1-40c7]:main():gmm-acc-stats-ali.cc:105) Processed 8050 utterances; for utterance no10x508-19071999-1443_u0508281 avg. like is -40.4028 over 273 frames.
WARNING (gmm-acc-stats-ali[5.5.0~1-40c7]:main():gmm-acc-stats-ali.cc:79) No alignment for utterance no10x600-25081999-1143_u0600001
LOG (gmm-acc-stats-ali[5.5.0~1-40c7]:main():gmm-acc-stats-ali.cc:105) Processed 8100 utterances; for utterance no10x600-25081999-1143_u0600020 avg. like is -46.8701 over 1098 frames.
WARNING (gmm-acc-stats-ali[5.5.0~1-40c7]:main():gmm-acc-stats-ali.cc:79) No alignment for utterance no10x600-25081999-1143_u0600022
LOG (gmm-acc-stats-ali[5.5.0~1-40c7]:main():gmm-acc-stats-ali.cc:105) Processed 8150 utterances; for utterance no10x600-25081999-1143_u0600071 avg. like is -47.1714 over 548 frames.
LOG (gmm-acc-stats-ali[5.5.0~1-40c7]:main():gmm-acc-stats-ali.cc:105) Processed 8200 utterances; for utterance no10x600-25081999-1143_u0600121 avg. like is -47.9147 over 648 frames.
LOG (gmm-acc-stats-ali[5.5.0~1-40c7]:main():gmm-acc-stats-ali.cc:105) Processed 8250 utterances; for utterance no10x600-25081999-1143_u0600171 avg. like is -44.377 over 348 frames.
LOG (gmm-acc-stats-ali[5.5.0~1-40c7]:main():gmm-acc-stats-ali.cc:105) Processed 8300 utterances; for utterance no10x600-25081999-1143_u0600221 avg. like is -49.4819 over 598 frames.
LOG (gmm-acc-stats-ali[5.5.0~1-40c7]:main():gmm-acc-stats-ali.cc:105) Processed 8350 utterances; for utterance no10x600-25081999-1143_u0600271 avg. like is -42.1748 over 198 frames.
WARNING (gmm-acc-stats-ali[5.5.0~1-40c7]:main():gmm-acc-stats-ali.cc:79) No alignment for utterance no10x637-08071999-1611_u0637001
LOG (gmm-acc-stats-ali[5.5.0~1-40c7]:main():gmm-acc-stats-ali.cc:105) Processed 8400 utterances; for utterance no10x637-08071999-1611_u0637010 avg. like is -41.7922 over 648 frames.
LOG (gmm-acc-stats-ali[5.5.0~1-40c7]:main():gmm-acc-stats-ali.cc:105) Processed 8450 utterances; for utterance no10x637-08071999-1611_u0637060 avg. like is -35.348 over 498 frames.
LOG (gmm-acc-stats-ali[5.5.0~1-40c7]:main():gmm-acc-stats-ali.cc:105) Processed 8500 utterances; for utterance no10x637-08071999-1611_u0637110 avg. like is -44.0431 over 673 frames.
LOG (gmm-acc-stats-ali[5.5.0~1-40c7]:main():gmm-acc-stats-ali.cc:105) Processed 8550 utterances; for utterance no10x637-08071999-1611_u0637160 avg. like is -40.8058 over 598 frames.
LOG (gmm-acc-stats-ali[5.5.0~1-40c7]:main():gmm-acc-stats-ali.cc:105) Processed 8600 utterances; for utterance no10x637-08071999-1611_u0637210 avg. like is -40.0102 over 598 frames.
LOG (gmm-acc-stats-ali[5.5.0~1-40c7]:main():gmm-acc-stats-ali.cc:105) Processed 8650 utterances; for utterance no10x637-08071999-1611_u0637260 avg. like is -35.9248 over 223 frames.
LOG (gmm-acc-stats-ali[5.5.0~1-40c7]:main():gmm-acc-stats-ali.cc:105) Processed 8700 utterances; for utterance no10x637-08071999-1611_u0637310 avg. like is -34.3964 over 248 frames.
WARNING (gmm-acc-stats-ali[5.5.0~1-40c7]:main():gmm-acc-stats-ali.cc:79) No alignment for utterance no10x645-12071999-1533_u0645001
LOG (gmm-acc-stats-ali[5.5.0~1-40c7]:main():gmm-acc-stats-ali.cc:105) Processed 8750 utterances; for utterance no10x645-12071999-1533_u0645049 avg. like is -44.0176 over 323 frames.
LOG (gmm-acc-stats-ali[5.5.0~1-40c7]:main():gmm-acc-stats-ali.cc:105) Processed 8800 utterances; for utterance no10x645-12071999-1533_u0645099 avg. like is -50.4759 over 748 frames.
LOG (gmm-acc-stats-ali[5.5.0~1-40c7]:main():gmm-acc-stats-ali.cc:105) Processed 8850 utterances; for utterance no10x645-12071999-1533_u0645149 avg. like is -45.045 over 548 frames.
LOG (gmm-acc-stats-ali[5.5.0~1-40c7]:main():gmm-acc-stats-ali.cc:105) Processed 8900 utterances; for utterance no10x645-12071999-1533_u0645199 avg. like is -42.1027 over 548 frames.
LOG (gmm-acc-stats-ali[5.5.0~1-40c7]:main():gmm-acc-stats-ali.cc:105) Processed 8950 utterances; for utterance no10x645-12071999-1533_u0645249 avg. like is -40.9398 over 173 frames.
LOG (gmm-acc-stats-ali[5.5.0~1-40c7]:main():gmm-acc-stats-ali.cc:105) Processed 9000 utterances; for utterance no10x645-12071999-1533_u0645299 avg. like is -34.4109 over 198 frames.
LOG (apply-cmvn[5.5.0~1-40c7]:main():apply-cmvn.cc:162) Applied cepstral mean normalization to 9048 utterances, errors on 0
LOG (transform-feats[5.5.0~1-40c7]:main():transform-feats.cc:158) Overall average [pseudo-]logdet is -91.665 over 4.57123e+06 frames.
LOG (transform-feats[5.5.0~1-40c7]:main():transform-feats.cc:161) Applied transform to 9048 utterances; 0 had errors.
LOG (transform-feats[5.5.0~1-40c7]:main():transform-feats.cc:158) Overall average logdet is 2.49625 over 4.57123e+06 frames.
LOG (transform-feats[5.5.0~1-40c7]:main():transform-feats.cc:161) Applied transform to 9048 utterances; 0 had errors.
LOG (gmm-acc-stats-ali[5.5.0~1-40c7]:main():gmm-acc-stats-ali.cc:112) Done 9013 files, 35 with errors.
LOG (gmm-acc-stats-ali[5.5.0~1-40c7]:main():gmm-acc-stats-ali.cc:115) Overall avg like per frame (Gaussian only) = -42.216 over 4556574 frames.
LOG (gmm-acc-stats-ali[5.5.0~1-40c7]:main():gmm-acc-stats-ali.cc:123) Written accs.
# Accounting: time=10 threads=1
# Ended (code 0) at Mon Jul 12 19:58:35 UTC 2021, elapsed time 10 seconds
