# gmm-acc-stats-ali exp/tri3b/2.mdl "ark,s,cs:apply-cmvn  --utt2spk=ark:data/train/split5/5/utt2spk scp:data/train/split5/5/cmvn.scp scp:data/train/split5/5/feats.scp ark:- | splice-feats --left-context=3 --right-context=3 ark:- ark:- | transform-feats exp/tri2b_ali_train/final.mat ark:- ark:- | transform-feats --utt2spk=ark:data/train/split5/5/utt2spk ark:exp/tri3b/trans.5 ark:- ark:- |" "ark,s,cs:gunzip -c exp/tri3b/ali.5.gz|" exp/tri3b/2.5.acc 
# Started at Mon Jul 12 19:53:20 UTC 2021
#
gmm-acc-stats-ali exp/tri3b/2.mdl 'ark,s,cs:apply-cmvn  --utt2spk=ark:data/train/split5/5/utt2spk scp:data/train/split5/5/cmvn.scp scp:data/train/split5/5/feats.scp ark:- | splice-feats --left-context=3 --right-context=3 ark:- ark:- | transform-feats exp/tri2b_ali_train/final.mat ark:- ark:- | transform-feats --utt2spk=ark:data/train/split5/5/utt2spk ark:exp/tri3b/trans.5 ark:- ark:- |' 'ark,s,cs:gunzip -c exp/tri3b/ali.5.gz|' exp/tri3b/2.5.acc 
transform-feats --utt2spk=ark:data/train/split5/5/utt2spk ark:exp/tri3b/trans.5 ark:- ark:- 
transform-feats exp/tri2b_ali_train/final.mat ark:- ark:- 
splice-feats --left-context=3 --right-context=3 ark:- ark:- 
apply-cmvn --utt2spk=ark:data/train/split5/5/utt2spk scp:data/train/split5/5/cmvn.scp scp:data/train/split5/5/feats.scp ark:- 
WARNING (gmm-acc-stats-ali[5.5.0~1-40c7]:main():gmm-acc-stats-ali.cc:79) No alignment for utterance no11xx21-06101999-1646_u0610001
LOG (gmm-acc-stats-ali[5.5.0~1-40c7]:main():gmm-acc-stats-ali.cc:105) Processed 50 utterances; for utterance no11xx21-06101999-1646_u0610051 avg. like is -49.2879 over 623 frames.
LOG (gmm-acc-stats-ali[5.5.0~1-40c7]:main():gmm-acc-stats-ali.cc:105) Processed 100 utterances; for utterance no11xx21-06101999-1646_u0610101 avg. like is -46.897 over 698 frames.
LOG (gmm-acc-stats-ali[5.5.0~1-40c7]:main():gmm-acc-stats-ali.cc:105) Processed 150 utterances; for utterance no11xx21-06101999-1646_u0610151 avg. like is -46.8685 over 748 frames.
LOG (gmm-acc-stats-ali[5.5.0~1-40c7]:main():gmm-acc-stats-ali.cc:105) Processed 200 utterances; for utterance no11xx21-06101999-1646_u0610201 avg. like is -44.0003 over 498 frames.
LOG (gmm-acc-stats-ali[5.5.0~1-40c7]:main():gmm-acc-stats-ali.cc:105) Processed 250 utterances; for utterance no11xx21-06101999-1646_u0610251 avg. like is -38.5776 over 248 frames.
LOG (gmm-acc-stats-ali[5.5.0~1-40c7]:main():gmm-acc-stats-ali.cc:105) Processed 300 utterances; for utterance no11xx21-06101999-1646_u0610301 avg. like is -39.7652 over 273 frames.
WARNING (gmm-acc-stats-ali[5.5.0~1-40c7]:main():gmm-acc-stats-ali.cc:79) No alignment for utterance no11xx22-07101999-1412_u0611001
LOG (gmm-acc-stats-ali[5.5.0~1-40c7]:main():gmm-acc-stats-ali.cc:105) Processed 350 utterances; for utterance no11xx22-07101999-1412_u0611040 avg. like is -46.7722 over 698 frames.
LOG (gmm-acc-stats-ali[5.5.0~1-40c7]:main():gmm-acc-stats-ali.cc:105) Processed 400 utterances; for utterance no11xx22-07101999-1412_u0611090 avg. like is -48.0224 over 748 frames.
LOG (gmm-acc-stats-ali[5.5.0~1-40c7]:main():gmm-acc-stats-ali.cc:105) Processed 450 utterances; for utterance no11xx22-07101999-1412_u0611140 avg. like is -47.6784 over 723 frames.
WARNING (gmm-acc-stats-ali[5.5.0~1-40c7]:main():gmm-acc-stats-ali.cc:79) No alignment for utterance no11xx22-07101999-1412_u0611162
LOG (gmm-acc-stats-ali[5.5.0~1-40c7]:main():gmm-acc-stats-ali.cc:105) Processed 500 utterances; for utterance no11xx22-07101999-1412_u0611191 avg. like is -48.3358 over 848 frames.
LOG (gmm-acc-stats-ali[5.5.0~1-40c7]:main():gmm-acc-stats-ali.cc:105) Processed 550 utterances; for utterance no11xx22-07101999-1412_u0611241 avg. like is -41.8638 over 248 frames.
LOG (gmm-acc-stats-ali[5.5.0~1-40c7]:main():gmm-acc-stats-ali.cc:105) Processed 600 utterances; for utterance no11xx22-07101999-1412_u0611291 avg. like is -44.6368 over 223 frames.
WARNING (gmm-acc-stats-ali[5.5.0~1-40c7]:main():gmm-acc-stats-ali.cc:79) No alignment for utterance no11xx76-08012000-1340_u0018001
LOG (gmm-acc-stats-ali[5.5.0~1-40c7]:main():gmm-acc-stats-ali.cc:105) Processed 650 utterances; for utterance no11xx76-08012000-1340_u0018030 avg. like is -52.6726 over 523 frames.
LOG (gmm-acc-stats-ali[5.5.0~1-40c7]:main():gmm-acc-stats-ali.cc:105) Processed 700 utterances; for utterance no11xx76-08012000-1340_u0018080 avg. like is -48.8703 over 523 frames.
LOG (gmm-acc-stats-ali[5.5.0~1-40c7]:main():gmm-acc-stats-ali.cc:105) Processed 750 utterances; for utterance no11xx76-08012000-1340_u0018130 avg. like is -50.7325 over 748 frames.
LOG (gmm-acc-stats-ali[5.5.0~1-40c7]:main():gmm-acc-stats-ali.cc:105) Processed 800 utterances; for utterance no11xx76-08012000-1340_u0018180 avg. like is -41.2735 over 248 frames.
LOG (gmm-acc-stats-ali[5.5.0~1-40c7]:main():gmm-acc-stats-ali.cc:105) Processed 850 utterances; for utterance no11xx76-08012000-1340_u0018230 avg. like is -50.7727 over 773 frames.
LOG (gmm-acc-stats-ali[5.5.0~1-40c7]:main():gmm-acc-stats-ali.cc:105) Processed 900 utterances; for utterance no11xx76-08012000-1340_u0018280 avg. like is -48.7183 over 273 frames.
LOG (gmm-acc-stats-ali[5.5.0~1-40c7]:main():gmm-acc-stats-ali.cc:105) Processed 950 utterances; for utterance no11xx76-08012000-1340_u0018330 avg. like is -48.8231 over 973 frames.
LOG (gmm-acc-stats-ali[5.5.0~1-40c7]:main():gmm-acc-stats-ali.cc:105) Processed 1000 utterances; for utterance no11xx76-08012000-1340_u0018380 avg. like is -37.92 over 223 frames.
LOG (gmm-acc-stats-ali[5.5.0~1-40c7]:main():gmm-acc-stats-ali.cc:105) Processed 1050 utterances; for utterance no11xx76-08012000-1340_u0018430 avg. like is -50.3996 over 498 frames.
LOG (gmm-acc-stats-ali[5.5.0~1-40c7]:main():gmm-acc-stats-ali.cc:105) Processed 1100 utterances; for utterance no11xx76-08012000-1340_u0018480 avg. like is -49.7469 over 348 frames.
LOG (gmm-acc-stats-ali[5.5.0~1-40c7]:main():gmm-acc-stats-ali.cc:105) Processed 1150 utterances; for utterance no11xx76-08012000-1340_u0018530 avg. like is -47.0207 over 573 frames.
LOG (gmm-acc-stats-ali[5.5.0~1-40c7]:main():gmm-acc-stats-ali.cc:105) Processed 1200 utterances; for utterance no11xx76-08012000-1340_u0018580 avg. like is -50.5374 over 498 frames.
LOG (gmm-acc-stats-ali[5.5.0~1-40c7]:main():gmm-acc-stats-ali.cc:105) Processed 1250 utterances; for utterance no11xx76-08012000-1340_u0018630 avg. like is -49.4916 over 398 frames.
LOG (gmm-acc-stats-ali[5.5.0~1-40c7]:main():gmm-acc-stats-ali.cc:105) Processed 1300 utterances; for utterance no11xx76-08012000-1340_u0018680 avg. like is -43.7032 over 348 frames.
LOG (gmm-acc-stats-ali[5.5.0~1-40c7]:main():gmm-acc-stats-ali.cc:105) Processed 1350 utterances; for utterance no11xx76-08012000-1340_u0018730 avg. like is -44.7414 over 348 frames.
LOG (gmm-acc-stats-ali[5.5.0~1-40c7]:main():gmm-acc-stats-ali.cc:105) Processed 1400 utterances; for utterance no11xx76-08012000-1340_u0018780 avg. like is -50.0678 over 723 frames.
LOG (gmm-acc-stats-ali[5.5.0~1-40c7]:main():gmm-acc-stats-ali.cc:105) Processed 1450 utterances; for utterance no11xx76-08012000-1340_u0018830 avg. like is -45.7624 over 423 frames.
LOG (gmm-acc-stats-ali[5.5.0~1-40c7]:main():gmm-acc-stats-ali.cc:105) Processed 1500 utterances; for utterance no11xx76-08012000-1340_u0018880 avg. like is -49.016 over 748 frames.
LOG (gmm-acc-stats-ali[5.5.0~1-40c7]:main():gmm-acc-stats-ali.cc:105) Processed 1550 utterances; for utterance no11xx76-08012000-1340_u0018930 avg. like is -45.9787 over 848 frames.
LOG (gmm-acc-stats-ali[5.5.0~1-40c7]:main():gmm-acc-stats-ali.cc:105) Processed 1600 utterances; for utterance no11xx76-08012000-1340_u0018980 avg. like is -42.3846 over 323 frames.
WARNING (gmm-acc-stats-ali[5.5.0~1-40c7]:main():gmm-acc-stats-ali.cc:79) No alignment for utterance no11xx90-02081999-1442_u0090001
LOG (gmm-acc-stats-ali[5.5.0~1-40c7]:main():gmm-acc-stats-ali.cc:105) Processed 1650 utterances; for utterance no11xx90-02081999-1442_u0090044 avg. like is -41.7185 over 398 frames.
LOG (gmm-acc-stats-ali[5.5.0~1-40c7]:main():gmm-acc-stats-ali.cc:105) Processed 1700 utterances; for utterance no11xx90-02081999-1442_u0090094 avg. like is -43.4243 over 448 frames.
LOG (gmm-acc-stats-ali[5.5.0~1-40c7]:main():gmm-acc-stats-ali.cc:105) Processed 1750 utterances; for utterance no11xx90-02081999-1442_u0090144 avg. like is -44.5948 over 573 frames.
LOG (gmm-acc-stats-ali[5.5.0~1-40c7]:main():gmm-acc-stats-ali.cc:105) Processed 1800 utterances; for utterance no11xx90-02081999-1442_u0090194 avg. like is -38.2095 over 323 frames.
LOG (gmm-acc-stats-ali[5.5.0~1-40c7]:main():gmm-acc-stats-ali.cc:105) Processed 1850 utterances; for utterance no11xx90-02081999-1442_u0090244 avg. like is -37.2681 over 248 frames.
LOG (gmm-acc-stats-ali[5.5.0~1-40c7]:main():gmm-acc-stats-ali.cc:105) Processed 1900 utterances; for utterance no11xx90-02081999-1442_u0090294 avg. like is -31.7643 over 248 frames.
WARNING (gmm-acc-stats-ali[5.5.0~1-40c7]:main():gmm-acc-stats-ali.cc:79) No alignment for utterance no12x030-08071999-1358_u0030001
LOG (gmm-acc-stats-ali[5.5.0~1-40c7]:main():gmm-acc-stats-ali.cc:105) Processed 1950 utterances; for utterance no12x030-08071999-1358_u0030033 avg. like is -54.0871 over 848 frames.
LOG (gmm-acc-stats-ali[5.5.0~1-40c7]:main():gmm-acc-stats-ali.cc:105) Processed 2000 utterances; for utterance no12x030-08071999-1358_u0030083 avg. like is -49.568 over 723 frames.
LOG (gmm-acc-stats-ali[5.5.0~1-40c7]:main():gmm-acc-stats-ali.cc:105) Processed 2050 utterances; for utterance no12x030-08071999-1358_u0030133 avg. like is -48.9634 over 573 frames.
LOG (gmm-acc-stats-ali[5.5.0~1-40c7]:main():gmm-acc-stats-ali.cc:105) Processed 2100 utterances; for utterance no12x030-08071999-1358_u0030183 avg. like is -49.9774 over 673 frames.
LOG (gmm-acc-stats-ali[5.5.0~1-40c7]:main():gmm-acc-stats-ali.cc:105) Processed 2150 utterances; for utterance no12x030-08071999-1358_u0030233 avg. like is -38.0707 over 298 frames.
LOG (gmm-acc-stats-ali[5.5.0~1-40c7]:main():gmm-acc-stats-ali.cc:105) Processed 2200 utterances; for utterance no12x030-08071999-1358_u0030283 avg. like is -33.8756 over 248 frames.
WARNING (gmm-acc-stats-ali[5.5.0~1-40c7]:main():gmm-acc-stats-ali.cc:79) No alignment for utterance no12x030-08071999-1537_u0031001
LOG (gmm-acc-stats-ali[5.5.0~1-40c7]:main():gmm-acc-stats-ali.cc:105) Processed 2250 utterances; for utterance no12x030-08071999-1537_u0031022 avg. like is -49.9138 over 873 frames.
LOG (gmm-acc-stats-ali[5.5.0~1-40c7]:main():gmm-acc-stats-ali.cc:105) Processed 2300 utterances; for utterance no12x030-08071999-1537_u0031072 avg. like is -50.4053 over 723 frames.
LOG (gmm-acc-stats-ali[5.5.0~1-40c7]:main():gmm-acc-stats-ali.cc:105) Processed 2350 utterances; for utterance no12x030-08071999-1537_u0031122 avg. like is -47.1838 over 673 frames.
LOG (gmm-acc-stats-ali[5.5.0~1-40c7]:main():gmm-acc-stats-ali.cc:105) Processed 2400 utterances; for utterance no12x030-08071999-1537_u0031172 avg. like is -43.9902 over 348 frames.
LOG (gmm-acc-stats-ali[5.5.0~1-40c7]:main():gmm-acc-stats-ali.cc:105) Processed 2450 utterances; for utterance no12x030-08071999-1537_u0031222 avg. like is -50.8034 over 823 frames.
LOG (gmm-acc-stats-ali[5.5.0~1-40c7]:main():gmm-acc-stats-ali.cc:105) Processed 2500 utterances; for utterance no12x030-08071999-1537_u0031272 avg. like is -43.2563 over 273 frames.
WARNING (gmm-acc-stats-ali[5.5.0~1-40c7]:main():gmm-acc-stats-ali.cc:79) No alignment for utterance no12x036-12071999-1144_u0036001
LOG (gmm-acc-stats-ali[5.5.0~1-40c7]:main():gmm-acc-stats-ali.cc:105) Processed 2550 utterances; for utterance no12x036-12071999-1144_u0036011 avg. like is -49.1348 over 523 frames.
LOG (gmm-acc-stats-ali[5.5.0~1-40c7]:main():gmm-acc-stats-ali.cc:105) Processed 2600 utterances; for utterance no12x036-12071999-1144_u0036061 avg. like is -41.547 over 298 frames.
LOG (gmm-acc-stats-ali[5.5.0~1-40c7]:main():gmm-acc-stats-ali.cc:105) Processed 2650 utterances; for utterance no12x036-12071999-1144_u0036111 avg. like is -45.2303 over 723 frames.
LOG (gmm-acc-stats-ali[5.5.0~1-40c7]:main():gmm-acc-stats-ali.cc:105) Processed 2700 utterances; for utterance no12x036-12071999-1144_u0036161 avg. like is -47.8663 over 523 frames.
LOG (gmm-acc-stats-ali[5.5.0~1-40c7]:main():gmm-acc-stats-ali.cc:105) Processed 2750 utterances; for utterance no12x036-12071999-1144_u0036211 avg. like is -34.4381 over 473 frames.
LOG (gmm-acc-stats-ali[5.5.0~1-40c7]:main():gmm-acc-stats-ali.cc:105) Processed 2800 utterances; for utterance no12x036-12071999-1144_u0036261 avg. like is -35.0532 over 248 frames.
LOG (gmm-acc-stats-ali[5.5.0~1-40c7]:main():gmm-acc-stats-ali.cc:105) Processed 2850 utterances; for utterance no12x036-12071999-1144_u0036311 avg. like is -36.673 over 173 frames.
WARNING (gmm-acc-stats-ali[5.5.0~1-40c7]:main():gmm-acc-stats-ali.cc:79) No alignment for utterance no12x038-12071999-1640_u0038001
LOG (gmm-acc-stats-ali[5.5.0~1-40c7]:main():gmm-acc-stats-ali.cc:105) Processed 2900 utterances; for utterance no12x038-12071999-1640_u0038050 avg. like is -56.1285 over 448 frames.
LOG (gmm-acc-stats-ali[5.5.0~1-40c7]:main():gmm-acc-stats-ali.cc:105) Processed 2950 utterances; for utterance no12x038-12071999-1640_u0038100 avg. like is -36.3613 over 548 frames.
LOG (gmm-acc-stats-ali[5.5.0~1-40c7]:main():gmm-acc-stats-ali.cc:105) Processed 3000 utterances; for utterance no12x038-12071999-1640_u0038150 avg. like is -38.1596 over 598 frames.
LOG (gmm-acc-stats-ali[5.5.0~1-40c7]:main():gmm-acc-stats-ali.cc:105) Processed 3050 utterances; for utterance no12x038-12071999-1640_u0038200 avg. like is -48.5691 over 673 frames.
LOG (gmm-acc-stats-ali[5.5.0~1-40c7]:main():gmm-acc-stats-ali.cc:105) Processed 3100 utterances; for utterance no12x038-12071999-1640_u0038250 avg. like is -47.6421 over 323 frames.
LOG (gmm-acc-stats-ali[5.5.0~1-40c7]:main():gmm-acc-stats-ali.cc:105) Processed 3150 utterances; for utterance no12x038-12071999-1640_u0038300 avg. like is -38.4854 over 248 frames.
WARNING (gmm-acc-stats-ali[5.5.0~1-40c7]:main():gmm-acc-stats-ali.cc:79) No alignment for utterance no12x061-20071999-1604_u0061001
LOG (gmm-acc-stats-ali[5.5.0~1-40c7]:main():gmm-acc-stats-ali.cc:105) Processed 3200 utterances; for utterance no12x061-20071999-1604_u0061039 avg. like is -47.8423 over 673 frames.
LOG (gmm-acc-stats-ali[5.5.0~1-40c7]:main():gmm-acc-stats-ali.cc:105) Processed 3250 utterances; for utterance no12x061-20071999-1604_u0061089 avg. like is -49.3864 over 748 frames.
LOG (gmm-acc-stats-ali[5.5.0~1-40c7]:main():gmm-acc-stats-ali.cc:105) Processed 3300 utterances; for utterance no12x061-20071999-1604_u0061139 avg. like is -44.8252 over 448 frames.
LOG (gmm-acc-stats-ali[5.5.0~1-40c7]:main():gmm-acc-stats-ali.cc:105) Processed 3350 utterances; for utterance no12x061-20071999-1604_u0061189 avg. like is -45.3149 over 673 frames.
LOG (gmm-acc-stats-ali[5.5.0~1-40c7]:main():gmm-acc-stats-ali.cc:105) Processed 3400 utterances; for utterance no12x061-20071999-1604_u0061239 avg. like is -42.2242 over 248 frames.
LOG (gmm-acc-stats-ali[5.5.0~1-40c7]:main():gmm-acc-stats-ali.cc:105) Processed 3450 utterances; for utterance no12x061-20071999-1604_u0061289 avg. like is -40.9324 over 298 frames.
WARNING (gmm-acc-stats-ali[5.5.0~1-40c7]:main():gmm-acc-stats-ali.cc:79) No alignment for utterance no12x087-02081999-0832_u0087001
LOG (gmm-acc-stats-ali[5.5.0~1-40c7]:main():gmm-acc-stats-ali.cc:105) Processed 3500 utterances; for utterance no12x087-02081999-0832_u0087028 avg. like is -48.5216 over 1048 frames.
LOG (gmm-acc-stats-ali[5.5.0~1-40c7]:main():gmm-acc-stats-ali.cc:105) Processed 3550 utterances; for utterance no12x087-02081999-0832_u0087078 avg. like is -43.4214 over 723 frames.
LOG (gmm-acc-stats-ali[5.5.0~1-40c7]:main():gmm-acc-stats-ali.cc:105) Processed 3600 utterances; for utterance no12x087-02081999-0832_u0087128 avg. like is -42.519 over 698 frames.
LOG (gmm-acc-stats-ali[5.5.0~1-40c7]:main():gmm-acc-stats-ali.cc:105) Processed 3650 utterances; for utterance no12x087-02081999-0832_u0087178 avg. like is -44.7898 over 648 frames.
LOG (gmm-acc-stats-ali[5.5.0~1-40c7]:main():gmm-acc-stats-ali.cc:105) Processed 3700 utterances; for utterance no12x087-02081999-0832_u0087228 avg. like is -37.1493 over 273 frames.
LOG (gmm-acc-stats-ali[5.5.0~1-40c7]:main():gmm-acc-stats-ali.cc:105) Processed 3750 utterances; for utterance no12x087-02081999-0832_u0087278 avg. like is -36.0646 over 198 frames.
WARNING (gmm-acc-stats-ali[5.5.0~1-40c7]:main():gmm-acc-stats-ali.cc:79) No alignment for utterance no12x108-09081999-0940_u0108001
LOG (gmm-acc-stats-ali[5.5.0~1-40c7]:main():gmm-acc-stats-ali.cc:105) Processed 3800 utterances; for utterance no12x108-09081999-0940_u0108017 avg. like is -43.1982 over 273 frames.
LOG (gmm-acc-stats-ali[5.5.0~1-40c7]:main():gmm-acc-stats-ali.cc:105) Processed 3850 utterances; for utterance no12x108-09081999-0940_u0108067 avg. like is -46.6535 over 548 frames.
LOG (gmm-acc-stats-ali[5.5.0~1-40c7]:main():gmm-acc-stats-ali.cc:105) Processed 3900 utterances; for utterance no12x108-09081999-0940_u0108117 avg. like is -45.36 over 598 frames.
LOG (gmm-acc-stats-ali[5.5.0~1-40c7]:main():gmm-acc-stats-ali.cc:105) Processed 3950 utterances; for utterance no12x108-09081999-0940_u0108167 avg. like is -45.2552 over 948 frames.
LOG (gmm-acc-stats-ali[5.5.0~1-40c7]:main():gmm-acc-stats-ali.cc:105) Processed 4000 utterances; for utterance no12x108-09081999-0940_u0108217 avg. like is -42.0262 over 473 frames.
LOG (gmm-acc-stats-ali[5.5.0~1-40c7]:main():gmm-acc-stats-ali.cc:105) Processed 4050 utterances; for utterance no12x108-09081999-0940_u0108267 avg. like is -39.6692 over 273 frames.
WARNING (gmm-acc-stats-ali[5.5.0~1-40c7]:main():gmm-acc-stats-ali.cc:79) No alignment for utterance no12x112-10081999-1134_u0112001
LOG (gmm-acc-stats-ali[5.5.0~1-40c7]:main():gmm-acc-stats-ali.cc:105) Processed 4100 utterances; for utterance no12x112-10081999-1134_u0112006 avg. like is -48.9498 over 798 frames.
LOG (gmm-acc-stats-ali[5.5.0~1-40c7]:main():gmm-acc-stats-ali.cc:105) Processed 4150 utterances; for utterance no12x112-10081999-1134_u0112056 avg. like is -42.8633 over 348 frames.
LOG (gmm-acc-stats-ali[5.5.0~1-40c7]:main():gmm-acc-stats-ali.cc:105) Processed 4200 utterances; for utterance no12x112-10081999-1134_u0112106 avg. like is -42.8708 over 448 frames.
LOG (gmm-acc-stats-ali[5.5.0~1-40c7]:main():gmm-acc-stats-ali.cc:105) Processed 4250 utterances; for utterance no12x112-10081999-1134_u0112156 avg. like is -46.4338 over 248 frames.
LOG (gmm-acc-stats-ali[5.5.0~1-40c7]:main():gmm-acc-stats-ali.cc:105) Processed 4300 utterances; for utterance no12x112-10081999-1134_u0112206 avg. like is -51.2244 over 698 frames.
LOG (gmm-acc-stats-ali[5.5.0~1-40c7]:main():gmm-acc-stats-ali.cc:105) Processed 4350 utterances; for utterance no12x112-10081999-1134_u0112256 avg. like is -39.6826 over 148 frames.
LOG (gmm-acc-stats-ali[5.5.0~1-40c7]:main():gmm-acc-stats-ali.cc:105) Processed 4400 utterances; for utterance no12x112-10081999-1134_u0112306 avg. like is -39.8939 over 148 frames.
WARNING (gmm-acc-stats-ali[5.5.0~1-40c7]:main():gmm-acc-stats-ali.cc:79) No alignment for utterance no12x129-17081999-0756_u0129001
LOG (gmm-acc-stats-ali[5.5.0~1-40c7]:main():gmm-acc-stats-ali.cc:105) Processed 4450 utterances; for utterance no12x129-17081999-0756_u0129045 avg. like is -52.5327 over 323 frames.
LOG (gmm-acc-stats-ali[5.5.0~1-40c7]:main():gmm-acc-stats-ali.cc:105) Processed 4500 utterances; for utterance no12x129-17081999-0756_u0129095 avg. like is -51.5071 over 273 frames.
LOG (gmm-acc-stats-ali[5.5.0~1-40c7]:main():gmm-acc-stats-ali.cc:105) Processed 4550 utterances; for utterance no12x129-17081999-0756_u0129145 avg. like is -49.6248 over 448 frames.
LOG (gmm-acc-stats-ali[5.5.0~1-40c7]:main():gmm-acc-stats-ali.cc:105) Processed 4600 utterances; for utterance no12x129-17081999-0756_u0129195 avg. like is -48.5887 over 473 frames.
LOG (gmm-acc-stats-ali[5.5.0~1-40c7]:main():gmm-acc-stats-ali.cc:105) Processed 4650 utterances; for utterance no12x129-17081999-0756_u0129245 avg. like is -51.5232 over 148 frames.
LOG (gmm-acc-stats-ali[5.5.0~1-40c7]:main():gmm-acc-stats-ali.cc:105) Processed 4700 utterances; for utterance no12x129-17081999-0756_u0129295 avg. like is -49.3733 over 148 frames.
WARNING (gmm-acc-stats-ali[5.5.0~1-40c7]:main():gmm-acc-stats-ali.cc:79) No alignment for utterance no12x142-03111999-1639_u0621001
LOG (gmm-acc-stats-ali[5.5.0~1-40c7]:main():gmm-acc-stats-ali.cc:105) Processed 4750 utterances; for utterance no12x142-03111999-1639_u0621034 avg. like is -49.3964 over 823 frames.
LOG (gmm-acc-stats-ali[5.5.0~1-40c7]:main():gmm-acc-stats-ali.cc:105) Processed 4800 utterances; for utterance no12x142-03111999-1639_u0621084 avg. like is -46.1374 over 523 frames.
LOG (gmm-acc-stats-ali[5.5.0~1-40c7]:main():gmm-acc-stats-ali.cc:105) Processed 4850 utterances; for utterance no12x142-03111999-1639_u0621134 avg. like is -45.9816 over 448 frames.
LOG (gmm-acc-stats-ali[5.5.0~1-40c7]:main():gmm-acc-stats-ali.cc:105) Processed 4900 utterances; for utterance no12x142-03111999-1639_u0621184 avg. like is -48.4934 over 723 frames.
LOG (gmm-acc-stats-ali[5.5.0~1-40c7]:main():gmm-acc-stats-ali.cc:105) Processed 4950 utterances; for utterance no12x142-03111999-1639_u0621234 avg. like is -42.7939 over 298 frames.
LOG (gmm-acc-stats-ali[5.5.0~1-40c7]:main():gmm-acc-stats-ali.cc:105) Processed 5000 utterances; for utterance no12x142-03111999-1639_u0621284 avg. like is -40.144 over 298 frames.
WARNING (gmm-acc-stats-ali[5.5.0~1-40c7]:main():gmm-acc-stats-ali.cc:79) No alignment for utterance no12x149-01022000-1345_u0009001
LOG (gmm-acc-stats-ali[5.5.0~1-40c7]:main():gmm-acc-stats-ali.cc:105) Processed 5050 utterances; for utterance no12x149-01022000-1345_u0009023 avg. like is -47.658 over 898 frames.
LOG (gmm-acc-stats-ali[5.5.0~1-40c7]:main():gmm-acc-stats-ali.cc:105) Processed 5100 utterances; for utterance no12x149-01022000-1345_u0009073 avg. like is -48.306 over 573 frames.
LOG (gmm-acc-stats-ali[5.5.0~1-40c7]:main():gmm-acc-stats-ali.cc:105) Processed 5150 utterances; for utterance no12x149-01022000-1345_u0009123 avg. like is -43.38 over 348 frames.
LOG (gmm-acc-stats-ali[5.5.0~1-40c7]:main():gmm-acc-stats-ali.cc:105) Processed 5200 utterances; for utterance no12x149-01022000-1345_u0009173 avg. like is -49.3132 over 598 frames.
LOG (gmm-acc-stats-ali[5.5.0~1-40c7]:main():gmm-acc-stats-ali.cc:105) Processed 5250 utterances; for utterance no12x149-01022000-1345_u0009223 avg. like is -52.2382 over 223 frames.
LOG (gmm-acc-stats-ali[5.5.0~1-40c7]:main():gmm-acc-stats-ali.cc:105) Processed 5300 utterances; for utterance no12x149-01022000-1345_u0009273 avg. like is -41.2198 over 273 frames.
WARNING (gmm-acc-stats-ali[5.5.0~1-40c7]:main():gmm-acc-stats-ali.cc:79) No alignment for utterance no12x150-02121999-0850_u0003001
LOG (gmm-acc-stats-ali[5.5.0~1-40c7]:main():gmm-acc-stats-ali.cc:105) Processed 5350 utterances; for utterance no12x150-02121999-0850_u0003012 avg. like is -46.7389 over 748 frames.
LOG (gmm-acc-stats-ali[5.5.0~1-40c7]:main():gmm-acc-stats-ali.cc:105) Processed 5400 utterances; for utterance no12x150-02121999-0850_u0003062 avg. like is -39.8545 over 398 frames.
LOG (gmm-acc-stats-ali[5.5.0~1-40c7]:main():gmm-acc-stats-ali.cc:105) Processed 5450 utterances; for utterance no12x150-02121999-0850_u0003112 avg. like is -47.3714 over 873 frames.
LOG (gmm-acc-stats-ali[5.5.0~1-40c7]:main():gmm-acc-stats-ali.cc:105) Processed 5500 utterances; for utterance no12x150-02121999-0850_u0003162 avg. like is -46.5304 over 673 frames.
LOG (gmm-acc-stats-ali[5.5.0~1-40c7]:main():gmm-acc-stats-ali.cc:105) Processed 5550 utterances; for utterance no12x150-02121999-0850_u0003212 avg. like is -42.324 over 698 frames.
LOG (gmm-acc-stats-ali[5.5.0~1-40c7]:main():gmm-acc-stats-ali.cc:105) Processed 5600 utterances; for utterance no12x150-02121999-0850_u0003262 avg. like is -37.3406 over 273 frames.
LOG (gmm-acc-stats-ali[5.5.0~1-40c7]:main():gmm-acc-stats-ali.cc:105) Processed 5650 utterances; for utterance no12x150-02121999-0850_u0003312 avg. like is -35.9673 over 248 frames.
WARNING (gmm-acc-stats-ali[5.5.0~1-40c7]:main():gmm-acc-stats-ali.cc:79) No alignment for utterance no12x152-02121999-1241_u0006001
LOG (gmm-acc-stats-ali[5.5.0~1-40c7]:main():gmm-acc-stats-ali.cc:105) Processed 5700 utterances; for utterance no12x152-02121999-1241_u0006051 avg. like is -43.0444 over 473 frames.
LOG (gmm-acc-stats-ali[5.5.0~1-40c7]:main():gmm-acc-stats-ali.cc:105) Processed 5750 utterances; for utterance no12x152-02121999-1241_u0006101 avg. like is -48.5827 over 773 frames.
LOG (gmm-acc-stats-ali[5.5.0~1-40c7]:main():gmm-acc-stats-ali.cc:105) Processed 5800 utterances; for utterance no12x152-02121999-1241_u0006151 avg. like is -43.9458 over 523 frames.
LOG (gmm-acc-stats-ali[5.5.0~1-40c7]:main():gmm-acc-stats-ali.cc:105) Processed 5850 utterances; for utterance no12x152-02121999-1241_u0006201 avg. like is -45.6383 over 798 frames.
LOG (gmm-acc-stats-ali[5.5.0~1-40c7]:main():gmm-acc-stats-ali.cc:105) Processed 5900 utterances; for utterance no12x152-02121999-1241_u0006251 avg. like is -39.4747 over 298 frames.
LOG (gmm-acc-stats-ali[5.5.0~1-40c7]:main():gmm-acc-stats-ali.cc:105) Processed 5950 utterances; for utterance no12x152-02121999-1241_u0006301 avg. like is -37.1215 over 323 frames.
WARNING (gmm-acc-stats-ali[5.5.0~1-40c7]:main():gmm-acc-stats-ali.cc:79) No alignment for utterance no12x157-02071999-1501_u0157001
LOG (gmm-acc-stats-ali[5.5.0~1-40c7]:main():gmm-acc-stats-ali.cc:105) Processed 6000 utterances; for utterance no12x157-02071999-1501_u0157040 avg. like is -39.2672 over 948 frames.
LOG (gmm-acc-stats-ali[5.5.0~1-40c7]:main():gmm-acc-stats-ali.cc:105) Processed 6050 utterances; for utterance no12x157-02071999-1501_u0157090 avg. like is -48.4007 over 723 frames.
LOG (gmm-acc-stats-ali[5.5.0~1-40c7]:main():gmm-acc-stats-ali.cc:105) Processed 6100 utterances; for utterance no12x157-02071999-1501_u0157140 avg. like is -47.7013 over 548 frames.
LOG (gmm-acc-stats-ali[5.5.0~1-40c7]:main():gmm-acc-stats-ali.cc:105) Processed 6150 utterances; for utterance no12x157-02071999-1501_u0157190 avg. like is -48.6379 over 573 frames.
LOG (gmm-acc-stats-ali[5.5.0~1-40c7]:main():gmm-acc-stats-ali.cc:105) Processed 6200 utterances; for utterance no12x157-02071999-1501_u0157240 avg. like is -42.1862 over 223 frames.
LOG (gmm-acc-stats-ali[5.5.0~1-40c7]:main():gmm-acc-stats-ali.cc:105) Processed 6250 utterances; for utterance no12x157-02071999-1501_u0157290 avg. like is -35.696 over 223 frames.
WARNING (gmm-acc-stats-ali[5.5.0~1-40c7]:main():gmm-acc-stats-ali.cc:79) No alignment for utterance no12x158-03071999-0852_u0158001
LOG (gmm-acc-stats-ali[5.5.0~1-40c7]:main():gmm-acc-stats-ali.cc:105) Processed 6300 utterances; for utterance no12x158-03071999-0852_u0158029 avg. like is -49.1832 over 1073 frames.
LOG (gmm-acc-stats-ali[5.5.0~1-40c7]:main():gmm-acc-stats-ali.cc:105) Processed 6350 utterances; for utterance no12x158-03071999-0852_u0158079 avg. like is -47.6249 over 523 frames.
LOG (gmm-acc-stats-ali[5.5.0~1-40c7]:main():gmm-acc-stats-ali.cc:105) Processed 6400 utterances; for utterance no12x158-03071999-0852_u0158129 avg. like is -43.8349 over 623 frames.
LOG (gmm-acc-stats-ali[5.5.0~1-40c7]:main():gmm-acc-stats-ali.cc:105) Processed 6450 utterances; for utterance no12x158-03071999-0852_u0158179 avg. like is -46.5999 over 423 frames.
LOG (gmm-acc-stats-ali[5.5.0~1-40c7]:main():gmm-acc-stats-ali.cc:105) Processed 6500 utterances; for utterance no12x158-03071999-0852_u0158229 avg. like is -38.9998 over 273 frames.
LOG (gmm-acc-stats-ali[5.5.0~1-40c7]:main():gmm-acc-stats-ali.cc:105) Processed 6550 utterances; for utterance no12x158-03071999-0852_u0158279 avg. like is -39.1306 over 198 frames.
WARNING (gmm-acc-stats-ali[5.5.0~1-40c7]:main():gmm-acc-stats-ali.cc:79) No alignment for utterance no12x168-06071999-1528_u0168001
LOG (gmm-acc-stats-ali[5.5.0~1-40c7]:main():gmm-acc-stats-ali.cc:105) Processed 6600 utterances; for utterance no12x168-06071999-1528_u0168018 avg. like is -51.9549 over 773 frames.
LOG (gmm-acc-stats-ali[5.5.0~1-40c7]:main():gmm-acc-stats-ali.cc:105) Processed 6650 utterances; for utterance no12x168-06071999-1528_u0168068 avg. like is -46.0593 over 498 frames.
LOG (gmm-acc-stats-ali[5.5.0~1-40c7]:main():gmm-acc-stats-ali.cc:105) Processed 6700 utterances; for utterance no12x168-06071999-1528_u0168118 avg. like is -45.1352 over 723 frames.
LOG (gmm-acc-stats-ali[5.5.0~1-40c7]:main():gmm-acc-stats-ali.cc:105) Processed 6750 utterances; for utterance no12x168-06071999-1528_u0168168 avg. like is -41.9764 over 323 frames.
LOG (gmm-acc-stats-ali[5.5.0~1-40c7]:main():gmm-acc-stats-ali.cc:105) Processed 6800 utterances; for utterance no12x168-06071999-1528_u0168218 avg. like is -45.1317 over 523 frames.
LOG (gmm-acc-stats-ali[5.5.0~1-40c7]:main():gmm-acc-stats-ali.cc:105) Processed 6850 utterances; for utterance no12x168-06071999-1528_u0168268 avg. like is -31.8268 over 223 frames.
WARNING (gmm-acc-stats-ali[5.5.0~1-40c7]:main():gmm-acc-stats-ali.cc:79) No alignment for utterance no12x169-06071999-1644_u0169001
LOG (gmm-acc-stats-ali[5.5.0~1-40c7]:main():gmm-acc-stats-ali.cc:105) Processed 6900 utterances; for utterance no12x169-06071999-1644_u0169007 avg. like is -48.2892 over 623 frames.
LOG (gmm-acc-stats-ali[5.5.0~1-40c7]:main():gmm-acc-stats-ali.cc:105) Processed 6950 utterances; for utterance no12x169-06071999-1644_u0169057 avg. like is -40.9653 over 573 frames.
LOG (gmm-acc-stats-ali[5.5.0~1-40c7]:main():gmm-acc-stats-ali.cc:105) Processed 7000 utterances; for utterance no12x169-06071999-1644_u0169107 avg. like is -41.555 over 498 frames.
LOG (gmm-acc-stats-ali[5.5.0~1-40c7]:main():gmm-acc-stats-ali.cc:105) Processed 7050 utterances; for utterance no12x169-06071999-1644_u0169157 avg. like is -48.5381 over 623 frames.
LOG (gmm-acc-stats-ali[5.5.0~1-40c7]:main():gmm-acc-stats-ali.cc:105) Processed 7100 utterances; for utterance no12x169-06071999-1644_u0169207 avg. like is -45.5934 over 623 frames.
LOG (gmm-acc-stats-ali[5.5.0~1-40c7]:main():gmm-acc-stats-ali.cc:105) Processed 7150 utterances; for utterance no12x169-06071999-1644_u0169257 avg. like is -36.6243 over 223 frames.
LOG (gmm-acc-stats-ali[5.5.0~1-40c7]:main():gmm-acc-stats-ali.cc:105) Processed 7200 utterances; for utterance no12x169-06071999-1644_u0169307 avg. like is -29.0099 over 273 frames.
WARNING (gmm-acc-stats-ali[5.5.0~1-40c7]:main():gmm-acc-stats-ali.cc:79) No alignment for utterance no12x178-08071999-1321_u0178001
LOG (gmm-acc-stats-ali[5.5.0~1-40c7]:main():gmm-acc-stats-ali.cc:105) Processed 7250 utterances; for utterance no12x178-08071999-1321_u0178046 avg. like is -44.5209 over 398 frames.
LOG (gmm-acc-stats-ali[5.5.0~1-40c7]:main():gmm-acc-stats-ali.cc:105) Processed 7300 utterances; for utterance no12x178-08071999-1321_u0178096 avg. like is -46.8685 over 623 frames.
LOG (gmm-acc-stats-ali[5.5.0~1-40c7]:main():gmm-acc-stats-ali.cc:105) Processed 7350 utterances; for utterance no12x178-08071999-1321_u0178146 avg. like is -44.0164 over 648 frames.
LOG (gmm-acc-stats-ali[5.5.0~1-40c7]:main():gmm-acc-stats-ali.cc:105) Processed 7400 utterances; for utterance no12x178-08071999-1321_u0178196 avg. like is -47.5756 over 773 frames.
LOG (gmm-acc-stats-ali[5.5.0~1-40c7]:main():gmm-acc-stats-ali.cc:105) Processed 7450 utterances; for utterance no12x178-08071999-1321_u0178246 avg. like is -34.6491 over 273 frames.
LOG (gmm-acc-stats-ali[5.5.0~1-40c7]:main():gmm-acc-stats-ali.cc:105) Processed 7500 utterances; for utterance no12x178-08071999-1321_u0178296 avg. like is -34.0243 over 348 frames.
WARNING (gmm-acc-stats-ali[5.5.0~1-40c7]:main():gmm-acc-stats-ali.cc:79) No alignment for utterance no12x183-16022000-1253_u0637001
LOG (gmm-acc-stats-ali[5.5.0~1-40c7]:main():gmm-acc-stats-ali.cc:105) Processed 7550 utterances; for utterance no12x183-16022000-1253_u0637035 avg. like is -48.6835 over 1098 frames.
LOG (gmm-acc-stats-ali[5.5.0~1-40c7]:main():gmm-acc-stats-ali.cc:105) Processed 7600 utterances; for utterance no12x183-16022000-1253_u0637085 avg. like is -40.6587 over 698 frames.
LOG (gmm-acc-stats-ali[5.5.0~1-40c7]:main():gmm-acc-stats-ali.cc:105) Processed 7650 utterances; for utterance no12x183-16022000-1253_u0637135 avg. like is -38.672 over 848 frames.
LOG (gmm-acc-stats-ali[5.5.0~1-40c7]:main():gmm-acc-stats-ali.cc:105) Processed 7700 utterances; for utterance no12x183-16022000-1253_u0637185 avg. like is -40.7497 over 873 frames.
LOG (gmm-acc-stats-ali[5.5.0~1-40c7]:main():gmm-acc-stats-ali.cc:105) Processed 7750 utterances; for utterance no12x183-16022000-1253_u0637235 avg. like is -36.4067 over 348 frames.
LOG (gmm-acc-stats-ali[5.5.0~1-40c7]:main():gmm-acc-stats-ali.cc:105) Processed 7800 utterances; for utterance no12x183-16022000-1253_u0637285 avg. like is -30.381 over 348 frames.
WARNING (gmm-acc-stats-ali[5.5.0~1-40c7]:main():gmm-acc-stats-ali.cc:79) No alignment for utterance no12x186-12071999-1521_u0186001
WARNING (gmm-acc-stats-ali[5.5.0~1-40c7]:main():gmm-acc-stats-ali.cc:79) No alignment for utterance no12x186-12071999-1521_u0186022
LOG (gmm-acc-stats-ali[5.5.0~1-40c7]:main():gmm-acc-stats-ali.cc:105) Processed 7850 utterances; for utterance no12x186-12071999-1521_u0186025 avg. like is -50.2439 over 1098 frames.
LOG (gmm-acc-stats-ali[5.5.0~1-40c7]:main():gmm-acc-stats-ali.cc:105) Processed 7900 utterances; for utterance no12x186-12071999-1521_u0186075 avg. like is -51.1847 over 648 frames.
WARNING (gmm-acc-stats-ali[5.5.0~1-40c7]:main():gmm-acc-stats-ali.cc:79) No alignment for utterance no12x186-12071999-1521_u0186114
LOG (gmm-acc-stats-ali[5.5.0~1-40c7]:main():gmm-acc-stats-ali.cc:105) Processed 7950 utterances; for utterance no12x186-12071999-1521_u0186126 avg. like is -44.9597 over 373 frames.
LOG (gmm-acc-stats-ali[5.5.0~1-40c7]:main():gmm-acc-stats-ali.cc:105) Processed 8000 utterances; for utterance no12x186-12071999-1521_u0186176 avg. like is -41.979 over 548 frames.
LOG (gmm-acc-stats-ali[5.5.0~1-40c7]:main():gmm-acc-stats-ali.cc:105) Processed 8050 utterances; for utterance no12x186-12071999-1521_u0186226 avg. like is -44.6666 over 248 frames.
LOG (gmm-acc-stats-ali[5.5.0~1-40c7]:main():gmm-acc-stats-ali.cc:105) Processed 8100 utterances; for utterance no12x186-12071999-1521_u0186276 avg. like is -40.8565 over 248 frames.
WARNING (gmm-acc-stats-ali[5.5.0~1-40c7]:main():gmm-acc-stats-ali.cc:79) No alignment for utterance no12x188-13071999-0836_u0188001
LOG (gmm-acc-stats-ali[5.5.0~1-40c7]:main():gmm-acc-stats-ali.cc:105) Processed 8150 utterances; for utterance no12x188-13071999-0836_u0188015 avg. like is -42.3858 over 423 frames.
LOG (gmm-acc-stats-ali[5.5.0~1-40c7]:main():gmm-acc-stats-ali.cc:105) Processed 8200 utterances; for utterance no12x188-13071999-0836_u0188065 avg. like is -45.1851 over 648 frames.
LOG (gmm-acc-stats-ali[5.5.0~1-40c7]:main():gmm-acc-stats-ali.cc:105) Processed 8250 utterances; for utterance no12x188-13071999-0836_u0188115 avg. like is -48.5118 over 748 frames.
LOG (gmm-acc-stats-ali[5.5.0~1-40c7]:main():gmm-acc-stats-ali.cc:105) Processed 8300 utterances; for utterance no12x188-13071999-0836_u0188165 avg. like is -40.8701 over 748 frames.
LOG (gmm-acc-stats-ali[5.5.0~1-40c7]:main():gmm-acc-stats-ali.cc:105) Processed 8350 utterances; for utterance no12x188-13071999-0836_u0188215 avg. like is -44.2611 over 498 frames.
LOG (gmm-acc-stats-ali[5.5.0~1-40c7]:main():gmm-acc-stats-ali.cc:105) Processed 8400 utterances; for utterance no12x188-13071999-0836_u0188265 avg. like is -36.2085 over 373 frames.
WARNING (gmm-acc-stats-ali[5.5.0~1-40c7]:main():gmm-acc-stats-ali.cc:79) No alignment for utterance no12x197-15071999-1142_u0197001
LOG (gmm-acc-stats-ali[5.5.0~1-40c7]:main():gmm-acc-stats-ali.cc:105) Processed 8450 utterances; for utterance no12x197-15071999-1142_u0197004 avg. like is -50.5641 over 748 frames.
LOG (gmm-acc-stats-ali[5.5.0~1-40c7]:main():gmm-acc-stats-ali.cc:105) Processed 8500 utterances; for utterance no12x197-15071999-1142_u0197054 avg. like is -50.746 over 473 frames.
LOG (gmm-acc-stats-ali[5.5.0~1-40c7]:main():gmm-acc-stats-ali.cc:105) Processed 8550 utterances; for utterance no12x197-15071999-1142_u0197104 avg. like is -44.1555 over 473 frames.
LOG (gmm-acc-stats-ali[5.5.0~1-40c7]:main():gmm-acc-stats-ali.cc:105) Processed 8600 utterances; for utterance no12x197-15071999-1142_u0197154 avg. like is -51.5359 over 723 frames.
LOG (gmm-acc-stats-ali[5.5.0~1-40c7]:main():gmm-acc-stats-ali.cc:105) Processed 8650 utterances; for utterance no12x197-15071999-1142_u0197204 avg. like is -51.0429 over 798 frames.
LOG (gmm-acc-stats-ali[5.5.0~1-40c7]:main():gmm-acc-stats-ali.cc:105) Processed 8700 utterances; for utterance no12x197-15071999-1142_u0197254 avg. like is -51.2538 over 248 frames.
LOG (gmm-acc-stats-ali[5.5.0~1-40c7]:main():gmm-acc-stats-ali.cc:105) Processed 8750 utterances; for utterance no12x197-15071999-1142_u0197304 avg. like is -48.171 over 148 frames.
WARNING (gmm-acc-stats-ali[5.5.0~1-40c7]:main():gmm-acc-stats-ali.cc:79) No alignment for utterance no12x202-16071999-1016_u0202001
LOG (gmm-acc-stats-ali[5.5.0~1-40c7]:main():gmm-acc-stats-ali.cc:105) Processed 8800 utterances; for utterance no12x202-16071999-1016_u0202043 avg. like is -41.2226 over 523 frames.
LOG (gmm-acc-stats-ali[5.5.0~1-40c7]:main():gmm-acc-stats-ali.cc:105) Processed 8850 utterances; for utterance no12x202-16071999-1016_u0202093 avg. like is -47.6918 over 373 frames.
LOG (gmm-acc-stats-ali[5.5.0~1-40c7]:main():gmm-acc-stats-ali.cc:105) Processed 8900 utterances; for utterance no12x202-16071999-1016_u0202143 avg. like is -52.8705 over 573 frames.
LOG (gmm-acc-stats-ali[5.5.0~1-40c7]:main():gmm-acc-stats-ali.cc:105) Processed 8950 utterances; for utterance no12x202-16071999-1016_u0202193 avg. like is -51.1652 over 598 frames.
LOG (gmm-acc-stats-ali[5.5.0~1-40c7]:main():gmm-acc-stats-ali.cc:105) Processed 9000 utterances; for utterance no12x202-16071999-1016_u0202243 avg. like is -46.0389 over 98 frames.
LOG (gmm-acc-stats-ali[5.5.0~1-40c7]:main():gmm-acc-stats-ali.cc:105) Processed 9050 utterances; for utterance no12x202-16071999-1016_u0202293 avg. like is -45.6291 over 123 frames.
WARNING (gmm-acc-stats-ali[5.5.0~1-40c7]:main():gmm-acc-stats-ali.cc:79) No alignment for utterance no12x213-20071999-1528_u0213001
LOG (gmm-acc-stats-ali[5.5.0~1-40c7]:main():gmm-acc-stats-ali.cc:105) Processed 9100 utterances; for utterance no12x213-20071999-1528_u0213032 avg. like is -49.4913 over 1023 frames.
LOG (gmm-acc-stats-ali[5.5.0~1-40c7]:main():gmm-acc-stats-ali.cc:105) Processed 9150 utterances; for utterance no12x213-20071999-1528_u0213082 avg. like is -43.8652 over 873 frames.
LOG (gmm-acc-stats-ali[5.5.0~1-40c7]:main():gmm-acc-stats-ali.cc:105) Processed 9200 utterances; for utterance no12x213-20071999-1528_u0213132 avg. like is -48.1058 over 698 frames.
LOG (gmm-acc-stats-ali[5.5.0~1-40c7]:main():gmm-acc-stats-ali.cc:105) Processed 9250 utterances; for utterance no12x213-20071999-1528_u0213182 avg. like is -42.9252 over 623 frames.
LOG (gmm-acc-stats-ali[5.5.0~1-40c7]:main():gmm-acc-stats-ali.cc:105) Processed 9300 utterances; for utterance no12x213-20071999-1528_u0213232 avg. like is -38.3472 over 398 frames.
LOG (gmm-acc-stats-ali[5.5.0~1-40c7]:main():gmm-acc-stats-ali.cc:105) Processed 9350 utterances; for utterance no12x213-20071999-1528_u0213282 avg. like is -34.0924 over 498 frames.
WARNING (gmm-acc-stats-ali[5.5.0~1-40c7]:main():gmm-acc-stats-ali.cc:79) No alignment for utterance no12x218-21071999-1348_u0218001
LOG (gmm-acc-stats-ali[5.5.0~1-40c7]:main():gmm-acc-stats-ali.cc:105) Processed 9400 utterances; for utterance no12x218-21071999-1348_u0218021 avg. like is -51.8026 over 948 frames.
LOG (gmm-acc-stats-ali[5.5.0~1-40c7]:main():gmm-acc-stats-ali.cc:105) Processed 9450 utterances; for utterance no12x218-21071999-1348_u0218071 avg. like is -41.9815 over 373 frames.
LOG (gmm-acc-stats-ali[5.5.0~1-40c7]:main():gmm-acc-stats-ali.cc:105) Processed 9500 utterances; for utterance no12x218-21071999-1348_u0218121 avg. like is -54.5298 over 548 frames.
LOG (gmm-acc-stats-ali[5.5.0~1-40c7]:main():gmm-acc-stats-ali.cc:105) Processed 9550 utterances; for utterance no12x218-21071999-1348_u0218171 avg. like is -46.485 over 248 frames.
LOG (gmm-acc-stats-ali[5.5.0~1-40c7]:main():gmm-acc-stats-ali.cc:105) Processed 9600 utterances; for utterance no12x218-21071999-1348_u0218221 avg. like is -46.2598 over 673 frames.
LOG (gmm-acc-stats-ali[5.5.0~1-40c7]:main():gmm-acc-stats-ali.cc:105) Processed 9650 utterances; for utterance no12x218-21071999-1348_u0218271 avg. like is -47.0731 over 123 frames.
WARNING (gmm-acc-stats-ali[5.5.0~1-40c7]:main():gmm-acc-stats-ali.cc:79) No alignment for utterance no12x228-26071999-1348_u0228001
LOG (gmm-acc-stats-ali[5.5.0~1-40c7]:main():gmm-acc-stats-ali.cc:105) Processed 9700 utterances; for utterance no12x228-26071999-1348_u0228010 avg. like is -45.921 over 873 frames.
LOG (gmm-acc-stats-ali[5.5.0~1-40c7]:main():gmm-acc-stats-ali.cc:105) Processed 9750 utterances; for utterance no12x228-26071999-1348_u0228060 avg. like is -45.705 over 498 frames.
LOG (gmm-acc-stats-ali[5.5.0~1-40c7]:main():gmm-acc-stats-ali.cc:105) Processed 9800 utterances; for utterance no12x228-26071999-1348_u0228110 avg. like is -46.7884 over 673 frames.
LOG (gmm-acc-stats-ali[5.5.0~1-40c7]:main():gmm-acc-stats-ali.cc:105) Processed 9850 utterances; for utterance no12x228-26071999-1348_u0228160 avg. like is -45.178 over 773 frames.
LOG (gmm-acc-stats-ali[5.5.0~1-40c7]:main():gmm-acc-stats-ali.cc:105) Processed 9900 utterances; for utterance no12x228-26071999-1348_u0228210 avg. like is -44.1543 over 998 frames.
LOG (gmm-acc-stats-ali[5.5.0~1-40c7]:main():gmm-acc-stats-ali.cc:105) Processed 9950 utterances; for utterance no12x228-26071999-1348_u0228260 avg. like is -41.022 over 473 frames.
LOG (apply-cmvn[5.5.0~1-40c7]:main():apply-cmvn.cc:162) Applied cepstral mean normalization to 10012 utterances, errors on 0
LOG (transform-feats[5.5.0~1-40c7]:main():transform-feats.cc:158) Overall average [pseudo-]logdet is -91.665 over 5.2548e+06 frames.
LOG (transform-feats[5.5.0~1-40c7]:main():transform-feats.cc:161) Applied transform to 10012 utterances; 0 had errors.
LOG (transform-feats[5.5.0~1-40c7]:main():transform-feats.cc:158) Overall average logdet is 2.54762 over 5.2548e+06 frames.
LOG (transform-feats[5.5.0~1-40c7]:main():transform-feats.cc:161) Applied transform to 10012 utterances; 0 had errors.
LOG (gmm-acc-stats-ali[5.5.0~1-40c7]:main():gmm-acc-stats-ali.cc:112) Done 9979 files, 33 with errors.
LOG (gmm-acc-stats-ali[5.5.0~1-40c7]:main():gmm-acc-stats-ali.cc:115) Overall avg like per frame (Gaussian only) = -45.9379 over 5240892 frames.
LOG (gmm-acc-stats-ali[5.5.0~1-40c7]:main():gmm-acc-stats-ali.cc:123) Written accs.
# Accounting: time=8 threads=1
# Ended (code 0) at Mon Jul 12 19:53:28 UTC 2021, elapsed time 8 seconds
