# ali-to-post "ark:gunzip -c exp/tri3b/ali.1.gz|" ark:- | weight-silence-post 0.0 1:2:3:4:5:6:7:8:9:10 exp/tri3b/6.mdl ark:- ark:- | gmm-est-fmllr --fmllr-update-type=full --spk2utt=ark:data/train/split5/1/spk2utt exp/tri3b/6.mdl "ark,s,cs:apply-cmvn  --utt2spk=ark:data/train/split5/1/utt2spk scp:data/train/split5/1/cmvn.scp scp:data/train/split5/1/feats.scp ark:- | splice-feats --left-context=3 --right-context=3 ark:- ark:- | transform-feats exp/tri2b_ali_train/final.mat ark:- ark:- | transform-feats --utt2spk=ark:data/train/split5/1/utt2spk ark:exp/tri3b/trans.1 ark:- ark:- |" ark:- ark:exp/tri3b/tmp_trans.1 
# Started at Mon Jul 12 19:54:29 UTC 2021
#
ali-to-post 'ark:gunzip -c exp/tri3b/ali.1.gz|' ark:- 
weight-silence-post 0.0 1:2:3:4:5:6:7:8:9:10 exp/tri3b/6.mdl ark:- ark:- 
gmm-est-fmllr --fmllr-update-type=full --spk2utt=ark:data/train/split5/1/spk2utt exp/tri3b/6.mdl 'ark,s,cs:apply-cmvn  --utt2spk=ark:data/train/split5/1/utt2spk scp:data/train/split5/1/cmvn.scp scp:data/train/split5/1/feats.scp ark:- | splice-feats --left-context=3 --right-context=3 ark:- ark:- | transform-feats exp/tri2b_ali_train/final.mat ark:- ark:- | transform-feats --utt2spk=ark:data/train/split5/1/utt2spk ark:exp/tri3b/trans.1 ark:- ark:- |' ark:- ark:exp/tri3b/tmp_trans.1 
transform-feats --utt2spk=ark:data/train/split5/1/utt2spk ark:exp/tri3b/trans.1 ark:- ark:- 
apply-cmvn --utt2spk=ark:data/train/split5/1/utt2spk scp:data/train/split5/1/cmvn.scp scp:data/train/split5/1/feats.scp ark:- 
splice-feats --left-context=3 --right-context=3 ark:- ark:- 
transform-feats exp/tri2b_ali_train/final.mat ark:- ark:- 
LOG (ali-to-post[5.5.0~1-40c7]:main():ali-to-post.cc:73) Converted 9014 alignments.
LOG (weight-silence-post[5.5.0~1-40c7]:main():weight-silence-post.cc:95) Done 9014 posteriors.
WARNING (gmm-est-fmllr[5.5.0~1-40c7]:main():gmm-est-fmllr.cc:118) Did not find posteriors for utterance no10x005-02071999-1529_u0005001
LOG (gmm-est-fmllr[5.5.0~1-40c7]:ComputeFmllrMatrixDiagGmmFull():fmllr-diag-gmm.cc:262) fMLLR objf improvement is 0.0293364 per frame over 96710 frames.
LOG (gmm-est-fmllr[5.5.0~1-40c7]:main():gmm-est-fmllr.cc:143) For speaker no10x005, auxf-impr from fMLLR is 0.0293364, over 96710 frames.
WARNING (gmm-est-fmllr[5.5.0~1-40c7]:main():gmm-est-fmllr.cc:113) Did not find features for utterance no10x010-04071999-1001_u0010001
WARNING (gmm-est-fmllr[5.5.0~1-40c7]:main():gmm-est-fmllr.cc:113) Did not find features for utterance no10x010-04071999-1001_u0010002
WARNING (gmm-est-fmllr[5.5.0~1-40c7]:main():gmm-est-fmllr.cc:113) Did not find features for utterance no10x010-04071999-1001_u0010003
WARNING (gmm-est-fmllr[5.5.0~1-40c7]:main():gmm-est-fmllr.cc:113) Did not find features for utterance no10x010-04071999-1001_u0010004
WARNING (gmm-est-fmllr[5.5.0~1-40c7]:main():gmm-est-fmllr.cc:113) Did not find features for utterance no10x010-04071999-1001_u0010005
WARNING (gmm-est-fmllr[5.5.0~1-40c7]:main():gmm-est-fmllr.cc:113) Did not find features for utterance no10x010-04071999-1001_u0010006
WARNING (gmm-est-fmllr[5.5.0~1-40c7]:main():gmm-est-fmllr.cc:113) Did not find features for utterance no10x010-04071999-1001_u0010007
WARNING (gmm-est-fmllr[5.5.0~1-40c7]:main():gmm-est-fmllr.cc:113) Did not find features for utterance no10x010-04071999-1001_u0010008
WARNING (gmm-est-fmllr[5.5.0~1-40c7]:main():gmm-est-fmllr.cc:113) Did not find features for utterance no10x010-04071999-1001_u0010009
WARNING (gmm-est-fmllr[5.5.0~1-40c7]:main():gmm-est-fmllr.cc:113) Did not find features for utterance no10x010-04071999-1001_u0010010
WARNING (gmm-est-fmllr[5.5.0~1-40c7]:main():gmm-est-fmllr.cc:113) Did not find features for utterance no10x010-04071999-1001_u0010011
WARNING (gmm-est-fmllr[5.5.0~1-40c7]:main():gmm-est-fmllr.cc:113) Did not find features for utterance no10x010-04071999-1001_u0010012
WARNING (gmm-est-fmllr[5.5.0~1-40c7]:main():gmm-est-fmllr.cc:113) Did not find features for utterance no10x010-04071999-1001_u0010013
WARNING (gmm-est-fmllr[5.5.0~1-40c7]:main():gmm-est-fmllr.cc:113) Did not find features for utterance no10x010-04071999-1001_u0010014
WARNING (gmm-est-fmllr[5.5.0~1-40c7]:main():gmm-est-fmllr.cc:113) Did not find features for utterance no10x010-04071999-1001_u0010015
WARNING (gmm-est-fmllr[5.5.0~1-40c7]:main():gmm-est-fmllr.cc:113) Did not find features for utterance no10x010-04071999-1001_u0010016
WARNING (gmm-est-fmllr[5.5.0~1-40c7]:main():gmm-est-fmllr.cc:113) Did not find features for utterance no10x010-04071999-1001_u0010017
WARNING (gmm-est-fmllr[5.5.0~1-40c7]:main():gmm-est-fmllr.cc:113) Did not find features for utterance no10x010-04071999-1001_u0010018
WARNING (gmm-est-fmllr[5.5.0~1-40c7]:main():gmm-est-fmllr.cc:113) Did not find features for utterance no10x010-04071999-1001_u0010019
WARNING (gmm-est-fmllr[5.5.0~1-40c7]:main():gmm-est-fmllr.cc:113) Did not find features for utterance no10x010-04071999-1001_u0010020
WARNING (gmm-est-fmllr[5.5.0~1-40c7]:main():gmm-est-fmllr.cc:113) Did not find features for utterance no10x010-04071999-1001_u0010021
WARNING (gmm-est-fmllr[5.5.0~1-40c7]:main():gmm-est-fmllr.cc:113) Did not find features for utterance no10x010-04071999-1001_u0010022
WARNING (gmm-est-fmllr[5.5.0~1-40c7]:main():gmm-est-fmllr.cc:113) Did not find features for utterance no10x010-04071999-1001_u0010023
WARNING (gmm-est-fmllr[5.5.0~1-40c7]:main():gmm-est-fmllr.cc:113) Did not find features for utterance no10x010-04071999-1001_u0010024
WARNING (gmm-est-fmllr[5.5.0~1-40c7]:main():gmm-est-fmllr.cc:113) Did not find features for utterance no10x010-04071999-1001_u0010025
WARNING (gmm-est-fmllr[5.5.0~1-40c7]:main():gmm-est-fmllr.cc:113) Did not find features for utterance no10x010-04071999-1001_u0010026
WARNING (gmm-est-fmllr[5.5.0~1-40c7]:main():gmm-est-fmllr.cc:113) Did not find features for utterance no10x010-04071999-1001_u0010027
WARNING (gmm-est-fmllr[5.5.0~1-40c7]:main():gmm-est-fmllr.cc:113) Did not find features for utterance no10x010-04071999-1001_u0010028
WARNING (gmm-est-fmllr[5.5.0~1-40c7]:main():gmm-est-fmllr.cc:113) Did not find features for utterance no10x010-04071999-1001_u0010029
WARNING (gmm-est-fmllr[5.5.0~1-40c7]:main():gmm-est-fmllr.cc:113) Did not find features for utterance no10x010-04071999-1001_u0010030
WARNING (gmm-est-fmllr[5.5.0~1-40c7]:main():gmm-est-fmllr.cc:113) Did not find features for utterance no10x010-04071999-1001_u0010031
WARNING (gmm-est-fmllr[5.5.0~1-40c7]:main():gmm-est-fmllr.cc:113) Did not find features for utterance no10x010-04071999-1001_u0010032
WARNING (gmm-est-fmllr[5.5.0~1-40c7]:main():gmm-est-fmllr.cc:113) Did not find features for utterance no10x010-04071999-1001_u0010033
WARNING (gmm-est-fmllr[5.5.0~1-40c7]:main():gmm-est-fmllr.cc:113) Did not find features for utterance no10x010-04071999-1001_u0010034
WARNING (gmm-est-fmllr[5.5.0~1-40c7]:main():gmm-est-fmllr.cc:113) Did not find features for utterance no10x010-04071999-1001_u0010035
WARNING (gmm-est-fmllr[5.5.0~1-40c7]:main():gmm-est-fmllr.cc:113) Did not find features for utterance no10x010-04071999-1001_u0010036
WARNING (gmm-est-fmllr[5.5.0~1-40c7]:main():gmm-est-fmllr.cc:113) Did not find features for utterance no10x010-04071999-1001_u0010037
WARNING (gmm-est-fmllr[5.5.0~1-40c7]:main():gmm-est-fmllr.cc:113) Did not find features for utterance no10x010-04071999-1001_u0010038
WARNING (gmm-est-fmllr[5.5.0~1-40c7]:main():gmm-est-fmllr.cc:113) Did not find features for utterance no10x010-04071999-1001_u0010039
WARNING (gmm-est-fmllr[5.5.0~1-40c7]:main():gmm-est-fmllr.cc:113) Did not find features for utterance no10x010-04071999-1001_u0010040
WARNING (gmm-est-fmllr[5.5.0~1-40c7]:main():gmm-est-fmllr.cc:113) Did not find features for utterance no10x010-04071999-1001_u0010041
WARNING (gmm-est-fmllr[5.5.0~1-40c7]:main():gmm-est-fmllr.cc:113) Did not find features for utterance no10x010-04071999-1001_u0010042
WARNING (gmm-est-fmllr[5.5.0~1-40c7]:main():gmm-est-fmllr.cc:113) Did not find features for utterance no10x010-04071999-1001_u0010043
WARNING (gmm-est-fmllr[5.5.0~1-40c7]:main():gmm-est-fmllr.cc:113) Did not find features for utterance no10x010-04071999-1001_u0010044
WARNING (gmm-est-fmllr[5.5.0~1-40c7]:main():gmm-est-fmllr.cc:113) Did not find features for utterance no10x010-04071999-1001_u0010045
WARNING (gmm-est-fmllr[5.5.0~1-40c7]:main():gmm-est-fmllr.cc:113) Did not find features for utterance no10x010-04071999-1001_u0010046
WARNING (gmm-est-fmllr[5.5.0~1-40c7]:main():gmm-est-fmllr.cc:113) Did not find features for utterance no10x010-04071999-1001_u0010047
WARNING (gmm-est-fmllr[5.5.0~1-40c7]:main():gmm-est-fmllr.cc:113) Did not find features for utterance no10x010-04071999-1001_u0010048
WARNING (gmm-est-fmllr[5.5.0~1-40c7]:main():gmm-est-fmllr.cc:113) Did not find features for utterance no10x010-04071999-1001_u0010049
WARNING (gmm-est-fmllr[5.5.0~1-40c7]:main():gmm-est-fmllr.cc:113) Did not find features for utterance no10x010-04071999-1001_u0010050
WARNING (gmm-est-fmllr[5.5.0~1-40c7]:main():gmm-est-fmllr.cc:113) Did not find features for utterance no10x010-04071999-1001_u0010051
WARNING (gmm-est-fmllr[5.5.0~1-40c7]:main():gmm-est-fmllr.cc:113) Did not find features for utterance no10x010-04071999-1001_u0010052
WARNING (gmm-est-fmllr[5.5.0~1-40c7]:main():gmm-est-fmllr.cc:113) Did not find features for utterance no10x010-04071999-1001_u0010053
WARNING (gmm-est-fmllr[5.5.0~1-40c7]:main():gmm-est-fmllr.cc:113) Did not find features for utterance no10x010-04071999-1001_u0010054
WARNING (gmm-est-fmllr[5.5.0~1-40c7]:main():gmm-est-fmllr.cc:113) Did not find features for utterance no10x010-04071999-1001_u0010055
WARNING (gmm-est-fmllr[5.5.0~1-40c7]:main():gmm-est-fmllr.cc:113) Did not find features for utterance no10x010-04071999-1001_u0010056
WARNING (gmm-est-fmllr[5.5.0~1-40c7]:main():gmm-est-fmllr.cc:113) Did not find features for utterance no10x010-04071999-1001_u0010057
WARNING (gmm-est-fmllr[5.5.0~1-40c7]:main():gmm-est-fmllr.cc:113) Did not find features for utterance no10x010-04071999-1001_u0010058
WARNING (gmm-est-fmllr[5.5.0~1-40c7]:main():gmm-est-fmllr.cc:113) Did not find features for utterance no10x010-04071999-1001_u0010059
WARNING (gmm-est-fmllr[5.5.0~1-40c7]:main():gmm-est-fmllr.cc:113) Did not find features for utterance no10x010-04071999-1001_u0010060
WARNING (gmm-est-fmllr[5.5.0~1-40c7]:main():gmm-est-fmllr.cc:113) Did not find features for utterance no10x010-04071999-1001_u0010061
WARNING (gmm-est-fmllr[5.5.0~1-40c7]:main():gmm-est-fmllr.cc:113) Did not find features for utterance no10x010-04071999-1001_u0010062
WARNING (gmm-est-fmllr[5.5.0~1-40c7]:main():gmm-est-fmllr.cc:113) Did not find features for utterance no10x010-04071999-1001_u0010063
WARNING (gmm-est-fmllr[5.5.0~1-40c7]:main():gmm-est-fmllr.cc:113) Did not find features for utterance no10x010-04071999-1001_u0010064
WARNING (gmm-est-fmllr[5.5.0~1-40c7]:main():gmm-est-fmllr.cc:113) Did not find features for utterance no10x010-04071999-1001_u0010065
WARNING (gmm-est-fmllr[5.5.0~1-40c7]:main():gmm-est-fmllr.cc:113) Did not find features for utterance no10x010-04071999-1001_u0010066
WARNING (gmm-est-fmllr[5.5.0~1-40c7]:main():gmm-est-fmllr.cc:113) Did not find features for utterance no10x010-04071999-1001_u0010067
WARNING (gmm-est-fmllr[5.5.0~1-40c7]:main():gmm-est-fmllr.cc:113) Did not find features for utterance no10x010-04071999-1001_u0010068
WARNING (gmm-est-fmllr[5.5.0~1-40c7]:main():gmm-est-fmllr.cc:113) Did not find features for utterance no10x010-04071999-1001_u0010069
WARNING (gmm-est-fmllr[5.5.0~1-40c7]:main():gmm-est-fmllr.cc:113) Did not find features for utterance no10x010-04071999-1001_u0010070
WARNING (gmm-est-fmllr[5.5.0~1-40c7]:main():gmm-est-fmllr.cc:113) Did not find features for utterance no10x010-04071999-1001_u0010071
WARNING (gmm-est-fmllr[5.5.0~1-40c7]:main():gmm-est-fmllr.cc:113) Did not find features for utterance no10x010-04071999-1001_u0010072
WARNING (gmm-est-fmllr[5.5.0~1-40c7]:main():gmm-est-fmllr.cc:113) Did not find features for utterance no10x010-04071999-1001_u0010073
WARNING (gmm-est-fmllr[5.5.0~1-40c7]:main():gmm-est-fmllr.cc:113) Did not find features for utterance no10x010-04071999-1001_u0010074
WARNING (gmm-est-fmllr[5.5.0~1-40c7]:main():gmm-est-fmllr.cc:113) Did not find features for utterance no10x010-04071999-1001_u0010075
WARNING (gmm-est-fmllr[5.5.0~1-40c7]:main():gmm-est-fmllr.cc:113) Did not find features for utterance no10x010-04071999-1001_u0010076
WARNING (gmm-est-fmllr[5.5.0~1-40c7]:main():gmm-est-fmllr.cc:113) Did not find features for utterance no10x010-04071999-1001_u0010077
WARNING (gmm-est-fmllr[5.5.0~1-40c7]:main():gmm-est-fmllr.cc:113) Did not find features for utterance no10x010-04071999-1001_u0010078
WARNING (gmm-est-fmllr[5.5.0~1-40c7]:main():gmm-est-fmllr.cc:113) Did not find features for utterance no10x010-04071999-1001_u0010079
WARNING (gmm-est-fmllr[5.5.0~1-40c7]:main():gmm-est-fmllr.cc:113) Did not find features for utterance no10x010-04071999-1001_u0010080
WARNING (gmm-est-fmllr[5.5.0~1-40c7]:main():gmm-est-fmllr.cc:113) Did not find features for utterance no10x010-04071999-1001_u0010081
WARNING (gmm-est-fmllr[5.5.0~1-40c7]:main():gmm-est-fmllr.cc:113) Did not find features for utterance no10x010-04071999-1001_u0010082
WARNING (gmm-est-fmllr[5.5.0~1-40c7]:main():gmm-est-fmllr.cc:113) Did not find features for utterance no10x010-04071999-1001_u0010083
WARNING (gmm-est-fmllr[5.5.0~1-40c7]:main():gmm-est-fmllr.cc:113) Did not find features for utterance no10x010-04071999-1001_u0010084
WARNING (gmm-est-fmllr[5.5.0~1-40c7]:main():gmm-est-fmllr.cc:113) Did not find features for utterance no10x010-04071999-1001_u0010085
WARNING (gmm-est-fmllr[5.5.0~1-40c7]:main():gmm-est-fmllr.cc:113) Did not find features for utterance no10x010-04071999-1001_u0010086
WARNING (gmm-est-fmllr[5.5.0~1-40c7]:main():gmm-est-fmllr.cc:113) Did not find features for utterance no10x010-04071999-1001_u0010087
WARNING (gmm-est-fmllr[5.5.0~1-40c7]:main():gmm-est-fmllr.cc:113) Did not find features for utterance no10x010-04071999-1001_u0010088
WARNING (gmm-est-fmllr[5.5.0~1-40c7]:main():gmm-est-fmllr.cc:113) Did not find features for utterance no10x010-04071999-1001_u0010089
WARNING (gmm-est-fmllr[5.5.0~1-40c7]:main():gmm-est-fmllr.cc:113) Did not find features for utterance no10x010-04071999-1001_u0010090
WARNING (gmm-est-fmllr[5.5.0~1-40c7]:main():gmm-est-fmllr.cc:113) Did not find features for utterance no10x010-04071999-1001_u0010091
WARNING (gmm-est-fmllr[5.5.0~1-40c7]:main():gmm-est-fmllr.cc:113) Did not find features for utterance no10x010-04071999-1001_u0010092
WARNING (gmm-est-fmllr[5.5.0~1-40c7]:main():gmm-est-fmllr.cc:113) Did not find features for utterance no10x010-04071999-1001_u0010093
WARNING (gmm-est-fmllr[5.5.0~1-40c7]:main():gmm-est-fmllr.cc:113) Did not find features for utterance no10x010-04071999-1001_u0010094
WARNING (gmm-est-fmllr[5.5.0~1-40c7]:main():gmm-est-fmllr.cc:113) Did not find features for utterance no10x010-04071999-1001_u0010095
WARNING (gmm-est-fmllr[5.5.0~1-40c7]:main():gmm-est-fmllr.cc:113) Did not find features for utterance no10x010-04071999-1001_u0010096
WARNING (gmm-est-fmllr[5.5.0~1-40c7]:main():gmm-est-fmllr.cc:113) Did not find features for utterance no10x010-04071999-1001_u0010097
WARNING (gmm-est-fmllr[5.5.0~1-40c7]:main():gmm-est-fmllr.cc:113) Did not find features for utterance no10x010-04071999-1001_u0010098
WARNING (gmm-est-fmllr[5.5.0~1-40c7]:main():gmm-est-fmllr.cc:113) Did not find features for utterance no10x010-04071999-1001_u0010099
WARNING (gmm-est-fmllr[5.5.0~1-40c7]:main():gmm-est-fmllr.cc:113) Did not find features for utterance no10x010-04071999-1001_u0010100
WARNING (gmm-est-fmllr[5.5.0~1-40c7]:main():gmm-est-fmllr.cc:113) Did not find features for utterance no10x010-04071999-1001_u0010101
WARNING (gmm-est-fmllr[5.5.0~1-40c7]:main():gmm-est-fmllr.cc:113) Did not find features for utterance no10x010-04071999-1001_u0010102
WARNING (gmm-est-fmllr[5.5.0~1-40c7]:main():gmm-est-fmllr.cc:113) Did not find features for utterance no10x010-04071999-1001_u0010103
WARNING (gmm-est-fmllr[5.5.0~1-40c7]:main():gmm-est-fmllr.cc:113) Did not find features for utterance no10x010-04071999-1001_u0010104
WARNING (gmm-est-fmllr[5.5.0~1-40c7]:main():gmm-est-fmllr.cc:113) Did not find features for utterance no10x010-04071999-1001_u0010105
WARNING (gmm-est-fmllr[5.5.0~1-40c7]:main():gmm-est-fmllr.cc:113) Did not find features for utterance no10x010-04071999-1001_u0010106
WARNING (gmm-est-fmllr[5.5.0~1-40c7]:main():gmm-est-fmllr.cc:113) Did not find features for utterance no10x010-04071999-1001_u0010107
WARNING (gmm-est-fmllr[5.5.0~1-40c7]:main():gmm-est-fmllr.cc:113) Did not find features for utterance no10x010-04071999-1001_u0010108
WARNING (gmm-est-fmllr[5.5.0~1-40c7]:main():gmm-est-fmllr.cc:113) Did not find features for utterance no10x010-04071999-1001_u0010109
WARNING (gmm-est-fmllr[5.5.0~1-40c7]:main():gmm-est-fmllr.cc:113) Did not find features for utterance no10x010-04071999-1001_u0010110
WARNING (gmm-est-fmllr[5.5.0~1-40c7]:main():gmm-est-fmllr.cc:113) Did not find features for utterance no10x010-04071999-1001_u0010111
WARNING (gmm-est-fmllr[5.5.0~1-40c7]:main():gmm-est-fmllr.cc:113) Did not find features for utterance no10x010-04071999-1001_u0010112
WARNING (gmm-est-fmllr[5.5.0~1-40c7]:main():gmm-est-fmllr.cc:113) Did not find features for utterance no10x010-04071999-1001_u0010113
WARNING (gmm-est-fmllr[5.5.0~1-40c7]:main():gmm-est-fmllr.cc:113) Did not find features for utterance no10x010-04071999-1001_u0010114
WARNING (gmm-est-fmllr[5.5.0~1-40c7]:main():gmm-est-fmllr.cc:113) Did not find features for utterance no10x010-04071999-1001_u0010115
WARNING (gmm-est-fmllr[5.5.0~1-40c7]:main():gmm-est-fmllr.cc:113) Did not find features for utterance no10x010-04071999-1001_u0010116
WARNING (gmm-est-fmllr[5.5.0~1-40c7]:main():gmm-est-fmllr.cc:113) Did not find features for utterance no10x010-04071999-1001_u0010117
WARNING (gmm-est-fmllr[5.5.0~1-40c7]:main():gmm-est-fmllr.cc:113) Did not find features for utterance no10x010-04071999-1001_u0010118
WARNING (gmm-est-fmllr[5.5.0~1-40c7]:main():gmm-est-fmllr.cc:113) Did not find features for utterance no10x010-04071999-1001_u0010119
WARNING (gmm-est-fmllr[5.5.0~1-40c7]:main():gmm-est-fmllr.cc:113) Did not find features for utterance no10x010-04071999-1001_u0010120
WARNING (gmm-est-fmllr[5.5.0~1-40c7]:main():gmm-est-fmllr.cc:113) Did not find features for utterance no10x010-04071999-1001_u0010121
WARNING (gmm-est-fmllr[5.5.0~1-40c7]:main():gmm-est-fmllr.cc:113) Did not find features for utterance no10x010-04071999-1001_u0010122
WARNING (gmm-est-fmllr[5.5.0~1-40c7]:main():gmm-est-fmllr.cc:113) Did not find features for utterance no10x010-04071999-1001_u0010123
WARNING (gmm-est-fmllr[5.5.0~1-40c7]:main():gmm-est-fmllr.cc:113) Did not find features for utterance no10x010-04071999-1001_u0010124
WARNING (gmm-est-fmllr[5.5.0~1-40c7]:main():gmm-est-fmllr.cc:113) Did not find features for utterance no10x010-04071999-1001_u0010125
WARNING (gmm-est-fmllr[5.5.0~1-40c7]:main():gmm-est-fmllr.cc:113) Did not find features for utterance no10x010-04071999-1001_u0010126
WARNING (gmm-est-fmllr[5.5.0~1-40c7]:main():gmm-est-fmllr.cc:113) Did not find features for utterance no10x010-04071999-1001_u0010127
WARNING (gmm-est-fmllr[5.5.0~1-40c7]:main():gmm-est-fmllr.cc:113) Did not find features for utterance no10x010-04071999-1001_u0010128
WARNING (gmm-est-fmllr[5.5.0~1-40c7]:main():gmm-est-fmllr.cc:113) Did not find features for utterance no10x010-04071999-1001_u0010129
WARNING (gmm-est-fmllr[5.5.0~1-40c7]:main():gmm-est-fmllr.cc:113) Did not find features for utterance no10x010-04071999-1001_u0010130
WARNING (gmm-est-fmllr[5.5.0~1-40c7]:main():gmm-est-fmllr.cc:113) Did not find features for utterance no10x010-04071999-1001_u0010131
WARNING (gmm-est-fmllr[5.5.0~1-40c7]:main():gmm-est-fmllr.cc:113) Did not find features for utterance no10x010-04071999-1001_u0010132
WARNING (gmm-est-fmllr[5.5.0~1-40c7]:main():gmm-est-fmllr.cc:113) Did not find features for utterance no10x010-04071999-1001_u0010133
WARNING (gmm-est-fmllr[5.5.0~1-40c7]:main():gmm-est-fmllr.cc:113) Did not find features for utterance no10x010-04071999-1001_u0010134
WARNING (gmm-est-fmllr[5.5.0~1-40c7]:main():gmm-est-fmllr.cc:113) Did not find features for utterance no10x010-04071999-1001_u0010135
WARNING (gmm-est-fmllr[5.5.0~1-40c7]:main():gmm-est-fmllr.cc:113) Did not find features for utterance no10x010-04071999-1001_u0010136
WARNING (gmm-est-fmllr[5.5.0~1-40c7]:main():gmm-est-fmllr.cc:113) Did not find features for utterance no10x010-04071999-1001_u0010137
WARNING (gmm-est-fmllr[5.5.0~1-40c7]:main():gmm-est-fmllr.cc:113) Did not find features for utterance no10x010-04071999-1001_u0010138
WARNING (gmm-est-fmllr[5.5.0~1-40c7]:main():gmm-est-fmllr.cc:113) Did not find features for utterance no10x010-04071999-1001_u0010139
WARNING (gmm-est-fmllr[5.5.0~1-40c7]:main():gmm-est-fmllr.cc:113) Did not find features for utterance no10x010-04071999-1001_u0010140
WARNING (gmm-est-fmllr[5.5.0~1-40c7]:main():gmm-est-fmllr.cc:113) Did not find features for utterance no10x010-04071999-1001_u0010141
WARNING (gmm-est-fmllr[5.5.0~1-40c7]:main():gmm-est-fmllr.cc:113) Did not find features for utterance no10x010-04071999-1001_u0010142
WARNING (gmm-est-fmllr[5.5.0~1-40c7]:main():gmm-est-fmllr.cc:113) Did not find features for utterance no10x010-04071999-1001_u0010143
WARNING (gmm-est-fmllr[5.5.0~1-40c7]:main():gmm-est-fmllr.cc:113) Did not find features for utterance no10x010-04071999-1001_u0010144
WARNING (gmm-est-fmllr[5.5.0~1-40c7]:main():gmm-est-fmllr.cc:113) Did not find features for utterance no10x010-04071999-1001_u0010145
WARNING (gmm-est-fmllr[5.5.0~1-40c7]:main():gmm-est-fmllr.cc:113) Did not find features for utterance no10x010-04071999-1001_u0010146
WARNING (gmm-est-fmllr[5.5.0~1-40c7]:main():gmm-est-fmllr.cc:113) Did not find features for utterance no10x010-04071999-1001_u0010147
WARNING (gmm-est-fmllr[5.5.0~1-40c7]:main():gmm-est-fmllr.cc:113) Did not find features for utterance no10x010-04071999-1001_u0010148
WARNING (gmm-est-fmllr[5.5.0~1-40c7]:main():gmm-est-fmllr.cc:113) Did not find features for utterance no10x010-04071999-1001_u0010149
WARNING (gmm-est-fmllr[5.5.0~1-40c7]:main():gmm-est-fmllr.cc:113) Did not find features for utterance no10x010-04071999-1001_u0010150
WARNING (gmm-est-fmllr[5.5.0~1-40c7]:main():gmm-est-fmllr.cc:113) Did not find features for utterance no10x010-04071999-1001_u0010151
WARNING (gmm-est-fmllr[5.5.0~1-40c7]:main():gmm-est-fmllr.cc:113) Did not find features for utterance no10x010-04071999-1001_u0010152
WARNING (gmm-est-fmllr[5.5.0~1-40c7]:main():gmm-est-fmllr.cc:113) Did not find features for utterance no10x010-04071999-1001_u0010153
WARNING (gmm-est-fmllr[5.5.0~1-40c7]:main():gmm-est-fmllr.cc:113) Did not find features for utterance no10x010-04071999-1001_u0010154
WARNING (gmm-est-fmllr[5.5.0~1-40c7]:main():gmm-est-fmllr.cc:113) Did not find features for utterance no10x010-04071999-1001_u0010155
WARNING (gmm-est-fmllr[5.5.0~1-40c7]:main():gmm-est-fmllr.cc:113) Did not find features for utterance no10x010-04071999-1001_u0010156
WARNING (gmm-est-fmllr[5.5.0~1-40c7]:main():gmm-est-fmllr.cc:113) Did not find features for utterance no10x010-04071999-1001_u0010157
WARNING (gmm-est-fmllr[5.5.0~1-40c7]:main():gmm-est-fmllr.cc:113) Did not find features for utterance no10x010-04071999-1001_u0010158
WARNING (gmm-est-fmllr[5.5.0~1-40c7]:main():gmm-est-fmllr.cc:113) Did not find features for utterance no10x010-04071999-1001_u0010159
WARNING (gmm-est-fmllr[5.5.0~1-40c7]:main():gmm-est-fmllr.cc:113) Did not find features for utterance no10x010-04071999-1001_u0010160
WARNING (gmm-est-fmllr[5.5.0~1-40c7]:main():gmm-est-fmllr.cc:113) Did not find features for utterance no10x010-04071999-1001_u0010161
WARNING (gmm-est-fmllr[5.5.0~1-40c7]:main():gmm-est-fmllr.cc:113) Did not find features for utterance no10x010-04071999-1001_u0010162
WARNING (gmm-est-fmllr[5.5.0~1-40c7]:main():gmm-est-fmllr.cc:113) Did not find features for utterance no10x010-04071999-1001_u0010163
WARNING (gmm-est-fmllr[5.5.0~1-40c7]:main():gmm-est-fmllr.cc:113) Did not find features for utterance no10x010-04071999-1001_u0010164
WARNING (gmm-est-fmllr[5.5.0~1-40c7]:main():gmm-est-fmllr.cc:113) Did not find features for utterance no10x010-04071999-1001_u0010165
WARNING (gmm-est-fmllr[5.5.0~1-40c7]:main():gmm-est-fmllr.cc:113) Did not find features for utterance no10x010-04071999-1001_u0010166
WARNING (gmm-est-fmllr[5.5.0~1-40c7]:main():gmm-est-fmllr.cc:113) Did not find features for utterance no10x010-04071999-1001_u0010167
WARNING (gmm-est-fmllr[5.5.0~1-40c7]:main():gmm-est-fmllr.cc:113) Did not find features for utterance no10x010-04071999-1001_u0010168
WARNING (gmm-est-fmllr[5.5.0~1-40c7]:main():gmm-est-fmllr.cc:113) Did not find features for utterance no10x010-04071999-1001_u0010169
WARNING (gmm-est-fmllr[5.5.0~1-40c7]:main():gmm-est-fmllr.cc:113) Did not find features for utterance no10x010-04071999-1001_u0010170
WARNING (gmm-est-fmllr[5.5.0~1-40c7]:main():gmm-est-fmllr.cc:113) Did not find features for utterance no10x010-04071999-1001_u0010171
WARNING (gmm-est-fmllr[5.5.0~1-40c7]:main():gmm-est-fmllr.cc:113) Did not find features for utterance no10x010-04071999-1001_u0010172
WARNING (gmm-est-fmllr[5.5.0~1-40c7]:main():gmm-est-fmllr.cc:113) Did not find features for utterance no10x010-04071999-1001_u0010173
WARNING (gmm-est-fmllr[5.5.0~1-40c7]:main():gmm-est-fmllr.cc:113) Did not find features for utterance no10x010-04071999-1001_u0010174
WARNING (gmm-est-fmllr[5.5.0~1-40c7]:main():gmm-est-fmllr.cc:113) Did not find features for utterance no10x010-04071999-1001_u0010175
WARNING (gmm-est-fmllr[5.5.0~1-40c7]:main():gmm-est-fmllr.cc:113) Did not find features for utterance no10x010-04071999-1001_u0010176
WARNING (gmm-est-fmllr[5.5.0~1-40c7]:main():gmm-est-fmllr.cc:113) Did not find features for utterance no10x010-04071999-1001_u0010177
WARNING (gmm-est-fmllr[5.5.0~1-40c7]:main():gmm-est-fmllr.cc:113) Did not find features for utterance no10x010-04071999-1001_u0010178
WARNING (gmm-est-fmllr[5.5.0~1-40c7]:main():gmm-est-fmllr.cc:113) Did not find features for utterance no10x010-04071999-1001_u0010179
WARNING (gmm-est-fmllr[5.5.0~1-40c7]:main():gmm-est-fmllr.cc:113) Did not find features for utterance no10x010-04071999-1001_u0010180
WARNING (gmm-est-fmllr[5.5.0~1-40c7]:main():gmm-est-fmllr.cc:113) Did not find features for utterance no10x010-04071999-1001_u0010181
WARNING (gmm-est-fmllr[5.5.0~1-40c7]:main():gmm-est-fmllr.cc:113) Did not find features for utterance no10x010-04071999-1001_u0010182
WARNING (gmm-est-fmllr[5.5.0~1-40c7]:main():gmm-est-fmllr.cc:113) Did not find features for utterance no10x010-04071999-1001_u0010183
WARNING (gmm-est-fmllr[5.5.0~1-40c7]:main():gmm-est-fmllr.cc:113) Did not find features for utterance no10x010-04071999-1001_u0010184
WARNING (gmm-est-fmllr[5.5.0~1-40c7]:main():gmm-est-fmllr.cc:113) Did not find features for utterance no10x010-04071999-1001_u0010185
WARNING (gmm-est-fmllr[5.5.0~1-40c7]:main():gmm-est-fmllr.cc:113) Did not find features for utterance no10x010-04071999-1001_u0010186
WARNING (gmm-est-fmllr[5.5.0~1-40c7]:main():gmm-est-fmllr.cc:113) Did not find features for utterance no10x010-04071999-1001_u0010187
WARNING (gmm-est-fmllr[5.5.0~1-40c7]:main():gmm-est-fmllr.cc:113) Did not find features for utterance no10x010-04071999-1001_u0010188
WARNING (gmm-est-fmllr[5.5.0~1-40c7]:main():gmm-est-fmllr.cc:113) Did not find features for utterance no10x010-04071999-1001_u0010189
WARNING (gmm-est-fmllr[5.5.0~1-40c7]:main():gmm-est-fmllr.cc:113) Did not find features for utterance no10x010-04071999-1001_u0010190
WARNING (gmm-est-fmllr[5.5.0~1-40c7]:main():gmm-est-fmllr.cc:113) Did not find features for utterance no10x010-04071999-1001_u0010191
WARNING (gmm-est-fmllr[5.5.0~1-40c7]:main():gmm-est-fmllr.cc:113) Did not find features for utterance no10x010-04071999-1001_u0010192
WARNING (gmm-est-fmllr[5.5.0~1-40c7]:main():gmm-est-fmllr.cc:113) Did not find features for utterance no10x010-04071999-1001_u0010193
WARNING (gmm-est-fmllr[5.5.0~1-40c7]:main():gmm-est-fmllr.cc:113) Did not find features for utterance no10x010-04071999-1001_u0010194
WARNING (gmm-est-fmllr[5.5.0~1-40c7]:main():gmm-est-fmllr.cc:113) Did not find features for utterance no10x010-04071999-1001_u0010195
WARNING (gmm-est-fmllr[5.5.0~1-40c7]:main():gmm-est-fmllr.cc:113) Did not find features for utterance no10x010-04071999-1001_u0010196
WARNING (gmm-est-fmllr[5.5.0~1-40c7]:main():gmm-est-fmllr.cc:113) Did not find features for utterance no10x010-04071999-1001_u0010197
WARNING (gmm-est-fmllr[5.5.0~1-40c7]:main():gmm-est-fmllr.cc:113) Did not find features for utterance no10x010-04071999-1001_u0010198
WARNING (gmm-est-fmllr[5.5.0~1-40c7]:main():gmm-est-fmllr.cc:113) Did not find features for utterance no10x010-04071999-1001_u0010199
WARNING (gmm-est-fmllr[5.5.0~1-40c7]:main():gmm-est-fmllr.cc:113) Did not find features for utterance no10x010-04071999-1001_u0010200
WARNING (gmm-est-fmllr[5.5.0~1-40c7]:main():gmm-est-fmllr.cc:113) Did not find features for utterance no10x010-04071999-1001_u0010201
WARNING (gmm-est-fmllr[5.5.0~1-40c7]:main():gmm-est-fmllr.cc:113) Did not find features for utterance no10x010-04071999-1001_u0010202
WARNING (gmm-est-fmllr[5.5.0~1-40c7]:main():gmm-est-fmllr.cc:113) Did not find features for utterance no10x010-04071999-1001_u0010203
WARNING (gmm-est-fmllr[5.5.0~1-40c7]:main():gmm-est-fmllr.cc:113) Did not find features for utterance no10x010-04071999-1001_u0010204
WARNING (gmm-est-fmllr[5.5.0~1-40c7]:main():gmm-est-fmllr.cc:113) Did not find features for utterance no10x010-04071999-1001_u0010205
WARNING (gmm-est-fmllr[5.5.0~1-40c7]:main():gmm-est-fmllr.cc:113) Did not find features for utterance no10x010-04071999-1001_u0010206
WARNING (gmm-est-fmllr[5.5.0~1-40c7]:main():gmm-est-fmllr.cc:113) Did not find features for utterance no10x010-04071999-1001_u0010207
WARNING (gmm-est-fmllr[5.5.0~1-40c7]:main():gmm-est-fmllr.cc:113) Did not find features for utterance no10x010-04071999-1001_u0010208
WARNING (gmm-est-fmllr[5.5.0~1-40c7]:main():gmm-est-fmllr.cc:113) Did not find features for utterance no10x010-04071999-1001_u0010209
WARNING (gmm-est-fmllr[5.5.0~1-40c7]:main():gmm-est-fmllr.cc:113) Did not find features for utterance no10x010-04071999-1001_u0010210
WARNING (gmm-est-fmllr[5.5.0~1-40c7]:main():gmm-est-fmllr.cc:113) Did not find features for utterance no10x010-04071999-1001_u0010211
WARNING (gmm-est-fmllr[5.5.0~1-40c7]:main():gmm-est-fmllr.cc:113) Did not find features for utterance no10x010-04071999-1001_u0010212
WARNING (gmm-est-fmllr[5.5.0~1-40c7]:main():gmm-est-fmllr.cc:113) Did not find features for utterance no10x010-04071999-1001_u0010213
WARNING (gmm-est-fmllr[5.5.0~1-40c7]:main():gmm-est-fmllr.cc:113) Did not find features for utterance no10x010-04071999-1001_u0010214
WARNING (gmm-est-fmllr[5.5.0~1-40c7]:main():gmm-est-fmllr.cc:113) Did not find features for utterance no10x010-04071999-1001_u0010215
WARNING (gmm-est-fmllr[5.5.0~1-40c7]:main():gmm-est-fmllr.cc:113) Did not find features for utterance no10x010-04071999-1001_u0010216
WARNING (gmm-est-fmllr[5.5.0~1-40c7]:main():gmm-est-fmllr.cc:113) Did not find features for utterance no10x010-04071999-1001_u0010217
WARNING (gmm-est-fmllr[5.5.0~1-40c7]:main():gmm-est-fmllr.cc:113) Did not find features for utterance no10x010-04071999-1001_u0010218
WARNING (gmm-est-fmllr[5.5.0~1-40c7]:main():gmm-est-fmllr.cc:113) Did not find features for utterance no10x010-04071999-1001_u0010219
WARNING (gmm-est-fmllr[5.5.0~1-40c7]:main():gmm-est-fmllr.cc:113) Did not find features for utterance no10x010-04071999-1001_u0010220
WARNING (gmm-est-fmllr[5.5.0~1-40c7]:main():gmm-est-fmllr.cc:113) Did not find features for utterance no10x010-04071999-1001_u0010221
WARNING (gmm-est-fmllr[5.5.0~1-40c7]:main():gmm-est-fmllr.cc:113) Did not find features for utterance no10x010-04071999-1001_u0010222
WARNING (gmm-est-fmllr[5.5.0~1-40c7]:main():gmm-est-fmllr.cc:113) Did not find features for utterance no10x010-04071999-1001_u0010223
WARNING (gmm-est-fmllr[5.5.0~1-40c7]:main():gmm-est-fmllr.cc:113) Did not find features for utterance no10x010-04071999-1001_u0010224
WARNING (gmm-est-fmllr[5.5.0~1-40c7]:main():gmm-est-fmllr.cc:113) Did not find features for utterance no10x010-04071999-1001_u0010225
WARNING (gmm-est-fmllr[5.5.0~1-40c7]:main():gmm-est-fmllr.cc:113) Did not find features for utterance no10x010-04071999-1001_u0010226
WARNING (gmm-est-fmllr[5.5.0~1-40c7]:main():gmm-est-fmllr.cc:113) Did not find features for utterance no10x010-04071999-1001_u0010227
WARNING (gmm-est-fmllr[5.5.0~1-40c7]:main():gmm-est-fmllr.cc:113) Did not find features for utterance no10x010-04071999-1001_u0010228
WARNING (gmm-est-fmllr[5.5.0~1-40c7]:main():gmm-est-fmllr.cc:113) Did not find features for utterance no10x010-04071999-1001_u0010229
WARNING (gmm-est-fmllr[5.5.0~1-40c7]:main():gmm-est-fmllr.cc:113) Did not find features for utterance no10x010-04071999-1001_u0010230
WARNING (gmm-est-fmllr[5.5.0~1-40c7]:main():gmm-est-fmllr.cc:113) Did not find features for utterance no10x010-04071999-1001_u0010231
WARNING (gmm-est-fmllr[5.5.0~1-40c7]:main():gmm-est-fmllr.cc:113) Did not find features for utterance no10x010-04071999-1001_u0010232
WARNING (gmm-est-fmllr[5.5.0~1-40c7]:main():gmm-est-fmllr.cc:113) Did not find features for utterance no10x010-04071999-1001_u0010233
WARNING (gmm-est-fmllr[5.5.0~1-40c7]:main():gmm-est-fmllr.cc:113) Did not find features for utterance no10x010-04071999-1001_u0010234
WARNING (gmm-est-fmllr[5.5.0~1-40c7]:main():gmm-est-fmllr.cc:113) Did not find features for utterance no10x010-04071999-1001_u0010235
WARNING (gmm-est-fmllr[5.5.0~1-40c7]:main():gmm-est-fmllr.cc:113) Did not find features for utterance no10x010-04071999-1001_u0010236
WARNING (gmm-est-fmllr[5.5.0~1-40c7]:main():gmm-est-fmllr.cc:113) Did not find features for utterance no10x010-04071999-1001_u0010237
WARNING (gmm-est-fmllr[5.5.0~1-40c7]:main():gmm-est-fmllr.cc:113) Did not find features for utterance no10x010-04071999-1001_u0010238
WARNING (gmm-est-fmllr[5.5.0~1-40c7]:main():gmm-est-fmllr.cc:113) Did not find features for utterance no10x010-04071999-1001_u0010239
WARNING (gmm-est-fmllr[5.5.0~1-40c7]:main():gmm-est-fmllr.cc:113) Did not find features for utterance no10x010-04071999-1001_u0010240
WARNING (gmm-est-fmllr[5.5.0~1-40c7]:main():gmm-est-fmllr.cc:113) Did not find features for utterance no10x010-04071999-1001_u0010241
WARNING (gmm-est-fmllr[5.5.0~1-40c7]:main():gmm-est-fmllr.cc:113) Did not find features for utterance no10x010-04071999-1001_u0010242
WARNING (gmm-est-fmllr[5.5.0~1-40c7]:main():gmm-est-fmllr.cc:113) Did not find features for utterance no10x010-04071999-1001_u0010243
WARNING (gmm-est-fmllr[5.5.0~1-40c7]:main():gmm-est-fmllr.cc:113) Did not find features for utterance no10x010-04071999-1001_u0010244
WARNING (gmm-est-fmllr[5.5.0~1-40c7]:main():gmm-est-fmllr.cc:113) Did not find features for utterance no10x010-04071999-1001_u0010245
WARNING (gmm-est-fmllr[5.5.0~1-40c7]:main():gmm-est-fmllr.cc:113) Did not find features for utterance no10x010-04071999-1001_u0010246
WARNING (gmm-est-fmllr[5.5.0~1-40c7]:main():gmm-est-fmllr.cc:113) Did not find features for utterance no10x010-04071999-1001_u0010247
WARNING (gmm-est-fmllr[5.5.0~1-40c7]:main():gmm-est-fmllr.cc:113) Did not find features for utterance no10x010-04071999-1001_u0010248
WARNING (gmm-est-fmllr[5.5.0~1-40c7]:main():gmm-est-fmllr.cc:113) Did not find features for utterance no10x010-04071999-1001_u0010249
WARNING (gmm-est-fmllr[5.5.0~1-40c7]:main():gmm-est-fmllr.cc:113) Did not find features for utterance no10x010-04071999-1001_u0010250
WARNING (gmm-est-fmllr[5.5.0~1-40c7]:main():gmm-est-fmllr.cc:113) Did not find features for utterance no10x010-04071999-1001_u0010251
WARNING (gmm-est-fmllr[5.5.0~1-40c7]:main():gmm-est-fmllr.cc:113) Did not find features for utterance no10x010-04071999-1001_u0010252
WARNING (gmm-est-fmllr[5.5.0~1-40c7]:main():gmm-est-fmllr.cc:113) Did not find features for utterance no10x010-04071999-1001_u0010253
WARNING (gmm-est-fmllr[5.5.0~1-40c7]:main():gmm-est-fmllr.cc:113) Did not find features for utterance no10x010-04071999-1001_u0010254
WARNING (gmm-est-fmllr[5.5.0~1-40c7]:main():gmm-est-fmllr.cc:113) Did not find features for utterance no10x010-04071999-1001_u0010255
WARNING (gmm-est-fmllr[5.5.0~1-40c7]:main():gmm-est-fmllr.cc:113) Did not find features for utterance no10x010-04071999-1001_u0010256
WARNING (gmm-est-fmllr[5.5.0~1-40c7]:main():gmm-est-fmllr.cc:113) Did not find features for utterance no10x010-04071999-1001_u0010257
WARNING (gmm-est-fmllr[5.5.0~1-40c7]:main():gmm-est-fmllr.cc:113) Did not find features for utterance no10x010-04071999-1001_u0010258
WARNING (gmm-est-fmllr[5.5.0~1-40c7]:main():gmm-est-fmllr.cc:113) Did not find features for utterance no10x010-04071999-1001_u0010259
WARNING (gmm-est-fmllr[5.5.0~1-40c7]:main():gmm-est-fmllr.cc:113) Did not find features for utterance no10x010-04071999-1001_u0010260
WARNING (gmm-est-fmllr[5.5.0~1-40c7]:main():gmm-est-fmllr.cc:113) Did not find features for utterance no10x010-04071999-1001_u0010261
WARNING (gmm-est-fmllr[5.5.0~1-40c7]:main():gmm-est-fmllr.cc:113) Did not find features for utterance no10x010-04071999-1001_u0010262
WARNING (gmm-est-fmllr[5.5.0~1-40c7]:main():gmm-est-fmllr.cc:113) Did not find features for utterance no10x010-04071999-1001_u0010263
WARNING (gmm-est-fmllr[5.5.0~1-40c7]:main():gmm-est-fmllr.cc:113) Did not find features for utterance no10x010-04071999-1001_u0010264
WARNING (gmm-est-fmllr[5.5.0~1-40c7]:main():gmm-est-fmllr.cc:113) Did not find features for utterance no10x010-04071999-1001_u0010265
WARNING (gmm-est-fmllr[5.5.0~1-40c7]:main():gmm-est-fmllr.cc:113) Did not find features for utterance no10x010-04071999-1001_u0010266
WARNING (gmm-est-fmllr[5.5.0~1-40c7]:main():gmm-est-fmllr.cc:113) Did not find features for utterance no10x010-04071999-1001_u0010267
WARNING (gmm-est-fmllr[5.5.0~1-40c7]:main():gmm-est-fmllr.cc:113) Did not find features for utterance no10x010-04071999-1001_u0010268
WARNING (gmm-est-fmllr[5.5.0~1-40c7]:main():gmm-est-fmllr.cc:113) Did not find features for utterance no10x010-04071999-1001_u0010269
WARNING (gmm-est-fmllr[5.5.0~1-40c7]:main():gmm-est-fmllr.cc:113) Did not find features for utterance no10x010-04071999-1001_u0010270
WARNING (gmm-est-fmllr[5.5.0~1-40c7]:main():gmm-est-fmllr.cc:113) Did not find features for utterance no10x010-04071999-1001_u0010271
WARNING (gmm-est-fmllr[5.5.0~1-40c7]:main():gmm-est-fmllr.cc:113) Did not find features for utterance no10x010-04071999-1001_u0010272
WARNING (gmm-est-fmllr[5.5.0~1-40c7]:main():gmm-est-fmllr.cc:113) Did not find features for utterance no10x010-04071999-1001_u0010273
WARNING (gmm-est-fmllr[5.5.0~1-40c7]:main():gmm-est-fmllr.cc:113) Did not find features for utterance no10x010-04071999-1001_u0010274
WARNING (gmm-est-fmllr[5.5.0~1-40c7]:main():gmm-est-fmllr.cc:113) Did not find features for utterance no10x010-04071999-1001_u0010275
WARNING (gmm-est-fmllr[5.5.0~1-40c7]:main():gmm-est-fmllr.cc:113) Did not find features for utterance no10x010-04071999-1001_u0010276
WARNING (gmm-est-fmllr[5.5.0~1-40c7]:main():gmm-est-fmllr.cc:113) Did not find features for utterance no10x010-04071999-1001_u0010277
WARNING (gmm-est-fmllr[5.5.0~1-40c7]:main():gmm-est-fmllr.cc:113) Did not find features for utterance no10x010-04071999-1001_u0010278
WARNING (gmm-est-fmllr[5.5.0~1-40c7]:main():gmm-est-fmllr.cc:113) Did not find features for utterance no10x010-04071999-1001_u0010279
WARNING (gmm-est-fmllr[5.5.0~1-40c7]:main():gmm-est-fmllr.cc:113) Did not find features for utterance no10x010-04071999-1001_u0010280
WARNING (gmm-est-fmllr[5.5.0~1-40c7]:main():gmm-est-fmllr.cc:113) Did not find features for utterance no10x010-04071999-1001_u0010281
WARNING (gmm-est-fmllr[5.5.0~1-40c7]:main():gmm-est-fmllr.cc:113) Did not find features for utterance no10x010-04071999-1001_u0010282
WARNING (gmm-est-fmllr[5.5.0~1-40c7]:main():gmm-est-fmllr.cc:113) Did not find features for utterance no10x010-04071999-1001_u0010283
WARNING (gmm-est-fmllr[5.5.0~1-40c7]:main():gmm-est-fmllr.cc:113) Did not find features for utterance no10x010-04071999-1001_u0010284
WARNING (gmm-est-fmllr[5.5.0~1-40c7]:main():gmm-est-fmllr.cc:113) Did not find features for utterance no10x010-04071999-1001_u0010285
WARNING (gmm-est-fmllr[5.5.0~1-40c7]:main():gmm-est-fmllr.cc:113) Did not find features for utterance no10x010-04071999-1001_u0010286
WARNING (gmm-est-fmllr[5.5.0~1-40c7]:main():gmm-est-fmllr.cc:113) Did not find features for utterance no10x010-04071999-1001_u0010287
WARNING (gmm-est-fmllr[5.5.0~1-40c7]:main():gmm-est-fmllr.cc:113) Did not find features for utterance no10x010-04071999-1001_u0010288
WARNING (gmm-est-fmllr[5.5.0~1-40c7]:main():gmm-est-fmllr.cc:113) Did not find features for utterance no10x010-04071999-1001_u0010289
WARNING (gmm-est-fmllr[5.5.0~1-40c7]:main():gmm-est-fmllr.cc:113) Did not find features for utterance no10x010-04071999-1001_u0010290
WARNING (gmm-est-fmllr[5.5.0~1-40c7]:main():gmm-est-fmllr.cc:113) Did not find features for utterance no10x010-04071999-1001_u0010291
WARNING (gmm-est-fmllr[5.5.0~1-40c7]:main():gmm-est-fmllr.cc:113) Did not find features for utterance no10x010-04071999-1001_u0010292
WARNING (gmm-est-fmllr[5.5.0~1-40c7]:main():gmm-est-fmllr.cc:113) Did not find features for utterance no10x010-04071999-1001_u0010293
WARNING (gmm-est-fmllr[5.5.0~1-40c7]:main():gmm-est-fmllr.cc:113) Did not find features for utterance no10x010-04071999-1001_u0010294
WARNING (gmm-est-fmllr[5.5.0~1-40c7]:main():gmm-est-fmllr.cc:113) Did not find features for utterance no10x010-04071999-1001_u0010295
WARNING (gmm-est-fmllr[5.5.0~1-40c7]:main():gmm-est-fmllr.cc:113) Did not find features for utterance no10x010-04071999-1001_u0010296
WARNING (gmm-est-fmllr[5.5.0~1-40c7]:main():gmm-est-fmllr.cc:113) Did not find features for utterance no10x010-04071999-1001_u0010297
WARNING (gmm-est-fmllr[5.5.0~1-40c7]:main():gmm-est-fmllr.cc:113) Did not find features for utterance no10x010-04071999-1001_u0010298
WARNING (gmm-est-fmllr[5.5.0~1-40c7]:main():gmm-est-fmllr.cc:113) Did not find features for utterance no10x010-04071999-1001_u0010299
WARNING (gmm-est-fmllr[5.5.0~1-40c7]:main():gmm-est-fmllr.cc:113) Did not find features for utterance no10x010-04071999-1001_u0010300
WARNING (gmm-est-fmllr[5.5.0~1-40c7]:main():gmm-est-fmllr.cc:113) Did not find features for utterance no10x010-04071999-1001_u0010301
WARNING (gmm-est-fmllr[5.5.0~1-40c7]:main():gmm-est-fmllr.cc:113) Did not find features for utterance no10x010-04071999-1001_u0010302
WARNING (gmm-est-fmllr[5.5.0~1-40c7]:main():gmm-est-fmllr.cc:113) Did not find features for utterance no10x010-04071999-1001_u0010303
WARNING (gmm-est-fmllr[5.5.0~1-40c7]:main():gmm-est-fmllr.cc:113) Did not find features for utterance no10x010-04071999-1001_u0010304
WARNING (gmm-est-fmllr[5.5.0~1-40c7]:main():gmm-est-fmllr.cc:113) Did not find features for utterance no10x010-04071999-1001_u0010305
WARNING (gmm-est-fmllr[5.5.0~1-40c7]:main():gmm-est-fmllr.cc:113) Did not find features for utterance no10x010-04071999-1001_u0010306
WARNING (gmm-est-fmllr[5.5.0~1-40c7]:main():gmm-est-fmllr.cc:113) Did not find features for utterance no10x010-04071999-1001_u0010307
WARNING (gmm-est-fmllr[5.5.0~1-40c7]:main():gmm-est-fmllr.cc:113) Did not find features for utterance no10x010-04071999-1001_u0010308
WARNING (gmm-est-fmllr[5.5.0~1-40c7]:main():gmm-est-fmllr.cc:113) Did not find features for utterance no10x010-04071999-1001_u0010309
WARNING (gmm-est-fmllr[5.5.0~1-40c7]:main():gmm-est-fmllr.cc:113) Did not find features for utterance no10x010-04071999-1001_u0010310
WARNING (gmm-est-fmllr[5.5.0~1-40c7]:main():gmm-est-fmllr.cc:113) Did not find features for utterance no10x010-04071999-1001_u0010311
WARNING (gmm-est-fmllr[5.5.0~1-40c7]:main():gmm-est-fmllr.cc:113) Did not find features for utterance no10x010-04071999-1001_u0010312
WARNING (gmm-est-fmllr[5.5.0~1-40c7]:Update():fmllr-diag-gmm.cc:162) Not updating fMLLR since below min-count: count is 0
LOG (gmm-est-fmllr[5.5.0~1-40c7]:main():gmm-est-fmllr.cc:143) For speaker no10x010, auxf-impr from fMLLR is -nan, over 0 frames.
WARNING (gmm-est-fmllr[5.5.0~1-40c7]:main():gmm-est-fmllr.cc:118) Did not find posteriors for utterance no10x041-14071999-1335_u0041001
LOG (gmm-est-fmllr[5.5.0~1-40c7]:ComputeFmllrMatrixDiagGmmFull():fmllr-diag-gmm.cc:262) fMLLR objf improvement is 0.0270289 per frame over 102462 frames.
LOG (gmm-est-fmllr[5.5.0~1-40c7]:main():gmm-est-fmllr.cc:143) For speaker no10x041, auxf-impr from fMLLR is 0.0270289, over 102462 frames.
WARNING (gmm-est-fmllr[5.5.0~1-40c7]:main():gmm-est-fmllr.cc:118) Did not find posteriors for utterance no10x050-16071999-0941_u0050001
LOG (gmm-est-fmllr[5.5.0~1-40c7]:ComputeFmllrMatrixDiagGmmFull():fmllr-diag-gmm.cc:262) fMLLR objf improvement is 0.023535 per frame over 109911 frames.
LOG (gmm-est-fmllr[5.5.0~1-40c7]:main():gmm-est-fmllr.cc:143) For speaker no10x050, auxf-impr from fMLLR is 0.023535, over 109911 frames.
WARNING (gmm-est-fmllr[5.5.0~1-40c7]:main():gmm-est-fmllr.cc:118) Did not find posteriors for utterance no10x101-05081999-1401_u0101001
LOG (gmm-est-fmllr[5.5.0~1-40c7]:ComputeFmllrMatrixDiagGmmFull():fmllr-diag-gmm.cc:262) fMLLR objf improvement is 0.0264199 per frame over 102548 frames.
LOG (gmm-est-fmllr[5.5.0~1-40c7]:main():gmm-est-fmllr.cc:143) For speaker no10x101, auxf-impr from fMLLR is 0.0264199, over 102548 frames.
WARNING (gmm-est-fmllr[5.5.0~1-40c7]:main():gmm-est-fmllr.cc:118) Did not find posteriors for utterance no10x103-06081999-0829_u0103001
WARNING (gmm-est-fmllr[5.5.0~1-40c7]:main():gmm-est-fmllr.cc:118) Did not find posteriors for utterance no10x103-06081999-0829_u0103013
LOG (gmm-est-fmllr[5.5.0~1-40c7]:ComputeFmllrMatrixDiagGmmFull():fmllr-diag-gmm.cc:262) fMLLR objf improvement is 0.0246199 per frame over 94545 frames.
LOG (gmm-est-fmllr[5.5.0~1-40c7]:main():gmm-est-fmllr.cc:143) For speaker no10x103, auxf-impr from fMLLR is 0.0246199, over 94545 frames.
WARNING (gmm-est-fmllr[5.5.0~1-40c7]:main():gmm-est-fmllr.cc:118) Did not find posteriors for utterance no10x107-09081999-0842_u0107001
WARNING (gmm-est-fmllr[5.5.0~1-40c7]:main():gmm-est-fmllr.cc:118) Did not find posteriors for utterance no10x107-09081999-0842_u0107075
LOG (gmm-est-fmllr[5.5.0~1-40c7]:ComputeFmllrMatrixDiagGmmFull():fmllr-diag-gmm.cc:262) fMLLR objf improvement is 0.0276321 per frame over 85331 frames.
LOG (gmm-est-fmllr[5.5.0~1-40c7]:main():gmm-est-fmllr.cc:143) For speaker no10x107, auxf-impr from fMLLR is 0.0276321, over 85331 frames.
WARNING (gmm-est-fmllr[5.5.0~1-40c7]:main():gmm-est-fmllr.cc:118) Did not find posteriors for utterance no10x119-11081999-1618_u0119001
LOG (gmm-est-fmllr[5.5.0~1-40c7]:ComputeFmllrMatrixDiagGmmFull():fmllr-diag-gmm.cc:262) fMLLR objf improvement is 0.0254579 per frame over 100001 frames.
LOG (gmm-est-fmllr[5.5.0~1-40c7]:main():gmm-est-fmllr.cc:143) For speaker no10x119, auxf-impr from fMLLR is 0.0254579, over 100001 frames.
WARNING (gmm-est-fmllr[5.5.0~1-40c7]:main():gmm-est-fmllr.cc:118) Did not find posteriors for utterance no10x159-03071999-1057_u0159001
LOG (gmm-est-fmllr[5.5.0~1-40c7]:ComputeFmllrMatrixDiagGmmFull():fmllr-diag-gmm.cc:262) fMLLR objf improvement is 0.0289609 per frame over 110334 frames.
LOG (gmm-est-fmllr[5.5.0~1-40c7]:main():gmm-est-fmllr.cc:143) For speaker no10x159, auxf-impr from fMLLR is 0.0289609, over 110334 frames.
WARNING (gmm-est-fmllr[5.5.0~1-40c7]:main():gmm-est-fmllr.cc:118) Did not find posteriors for utterance no10x171-07071999-1200_u0171001
LOG (gmm-est-fmllr[5.5.0~1-40c7]:ComputeFmllrMatrixDiagGmmFull():fmllr-diag-gmm.cc:262) fMLLR objf improvement is 0.0272572 per frame over 99797 frames.
LOG (gmm-est-fmllr[5.5.0~1-40c7]:main():gmm-est-fmllr.cc:143) For speaker no10x171, auxf-impr from fMLLR is 0.0272572, over 99797 frames.
WARNING (gmm-est-fmllr[5.5.0~1-40c7]:main():gmm-est-fmllr.cc:118) Did not find posteriors for utterance no10x189-13071999-1338_u0189001
LOG (gmm-est-fmllr[5.5.0~1-40c7]:ComputeFmllrMatrixDiagGmmFull():fmllr-diag-gmm.cc:262) fMLLR objf improvement is 0.0339032 per frame over 105484 frames.
LOG (gmm-est-fmllr[5.5.0~1-40c7]:main():gmm-est-fmllr.cc:143) For speaker no10x189, auxf-impr from fMLLR is 0.0339032, over 105484 frames.
WARNING (gmm-est-fmllr[5.5.0~1-40c7]:main():gmm-est-fmllr.cc:118) Did not find posteriors for utterance no10x205-16071999-1457_u0205001
LOG (gmm-est-fmllr[5.5.0~1-40c7]:ComputeFmllrMatrixDiagGmmFull():fmllr-diag-gmm.cc:262) fMLLR objf improvement is 0.0258635 per frame over 116786 frames.
LOG (gmm-est-fmllr[5.5.0~1-40c7]:main():gmm-est-fmllr.cc:143) For speaker no10x205, auxf-impr from fMLLR is 0.0258635, over 116786 frames.
WARNING (gmm-est-fmllr[5.5.0~1-40c7]:main():gmm-est-fmllr.cc:118) Did not find posteriors for utterance no10x223-22071999-1329_u0223001
LOG (gmm-est-fmllr[5.5.0~1-40c7]:ComputeFmllrMatrixDiagGmmFull():fmllr-diag-gmm.cc:262) fMLLR objf improvement is 0.0266878 per frame over 89060 frames.
LOG (gmm-est-fmllr[5.5.0~1-40c7]:main():gmm-est-fmllr.cc:143) For speaker no10x223, auxf-impr from fMLLR is 0.0266878, over 89060 frames.
WARNING (gmm-est-fmllr[5.5.0~1-40c7]:main():gmm-est-fmllr.cc:118) Did not find posteriors for utterance no10x236-29071999-0834_u0236001
LOG (gmm-est-fmllr[5.5.0~1-40c7]:ComputeFmllrMatrixDiagGmmFull():fmllr-diag-gmm.cc:262) fMLLR objf improvement is 0.0261625 per frame over 98397 frames.
LOG (gmm-est-fmllr[5.5.0~1-40c7]:main():gmm-est-fmllr.cc:143) For speaker no10x236, auxf-impr from fMLLR is 0.0261625, over 98397 frames.
WARNING (gmm-est-fmllr[5.5.0~1-40c7]:main():gmm-est-fmllr.cc:118) Did not find posteriors for utterance no10x280-16081999-1559_u0280001
LOG (gmm-est-fmllr[5.5.0~1-40c7]:ComputeFmllrMatrixDiagGmmFull():fmllr-diag-gmm.cc:262) fMLLR objf improvement is 0.0263684 per frame over 90762 frames.
LOG (gmm-est-fmllr[5.5.0~1-40c7]:main():gmm-est-fmllr.cc:143) For speaker no10x280, auxf-impr from fMLLR is 0.0263684, over 90762 frames.
WARNING (gmm-est-fmllr[5.5.0~1-40c7]:main():gmm-est-fmllr.cc:118) Did not find posteriors for utterance no10x291-19081999-1142_u0291001
LOG (gmm-est-fmllr[5.5.0~1-40c7]:ComputeFmllrMatrixDiagGmmFull():fmllr-diag-gmm.cc:262) fMLLR objf improvement is 0.0280908 per frame over 127800 frames.
LOG (gmm-est-fmllr[5.5.0~1-40c7]:main():gmm-est-fmllr.cc:143) For speaker no10x291, auxf-impr from fMLLR is 0.0280908, over 127800 frames.
WARNING (gmm-est-fmllr[5.5.0~1-40c7]:main():gmm-est-fmllr.cc:118) Did not find posteriors for utterance no10x306-02071999-1201_u0306001
LOG (gmm-est-fmllr[5.5.0~1-40c7]:ComputeFmllrMatrixDiagGmmFull():fmllr-diag-gmm.cc:262) fMLLR objf improvement is 0.0245562 per frame over 109682 frames.
LOG (gmm-est-fmllr[5.5.0~1-40c7]:main():gmm-est-fmllr.cc:143) For speaker no10x306, auxf-impr from fMLLR is 0.0245562, over 109682 frames.
WARNING (gmm-est-fmllr[5.5.0~1-40c7]:main():gmm-est-fmllr.cc:118) Did not find posteriors for utterance no10x308-02071999-1504_u0308001
WARNING (gmm-est-fmllr[5.5.0~1-40c7]:main():gmm-est-fmllr.cc:118) Did not find posteriors for utterance no10x308-02071999-1504_u0308052
LOG (gmm-est-fmllr[5.5.0~1-40c7]:ComputeFmllrMatrixDiagGmmFull():fmllr-diag-gmm.cc:262) fMLLR objf improvement is 0.0251471 per frame over 115033 frames.
LOG (gmm-est-fmllr[5.5.0~1-40c7]:main():gmm-est-fmllr.cc:143) For speaker no10x308, auxf-impr from fMLLR is 0.0251471, over 115033 frames.
WARNING (gmm-est-fmllr[5.5.0~1-40c7]:main():gmm-est-fmllr.cc:118) Did not find posteriors for utterance no10x309-03071999-0835_u0309001
LOG (gmm-est-fmllr[5.5.0~1-40c7]:ComputeFmllrMatrixDiagGmmFull():fmllr-diag-gmm.cc:262) fMLLR objf improvement is 0.0239739 per frame over 93805 frames.
LOG (gmm-est-fmllr[5.5.0~1-40c7]:main():gmm-est-fmllr.cc:143) For speaker no10x309, auxf-impr from fMLLR is 0.0239739, over 93805 frames.
WARNING (gmm-est-fmllr[5.5.0~1-40c7]:main():gmm-est-fmllr.cc:118) Did not find posteriors for utterance no10x355-19071999-1556_u0355001
WARNING (gmm-est-fmllr[5.5.0~1-40c7]:main():gmm-est-fmllr.cc:118) Did not find posteriors for utterance no10x355-19071999-1556_u0355203
LOG (gmm-est-fmllr[5.5.0~1-40c7]:ComputeFmllrMatrixDiagGmmFull():fmllr-diag-gmm.cc:262) fMLLR objf improvement is 0.0212962 per frame over 99281 frames.
LOG (gmm-est-fmllr[5.5.0~1-40c7]:main():gmm-est-fmllr.cc:143) For speaker no10x355, auxf-impr from fMLLR is 0.0212962, over 99281 frames.
WARNING (gmm-est-fmllr[5.5.0~1-40c7]:main():gmm-est-fmllr.cc:118) Did not find posteriors for utterance no10x390-02081999-0955_u0390001
LOG (gmm-est-fmllr[5.5.0~1-40c7]:ComputeFmllrMatrixDiagGmmFull():fmllr-diag-gmm.cc:262) fMLLR objf improvement is 0.0265561 per frame over 92361 frames.
LOG (gmm-est-fmllr[5.5.0~1-40c7]:main():gmm-est-fmllr.cc:143) For speaker no10x390, auxf-impr from fMLLR is 0.0265561, over 92361 frames.
WARNING (gmm-est-fmllr[5.5.0~1-40c7]:main():gmm-est-fmllr.cc:118) Did not find posteriors for utterance no10x410-09081999-1144_u0410001
LOG (gmm-est-fmllr[5.5.0~1-40c7]:ComputeFmllrMatrixDiagGmmFull():fmllr-diag-gmm.cc:262) fMLLR objf improvement is 0.0231368 per frame over 99730 frames.
LOG (gmm-est-fmllr[5.5.0~1-40c7]:main():gmm-est-fmllr.cc:143) For speaker no10x410, auxf-impr from fMLLR is 0.0231368, over 99730 frames.
WARNING (gmm-est-fmllr[5.5.0~1-40c7]:main():gmm-est-fmllr.cc:113) Did not find features for utterance no10x449-11101999-1451_u0762001
WARNING (gmm-est-fmllr[5.5.0~1-40c7]:main():gmm-est-fmllr.cc:113) Did not find features for utterance no10x449-11101999-1451_u0762002
WARNING (gmm-est-fmllr[5.5.0~1-40c7]:main():gmm-est-fmllr.cc:113) Did not find features for utterance no10x449-11101999-1451_u0762003
WARNING (gmm-est-fmllr[5.5.0~1-40c7]:main():gmm-est-fmllr.cc:113) Did not find features for utterance no10x449-11101999-1451_u0762004
WARNING (gmm-est-fmllr[5.5.0~1-40c7]:main():gmm-est-fmllr.cc:113) Did not find features for utterance no10x449-11101999-1451_u0762005
WARNING (gmm-est-fmllr[5.5.0~1-40c7]:main():gmm-est-fmllr.cc:113) Did not find features for utterance no10x449-11101999-1451_u0762006
WARNING (gmm-est-fmllr[5.5.0~1-40c7]:main():gmm-est-fmllr.cc:113) Did not find features for utterance no10x449-11101999-1451_u0762007
WARNING (gmm-est-fmllr[5.5.0~1-40c7]:main():gmm-est-fmllr.cc:113) Did not find features for utterance no10x449-11101999-1451_u0762008
WARNING (gmm-est-fmllr[5.5.0~1-40c7]:main():gmm-est-fmllr.cc:113) Did not find features for utterance no10x449-11101999-1451_u0762009
WARNING (gmm-est-fmllr[5.5.0~1-40c7]:main():gmm-est-fmllr.cc:113) Did not find features for utterance no10x449-11101999-1451_u0762010
WARNING (gmm-est-fmllr[5.5.0~1-40c7]:main():gmm-est-fmllr.cc:113) Did not find features for utterance no10x449-11101999-1451_u0762011
WARNING (gmm-est-fmllr[5.5.0~1-40c7]:main():gmm-est-fmllr.cc:113) Did not find features for utterance no10x449-11101999-1451_u0762012
WARNING (gmm-est-fmllr[5.5.0~1-40c7]:main():gmm-est-fmllr.cc:113) Did not find features for utterance no10x449-11101999-1451_u0762013
WARNING (gmm-est-fmllr[5.5.0~1-40c7]:main():gmm-est-fmllr.cc:113) Did not find features for utterance no10x449-11101999-1451_u0762014
WARNING (gmm-est-fmllr[5.5.0~1-40c7]:main():gmm-est-fmllr.cc:113) Did not find features for utterance no10x449-11101999-1451_u0762015
WARNING (gmm-est-fmllr[5.5.0~1-40c7]:main():gmm-est-fmllr.cc:113) Did not find features for utterance no10x449-11101999-1451_u0762016
WARNING (gmm-est-fmllr[5.5.0~1-40c7]:main():gmm-est-fmllr.cc:113) Did not find features for utterance no10x449-11101999-1451_u0762017
WARNING (gmm-est-fmllr[5.5.0~1-40c7]:main():gmm-est-fmllr.cc:113) Did not find features for utterance no10x449-11101999-1451_u0762018
WARNING (gmm-est-fmllr[5.5.0~1-40c7]:main():gmm-est-fmllr.cc:113) Did not find features for utterance no10x449-11101999-1451_u0762019
WARNING (gmm-est-fmllr[5.5.0~1-40c7]:main():gmm-est-fmllr.cc:113) Did not find features for utterance no10x449-11101999-1451_u0762020
WARNING (gmm-est-fmllr[5.5.0~1-40c7]:main():gmm-est-fmllr.cc:113) Did not find features for utterance no10x449-11101999-1451_u0762021
WARNING (gmm-est-fmllr[5.5.0~1-40c7]:main():gmm-est-fmllr.cc:113) Did not find features for utterance no10x449-11101999-1451_u0762022
WARNING (gmm-est-fmllr[5.5.0~1-40c7]:main():gmm-est-fmllr.cc:113) Did not find features for utterance no10x449-11101999-1451_u0762023
WARNING (gmm-est-fmllr[5.5.0~1-40c7]:main():gmm-est-fmllr.cc:113) Did not find features for utterance no10x449-11101999-1451_u0762024
WARNING (gmm-est-fmllr[5.5.0~1-40c7]:main():gmm-est-fmllr.cc:113) Did not find features for utterance no10x449-11101999-1451_u0762025
WARNING (gmm-est-fmllr[5.5.0~1-40c7]:main():gmm-est-fmllr.cc:113) Did not find features for utterance no10x449-11101999-1451_u0762026
WARNING (gmm-est-fmllr[5.5.0~1-40c7]:main():gmm-est-fmllr.cc:113) Did not find features for utterance no10x449-11101999-1451_u0762027
WARNING (gmm-est-fmllr[5.5.0~1-40c7]:main():gmm-est-fmllr.cc:113) Did not find features for utterance no10x449-11101999-1451_u0762028
WARNING (gmm-est-fmllr[5.5.0~1-40c7]:main():gmm-est-fmllr.cc:113) Did not find features for utterance no10x449-11101999-1451_u0762029
WARNING (gmm-est-fmllr[5.5.0~1-40c7]:main():gmm-est-fmllr.cc:113) Did not find features for utterance no10x449-11101999-1451_u0762030
WARNING (gmm-est-fmllr[5.5.0~1-40c7]:main():gmm-est-fmllr.cc:113) Did not find features for utterance no10x449-11101999-1451_u0762031
WARNING (gmm-est-fmllr[5.5.0~1-40c7]:main():gmm-est-fmllr.cc:113) Did not find features for utterance no10x449-11101999-1451_u0762032
WARNING (gmm-est-fmllr[5.5.0~1-40c7]:main():gmm-est-fmllr.cc:113) Did not find features for utterance no10x449-11101999-1451_u0762033
WARNING (gmm-est-fmllr[5.5.0~1-40c7]:main():gmm-est-fmllr.cc:113) Did not find features for utterance no10x449-11101999-1451_u0762034
WARNING (gmm-est-fmllr[5.5.0~1-40c7]:main():gmm-est-fmllr.cc:113) Did not find features for utterance no10x449-11101999-1451_u0762035
WARNING (gmm-est-fmllr[5.5.0~1-40c7]:main():gmm-est-fmllr.cc:113) Did not find features for utterance no10x449-11101999-1451_u0762036
WARNING (gmm-est-fmllr[5.5.0~1-40c7]:main():gmm-est-fmllr.cc:113) Did not find features for utterance no10x449-11101999-1451_u0762037
WARNING (gmm-est-fmllr[5.5.0~1-40c7]:main():gmm-est-fmllr.cc:113) Did not find features for utterance no10x449-11101999-1451_u0762038
WARNING (gmm-est-fmllr[5.5.0~1-40c7]:main():gmm-est-fmllr.cc:113) Did not find features for utterance no10x449-11101999-1451_u0762039
WARNING (gmm-est-fmllr[5.5.0~1-40c7]:main():gmm-est-fmllr.cc:113) Did not find features for utterance no10x449-11101999-1451_u0762040
WARNING (gmm-est-fmllr[5.5.0~1-40c7]:main():gmm-est-fmllr.cc:113) Did not find features for utterance no10x449-11101999-1451_u0762041
WARNING (gmm-est-fmllr[5.5.0~1-40c7]:main():gmm-est-fmllr.cc:113) Did not find features for utterance no10x449-11101999-1451_u0762042
WARNING (gmm-est-fmllr[5.5.0~1-40c7]:main():gmm-est-fmllr.cc:113) Did not find features for utterance no10x449-11101999-1451_u0762043
WARNING (gmm-est-fmllr[5.5.0~1-40c7]:main():gmm-est-fmllr.cc:113) Did not find features for utterance no10x449-11101999-1451_u0762044
WARNING (gmm-est-fmllr[5.5.0~1-40c7]:main():gmm-est-fmllr.cc:113) Did not find features for utterance no10x449-11101999-1451_u0762045
WARNING (gmm-est-fmllr[5.5.0~1-40c7]:main():gmm-est-fmllr.cc:113) Did not find features for utterance no10x449-11101999-1451_u0762046
WARNING (gmm-est-fmllr[5.5.0~1-40c7]:main():gmm-est-fmllr.cc:113) Did not find features for utterance no10x449-11101999-1451_u0762047
WARNING (gmm-est-fmllr[5.5.0~1-40c7]:main():gmm-est-fmllr.cc:113) Did not find features for utterance no10x449-11101999-1451_u0762048
WARNING (gmm-est-fmllr[5.5.0~1-40c7]:main():gmm-est-fmllr.cc:113) Did not find features for utterance no10x449-11101999-1451_u0762049
WARNING (gmm-est-fmllr[5.5.0~1-40c7]:main():gmm-est-fmllr.cc:113) Did not find features for utterance no10x449-11101999-1451_u0762050
WARNING (gmm-est-fmllr[5.5.0~1-40c7]:main():gmm-est-fmllr.cc:113) Did not find features for utterance no10x449-11101999-1451_u0762051
WARNING (gmm-est-fmllr[5.5.0~1-40c7]:main():gmm-est-fmllr.cc:113) Did not find features for utterance no10x449-11101999-1451_u0762052
WARNING (gmm-est-fmllr[5.5.0~1-40c7]:main():gmm-est-fmllr.cc:113) Did not find features for utterance no10x449-11101999-1451_u0762053
WARNING (gmm-est-fmllr[5.5.0~1-40c7]:main():gmm-est-fmllr.cc:113) Did not find features for utterance no10x449-11101999-1451_u0762054
WARNING (gmm-est-fmllr[5.5.0~1-40c7]:main():gmm-est-fmllr.cc:113) Did not find features for utterance no10x449-11101999-1451_u0762055
WARNING (gmm-est-fmllr[5.5.0~1-40c7]:main():gmm-est-fmllr.cc:113) Did not find features for utterance no10x449-11101999-1451_u0762056
WARNING (gmm-est-fmllr[5.5.0~1-40c7]:main():gmm-est-fmllr.cc:113) Did not find features for utterance no10x449-11101999-1451_u0762057
WARNING (gmm-est-fmllr[5.5.0~1-40c7]:main():gmm-est-fmllr.cc:113) Did not find features for utterance no10x449-11101999-1451_u0762058
WARNING (gmm-est-fmllr[5.5.0~1-40c7]:main():gmm-est-fmllr.cc:113) Did not find features for utterance no10x449-11101999-1451_u0762059
WARNING (gmm-est-fmllr[5.5.0~1-40c7]:main():gmm-est-fmllr.cc:113) Did not find features for utterance no10x449-11101999-1451_u0762060
WARNING (gmm-est-fmllr[5.5.0~1-40c7]:main():gmm-est-fmllr.cc:113) Did not find features for utterance no10x449-11101999-1451_u0762061
WARNING (gmm-est-fmllr[5.5.0~1-40c7]:main():gmm-est-fmllr.cc:113) Did not find features for utterance no10x449-11101999-1451_u0762062
WARNING (gmm-est-fmllr[5.5.0~1-40c7]:main():gmm-est-fmllr.cc:113) Did not find features for utterance no10x449-11101999-1451_u0762063
WARNING (gmm-est-fmllr[5.5.0~1-40c7]:main():gmm-est-fmllr.cc:113) Did not find features for utterance no10x449-11101999-1451_u0762064
WARNING (gmm-est-fmllr[5.5.0~1-40c7]:main():gmm-est-fmllr.cc:113) Did not find features for utterance no10x449-11101999-1451_u0762065
WARNING (gmm-est-fmllr[5.5.0~1-40c7]:main():gmm-est-fmllr.cc:113) Did not find features for utterance no10x449-11101999-1451_u0762066
WARNING (gmm-est-fmllr[5.5.0~1-40c7]:main():gmm-est-fmllr.cc:113) Did not find features for utterance no10x449-11101999-1451_u0762067
WARNING (gmm-est-fmllr[5.5.0~1-40c7]:main():gmm-est-fmllr.cc:113) Did not find features for utterance no10x449-11101999-1451_u0762068
WARNING (gmm-est-fmllr[5.5.0~1-40c7]:main():gmm-est-fmllr.cc:113) Did not find features for utterance no10x449-11101999-1451_u0762069
WARNING (gmm-est-fmllr[5.5.0~1-40c7]:main():gmm-est-fmllr.cc:113) Did not find features for utterance no10x449-11101999-1451_u0762070
WARNING (gmm-est-fmllr[5.5.0~1-40c7]:main():gmm-est-fmllr.cc:113) Did not find features for utterance no10x449-11101999-1451_u0762071
WARNING (gmm-est-fmllr[5.5.0~1-40c7]:main():gmm-est-fmllr.cc:113) Did not find features for utterance no10x449-11101999-1451_u0762072
WARNING (gmm-est-fmllr[5.5.0~1-40c7]:main():gmm-est-fmllr.cc:113) Did not find features for utterance no10x449-11101999-1451_u0762073
WARNING (gmm-est-fmllr[5.5.0~1-40c7]:main():gmm-est-fmllr.cc:113) Did not find features for utterance no10x449-11101999-1451_u0762074
WARNING (gmm-est-fmllr[5.5.0~1-40c7]:main():gmm-est-fmllr.cc:113) Did not find features for utterance no10x449-11101999-1451_u0762075
WARNING (gmm-est-fmllr[5.5.0~1-40c7]:main():gmm-est-fmllr.cc:113) Did not find features for utterance no10x449-11101999-1451_u0762076
WARNING (gmm-est-fmllr[5.5.0~1-40c7]:main():gmm-est-fmllr.cc:113) Did not find features for utterance no10x449-11101999-1451_u0762077
WARNING (gmm-est-fmllr[5.5.0~1-40c7]:main():gmm-est-fmllr.cc:113) Did not find features for utterance no10x449-11101999-1451_u0762078
WARNING (gmm-est-fmllr[5.5.0~1-40c7]:main():gmm-est-fmllr.cc:113) Did not find features for utterance no10x449-11101999-1451_u0762079
WARNING (gmm-est-fmllr[5.5.0~1-40c7]:main():gmm-est-fmllr.cc:113) Did not find features for utterance no10x449-11101999-1451_u0762080
WARNING (gmm-est-fmllr[5.5.0~1-40c7]:main():gmm-est-fmllr.cc:113) Did not find features for utterance no10x449-11101999-1451_u0762081
WARNING (gmm-est-fmllr[5.5.0~1-40c7]:main():gmm-est-fmllr.cc:113) Did not find features for utterance no10x449-11101999-1451_u0762082
WARNING (gmm-est-fmllr[5.5.0~1-40c7]:main():gmm-est-fmllr.cc:113) Did not find features for utterance no10x449-11101999-1451_u0762083
WARNING (gmm-est-fmllr[5.5.0~1-40c7]:main():gmm-est-fmllr.cc:113) Did not find features for utterance no10x449-11101999-1451_u0762084
WARNING (gmm-est-fmllr[5.5.0~1-40c7]:main():gmm-est-fmllr.cc:113) Did not find features for utterance no10x449-11101999-1451_u0762085
WARNING (gmm-est-fmllr[5.5.0~1-40c7]:main():gmm-est-fmllr.cc:113) Did not find features for utterance no10x449-11101999-1451_u0762086
WARNING (gmm-est-fmllr[5.5.0~1-40c7]:main():gmm-est-fmllr.cc:113) Did not find features for utterance no10x449-11101999-1451_u0762087
WARNING (gmm-est-fmllr[5.5.0~1-40c7]:main():gmm-est-fmllr.cc:113) Did not find features for utterance no10x449-11101999-1451_u0762088
WARNING (gmm-est-fmllr[5.5.0~1-40c7]:main():gmm-est-fmllr.cc:113) Did not find features for utterance no10x449-11101999-1451_u0762089
WARNING (gmm-est-fmllr[5.5.0~1-40c7]:main():gmm-est-fmllr.cc:113) Did not find features for utterance no10x449-11101999-1451_u0762090
WARNING (gmm-est-fmllr[5.5.0~1-40c7]:main():gmm-est-fmllr.cc:113) Did not find features for utterance no10x449-11101999-1451_u0762091
WARNING (gmm-est-fmllr[5.5.0~1-40c7]:main():gmm-est-fmllr.cc:113) Did not find features for utterance no10x449-11101999-1451_u0762092
WARNING (gmm-est-fmllr[5.5.0~1-40c7]:main():gmm-est-fmllr.cc:113) Did not find features for utterance no10x449-11101999-1451_u0762093
WARNING (gmm-est-fmllr[5.5.0~1-40c7]:main():gmm-est-fmllr.cc:113) Did not find features for utterance no10x449-11101999-1451_u0762094
WARNING (gmm-est-fmllr[5.5.0~1-40c7]:main():gmm-est-fmllr.cc:113) Did not find features for utterance no10x449-11101999-1451_u0762095
WARNING (gmm-est-fmllr[5.5.0~1-40c7]:main():gmm-est-fmllr.cc:113) Did not find features for utterance no10x449-11101999-1451_u0762096
WARNING (gmm-est-fmllr[5.5.0~1-40c7]:main():gmm-est-fmllr.cc:113) Did not find features for utterance no10x449-11101999-1451_u0762097
WARNING (gmm-est-fmllr[5.5.0~1-40c7]:main():gmm-est-fmllr.cc:113) Did not find features for utterance no10x449-11101999-1451_u0762098
WARNING (gmm-est-fmllr[5.5.0~1-40c7]:main():gmm-est-fmllr.cc:113) Did not find features for utterance no10x449-11101999-1451_u0762099
WARNING (gmm-est-fmllr[5.5.0~1-40c7]:main():gmm-est-fmllr.cc:113) Did not find features for utterance no10x449-11101999-1451_u0762100
WARNING (gmm-est-fmllr[5.5.0~1-40c7]:main():gmm-est-fmllr.cc:113) Did not find features for utterance no10x449-11101999-1451_u0762101
WARNING (gmm-est-fmllr[5.5.0~1-40c7]:main():gmm-est-fmllr.cc:113) Did not find features for utterance no10x449-11101999-1451_u0762102
WARNING (gmm-est-fmllr[5.5.0~1-40c7]:main():gmm-est-fmllr.cc:113) Did not find features for utterance no10x449-11101999-1451_u0762103
WARNING (gmm-est-fmllr[5.5.0~1-40c7]:main():gmm-est-fmllr.cc:113) Did not find features for utterance no10x449-11101999-1451_u0762104
WARNING (gmm-est-fmllr[5.5.0~1-40c7]:main():gmm-est-fmllr.cc:113) Did not find features for utterance no10x449-11101999-1451_u0762105
WARNING (gmm-est-fmllr[5.5.0~1-40c7]:main():gmm-est-fmllr.cc:113) Did not find features for utterance no10x449-11101999-1451_u0762106
WARNING (gmm-est-fmllr[5.5.0~1-40c7]:main():gmm-est-fmllr.cc:113) Did not find features for utterance no10x449-11101999-1451_u0762107
WARNING (gmm-est-fmllr[5.5.0~1-40c7]:main():gmm-est-fmllr.cc:113) Did not find features for utterance no10x449-11101999-1451_u0762108
WARNING (gmm-est-fmllr[5.5.0~1-40c7]:main():gmm-est-fmllr.cc:113) Did not find features for utterance no10x449-11101999-1451_u0762109
WARNING (gmm-est-fmllr[5.5.0~1-40c7]:main():gmm-est-fmllr.cc:113) Did not find features for utterance no10x449-11101999-1451_u0762110
WARNING (gmm-est-fmllr[5.5.0~1-40c7]:main():gmm-est-fmllr.cc:113) Did not find features for utterance no10x449-11101999-1451_u0762111
WARNING (gmm-est-fmllr[5.5.0~1-40c7]:main():gmm-est-fmllr.cc:113) Did not find features for utterance no10x449-11101999-1451_u0762112
WARNING (gmm-est-fmllr[5.5.0~1-40c7]:main():gmm-est-fmllr.cc:113) Did not find features for utterance no10x449-11101999-1451_u0762113
WARNING (gmm-est-fmllr[5.5.0~1-40c7]:main():gmm-est-fmllr.cc:113) Did not find features for utterance no10x449-11101999-1451_u0762114
WARNING (gmm-est-fmllr[5.5.0~1-40c7]:main():gmm-est-fmllr.cc:113) Did not find features for utterance no10x449-11101999-1451_u0762115
WARNING (gmm-est-fmllr[5.5.0~1-40c7]:main():gmm-est-fmllr.cc:113) Did not find features for utterance no10x449-11101999-1451_u0762116
WARNING (gmm-est-fmllr[5.5.0~1-40c7]:main():gmm-est-fmllr.cc:113) Did not find features for utterance no10x449-11101999-1451_u0762117
WARNING (gmm-est-fmllr[5.5.0~1-40c7]:main():gmm-est-fmllr.cc:113) Did not find features for utterance no10x449-11101999-1451_u0762118
WARNING (gmm-est-fmllr[5.5.0~1-40c7]:main():gmm-est-fmllr.cc:113) Did not find features for utterance no10x449-11101999-1451_u0762119
WARNING (gmm-est-fmllr[5.5.0~1-40c7]:main():gmm-est-fmllr.cc:113) Did not find features for utterance no10x449-11101999-1451_u0762120
WARNING (gmm-est-fmllr[5.5.0~1-40c7]:main():gmm-est-fmllr.cc:113) Did not find features for utterance no10x449-11101999-1451_u0762121
WARNING (gmm-est-fmllr[5.5.0~1-40c7]:main():gmm-est-fmllr.cc:113) Did not find features for utterance no10x449-11101999-1451_u0762122
WARNING (gmm-est-fmllr[5.5.0~1-40c7]:main():gmm-est-fmllr.cc:113) Did not find features for utterance no10x449-11101999-1451_u0762123
WARNING (gmm-est-fmllr[5.5.0~1-40c7]:main():gmm-est-fmllr.cc:113) Did not find features for utterance no10x449-11101999-1451_u0762124
WARNING (gmm-est-fmllr[5.5.0~1-40c7]:main():gmm-est-fmllr.cc:113) Did not find features for utterance no10x449-11101999-1451_u0762125
WARNING (gmm-est-fmllr[5.5.0~1-40c7]:main():gmm-est-fmllr.cc:113) Did not find features for utterance no10x449-11101999-1451_u0762126
WARNING (gmm-est-fmllr[5.5.0~1-40c7]:main():gmm-est-fmllr.cc:113) Did not find features for utterance no10x449-11101999-1451_u0762127
WARNING (gmm-est-fmllr[5.5.0~1-40c7]:main():gmm-est-fmllr.cc:113) Did not find features for utterance no10x449-11101999-1451_u0762128
WARNING (gmm-est-fmllr[5.5.0~1-40c7]:main():gmm-est-fmllr.cc:113) Did not find features for utterance no10x449-11101999-1451_u0762129
WARNING (gmm-est-fmllr[5.5.0~1-40c7]:main():gmm-est-fmllr.cc:113) Did not find features for utterance no10x449-11101999-1451_u0762130
WARNING (gmm-est-fmllr[5.5.0~1-40c7]:main():gmm-est-fmllr.cc:113) Did not find features for utterance no10x449-11101999-1451_u0762131
WARNING (gmm-est-fmllr[5.5.0~1-40c7]:main():gmm-est-fmllr.cc:113) Did not find features for utterance no10x449-11101999-1451_u0762132
WARNING (gmm-est-fmllr[5.5.0~1-40c7]:main():gmm-est-fmllr.cc:113) Did not find features for utterance no10x449-11101999-1451_u0762133
WARNING (gmm-est-fmllr[5.5.0~1-40c7]:main():gmm-est-fmllr.cc:113) Did not find features for utterance no10x449-11101999-1451_u0762134
WARNING (gmm-est-fmllr[5.5.0~1-40c7]:main():gmm-est-fmllr.cc:113) Did not find features for utterance no10x449-11101999-1451_u0762135
WARNING (gmm-est-fmllr[5.5.0~1-40c7]:main():gmm-est-fmllr.cc:113) Did not find features for utterance no10x449-11101999-1451_u0762136
WARNING (gmm-est-fmllr[5.5.0~1-40c7]:main():gmm-est-fmllr.cc:113) Did not find features for utterance no10x449-11101999-1451_u0762137
WARNING (gmm-est-fmllr[5.5.0~1-40c7]:main():gmm-est-fmllr.cc:113) Did not find features for utterance no10x449-11101999-1451_u0762138
WARNING (gmm-est-fmllr[5.5.0~1-40c7]:main():gmm-est-fmllr.cc:113) Did not find features for utterance no10x449-11101999-1451_u0762139
WARNING (gmm-est-fmllr[5.5.0~1-40c7]:main():gmm-est-fmllr.cc:113) Did not find features for utterance no10x449-11101999-1451_u0762140
WARNING (gmm-est-fmllr[5.5.0~1-40c7]:main():gmm-est-fmllr.cc:113) Did not find features for utterance no10x449-11101999-1451_u0762141
WARNING (gmm-est-fmllr[5.5.0~1-40c7]:main():gmm-est-fmllr.cc:113) Did not find features for utterance no10x449-11101999-1451_u0762142
WARNING (gmm-est-fmllr[5.5.0~1-40c7]:main():gmm-est-fmllr.cc:113) Did not find features for utterance no10x449-11101999-1451_u0762143
WARNING (gmm-est-fmllr[5.5.0~1-40c7]:main():gmm-est-fmllr.cc:113) Did not find features for utterance no10x449-11101999-1451_u0762144
WARNING (gmm-est-fmllr[5.5.0~1-40c7]:main():gmm-est-fmllr.cc:113) Did not find features for utterance no10x449-11101999-1451_u0762145
WARNING (gmm-est-fmllr[5.5.0~1-40c7]:main():gmm-est-fmllr.cc:113) Did not find features for utterance no10x449-11101999-1451_u0762146
WARNING (gmm-est-fmllr[5.5.0~1-40c7]:main():gmm-est-fmllr.cc:113) Did not find features for utterance no10x449-11101999-1451_u0762147
WARNING (gmm-est-fmllr[5.5.0~1-40c7]:main():gmm-est-fmllr.cc:113) Did not find features for utterance no10x449-11101999-1451_u0762148
WARNING (gmm-est-fmllr[5.5.0~1-40c7]:main():gmm-est-fmllr.cc:113) Did not find features for utterance no10x449-11101999-1451_u0762149
WARNING (gmm-est-fmllr[5.5.0~1-40c7]:main():gmm-est-fmllr.cc:113) Did not find features for utterance no10x449-11101999-1451_u0762150
WARNING (gmm-est-fmllr[5.5.0~1-40c7]:main():gmm-est-fmllr.cc:113) Did not find features for utterance no10x449-11101999-1451_u0762151
WARNING (gmm-est-fmllr[5.5.0~1-40c7]:main():gmm-est-fmllr.cc:113) Did not find features for utterance no10x449-11101999-1451_u0762152
WARNING (gmm-est-fmllr[5.5.0~1-40c7]:main():gmm-est-fmllr.cc:113) Did not find features for utterance no10x449-11101999-1451_u0762153
WARNING (gmm-est-fmllr[5.5.0~1-40c7]:main():gmm-est-fmllr.cc:113) Did not find features for utterance no10x449-11101999-1451_u0762154
WARNING (gmm-est-fmllr[5.5.0~1-40c7]:main():gmm-est-fmllr.cc:113) Did not find features for utterance no10x449-11101999-1451_u0762155
WARNING (gmm-est-fmllr[5.5.0~1-40c7]:main():gmm-est-fmllr.cc:113) Did not find features for utterance no10x449-11101999-1451_u0762156
WARNING (gmm-est-fmllr[5.5.0~1-40c7]:main():gmm-est-fmllr.cc:113) Did not find features for utterance no10x449-11101999-1451_u0762157
WARNING (gmm-est-fmllr[5.5.0~1-40c7]:main():gmm-est-fmllr.cc:113) Did not find features for utterance no10x449-11101999-1451_u0762158
WARNING (gmm-est-fmllr[5.5.0~1-40c7]:main():gmm-est-fmllr.cc:113) Did not find features for utterance no10x449-11101999-1451_u0762159
WARNING (gmm-est-fmllr[5.5.0~1-40c7]:main():gmm-est-fmllr.cc:113) Did not find features for utterance no10x449-11101999-1451_u0762160
WARNING (gmm-est-fmllr[5.5.0~1-40c7]:main():gmm-est-fmllr.cc:113) Did not find features for utterance no10x449-11101999-1451_u0762161
WARNING (gmm-est-fmllr[5.5.0~1-40c7]:main():gmm-est-fmllr.cc:113) Did not find features for utterance no10x449-11101999-1451_u0762162
WARNING (gmm-est-fmllr[5.5.0~1-40c7]:main():gmm-est-fmllr.cc:113) Did not find features for utterance no10x449-11101999-1451_u0762163
WARNING (gmm-est-fmllr[5.5.0~1-40c7]:main():gmm-est-fmllr.cc:113) Did not find features for utterance no10x449-11101999-1451_u0762164
WARNING (gmm-est-fmllr[5.5.0~1-40c7]:main():gmm-est-fmllr.cc:113) Did not find features for utterance no10x449-11101999-1451_u0762165
WARNING (gmm-est-fmllr[5.5.0~1-40c7]:main():gmm-est-fmllr.cc:113) Did not find features for utterance no10x449-11101999-1451_u0762166
WARNING (gmm-est-fmllr[5.5.0~1-40c7]:main():gmm-est-fmllr.cc:113) Did not find features for utterance no10x449-11101999-1451_u0762167
WARNING (gmm-est-fmllr[5.5.0~1-40c7]:main():gmm-est-fmllr.cc:113) Did not find features for utterance no10x449-11101999-1451_u0762168
WARNING (gmm-est-fmllr[5.5.0~1-40c7]:main():gmm-est-fmllr.cc:113) Did not find features for utterance no10x449-11101999-1451_u0762169
WARNING (gmm-est-fmllr[5.5.0~1-40c7]:main():gmm-est-fmllr.cc:113) Did not find features for utterance no10x449-11101999-1451_u0762170
WARNING (gmm-est-fmllr[5.5.0~1-40c7]:main():gmm-est-fmllr.cc:113) Did not find features for utterance no10x449-11101999-1451_u0762171
WARNING (gmm-est-fmllr[5.5.0~1-40c7]:main():gmm-est-fmllr.cc:113) Did not find features for utterance no10x449-11101999-1451_u0762172
WARNING (gmm-est-fmllr[5.5.0~1-40c7]:main():gmm-est-fmllr.cc:113) Did not find features for utterance no10x449-11101999-1451_u0762173
WARNING (gmm-est-fmllr[5.5.0~1-40c7]:main():gmm-est-fmllr.cc:113) Did not find features for utterance no10x449-11101999-1451_u0762174
WARNING (gmm-est-fmllr[5.5.0~1-40c7]:main():gmm-est-fmllr.cc:113) Did not find features for utterance no10x449-11101999-1451_u0762175
WARNING (gmm-est-fmllr[5.5.0~1-40c7]:main():gmm-est-fmllr.cc:113) Did not find features for utterance no10x449-11101999-1451_u0762176
WARNING (gmm-est-fmllr[5.5.0~1-40c7]:main():gmm-est-fmllr.cc:113) Did not find features for utterance no10x449-11101999-1451_u0762177
WARNING (gmm-est-fmllr[5.5.0~1-40c7]:main():gmm-est-fmllr.cc:113) Did not find features for utterance no10x449-11101999-1451_u0762178
WARNING (gmm-est-fmllr[5.5.0~1-40c7]:main():gmm-est-fmllr.cc:113) Did not find features for utterance no10x449-11101999-1451_u0762179
WARNING (gmm-est-fmllr[5.5.0~1-40c7]:main():gmm-est-fmllr.cc:113) Did not find features for utterance no10x449-11101999-1451_u0762180
WARNING (gmm-est-fmllr[5.5.0~1-40c7]:main():gmm-est-fmllr.cc:113) Did not find features for utterance no10x449-11101999-1451_u0762181
WARNING (gmm-est-fmllr[5.5.0~1-40c7]:main():gmm-est-fmllr.cc:113) Did not find features for utterance no10x449-11101999-1451_u0762182
WARNING (gmm-est-fmllr[5.5.0~1-40c7]:main():gmm-est-fmllr.cc:113) Did not find features for utterance no10x449-11101999-1451_u0762183
WARNING (gmm-est-fmllr[5.5.0~1-40c7]:main():gmm-est-fmllr.cc:113) Did not find features for utterance no10x449-11101999-1451_u0762184
WARNING (gmm-est-fmllr[5.5.0~1-40c7]:main():gmm-est-fmllr.cc:113) Did not find features for utterance no10x449-11101999-1451_u0762185
WARNING (gmm-est-fmllr[5.5.0~1-40c7]:main():gmm-est-fmllr.cc:113) Did not find features for utterance no10x449-11101999-1451_u0762186
WARNING (gmm-est-fmllr[5.5.0~1-40c7]:main():gmm-est-fmllr.cc:113) Did not find features for utterance no10x449-11101999-1451_u0762187
WARNING (gmm-est-fmllr[5.5.0~1-40c7]:main():gmm-est-fmllr.cc:113) Did not find features for utterance no10x449-11101999-1451_u0762188
WARNING (gmm-est-fmllr[5.5.0~1-40c7]:main():gmm-est-fmllr.cc:113) Did not find features for utterance no10x449-11101999-1451_u0762189
WARNING (gmm-est-fmllr[5.5.0~1-40c7]:main():gmm-est-fmllr.cc:113) Did not find features for utterance no10x449-11101999-1451_u0762190
WARNING (gmm-est-fmllr[5.5.0~1-40c7]:main():gmm-est-fmllr.cc:113) Did not find features for utterance no10x449-11101999-1451_u0762191
WARNING (gmm-est-fmllr[5.5.0~1-40c7]:main():gmm-est-fmllr.cc:113) Did not find features for utterance no10x449-11101999-1451_u0762192
WARNING (gmm-est-fmllr[5.5.0~1-40c7]:main():gmm-est-fmllr.cc:113) Did not find features for utterance no10x449-11101999-1451_u0762193
WARNING (gmm-est-fmllr[5.5.0~1-40c7]:main():gmm-est-fmllr.cc:113) Did not find features for utterance no10x449-11101999-1451_u0762194
WARNING (gmm-est-fmllr[5.5.0~1-40c7]:main():gmm-est-fmllr.cc:113) Did not find features for utterance no10x449-11101999-1451_u0762195
WARNING (gmm-est-fmllr[5.5.0~1-40c7]:main():gmm-est-fmllr.cc:113) Did not find features for utterance no10x449-11101999-1451_u0762196
WARNING (gmm-est-fmllr[5.5.0~1-40c7]:main():gmm-est-fmllr.cc:113) Did not find features for utterance no10x449-11101999-1451_u0762197
WARNING (gmm-est-fmllr[5.5.0~1-40c7]:main():gmm-est-fmllr.cc:113) Did not find features for utterance no10x449-11101999-1451_u0762198
WARNING (gmm-est-fmllr[5.5.0~1-40c7]:main():gmm-est-fmllr.cc:113) Did not find features for utterance no10x449-11101999-1451_u0762199
WARNING (gmm-est-fmllr[5.5.0~1-40c7]:main():gmm-est-fmllr.cc:113) Did not find features for utterance no10x449-11101999-1451_u0762200
WARNING (gmm-est-fmllr[5.5.0~1-40c7]:main():gmm-est-fmllr.cc:113) Did not find features for utterance no10x449-11101999-1451_u0762201
WARNING (gmm-est-fmllr[5.5.0~1-40c7]:main():gmm-est-fmllr.cc:113) Did not find features for utterance no10x449-11101999-1451_u0762202
WARNING (gmm-est-fmllr[5.5.0~1-40c7]:main():gmm-est-fmllr.cc:113) Did not find features for utterance no10x449-11101999-1451_u0762203
WARNING (gmm-est-fmllr[5.5.0~1-40c7]:main():gmm-est-fmllr.cc:113) Did not find features for utterance no10x449-11101999-1451_u0762204
WARNING (gmm-est-fmllr[5.5.0~1-40c7]:main():gmm-est-fmllr.cc:113) Did not find features for utterance no10x449-11101999-1451_u0762205
WARNING (gmm-est-fmllr[5.5.0~1-40c7]:main():gmm-est-fmllr.cc:113) Did not find features for utterance no10x449-11101999-1451_u0762206
WARNING (gmm-est-fmllr[5.5.0~1-40c7]:main():gmm-est-fmllr.cc:113) Did not find features for utterance no10x449-11101999-1451_u0762207
WARNING (gmm-est-fmllr[5.5.0~1-40c7]:main():gmm-est-fmllr.cc:113) Did not find features for utterance no10x449-11101999-1451_u0762208
WARNING (gmm-est-fmllr[5.5.0~1-40c7]:main():gmm-est-fmllr.cc:113) Did not find features for utterance no10x449-11101999-1451_u0762209
WARNING (gmm-est-fmllr[5.5.0~1-40c7]:main():gmm-est-fmllr.cc:113) Did not find features for utterance no10x449-11101999-1451_u0762210
WARNING (gmm-est-fmllr[5.5.0~1-40c7]:main():gmm-est-fmllr.cc:113) Did not find features for utterance no10x449-11101999-1451_u0762211
WARNING (gmm-est-fmllr[5.5.0~1-40c7]:main():gmm-est-fmllr.cc:113) Did not find features for utterance no10x449-11101999-1451_u0762212
WARNING (gmm-est-fmllr[5.5.0~1-40c7]:main():gmm-est-fmllr.cc:113) Did not find features for utterance no10x449-11101999-1451_u0762213
WARNING (gmm-est-fmllr[5.5.0~1-40c7]:main():gmm-est-fmllr.cc:113) Did not find features for utterance no10x449-11101999-1451_u0762214
WARNING (gmm-est-fmllr[5.5.0~1-40c7]:main():gmm-est-fmllr.cc:113) Did not find features for utterance no10x449-11101999-1451_u0762215
WARNING (gmm-est-fmllr[5.5.0~1-40c7]:main():gmm-est-fmllr.cc:113) Did not find features for utterance no10x449-11101999-1451_u0762216
WARNING (gmm-est-fmllr[5.5.0~1-40c7]:main():gmm-est-fmllr.cc:113) Did not find features for utterance no10x449-11101999-1451_u0762217
WARNING (gmm-est-fmllr[5.5.0~1-40c7]:main():gmm-est-fmllr.cc:113) Did not find features for utterance no10x449-11101999-1451_u0762218
WARNING (gmm-est-fmllr[5.5.0~1-40c7]:main():gmm-est-fmllr.cc:113) Did not find features for utterance no10x449-11101999-1451_u0762219
WARNING (gmm-est-fmllr[5.5.0~1-40c7]:main():gmm-est-fmllr.cc:113) Did not find features for utterance no10x449-11101999-1451_u0762220
WARNING (gmm-est-fmllr[5.5.0~1-40c7]:main():gmm-est-fmllr.cc:113) Did not find features for utterance no10x449-11101999-1451_u0762221
WARNING (gmm-est-fmllr[5.5.0~1-40c7]:main():gmm-est-fmllr.cc:113) Did not find features for utterance no10x449-11101999-1451_u0762222
WARNING (gmm-est-fmllr[5.5.0~1-40c7]:main():gmm-est-fmllr.cc:113) Did not find features for utterance no10x449-11101999-1451_u0762223
WARNING (gmm-est-fmllr[5.5.0~1-40c7]:main():gmm-est-fmllr.cc:113) Did not find features for utterance no10x449-11101999-1451_u0762224
WARNING (gmm-est-fmllr[5.5.0~1-40c7]:main():gmm-est-fmllr.cc:113) Did not find features for utterance no10x449-11101999-1451_u0762225
WARNING (gmm-est-fmllr[5.5.0~1-40c7]:main():gmm-est-fmllr.cc:113) Did not find features for utterance no10x449-11101999-1451_u0762226
WARNING (gmm-est-fmllr[5.5.0~1-40c7]:main():gmm-est-fmllr.cc:113) Did not find features for utterance no10x449-11101999-1451_u0762227
WARNING (gmm-est-fmllr[5.5.0~1-40c7]:main():gmm-est-fmllr.cc:113) Did not find features for utterance no10x449-11101999-1451_u0762228
WARNING (gmm-est-fmllr[5.5.0~1-40c7]:main():gmm-est-fmllr.cc:113) Did not find features for utterance no10x449-11101999-1451_u0762229
WARNING (gmm-est-fmllr[5.5.0~1-40c7]:main():gmm-est-fmllr.cc:113) Did not find features for utterance no10x449-11101999-1451_u0762230
WARNING (gmm-est-fmllr[5.5.0~1-40c7]:main():gmm-est-fmllr.cc:113) Did not find features for utterance no10x449-11101999-1451_u0762231
WARNING (gmm-est-fmllr[5.5.0~1-40c7]:main():gmm-est-fmllr.cc:113) Did not find features for utterance no10x449-11101999-1451_u0762232
WARNING (gmm-est-fmllr[5.5.0~1-40c7]:main():gmm-est-fmllr.cc:113) Did not find features for utterance no10x449-11101999-1451_u0762233
WARNING (gmm-est-fmllr[5.5.0~1-40c7]:main():gmm-est-fmllr.cc:113) Did not find features for utterance no10x449-11101999-1451_u0762234
WARNING (gmm-est-fmllr[5.5.0~1-40c7]:main():gmm-est-fmllr.cc:113) Did not find features for utterance no10x449-11101999-1451_u0762235
WARNING (gmm-est-fmllr[5.5.0~1-40c7]:main():gmm-est-fmllr.cc:113) Did not find features for utterance no10x449-11101999-1451_u0762236
WARNING (gmm-est-fmllr[5.5.0~1-40c7]:main():gmm-est-fmllr.cc:113) Did not find features for utterance no10x449-11101999-1451_u0762237
WARNING (gmm-est-fmllr[5.5.0~1-40c7]:main():gmm-est-fmllr.cc:113) Did not find features for utterance no10x449-11101999-1451_u0762238
WARNING (gmm-est-fmllr[5.5.0~1-40c7]:main():gmm-est-fmllr.cc:113) Did not find features for utterance no10x449-11101999-1451_u0762239
WARNING (gmm-est-fmllr[5.5.0~1-40c7]:main():gmm-est-fmllr.cc:113) Did not find features for utterance no10x449-11101999-1451_u0762240
WARNING (gmm-est-fmllr[5.5.0~1-40c7]:main():gmm-est-fmllr.cc:113) Did not find features for utterance no10x449-11101999-1451_u0762241
WARNING (gmm-est-fmllr[5.5.0~1-40c7]:main():gmm-est-fmllr.cc:113) Did not find features for utterance no10x449-11101999-1451_u0762242
WARNING (gmm-est-fmllr[5.5.0~1-40c7]:main():gmm-est-fmllr.cc:113) Did not find features for utterance no10x449-11101999-1451_u0762243
WARNING (gmm-est-fmllr[5.5.0~1-40c7]:main():gmm-est-fmllr.cc:113) Did not find features for utterance no10x449-11101999-1451_u0762244
WARNING (gmm-est-fmllr[5.5.0~1-40c7]:main():gmm-est-fmllr.cc:113) Did not find features for utterance no10x449-11101999-1451_u0762245
WARNING (gmm-est-fmllr[5.5.0~1-40c7]:main():gmm-est-fmllr.cc:113) Did not find features for utterance no10x449-11101999-1451_u0762246
WARNING (gmm-est-fmllr[5.5.0~1-40c7]:main():gmm-est-fmllr.cc:113) Did not find features for utterance no10x449-11101999-1451_u0762247
WARNING (gmm-est-fmllr[5.5.0~1-40c7]:main():gmm-est-fmllr.cc:113) Did not find features for utterance no10x449-11101999-1451_u0762248
WARNING (gmm-est-fmllr[5.5.0~1-40c7]:main():gmm-est-fmllr.cc:113) Did not find features for utterance no10x449-11101999-1451_u0762249
WARNING (gmm-est-fmllr[5.5.0~1-40c7]:main():gmm-est-fmllr.cc:113) Did not find features for utterance no10x449-11101999-1451_u0762250
WARNING (gmm-est-fmllr[5.5.0~1-40c7]:main():gmm-est-fmllr.cc:113) Did not find features for utterance no10x449-11101999-1451_u0762251
WARNING (gmm-est-fmllr[5.5.0~1-40c7]:main():gmm-est-fmllr.cc:113) Did not find features for utterance no10x449-11101999-1451_u0762252
WARNING (gmm-est-fmllr[5.5.0~1-40c7]:main():gmm-est-fmllr.cc:113) Did not find features for utterance no10x449-11101999-1451_u0762253
WARNING (gmm-est-fmllr[5.5.0~1-40c7]:main():gmm-est-fmllr.cc:113) Did not find features for utterance no10x449-11101999-1451_u0762254
WARNING (gmm-est-fmllr[5.5.0~1-40c7]:main():gmm-est-fmllr.cc:113) Did not find features for utterance no10x449-11101999-1451_u0762255
WARNING (gmm-est-fmllr[5.5.0~1-40c7]:main():gmm-est-fmllr.cc:113) Did not find features for utterance no10x449-11101999-1451_u0762256
WARNING (gmm-est-fmllr[5.5.0~1-40c7]:main():gmm-est-fmllr.cc:113) Did not find features for utterance no10x449-11101999-1451_u0762257
WARNING (gmm-est-fmllr[5.5.0~1-40c7]:main():gmm-est-fmllr.cc:113) Did not find features for utterance no10x449-11101999-1451_u0762258
WARNING (gmm-est-fmllr[5.5.0~1-40c7]:main():gmm-est-fmllr.cc:113) Did not find features for utterance no10x449-11101999-1451_u0762259
WARNING (gmm-est-fmllr[5.5.0~1-40c7]:main():gmm-est-fmllr.cc:113) Did not find features for utterance no10x449-11101999-1451_u0762260
WARNING (gmm-est-fmllr[5.5.0~1-40c7]:main():gmm-est-fmllr.cc:113) Did not find features for utterance no10x449-11101999-1451_u0762261
WARNING (gmm-est-fmllr[5.5.0~1-40c7]:main():gmm-est-fmllr.cc:113) Did not find features for utterance no10x449-11101999-1451_u0762262
WARNING (gmm-est-fmllr[5.5.0~1-40c7]:main():gmm-est-fmllr.cc:113) Did not find features for utterance no10x449-11101999-1451_u0762263
WARNING (gmm-est-fmllr[5.5.0~1-40c7]:main():gmm-est-fmllr.cc:113) Did not find features for utterance no10x449-11101999-1451_u0762264
WARNING (gmm-est-fmllr[5.5.0~1-40c7]:main():gmm-est-fmllr.cc:113) Did not find features for utterance no10x449-11101999-1451_u0762265
WARNING (gmm-est-fmllr[5.5.0~1-40c7]:main():gmm-est-fmllr.cc:113) Did not find features for utterance no10x449-11101999-1451_u0762266
WARNING (gmm-est-fmllr[5.5.0~1-40c7]:main():gmm-est-fmllr.cc:113) Did not find features for utterance no10x449-11101999-1451_u0762267
WARNING (gmm-est-fmllr[5.5.0~1-40c7]:main():gmm-est-fmllr.cc:113) Did not find features for utterance no10x449-11101999-1451_u0762268
WARNING (gmm-est-fmllr[5.5.0~1-40c7]:main():gmm-est-fmllr.cc:113) Did not find features for utterance no10x449-11101999-1451_u0762269
WARNING (gmm-est-fmllr[5.5.0~1-40c7]:main():gmm-est-fmllr.cc:113) Did not find features for utterance no10x449-11101999-1451_u0762270
WARNING (gmm-est-fmllr[5.5.0~1-40c7]:main():gmm-est-fmllr.cc:113) Did not find features for utterance no10x449-11101999-1451_u0762271
WARNING (gmm-est-fmllr[5.5.0~1-40c7]:main():gmm-est-fmllr.cc:113) Did not find features for utterance no10x449-11101999-1451_u0762272
WARNING (gmm-est-fmllr[5.5.0~1-40c7]:main():gmm-est-fmllr.cc:113) Did not find features for utterance no10x449-11101999-1451_u0762273
WARNING (gmm-est-fmllr[5.5.0~1-40c7]:main():gmm-est-fmllr.cc:113) Did not find features for utterance no10x449-11101999-1451_u0762274
WARNING (gmm-est-fmllr[5.5.0~1-40c7]:main():gmm-est-fmllr.cc:113) Did not find features for utterance no10x449-11101999-1451_u0762275
WARNING (gmm-est-fmllr[5.5.0~1-40c7]:main():gmm-est-fmllr.cc:113) Did not find features for utterance no10x449-11101999-1451_u0762276
WARNING (gmm-est-fmllr[5.5.0~1-40c7]:main():gmm-est-fmllr.cc:113) Did not find features for utterance no10x449-11101999-1451_u0762277
WARNING (gmm-est-fmllr[5.5.0~1-40c7]:main():gmm-est-fmllr.cc:113) Did not find features for utterance no10x449-11101999-1451_u0762278
WARNING (gmm-est-fmllr[5.5.0~1-40c7]:main():gmm-est-fmllr.cc:113) Did not find features for utterance no10x449-11101999-1451_u0762279
WARNING (gmm-est-fmllr[5.5.0~1-40c7]:main():gmm-est-fmllr.cc:113) Did not find features for utterance no10x449-11101999-1451_u0762280
WARNING (gmm-est-fmllr[5.5.0~1-40c7]:main():gmm-est-fmllr.cc:113) Did not find features for utterance no10x449-11101999-1451_u0762281
WARNING (gmm-est-fmllr[5.5.0~1-40c7]:main():gmm-est-fmllr.cc:113) Did not find features for utterance no10x449-11101999-1451_u0762282
WARNING (gmm-est-fmllr[5.5.0~1-40c7]:main():gmm-est-fmllr.cc:113) Did not find features for utterance no10x449-11101999-1451_u0762283
WARNING (gmm-est-fmllr[5.5.0~1-40c7]:main():gmm-est-fmllr.cc:113) Did not find features for utterance no10x449-11101999-1451_u0762284
WARNING (gmm-est-fmllr[5.5.0~1-40c7]:main():gmm-est-fmllr.cc:113) Did not find features for utterance no10x449-11101999-1451_u0762285
WARNING (gmm-est-fmllr[5.5.0~1-40c7]:main():gmm-est-fmllr.cc:113) Did not find features for utterance no10x449-11101999-1451_u0762286
WARNING (gmm-est-fmllr[5.5.0~1-40c7]:main():gmm-est-fmllr.cc:113) Did not find features for utterance no10x449-11101999-1451_u0762287
WARNING (gmm-est-fmllr[5.5.0~1-40c7]:main():gmm-est-fmllr.cc:113) Did not find features for utterance no10x449-11101999-1451_u0762288
WARNING (gmm-est-fmllr[5.5.0~1-40c7]:main():gmm-est-fmllr.cc:113) Did not find features for utterance no10x449-11101999-1451_u0762289
WARNING (gmm-est-fmllr[5.5.0~1-40c7]:main():gmm-est-fmllr.cc:113) Did not find features for utterance no10x449-11101999-1451_u0762290
WARNING (gmm-est-fmllr[5.5.0~1-40c7]:main():gmm-est-fmllr.cc:113) Did not find features for utterance no10x449-11101999-1451_u0762291
WARNING (gmm-est-fmllr[5.5.0~1-40c7]:main():gmm-est-fmllr.cc:113) Did not find features for utterance no10x449-11101999-1451_u0762292
WARNING (gmm-est-fmllr[5.5.0~1-40c7]:main():gmm-est-fmllr.cc:113) Did not find features for utterance no10x449-11101999-1451_u0762293
WARNING (gmm-est-fmllr[5.5.0~1-40c7]:main():gmm-est-fmllr.cc:113) Did not find features for utterance no10x449-11101999-1451_u0762294
WARNING (gmm-est-fmllr[5.5.0~1-40c7]:main():gmm-est-fmllr.cc:113) Did not find features for utterance no10x449-11101999-1451_u0762295
WARNING (gmm-est-fmllr[5.5.0~1-40c7]:main():gmm-est-fmllr.cc:113) Did not find features for utterance no10x449-11101999-1451_u0762296
WARNING (gmm-est-fmllr[5.5.0~1-40c7]:main():gmm-est-fmllr.cc:113) Did not find features for utterance no10x449-11101999-1451_u0762297
WARNING (gmm-est-fmllr[5.5.0~1-40c7]:main():gmm-est-fmllr.cc:113) Did not find features for utterance no10x449-11101999-1451_u0762298
WARNING (gmm-est-fmllr[5.5.0~1-40c7]:main():gmm-est-fmllr.cc:113) Did not find features for utterance no10x449-11101999-1451_u0762299
WARNING (gmm-est-fmllr[5.5.0~1-40c7]:main():gmm-est-fmllr.cc:113) Did not find features for utterance no10x449-11101999-1451_u0762300
WARNING (gmm-est-fmllr[5.5.0~1-40c7]:main():gmm-est-fmllr.cc:113) Did not find features for utterance no10x449-11101999-1451_u0762301
WARNING (gmm-est-fmllr[5.5.0~1-40c7]:main():gmm-est-fmllr.cc:113) Did not find features for utterance no10x449-11101999-1451_u0762302
WARNING (gmm-est-fmllr[5.5.0~1-40c7]:main():gmm-est-fmllr.cc:113) Did not find features for utterance no10x449-11101999-1451_u0762303
WARNING (gmm-est-fmllr[5.5.0~1-40c7]:main():gmm-est-fmllr.cc:113) Did not find features for utterance no10x449-11101999-1451_u0762304
WARNING (gmm-est-fmllr[5.5.0~1-40c7]:main():gmm-est-fmllr.cc:113) Did not find features for utterance no10x449-11101999-1451_u0762305
WARNING (gmm-est-fmllr[5.5.0~1-40c7]:main():gmm-est-fmllr.cc:113) Did not find features for utterance no10x449-11101999-1451_u0762306
WARNING (gmm-est-fmllr[5.5.0~1-40c7]:main():gmm-est-fmllr.cc:113) Did not find features for utterance no10x449-11101999-1451_u0762307
WARNING (gmm-est-fmllr[5.5.0~1-40c7]:main():gmm-est-fmllr.cc:113) Did not find features for utterance no10x449-11101999-1451_u0762308
WARNING (gmm-est-fmllr[5.5.0~1-40c7]:main():gmm-est-fmllr.cc:113) Did not find features for utterance no10x449-11101999-1451_u0762309
WARNING (gmm-est-fmllr[5.5.0~1-40c7]:main():gmm-est-fmllr.cc:113) Did not find features for utterance no10x449-11101999-1451_u0762310
WARNING (gmm-est-fmllr[5.5.0~1-40c7]:main():gmm-est-fmllr.cc:113) Did not find features for utterance no10x449-11101999-1451_u0762311
WARNING (gmm-est-fmllr[5.5.0~1-40c7]:main():gmm-est-fmllr.cc:113) Did not find features for utterance no10x449-11101999-1451_u0762312
WARNING (gmm-est-fmllr[5.5.0~1-40c7]:Update():fmllr-diag-gmm.cc:162) Not updating fMLLR since below min-count: count is 0
LOG (gmm-est-fmllr[5.5.0~1-40c7]:main():gmm-est-fmllr.cc:143) For speaker no10x449, auxf-impr from fMLLR is -nan, over 0 frames.
WARNING (gmm-est-fmllr[5.5.0~1-40c7]:main():gmm-est-fmllr.cc:118) Did not find posteriors for utterance no10x463-03071999-1345_u0465001
LOG (gmm-est-fmllr[5.5.0~1-40c7]:ComputeFmllrMatrixDiagGmmFull():fmllr-diag-gmm.cc:262) fMLLR objf improvement is 0.0276708 per frame over 97867 frames.
LOG (gmm-est-fmllr[5.5.0~1-40c7]:main():gmm-est-fmllr.cc:143) For speaker no10x463, auxf-impr from fMLLR is 0.0276708, over 97867 frames.
WARNING (gmm-est-fmllr[5.5.0~1-40c7]:main():gmm-est-fmllr.cc:118) Did not find posteriors for utterance no10x474-07071999-0815_u0474001
LOG (gmm-est-fmllr[5.5.0~1-40c7]:ComputeFmllrMatrixDiagGmmFull():fmllr-diag-gmm.cc:262) fMLLR objf improvement is 0.0316368 per frame over 96049 frames.
LOG (gmm-est-fmllr[5.5.0~1-40c7]:main():gmm-est-fmllr.cc:143) For speaker no10x474, auxf-impr from fMLLR is 0.0316368, over 96049 frames.
WARNING (gmm-est-fmllr[5.5.0~1-40c7]:main():gmm-est-fmllr.cc:118) Did not find posteriors for utterance no10x481-23111999-1223_u0019001
LOG (gmm-est-fmllr[5.5.0~1-40c7]:ComputeFmllrMatrixDiagGmmFull():fmllr-diag-gmm.cc:262) fMLLR objf improvement is 0.0224772 per frame over 98497 frames.
LOG (gmm-est-fmllr[5.5.0~1-40c7]:main():gmm-est-fmllr.cc:143) For speaker no10x481, auxf-impr from fMLLR is 0.0224772, over 98497 frames.
WARNING (gmm-est-fmllr[5.5.0~1-40c7]:main():gmm-est-fmllr.cc:118) Did not find posteriors for utterance no10x501-16071999-0813_u0501001
LOG (gmm-est-fmllr[5.5.0~1-40c7]:ComputeFmllrMatrixDiagGmmFull():fmllr-diag-gmm.cc:262) fMLLR objf improvement is 0.0286345 per frame over 85690 frames.
LOG (gmm-est-fmllr[5.5.0~1-40c7]:main():gmm-est-fmllr.cc:143) For speaker no10x501, auxf-impr from fMLLR is 0.0286345, over 85690 frames.
WARNING (gmm-est-fmllr[5.5.0~1-40c7]:main():gmm-est-fmllr.cc:118) Did not find posteriors for utterance no10x508-19071999-1443_u0508001
LOG (gmm-est-fmllr[5.5.0~1-40c7]:ComputeFmllrMatrixDiagGmmFull():fmllr-diag-gmm.cc:262) fMLLR objf improvement is 0.0310963 per frame over 100412 frames.
LOG (gmm-est-fmllr[5.5.0~1-40c7]:main():gmm-est-fmllr.cc:143) For speaker no10x508, auxf-impr from fMLLR is 0.0310963, over 100412 frames.
WARNING (gmm-est-fmllr[5.5.0~1-40c7]:main():gmm-est-fmllr.cc:118) Did not find posteriors for utterance no10x600-25081999-1143_u0600001
WARNING (gmm-est-fmllr[5.5.0~1-40c7]:main():gmm-est-fmllr.cc:118) Did not find posteriors for utterance no10x600-25081999-1143_u0600022
LOG (gmm-est-fmllr[5.5.0~1-40c7]:ComputeFmllrMatrixDiagGmmFull():fmllr-diag-gmm.cc:262) fMLLR objf improvement is 0.0297295 per frame over 117501 frames.
LOG (gmm-est-fmllr[5.5.0~1-40c7]:main():gmm-est-fmllr.cc:143) For speaker no10x600, auxf-impr from fMLLR is 0.0297295, over 117501 frames.
WARNING (gmm-est-fmllr[5.5.0~1-40c7]:main():gmm-est-fmllr.cc:118) Did not find posteriors for utterance no10x637-08071999-1611_u0637001
LOG (gmm-est-fmllr[5.5.0~1-40c7]:ComputeFmllrMatrixDiagGmmFull():fmllr-diag-gmm.cc:262) fMLLR objf improvement is 0.030802 per frame over 98151 frames.
LOG (gmm-est-fmllr[5.5.0~1-40c7]:main():gmm-est-fmllr.cc:143) For speaker no10x637, auxf-impr from fMLLR is 0.030802, over 98151 frames.
WARNING (gmm-est-fmllr[5.5.0~1-40c7]:main():gmm-est-fmllr.cc:118) Did not find posteriors for utterance no10x645-12071999-1533_u0645001
LOG (apply-cmvn[5.5.0~1-40c7]:main():apply-cmvn.cc:162) Applied cepstral mean normalization to 9048 utterances, errors on 0
LOG (transform-feats[5.5.0~1-40c7]:main():transform-feats.cc:158) Overall average [pseudo-]logdet is -91.665 over 4.57123e+06 frames.
LOG (transform-feats[5.5.0~1-40c7]:main():transform-feats.cc:161) Applied transform to 9048 utterances; 0 had errors.
LOG (transform-feats[5.5.0~1-40c7]:main():transform-feats.cc:158) Overall average logdet is 2.4614 over 4.57123e+06 frames.
LOG (transform-feats[5.5.0~1-40c7]:main():transform-feats.cc:161) Applied transform to 9048 utterances; 0 had errors.
LOG (gmm-est-fmllr[5.5.0~1-40c7]:ComputeFmllrMatrixDiagGmmFull():fmllr-diag-gmm.cc:262) fMLLR objf improvement is 0.0397357 per frame over 85305 frames.
LOG (gmm-est-fmllr[5.5.0~1-40c7]:main():gmm-est-fmllr.cc:143) For speaker no10x645, auxf-impr from fMLLR is 0.0397357, over 85305 frames.
LOG (gmm-est-fmllr[5.5.0~1-40c7]:main():gmm-est-fmllr.cc:188) Done 9014 files, 34 with no posts, 624 with other errors.
LOG (gmm-est-fmllr[5.5.0~1-40c7]:main():gmm-est-fmllr.cc:190) Overall fMLLR auxf impr per frame is 0.0273125 over 2.91929e+06 frames.
# Accounting: time=35 threads=1
# Ended (code 0) at Mon Jul 12 19:55:04 UTC 2021, elapsed time 35 seconds
