# gmm-est --power=0.2 --write-occs=exp/tri3b/2.occs --mix-up=2500 exp/tri3b/1.mdl "gmm-sum-accs - exp/tri3b/1.*.acc |" exp/tri3b/2.mdl 
# Started at Mon Jul 12 19:52:41 UTC 2021
#
gmm-est --power=0.2 --write-occs=exp/tri3b/2.occs --mix-up=2500 exp/tri3b/1.mdl 'gmm-sum-accs - exp/tri3b/1.*.acc |' exp/tri3b/2.mdl 
gmm-sum-accs - exp/tri3b/1.1.acc exp/tri3b/1.2.acc exp/tri3b/1.3.acc exp/tri3b/1.4.acc exp/tri3b/1.5.acc 
LOG (gmm-sum-accs[5.5.0~1-40c7]:main():gmm-sum-accs.cc:63) Summed 5 stats, total count 2.44286e+07, avg like/frame -45.703
LOG (gmm-sum-accs[5.5.0~1-40c7]:main():gmm-sum-accs.cc:66) Total count of stats is 2.44286e+07
LOG (gmm-sum-accs[5.5.0~1-40c7]:main():gmm-sum-accs.cc:67) Written stats to -
LOG (gmm-est[5.5.0~1-40c7]:MleUpdate():transition-model.cc:528) TransitionModel::Update, objf change is 0.37372 per frame over 2.44286e+07 frames. 
LOG (gmm-est[5.5.0~1-40c7]:MleUpdate():transition-model.cc:531) 217 probabilities floored, 3673 out of 7658 transition-states skipped due to insuffient data (it is normal to have some skipped.)
LOG (gmm-est[5.5.0~1-40c7]:main():gmm-est.cc:102) Transition model update: Overall 0.37372 log-like improvement per frame over 2.44286e+07 frames.
WARNING (gmm-est[5.5.0~1-40c7]:MleDiagGmmUpdate():mle-diag-gmm.cc:365) Gaussian has too little data but not removing it because it is the last Gaussian: i = 0, occ = 0, weight = 1
LOG (gmm-est[5.5.0~1-40c7]:MleAmDiagGmmUpdate():mle-am-diag-gmm.cc:225) 0 variance elements floored in 0 Gaussians, out of 1968
LOG (gmm-est[5.5.0~1-40c7]:MleAmDiagGmmUpdate():mle-am-diag-gmm.cc:229) Removed 0 Gaussians due to counts < --min-gaussian-occupancy=10 and --remove-low-count-gaussians=true
LOG (gmm-est[5.5.0~1-40c7]:main():gmm-est.cc:113) GMM update: Overall 1.31682e-06 objective function improvement per frame over 2.44286e+07 frames
LOG (gmm-est[5.5.0~1-40c7]:main():gmm-est.cc:116) GMM update: Overall avg like per frame = -45.703 over 2.44286e+07 frames.
LOG (gmm-est[5.5.0~1-40c7]:SplitByCount():am-diag-gmm.cc:116) Split 1968 states with target = 2500, power = 0.2, perturb_factor = 0.01 and min_count = 20, split #Gauss from 1968 to 2500
LOG (gmm-est[5.5.0~1-40c7]:main():gmm-est.cc:146) Written model to exp/tri3b/2.mdl
# Accounting: time=0 threads=1
# Ended (code 0) at Mon Jul 12 19:52:41 UTC 2021, elapsed time 0 seconds
