# compute-mfcc-feats --write-utt2dur=ark,t:exp/make_mfcc/train_clean_5/utt2dur.7 --verbose=2 --config=conf/mfcc.conf scp,p:exp/make_mfcc/train_clean_5/wav_train_clean_5.7.scp ark:- | copy-feats --write-num-frames=ark,t:exp/make_mfcc/train_clean_5/utt2num_frames.7 --compress=true ark:- ark,scp:/opt/kaldi/egs/mini_librispeech/s5/mfcc/raw_mfcc_train_clean_5.7.ark,/opt/kaldi/egs/mini_librispeech/s5/mfcc/raw_mfcc_train_clean_5.7.scp 
# Started at Thu Mar 11 10:36:28 UTC 2021
#
compute-mfcc-feats --write-utt2dur=ark,t:exp/make_mfcc/train_clean_5/utt2dur.7 --verbose=2 --config=conf/mfcc.conf scp,p:exp/make_mfcc/train_clean_5/wav_train_clean_5.7.scp ark:- 
copy-feats --write-num-frames=ark,t:exp/make_mfcc/train_clean_5/utt2num_frames.7 --compress=true ark:- ark,scp:/opt/kaldi/egs/mini_librispeech/s5/mfcc/raw_mfcc_train_clean_5.7.ark,/opt/kaldi/egs/mini_librispeech/s5/mfcc/raw_mfcc_train_clean_5.7.scp 
VLOG[2] (compute-mfcc-feats[5.5.0~1-40c7]:main():compute-mfcc-feats.cc:182) Processed features for key 460-172359-0005
VLOG[2] (compute-mfcc-feats[5.5.0~1-40c7]:main():compute-mfcc-feats.cc:182) Processed features for key 460-172359-0006
VLOG[2] (compute-mfcc-feats[5.5.0~1-40c7]:main():compute-mfcc-feats.cc:182) Processed features for key 460-172359-0007
VLOG[2] (compute-mfcc-feats[5.5.0~1-40c7]:main():compute-mfcc-feats.cc:182) Processed features for key 460-172359-0008
VLOG[2] (compute-mfcc-feats[5.5.0~1-40c7]:main():compute-mfcc-feats.cc:182) Processed features for key 460-172359-0009
VLOG[2] (compute-mfcc-feats[5.5.0~1-40c7]:main():compute-mfcc-feats.cc:182) Processed features for key 460-172359-0010
VLOG[2] (compute-mfcc-feats[5.5.0~1-40c7]:main():compute-mfcc-feats.cc:182) Processed features for key 460-172359-0011
VLOG[2] (compute-mfcc-feats[5.5.0~1-40c7]:main():compute-mfcc-feats.cc:182) Processed features for key 460-172359-0012
VLOG[2] (compute-mfcc-feats[5.5.0~1-40c7]:main():compute-mfcc-feats.cc:182) Processed features for key 460-172359-0013
LOG (compute-mfcc-feats[5.5.0~1-40c7]:main():compute-mfcc-feats.cc:181) Processed 10 utterances
VLOG[2] (compute-mfcc-feats[5.5.0~1-40c7]:main():compute-mfcc-feats.cc:182) Processed features for key 460-172359-0014
VLOG[2] (compute-mfcc-feats[5.5.0~1-40c7]:main():compute-mfcc-feats.cc:182) Processed features for key 460-172359-0015
VLOG[2] (compute-mfcc-feats[5.5.0~1-40c7]:main():compute-mfcc-feats.cc:182) Processed features for key 460-172359-0016
VLOG[2] (compute-mfcc-feats[5.5.0~1-40c7]:main():compute-mfcc-feats.cc:182) Processed features for key 460-172359-0017
VLOG[2] (compute-mfcc-feats[5.5.0~1-40c7]:main():compute-mfcc-feats.cc:182) Processed features for key 460-172359-0018
VLOG[2] (compute-mfcc-feats[5.5.0~1-40c7]:main():compute-mfcc-feats.cc:182) Processed features for key 460-172359-0019
VLOG[2] (compute-mfcc-feats[5.5.0~1-40c7]:main():compute-mfcc-feats.cc:182) Processed features for key 460-172359-0020
VLOG[2] (compute-mfcc-feats[5.5.0~1-40c7]:main():compute-mfcc-feats.cc:182) Processed features for key 460-172359-0021
VLOG[2] (compute-mfcc-feats[5.5.0~1-40c7]:main():compute-mfcc-feats.cc:182) Processed features for key 460-172359-0022
VLOG[2] (compute-mfcc-feats[5.5.0~1-40c7]:main():compute-mfcc-feats.cc:182) Processed features for key 460-172359-0023
LOG (compute-mfcc-feats[5.5.0~1-40c7]:main():compute-mfcc-feats.cc:181) Processed 20 utterances
VLOG[2] (compute-mfcc-feats[5.5.0~1-40c7]:main():compute-mfcc-feats.cc:182) Processed features for key 460-172359-0024
VLOG[2] (compute-mfcc-feats[5.5.0~1-40c7]:main():compute-mfcc-feats.cc:182) Processed features for key 460-172359-0025
VLOG[2] (compute-mfcc-feats[5.5.0~1-40c7]:main():compute-mfcc-feats.cc:182) Processed features for key 460-172359-0026
VLOG[2] (compute-mfcc-feats[5.5.0~1-40c7]:main():compute-mfcc-feats.cc:182) Processed features for key 460-172359-0027
VLOG[2] (compute-mfcc-feats[5.5.0~1-40c7]:main():compute-mfcc-feats.cc:182) Processed features for key 460-172359-0028
VLOG[2] (compute-mfcc-feats[5.5.0~1-40c7]:main():compute-mfcc-feats.cc:182) Processed features for key 460-172359-0029
VLOG[2] (compute-mfcc-feats[5.5.0~1-40c7]:main():compute-mfcc-feats.cc:182) Processed features for key 460-172359-0030
VLOG[2] (compute-mfcc-feats[5.5.0~1-40c7]:main():compute-mfcc-feats.cc:182) Processed features for key 460-172359-0031
VLOG[2] (compute-mfcc-feats[5.5.0~1-40c7]:main():compute-mfcc-feats.cc:182) Processed features for key 460-172359-0032
VLOG[2] (compute-mfcc-feats[5.5.0~1-40c7]:main():compute-mfcc-feats.cc:182) Processed features for key 460-172359-0033
LOG (compute-mfcc-feats[5.5.0~1-40c7]:main():compute-mfcc-feats.cc:181) Processed 30 utterances
VLOG[2] (compute-mfcc-feats[5.5.0~1-40c7]:main():compute-mfcc-feats.cc:182) Processed features for key 460-172359-0034
VLOG[2] (compute-mfcc-feats[5.5.0~1-40c7]:main():compute-mfcc-feats.cc:182) Processed features for key 460-172359-0035
VLOG[2] (compute-mfcc-feats[5.5.0~1-40c7]:main():compute-mfcc-feats.cc:182) Processed features for key 460-172359-0036
VLOG[2] (compute-mfcc-feats[5.5.0~1-40c7]:main():compute-mfcc-feats.cc:182) Processed features for key 460-172359-0037
VLOG[2] (compute-mfcc-feats[5.5.0~1-40c7]:main():compute-mfcc-feats.cc:182) Processed features for key 460-172359-0038
VLOG[2] (compute-mfcc-feats[5.5.0~1-40c7]:main():compute-mfcc-feats.cc:182) Processed features for key 460-172359-0039
VLOG[2] (compute-mfcc-feats[5.5.0~1-40c7]:main():compute-mfcc-feats.cc:182) Processed features for key 460-172359-0040
VLOG[2] (compute-mfcc-feats[5.5.0~1-40c7]:main():compute-mfcc-feats.cc:182) Processed features for key 460-172359-0041
VLOG[2] (compute-mfcc-feats[5.5.0~1-40c7]:main():compute-mfcc-feats.cc:182) Processed features for key 460-172359-0042
VLOG[2] (compute-mfcc-feats[5.5.0~1-40c7]:main():compute-mfcc-feats.cc:182) Processed features for key 460-172359-0043
LOG (compute-mfcc-feats[5.5.0~1-40c7]:main():compute-mfcc-feats.cc:181) Processed 40 utterances
VLOG[2] (compute-mfcc-feats[5.5.0~1-40c7]:main():compute-mfcc-feats.cc:182) Processed features for key 460-172359-0044
VLOG[2] (compute-mfcc-feats[5.5.0~1-40c7]:main():compute-mfcc-feats.cc:182) Processed features for key 460-172359-0045
VLOG[2] (compute-mfcc-feats[5.5.0~1-40c7]:main():compute-mfcc-feats.cc:182) Processed features for key 460-172359-0046
VLOG[2] (compute-mfcc-feats[5.5.0~1-40c7]:main():compute-mfcc-feats.cc:182) Processed features for key 460-172359-0047
VLOG[2] (compute-mfcc-feats[5.5.0~1-40c7]:main():compute-mfcc-feats.cc:182) Processed features for key 460-172359-0048
VLOG[2] (compute-mfcc-feats[5.5.0~1-40c7]:main():compute-mfcc-feats.cc:182) Processed features for key 460-172359-0049
VLOG[2] (compute-mfcc-feats[5.5.0~1-40c7]:main():compute-mfcc-feats.cc:182) Processed features for key 460-172359-0050
VLOG[2] (compute-mfcc-feats[5.5.0~1-40c7]:main():compute-mfcc-feats.cc:182) Processed features for key 460-172359-0051
VLOG[2] (compute-mfcc-feats[5.5.0~1-40c7]:main():compute-mfcc-feats.cc:182) Processed features for key 460-172359-0052
VLOG[2] (compute-mfcc-feats[5.5.0~1-40c7]:main():compute-mfcc-feats.cc:182) Processed features for key 460-172359-0053
LOG (compute-mfcc-feats[5.5.0~1-40c7]:main():compute-mfcc-feats.cc:181) Processed 50 utterances
VLOG[2] (compute-mfcc-feats[5.5.0~1-40c7]:main():compute-mfcc-feats.cc:182) Processed features for key 460-172359-0054
VLOG[2] (compute-mfcc-feats[5.5.0~1-40c7]:main():compute-mfcc-feats.cc:182) Processed features for key 460-172359-0055
VLOG[2] (compute-mfcc-feats[5.5.0~1-40c7]:main():compute-mfcc-feats.cc:182) Processed features for key 460-172359-0056
VLOG[2] (compute-mfcc-feats[5.5.0~1-40c7]:main():compute-mfcc-feats.cc:182) Processed features for key 460-172359-0057
VLOG[2] (compute-mfcc-feats[5.5.0~1-40c7]:main():compute-mfcc-feats.cc:182) Processed features for key 460-172359-0058
VLOG[2] (compute-mfcc-feats[5.5.0~1-40c7]:main():compute-mfcc-feats.cc:182) Processed features for key 460-172359-0059
VLOG[2] (compute-mfcc-feats[5.5.0~1-40c7]:main():compute-mfcc-feats.cc:182) Processed features for key 460-172359-0060
VLOG[2] (compute-mfcc-feats[5.5.0~1-40c7]:main():compute-mfcc-feats.cc:182) Processed features for key 460-172359-0061
VLOG[2] (compute-mfcc-feats[5.5.0~1-40c7]:main():compute-mfcc-feats.cc:182) Processed features for key 460-172359-0062
VLOG[2] (compute-mfcc-feats[5.5.0~1-40c7]:main():compute-mfcc-feats.cc:182) Processed features for key 460-172359-0063
LOG (compute-mfcc-feats[5.5.0~1-40c7]:main():compute-mfcc-feats.cc:181) Processed 60 utterances
VLOG[2] (compute-mfcc-feats[5.5.0~1-40c7]:main():compute-mfcc-feats.cc:182) Processed features for key 460-172359-0064
VLOG[2] (compute-mfcc-feats[5.5.0~1-40c7]:main():compute-mfcc-feats.cc:182) Processed features for key 460-172359-0065
VLOG[2] (compute-mfcc-feats[5.5.0~1-40c7]:main():compute-mfcc-feats.cc:182) Processed features for key 460-172359-0066
VLOG[2] (compute-mfcc-feats[5.5.0~1-40c7]:main():compute-mfcc-feats.cc:182) Processed features for key 460-172359-0067
VLOG[2] (compute-mfcc-feats[5.5.0~1-40c7]:main():compute-mfcc-feats.cc:182) Processed features for key 460-172359-0068
VLOG[2] (compute-mfcc-feats[5.5.0~1-40c7]:main():compute-mfcc-feats.cc:182) Processed features for key 460-172359-0069
VLOG[2] (compute-mfcc-feats[5.5.0~1-40c7]:main():compute-mfcc-feats.cc:182) Processed features for key 460-172359-0070
VLOG[2] (compute-mfcc-feats[5.5.0~1-40c7]:main():compute-mfcc-feats.cc:182) Processed features for key 460-172359-0071
VLOG[2] (compute-mfcc-feats[5.5.0~1-40c7]:main():compute-mfcc-feats.cc:182) Processed features for key 460-172359-0072
VLOG[2] (compute-mfcc-feats[5.5.0~1-40c7]:main():compute-mfcc-feats.cc:182) Processed features for key 460-172359-0073
LOG (compute-mfcc-feats[5.5.0~1-40c7]:main():compute-mfcc-feats.cc:181) Processed 70 utterances
VLOG[2] (compute-mfcc-feats[5.5.0~1-40c7]:main():compute-mfcc-feats.cc:182) Processed features for key 460-172359-0074
VLOG[2] (compute-mfcc-feats[5.5.0~1-40c7]:main():compute-mfcc-feats.cc:182) Processed features for key 460-172359-0075
VLOG[2] (compute-mfcc-feats[5.5.0~1-40c7]:main():compute-mfcc-feats.cc:182) Processed features for key 460-172359-0076
VLOG[2] (compute-mfcc-feats[5.5.0~1-40c7]:main():compute-mfcc-feats.cc:182) Processed features for key 460-172359-0077
VLOG[2] (compute-mfcc-feats[5.5.0~1-40c7]:main():compute-mfcc-feats.cc:182) Processed features for key 460-172359-0078
VLOG[2] (compute-mfcc-feats[5.5.0~1-40c7]:main():compute-mfcc-feats.cc:182) Processed features for key 460-172359-0079
VLOG[2] (compute-mfcc-feats[5.5.0~1-40c7]:main():compute-mfcc-feats.cc:182) Processed features for key 460-172359-0080
VLOG[2] (compute-mfcc-feats[5.5.0~1-40c7]:main():compute-mfcc-feats.cc:182) Processed features for key 460-172359-0081
VLOG[2] (compute-mfcc-feats[5.5.0~1-40c7]:main():compute-mfcc-feats.cc:182) Processed features for key 460-172359-0082
VLOG[2] (compute-mfcc-feats[5.5.0~1-40c7]:main():compute-mfcc-feats.cc:182) Processed features for key 460-172359-0083
LOG (compute-mfcc-feats[5.5.0~1-40c7]:main():compute-mfcc-feats.cc:181) Processed 80 utterances
VLOG[2] (compute-mfcc-feats[5.5.0~1-40c7]:main():compute-mfcc-feats.cc:182) Processed features for key 460-172359-0084
VLOG[2] (compute-mfcc-feats[5.5.0~1-40c7]:main():compute-mfcc-feats.cc:182) Processed features for key 460-172359-0085
VLOG[2] (compute-mfcc-feats[5.5.0~1-40c7]:main():compute-mfcc-feats.cc:182) Processed features for key 460-172359-0086
VLOG[2] (compute-mfcc-feats[5.5.0~1-40c7]:main():compute-mfcc-feats.cc:182) Processed features for key 460-172359-0087
VLOG[2] (compute-mfcc-feats[5.5.0~1-40c7]:main():compute-mfcc-feats.cc:182) Processed features for key 460-172359-0088
VLOG[2] (compute-mfcc-feats[5.5.0~1-40c7]:main():compute-mfcc-feats.cc:182) Processed features for key 460-172359-0089
VLOG[2] (compute-mfcc-feats[5.5.0~1-40c7]:main():compute-mfcc-feats.cc:182) Processed features for key 460-172359-0090
VLOG[2] (compute-mfcc-feats[5.5.0~1-40c7]:main():compute-mfcc-feats.cc:182) Processed features for key 460-172359-0091
VLOG[2] (compute-mfcc-feats[5.5.0~1-40c7]:main():compute-mfcc-feats.cc:182) Processed features for key 460-172359-0092
VLOG[2] (compute-mfcc-feats[5.5.0~1-40c7]:main():compute-mfcc-feats.cc:182) Processed features for key 460-172359-0093
LOG (compute-mfcc-feats[5.5.0~1-40c7]:main():compute-mfcc-feats.cc:181) Processed 90 utterances
VLOG[2] (compute-mfcc-feats[5.5.0~1-40c7]:main():compute-mfcc-feats.cc:182) Processed features for key 460-172359-0094
VLOG[2] (compute-mfcc-feats[5.5.0~1-40c7]:main():compute-mfcc-feats.cc:182) Processed features for key 460-172359-0095
VLOG[2] (compute-mfcc-feats[5.5.0~1-40c7]:main():compute-mfcc-feats.cc:182) Processed features for key 460-172359-0096
VLOG[2] (compute-mfcc-feats[5.5.0~1-40c7]:main():compute-mfcc-feats.cc:182) Processed features for key 460-172359-0097
VLOG[2] (compute-mfcc-feats[5.5.0~1-40c7]:main():compute-mfcc-feats.cc:182) Processed features for key 460-172359-0098
VLOG[2] (compute-mfcc-feats[5.5.0~1-40c7]:main():compute-mfcc-feats.cc:182) Processed features for key 460-172359-0099
VLOG[2] (compute-mfcc-feats[5.5.0~1-40c7]:main():compute-mfcc-feats.cc:182) Processed features for key 4640-19188-0000
VLOG[2] (compute-mfcc-feats[5.5.0~1-40c7]:main():compute-mfcc-feats.cc:182) Processed features for key 4640-19188-0001
VLOG[2] (compute-mfcc-feats[5.5.0~1-40c7]:main():compute-mfcc-feats.cc:182) Processed features for key 4640-19188-0002
VLOG[2] (compute-mfcc-feats[5.5.0~1-40c7]:main():compute-mfcc-feats.cc:182) Processed features for key 4640-19188-0003
LOG (compute-mfcc-feats[5.5.0~1-40c7]:main():compute-mfcc-feats.cc:181) Processed 100 utterances
VLOG[2] (compute-mfcc-feats[5.5.0~1-40c7]:main():compute-mfcc-feats.cc:182) Processed features for key 4640-19188-0004
VLOG[2] (compute-mfcc-feats[5.5.0~1-40c7]:main():compute-mfcc-feats.cc:182) Processed features for key 4640-19188-0005
VLOG[2] (compute-mfcc-feats[5.5.0~1-40c7]:main():compute-mfcc-feats.cc:182) Processed features for key 4640-19188-0006
VLOG[2] (compute-mfcc-feats[5.5.0~1-40c7]:main():compute-mfcc-feats.cc:182) Processed features for key 4640-19188-0007
VLOG[2] (compute-mfcc-feats[5.5.0~1-40c7]:main():compute-mfcc-feats.cc:182) Processed features for key 4640-19188-0008
VLOG[2] (compute-mfcc-feats[5.5.0~1-40c7]:main():compute-mfcc-feats.cc:182) Processed features for key 4640-19188-0009
VLOG[2] (compute-mfcc-feats[5.5.0~1-40c7]:main():compute-mfcc-feats.cc:182) Processed features for key 4640-19188-0010
VLOG[2] (compute-mfcc-feats[5.5.0~1-40c7]:main():compute-mfcc-feats.cc:182) Processed features for key 4640-19188-0011
VLOG[2] (compute-mfcc-feats[5.5.0~1-40c7]:main():compute-mfcc-feats.cc:182) Processed features for key 4640-19188-0012
VLOG[2] (compute-mfcc-feats[5.5.0~1-40c7]:main():compute-mfcc-feats.cc:182) Processed features for key 4640-19188-0013
LOG (compute-mfcc-feats[5.5.0~1-40c7]:main():compute-mfcc-feats.cc:181) Processed 110 utterances
VLOG[2] (compute-mfcc-feats[5.5.0~1-40c7]:main():compute-mfcc-feats.cc:182) Processed features for key 4640-19188-0014
VLOG[2] (compute-mfcc-feats[5.5.0~1-40c7]:main():compute-mfcc-feats.cc:182) Processed features for key 4640-19188-0015
VLOG[2] (compute-mfcc-feats[5.5.0~1-40c7]:main():compute-mfcc-feats.cc:182) Processed features for key 4640-19188-0016
VLOG[2] (compute-mfcc-feats[5.5.0~1-40c7]:main():compute-mfcc-feats.cc:182) Processed features for key 4640-19188-0017
VLOG[2] (compute-mfcc-feats[5.5.0~1-40c7]:main():compute-mfcc-feats.cc:182) Processed features for key 4640-19188-0018
VLOG[2] (compute-mfcc-feats[5.5.0~1-40c7]:main():compute-mfcc-feats.cc:182) Processed features for key 4640-19188-0019
VLOG[2] (compute-mfcc-feats[5.5.0~1-40c7]:main():compute-mfcc-feats.cc:182) Processed features for key 4640-19188-0020
VLOG[2] (compute-mfcc-feats[5.5.0~1-40c7]:main():compute-mfcc-feats.cc:182) Processed features for key 4640-19188-0021
VLOG[2] (compute-mfcc-feats[5.5.0~1-40c7]:main():compute-mfcc-feats.cc:182) Processed features for key 4640-19188-0022
VLOG[2] (compute-mfcc-feats[5.5.0~1-40c7]:main():compute-mfcc-feats.cc:182) Processed features for key 4640-19188-0023
LOG (compute-mfcc-feats[5.5.0~1-40c7]:main():compute-mfcc-feats.cc:181) Processed 120 utterances
VLOG[2] (compute-mfcc-feats[5.5.0~1-40c7]:main():compute-mfcc-feats.cc:182) Processed features for key 4640-19188-0024
VLOG[2] (compute-mfcc-feats[5.5.0~1-40c7]:main():compute-mfcc-feats.cc:182) Processed features for key 4640-19188-0025
VLOG[2] (compute-mfcc-feats[5.5.0~1-40c7]:main():compute-mfcc-feats.cc:182) Processed features for key 4640-19188-0026
VLOG[2] (compute-mfcc-feats[5.5.0~1-40c7]:main():compute-mfcc-feats.cc:182) Processed features for key 4640-19188-0027
VLOG[2] (compute-mfcc-feats[5.5.0~1-40c7]:main():compute-mfcc-feats.cc:182) Processed features for key 4640-19188-0028
VLOG[2] (compute-mfcc-feats[5.5.0~1-40c7]:main():compute-mfcc-feats.cc:182) Processed features for key 4640-19188-0029
VLOG[2] (compute-mfcc-feats[5.5.0~1-40c7]:main():compute-mfcc-feats.cc:182) Processed features for key 4640-19188-0030
VLOG[2] (compute-mfcc-feats[5.5.0~1-40c7]:main():compute-mfcc-feats.cc:182) Processed features for key 4640-19188-0031
VLOG[2] (compute-mfcc-feats[5.5.0~1-40c7]:main():compute-mfcc-feats.cc:182) Processed features for key 4640-19188-0032
VLOG[2] (compute-mfcc-feats[5.5.0~1-40c7]:main():compute-mfcc-feats.cc:182) Processed features for key 4640-19188-0033
LOG (compute-mfcc-feats[5.5.0~1-40c7]:main():compute-mfcc-feats.cc:181) Processed 130 utterances
VLOG[2] (compute-mfcc-feats[5.5.0~1-40c7]:main():compute-mfcc-feats.cc:182) Processed features for key 4640-19188-0034
VLOG[2] (compute-mfcc-feats[5.5.0~1-40c7]:main():compute-mfcc-feats.cc:182) Processed features for key 4640-19188-0035
VLOG[2] (compute-mfcc-feats[5.5.0~1-40c7]:main():compute-mfcc-feats.cc:182) Processed features for key 4640-19188-0036
VLOG[2] (compute-mfcc-feats[5.5.0~1-40c7]:main():compute-mfcc-feats.cc:182) Processed features for key 4640-19188-0037
VLOG[2] (compute-mfcc-feats[5.5.0~1-40c7]:main():compute-mfcc-feats.cc:182) Processed features for key 4640-19188-0038
VLOG[2] (compute-mfcc-feats[5.5.0~1-40c7]:main():compute-mfcc-feats.cc:182) Processed features for key 4640-19188-0039
VLOG[2] (compute-mfcc-feats[5.5.0~1-40c7]:main():compute-mfcc-feats.cc:182) Processed features for key 4640-19188-0040
VLOG[2] (compute-mfcc-feats[5.5.0~1-40c7]:main():compute-mfcc-feats.cc:182) Processed features for key 4680-16042-0000
VLOG[2] (compute-mfcc-feats[5.5.0~1-40c7]:main():compute-mfcc-feats.cc:182) Processed features for key 4680-16042-0001
VLOG[2] (compute-mfcc-feats[5.5.0~1-40c7]:main():compute-mfcc-feats.cc:182) Processed features for key 4680-16042-0002
LOG (compute-mfcc-feats[5.5.0~1-40c7]:main():compute-mfcc-feats.cc:181) Processed 140 utterances
VLOG[2] (compute-mfcc-feats[5.5.0~1-40c7]:main():compute-mfcc-feats.cc:182) Processed features for key 4680-16042-0003
VLOG[2] (compute-mfcc-feats[5.5.0~1-40c7]:main():compute-mfcc-feats.cc:182) Processed features for key 4680-16042-0004
VLOG[2] (compute-mfcc-feats[5.5.0~1-40c7]:main():compute-mfcc-feats.cc:182) Processed features for key 4680-16042-0005
VLOG[2] (compute-mfcc-feats[5.5.0~1-40c7]:main():compute-mfcc-feats.cc:182) Processed features for key 4680-16042-0006
VLOG[2] (compute-mfcc-feats[5.5.0~1-40c7]:main():compute-mfcc-feats.cc:182) Processed features for key 4680-16042-0007
VLOG[2] (compute-mfcc-feats[5.5.0~1-40c7]:main():compute-mfcc-feats.cc:182) Processed features for key 4680-16042-0008
VLOG[2] (compute-mfcc-feats[5.5.0~1-40c7]:main():compute-mfcc-feats.cc:182) Processed features for key 4680-16042-0009
VLOG[2] (compute-mfcc-feats[5.5.0~1-40c7]:main():compute-mfcc-feats.cc:182) Processed features for key 4680-16042-0010
VLOG[2] (compute-mfcc-feats[5.5.0~1-40c7]:main():compute-mfcc-feats.cc:182) Processed features for key 4680-16042-0011
VLOG[2] (compute-mfcc-feats[5.5.0~1-40c7]:main():compute-mfcc-feats.cc:182) Processed features for key 4680-16042-0012
LOG (compute-mfcc-feats[5.5.0~1-40c7]:main():compute-mfcc-feats.cc:181) Processed 150 utterances
VLOG[2] (compute-mfcc-feats[5.5.0~1-40c7]:main():compute-mfcc-feats.cc:182) Processed features for key 4680-16042-0013
VLOG[2] (compute-mfcc-feats[5.5.0~1-40c7]:main():compute-mfcc-feats.cc:182) Processed features for key 4680-16042-0014
VLOG[2] (compute-mfcc-feats[5.5.0~1-40c7]:main():compute-mfcc-feats.cc:182) Processed features for key 4680-16042-0015
LOG (compute-mfcc-feats[5.5.0~1-40c7]:main():compute-mfcc-feats.cc:185)  Done 152 out of 152 utterances.
LOG (copy-feats[5.5.0~1-40c7]:main():copy-feats.cc:143) Copied 152 feature matrices.
# Accounting: time=5 threads=1
# Ended (code 0) at Thu Mar 11 10:36:33 UTC 2021, elapsed time 5 seconds
