# compute-mfcc-feats --write-utt2dur=ark,t:exp/make_mfcc/train_clean_5/utt2dur.2 --verbose=2 --config=conf/mfcc.conf scp,p:exp/make_mfcc/train_clean_5/wav_train_clean_5.2.scp ark:- | copy-feats --write-num-frames=ark,t:exp/make_mfcc/train_clean_5/utt2num_frames.2 --compress=true ark:- ark,scp:/opt/kaldi/egs/mini_librispeech/s5/mfcc/raw_mfcc_train_clean_5.2.ark,/opt/kaldi/egs/mini_librispeech/s5/mfcc/raw_mfcc_train_clean_5.2.scp 
# Started at Thu Mar 11 10:36:28 UTC 2021
#
copy-feats --write-num-frames=ark,t:exp/make_mfcc/train_clean_5/utt2num_frames.2 --compress=true ark:- ark,scp:/opt/kaldi/egs/mini_librispeech/s5/mfcc/raw_mfcc_train_clean_5.2.ark,/opt/kaldi/egs/mini_librispeech/s5/mfcc/raw_mfcc_train_clean_5.2.scp 
compute-mfcc-feats --write-utt2dur=ark,t:exp/make_mfcc/train_clean_5/utt2dur.2 --verbose=2 --config=conf/mfcc.conf scp,p:exp/make_mfcc/train_clean_5/wav_train_clean_5.2.scp ark:- 
VLOG[2] (compute-mfcc-feats[5.5.0~1-40c7]:main():compute-mfcc-feats.cc:182) Processed features for key 118-47824-0071
VLOG[2] (compute-mfcc-feats[5.5.0~1-40c7]:main():compute-mfcc-feats.cc:182) Processed features for key 118-47824-0072
VLOG[2] (compute-mfcc-feats[5.5.0~1-40c7]:main():compute-mfcc-feats.cc:182) Processed features for key 118-47824-0073
VLOG[2] (compute-mfcc-feats[5.5.0~1-40c7]:main():compute-mfcc-feats.cc:182) Processed features for key 118-47824-0074
VLOG[2] (compute-mfcc-feats[5.5.0~1-40c7]:main():compute-mfcc-feats.cc:182) Processed features for key 118-47824-0075
VLOG[2] (compute-mfcc-feats[5.5.0~1-40c7]:main():compute-mfcc-feats.cc:182) Processed features for key 118-47824-0076
VLOG[2] (compute-mfcc-feats[5.5.0~1-40c7]:main():compute-mfcc-feats.cc:182) Processed features for key 118-47824-0077
VLOG[2] (compute-mfcc-feats[5.5.0~1-40c7]:main():compute-mfcc-feats.cc:182) Processed features for key 118-47824-0078
VLOG[2] (compute-mfcc-feats[5.5.0~1-40c7]:main():compute-mfcc-feats.cc:182) Processed features for key 118-47824-0079
LOG (compute-mfcc-feats[5.5.0~1-40c7]:main():compute-mfcc-feats.cc:181) Processed 10 utterances
VLOG[2] (compute-mfcc-feats[5.5.0~1-40c7]:main():compute-mfcc-feats.cc:182) Processed features for key 118-47824-0080
VLOG[2] (compute-mfcc-feats[5.5.0~1-40c7]:main():compute-mfcc-feats.cc:182) Processed features for key 118-47824-0081
VLOG[2] (compute-mfcc-feats[5.5.0~1-40c7]:main():compute-mfcc-feats.cc:182) Processed features for key 118-47824-0082
VLOG[2] (compute-mfcc-feats[5.5.0~1-40c7]:main():compute-mfcc-feats.cc:182) Processed features for key 118-47824-0083
VLOG[2] (compute-mfcc-feats[5.5.0~1-40c7]:main():compute-mfcc-feats.cc:182) Processed features for key 118-47824-0084
VLOG[2] (compute-mfcc-feats[5.5.0~1-40c7]:main():compute-mfcc-feats.cc:182) Processed features for key 118-47824-0085
VLOG[2] (compute-mfcc-feats[5.5.0~1-40c7]:main():compute-mfcc-feats.cc:182) Processed features for key 118-47824-0086
VLOG[2] (compute-mfcc-feats[5.5.0~1-40c7]:main():compute-mfcc-feats.cc:182) Processed features for key 163-122947-0000
VLOG[2] (compute-mfcc-feats[5.5.0~1-40c7]:main():compute-mfcc-feats.cc:182) Processed features for key 163-122947-0001
VLOG[2] (compute-mfcc-feats[5.5.0~1-40c7]:main():compute-mfcc-feats.cc:182) Processed features for key 163-122947-0002
LOG (compute-mfcc-feats[5.5.0~1-40c7]:main():compute-mfcc-feats.cc:181) Processed 20 utterances
VLOG[2] (compute-mfcc-feats[5.5.0~1-40c7]:main():compute-mfcc-feats.cc:182) Processed features for key 163-122947-0003
VLOG[2] (compute-mfcc-feats[5.5.0~1-40c7]:main():compute-mfcc-feats.cc:182) Processed features for key 163-122947-0004
VLOG[2] (compute-mfcc-feats[5.5.0~1-40c7]:main():compute-mfcc-feats.cc:182) Processed features for key 163-122947-0005
VLOG[2] (compute-mfcc-feats[5.5.0~1-40c7]:main():compute-mfcc-feats.cc:182) Processed features for key 163-122947-0006
VLOG[2] (compute-mfcc-feats[5.5.0~1-40c7]:main():compute-mfcc-feats.cc:182) Processed features for key 163-122947-0007
VLOG[2] (compute-mfcc-feats[5.5.0~1-40c7]:main():compute-mfcc-feats.cc:182) Processed features for key 163-122947-0008
VLOG[2] (compute-mfcc-feats[5.5.0~1-40c7]:main():compute-mfcc-feats.cc:182) Processed features for key 163-122947-0009
VLOG[2] (compute-mfcc-feats[5.5.0~1-40c7]:main():compute-mfcc-feats.cc:182) Processed features for key 163-122947-0010
VLOG[2] (compute-mfcc-feats[5.5.0~1-40c7]:main():compute-mfcc-feats.cc:182) Processed features for key 163-122947-0011
VLOG[2] (compute-mfcc-feats[5.5.0~1-40c7]:main():compute-mfcc-feats.cc:182) Processed features for key 163-122947-0012
LOG (compute-mfcc-feats[5.5.0~1-40c7]:main():compute-mfcc-feats.cc:181) Processed 30 utterances
VLOG[2] (compute-mfcc-feats[5.5.0~1-40c7]:main():compute-mfcc-feats.cc:182) Processed features for key 163-122947-0013
VLOG[2] (compute-mfcc-feats[5.5.0~1-40c7]:main():compute-mfcc-feats.cc:182) Processed features for key 163-122947-0014
VLOG[2] (compute-mfcc-feats[5.5.0~1-40c7]:main():compute-mfcc-feats.cc:182) Processed features for key 163-122947-0015
VLOG[2] (compute-mfcc-feats[5.5.0~1-40c7]:main():compute-mfcc-feats.cc:182) Processed features for key 163-122947-0016
VLOG[2] (compute-mfcc-feats[5.5.0~1-40c7]:main():compute-mfcc-feats.cc:182) Processed features for key 163-122947-0017
VLOG[2] (compute-mfcc-feats[5.5.0~1-40c7]:main():compute-mfcc-feats.cc:182) Processed features for key 163-122947-0018
VLOG[2] (compute-mfcc-feats[5.5.0~1-40c7]:main():compute-mfcc-feats.cc:182) Processed features for key 163-122947-0019
VLOG[2] (compute-mfcc-feats[5.5.0~1-40c7]:main():compute-mfcc-feats.cc:182) Processed features for key 163-122947-0020
VLOG[2] (compute-mfcc-feats[5.5.0~1-40c7]:main():compute-mfcc-feats.cc:182) Processed features for key 163-122947-0021
VLOG[2] (compute-mfcc-feats[5.5.0~1-40c7]:main():compute-mfcc-feats.cc:182) Processed features for key 163-122947-0022
LOG (compute-mfcc-feats[5.5.0~1-40c7]:main():compute-mfcc-feats.cc:181) Processed 40 utterances
VLOG[2] (compute-mfcc-feats[5.5.0~1-40c7]:main():compute-mfcc-feats.cc:182) Processed features for key 163-122947-0023
VLOG[2] (compute-mfcc-feats[5.5.0~1-40c7]:main():compute-mfcc-feats.cc:182) Processed features for key 163-122947-0024
VLOG[2] (compute-mfcc-feats[5.5.0~1-40c7]:main():compute-mfcc-feats.cc:182) Processed features for key 163-122947-0025
VLOG[2] (compute-mfcc-feats[5.5.0~1-40c7]:main():compute-mfcc-feats.cc:182) Processed features for key 163-122947-0026
VLOG[2] (compute-mfcc-feats[5.5.0~1-40c7]:main():compute-mfcc-feats.cc:182) Processed features for key 163-122947-0027
VLOG[2] (compute-mfcc-feats[5.5.0~1-40c7]:main():compute-mfcc-feats.cc:182) Processed features for key 163-122947-0028
VLOG[2] (compute-mfcc-feats[5.5.0~1-40c7]:main():compute-mfcc-feats.cc:182) Processed features for key 163-122947-0029
VLOG[2] (compute-mfcc-feats[5.5.0~1-40c7]:main():compute-mfcc-feats.cc:182) Processed features for key 163-122947-0030
VLOG[2] (compute-mfcc-feats[5.5.0~1-40c7]:main():compute-mfcc-feats.cc:182) Processed features for key 163-122947-0031
VLOG[2] (compute-mfcc-feats[5.5.0~1-40c7]:main():compute-mfcc-feats.cc:182) Processed features for key 163-122947-0032
LOG (compute-mfcc-feats[5.5.0~1-40c7]:main():compute-mfcc-feats.cc:181) Processed 50 utterances
VLOG[2] (compute-mfcc-feats[5.5.0~1-40c7]:main():compute-mfcc-feats.cc:182) Processed features for key 163-122947-0033
VLOG[2] (compute-mfcc-feats[5.5.0~1-40c7]:main():compute-mfcc-feats.cc:182) Processed features for key 163-122947-0034
VLOG[2] (compute-mfcc-feats[5.5.0~1-40c7]:main():compute-mfcc-feats.cc:182) Processed features for key 163-122947-0035
VLOG[2] (compute-mfcc-feats[5.5.0~1-40c7]:main():compute-mfcc-feats.cc:182) Processed features for key 163-122947-0036
VLOG[2] (compute-mfcc-feats[5.5.0~1-40c7]:main():compute-mfcc-feats.cc:182) Processed features for key 163-122947-0037
VLOG[2] (compute-mfcc-feats[5.5.0~1-40c7]:main():compute-mfcc-feats.cc:182) Processed features for key 163-122947-0038
VLOG[2] (compute-mfcc-feats[5.5.0~1-40c7]:main():compute-mfcc-feats.cc:182) Processed features for key 163-122947-0039
VLOG[2] (compute-mfcc-feats[5.5.0~1-40c7]:main():compute-mfcc-feats.cc:182) Processed features for key 163-122947-0040
VLOG[2] (compute-mfcc-feats[5.5.0~1-40c7]:main():compute-mfcc-feats.cc:182) Processed features for key 163-122947-0041
VLOG[2] (compute-mfcc-feats[5.5.0~1-40c7]:main():compute-mfcc-feats.cc:182) Processed features for key 163-122947-0042
LOG (compute-mfcc-feats[5.5.0~1-40c7]:main():compute-mfcc-feats.cc:181) Processed 60 utterances
VLOG[2] (compute-mfcc-feats[5.5.0~1-40c7]:main():compute-mfcc-feats.cc:182) Processed features for key 163-122947-0043
VLOG[2] (compute-mfcc-feats[5.5.0~1-40c7]:main():compute-mfcc-feats.cc:182) Processed features for key 163-122947-0044
VLOG[2] (compute-mfcc-feats[5.5.0~1-40c7]:main():compute-mfcc-feats.cc:182) Processed features for key 163-122947-0045
VLOG[2] (compute-mfcc-feats[5.5.0~1-40c7]:main():compute-mfcc-feats.cc:182) Processed features for key 163-122947-0046
VLOG[2] (compute-mfcc-feats[5.5.0~1-40c7]:main():compute-mfcc-feats.cc:182) Processed features for key 163-122947-0047
VLOG[2] (compute-mfcc-feats[5.5.0~1-40c7]:main():compute-mfcc-feats.cc:182) Processed features for key 163-122947-0048
VLOG[2] (compute-mfcc-feats[5.5.0~1-40c7]:main():compute-mfcc-feats.cc:182) Processed features for key 163-122947-0049
VLOG[2] (compute-mfcc-feats[5.5.0~1-40c7]:main():compute-mfcc-feats.cc:182) Processed features for key 163-122947-0050
VLOG[2] (compute-mfcc-feats[5.5.0~1-40c7]:main():compute-mfcc-feats.cc:182) Processed features for key 163-122947-0051
VLOG[2] (compute-mfcc-feats[5.5.0~1-40c7]:main():compute-mfcc-feats.cc:182) Processed features for key 163-122947-0052
LOG (compute-mfcc-feats[5.5.0~1-40c7]:main():compute-mfcc-feats.cc:181) Processed 70 utterances
VLOG[2] (compute-mfcc-feats[5.5.0~1-40c7]:main():compute-mfcc-feats.cc:182) Processed features for key 163-122947-0053
VLOG[2] (compute-mfcc-feats[5.5.0~1-40c7]:main():compute-mfcc-feats.cc:182) Processed features for key 163-122947-0054
VLOG[2] (compute-mfcc-feats[5.5.0~1-40c7]:main():compute-mfcc-feats.cc:182) Processed features for key 163-122947-0055
VLOG[2] (compute-mfcc-feats[5.5.0~1-40c7]:main():compute-mfcc-feats.cc:182) Processed features for key 163-122947-0056
VLOG[2] (compute-mfcc-feats[5.5.0~1-40c7]:main():compute-mfcc-feats.cc:182) Processed features for key 163-122947-0057
VLOG[2] (compute-mfcc-feats[5.5.0~1-40c7]:main():compute-mfcc-feats.cc:182) Processed features for key 163-122947-0058
VLOG[2] (compute-mfcc-feats[5.5.0~1-40c7]:main():compute-mfcc-feats.cc:182) Processed features for key 163-122947-0059
VLOG[2] (compute-mfcc-feats[5.5.0~1-40c7]:main():compute-mfcc-feats.cc:182) Processed features for key 163-122947-0060
VLOG[2] (compute-mfcc-feats[5.5.0~1-40c7]:main():compute-mfcc-feats.cc:182) Processed features for key 163-122947-0061
VLOG[2] (compute-mfcc-feats[5.5.0~1-40c7]:main():compute-mfcc-feats.cc:182) Processed features for key 163-122947-0062
LOG (compute-mfcc-feats[5.5.0~1-40c7]:main():compute-mfcc-feats.cc:181) Processed 80 utterances
VLOG[2] (compute-mfcc-feats[5.5.0~1-40c7]:main():compute-mfcc-feats.cc:182) Processed features for key 163-122947-0063
VLOG[2] (compute-mfcc-feats[5.5.0~1-40c7]:main():compute-mfcc-feats.cc:182) Processed features for key 163-122947-0064
VLOG[2] (compute-mfcc-feats[5.5.0~1-40c7]:main():compute-mfcc-feats.cc:182) Processed features for key 163-122947-0065
VLOG[2] (compute-mfcc-feats[5.5.0~1-40c7]:main():compute-mfcc-feats.cc:182) Processed features for key 163-122947-0066
VLOG[2] (compute-mfcc-feats[5.5.0~1-40c7]:main():compute-mfcc-feats.cc:182) Processed features for key 163-122947-0067
VLOG[2] (compute-mfcc-feats[5.5.0~1-40c7]:main():compute-mfcc-feats.cc:182) Processed features for key 163-122947-0068
VLOG[2] (compute-mfcc-feats[5.5.0~1-40c7]:main():compute-mfcc-feats.cc:182) Processed features for key 163-122947-0069
VLOG[2] (compute-mfcc-feats[5.5.0~1-40c7]:main():compute-mfcc-feats.cc:182) Processed features for key 163-122947-0070
VLOG[2] (compute-mfcc-feats[5.5.0~1-40c7]:main():compute-mfcc-feats.cc:182) Processed features for key 163-122947-0071
VLOG[2] (compute-mfcc-feats[5.5.0~1-40c7]:main():compute-mfcc-feats.cc:182) Processed features for key 163-122947-0072
LOG (compute-mfcc-feats[5.5.0~1-40c7]:main():compute-mfcc-feats.cc:181) Processed 90 utterances
VLOG[2] (compute-mfcc-feats[5.5.0~1-40c7]:main():compute-mfcc-feats.cc:182) Processed features for key 163-122947-0073
VLOG[2] (compute-mfcc-feats[5.5.0~1-40c7]:main():compute-mfcc-feats.cc:182) Processed features for key 163-122947-0074
VLOG[2] (compute-mfcc-feats[5.5.0~1-40c7]:main():compute-mfcc-feats.cc:182) Processed features for key 163-122947-0075
VLOG[2] (compute-mfcc-feats[5.5.0~1-40c7]:main():compute-mfcc-feats.cc:182) Processed features for key 163-122947-0076
VLOG[2] (compute-mfcc-feats[5.5.0~1-40c7]:main():compute-mfcc-feats.cc:182) Processed features for key 163-122947-0077
VLOG[2] (compute-mfcc-feats[5.5.0~1-40c7]:main():compute-mfcc-feats.cc:182) Processed features for key 163-122947-0078
VLOG[2] (compute-mfcc-feats[5.5.0~1-40c7]:main():compute-mfcc-feats.cc:182) Processed features for key 163-122947-0079
VLOG[2] (compute-mfcc-feats[5.5.0~1-40c7]:main():compute-mfcc-feats.cc:182) Processed features for key 163-122947-0080
VLOG[2] (compute-mfcc-feats[5.5.0~1-40c7]:main():compute-mfcc-feats.cc:182) Processed features for key 163-122947-0081
VLOG[2] (compute-mfcc-feats[5.5.0~1-40c7]:main():compute-mfcc-feats.cc:182) Processed features for key 163-122947-0082
LOG (compute-mfcc-feats[5.5.0~1-40c7]:main():compute-mfcc-feats.cc:181) Processed 100 utterances
VLOG[2] (compute-mfcc-feats[5.5.0~1-40c7]:main():compute-mfcc-feats.cc:182) Processed features for key 163-122947-0083
VLOG[2] (compute-mfcc-feats[5.5.0~1-40c7]:main():compute-mfcc-feats.cc:182) Processed features for key 163-122947-0084
VLOG[2] (compute-mfcc-feats[5.5.0~1-40c7]:main():compute-mfcc-feats.cc:182) Processed features for key 163-122947-0085
VLOG[2] (compute-mfcc-feats[5.5.0~1-40c7]:main():compute-mfcc-feats.cc:182) Processed features for key 163-122947-0086
VLOG[2] (compute-mfcc-feats[5.5.0~1-40c7]:main():compute-mfcc-feats.cc:182) Processed features for key 163-122947-0087
VLOG[2] (compute-mfcc-feats[5.5.0~1-40c7]:main():compute-mfcc-feats.cc:182) Processed features for key 163-122947-0088
VLOG[2] (compute-mfcc-feats[5.5.0~1-40c7]:main():compute-mfcc-feats.cc:182) Processed features for key 163-122947-0089
VLOG[2] (compute-mfcc-feats[5.5.0~1-40c7]:main():compute-mfcc-feats.cc:182) Processed features for key 163-122947-0090
VLOG[2] (compute-mfcc-feats[5.5.0~1-40c7]:main():compute-mfcc-feats.cc:182) Processed features for key 163-122947-0091
VLOG[2] (compute-mfcc-feats[5.5.0~1-40c7]:main():compute-mfcc-feats.cc:182) Processed features for key 163-122947-0092
LOG (compute-mfcc-feats[5.5.0~1-40c7]:main():compute-mfcc-feats.cc:181) Processed 110 utterances
VLOG[2] (compute-mfcc-feats[5.5.0~1-40c7]:main():compute-mfcc-feats.cc:182) Processed features for key 163-122947-0093
VLOG[2] (compute-mfcc-feats[5.5.0~1-40c7]:main():compute-mfcc-feats.cc:182) Processed features for key 163-122947-0094
VLOG[2] (compute-mfcc-feats[5.5.0~1-40c7]:main():compute-mfcc-feats.cc:182) Processed features for key 163-122947-0095
VLOG[2] (compute-mfcc-feats[5.5.0~1-40c7]:main():compute-mfcc-feats.cc:182) Processed features for key 163-122947-0096
VLOG[2] (compute-mfcc-feats[5.5.0~1-40c7]:main():compute-mfcc-feats.cc:182) Processed features for key 163-122947-0097
VLOG[2] (compute-mfcc-feats[5.5.0~1-40c7]:main():compute-mfcc-feats.cc:182) Processed features for key 163-122947-0098
VLOG[2] (compute-mfcc-feats[5.5.0~1-40c7]:main():compute-mfcc-feats.cc:182) Processed features for key 1737-146161-0000
VLOG[2] (compute-mfcc-feats[5.5.0~1-40c7]:main():compute-mfcc-feats.cc:182) Processed features for key 1737-146161-0001
VLOG[2] (compute-mfcc-feats[5.5.0~1-40c7]:main():compute-mfcc-feats.cc:182) Processed features for key 1737-146161-0002
VLOG[2] (compute-mfcc-feats[5.5.0~1-40c7]:main():compute-mfcc-feats.cc:182) Processed features for key 1737-146161-0003
LOG (compute-mfcc-feats[5.5.0~1-40c7]:main():compute-mfcc-feats.cc:181) Processed 120 utterances
VLOG[2] (compute-mfcc-feats[5.5.0~1-40c7]:main():compute-mfcc-feats.cc:182) Processed features for key 1737-146161-0004
VLOG[2] (compute-mfcc-feats[5.5.0~1-40c7]:main():compute-mfcc-feats.cc:182) Processed features for key 1737-146161-0005
VLOG[2] (compute-mfcc-feats[5.5.0~1-40c7]:main():compute-mfcc-feats.cc:182) Processed features for key 1737-146161-0006
VLOG[2] (compute-mfcc-feats[5.5.0~1-40c7]:main():compute-mfcc-feats.cc:182) Processed features for key 1737-146161-0007
VLOG[2] (compute-mfcc-feats[5.5.0~1-40c7]:main():compute-mfcc-feats.cc:182) Processed features for key 1737-146161-0008
VLOG[2] (compute-mfcc-feats[5.5.0~1-40c7]:main():compute-mfcc-feats.cc:182) Processed features for key 1737-146161-0009
VLOG[2] (compute-mfcc-feats[5.5.0~1-40c7]:main():compute-mfcc-feats.cc:182) Processed features for key 1737-146161-0010
VLOG[2] (compute-mfcc-feats[5.5.0~1-40c7]:main():compute-mfcc-feats.cc:182) Processed features for key 1737-146161-0011
VLOG[2] (compute-mfcc-feats[5.5.0~1-40c7]:main():compute-mfcc-feats.cc:182) Processed features for key 1737-146161-0012
VLOG[2] (compute-mfcc-feats[5.5.0~1-40c7]:main():compute-mfcc-feats.cc:182) Processed features for key 1737-146161-0013
LOG (compute-mfcc-feats[5.5.0~1-40c7]:main():compute-mfcc-feats.cc:181) Processed 130 utterances
VLOG[2] (compute-mfcc-feats[5.5.0~1-40c7]:main():compute-mfcc-feats.cc:182) Processed features for key 1737-146161-0014
VLOG[2] (compute-mfcc-feats[5.5.0~1-40c7]:main():compute-mfcc-feats.cc:182) Processed features for key 1737-146161-0015
VLOG[2] (compute-mfcc-feats[5.5.0~1-40c7]:main():compute-mfcc-feats.cc:182) Processed features for key 1737-146161-0016
VLOG[2] (compute-mfcc-feats[5.5.0~1-40c7]:main():compute-mfcc-feats.cc:182) Processed features for key 1737-146161-0017
VLOG[2] (compute-mfcc-feats[5.5.0~1-40c7]:main():compute-mfcc-feats.cc:182) Processed features for key 1867-154075-0000
VLOG[2] (compute-mfcc-feats[5.5.0~1-40c7]:main():compute-mfcc-feats.cc:182) Processed features for key 1867-154075-0001
VLOG[2] (compute-mfcc-feats[5.5.0~1-40c7]:main():compute-mfcc-feats.cc:182) Processed features for key 1867-154075-0002
VLOG[2] (compute-mfcc-feats[5.5.0~1-40c7]:main():compute-mfcc-feats.cc:182) Processed features for key 1867-154075-0003
VLOG[2] (compute-mfcc-feats[5.5.0~1-40c7]:main():compute-mfcc-feats.cc:182) Processed features for key 1867-154075-0004
VLOG[2] (compute-mfcc-feats[5.5.0~1-40c7]:main():compute-mfcc-feats.cc:182) Processed features for key 1867-154075-0005
LOG (compute-mfcc-feats[5.5.0~1-40c7]:main():compute-mfcc-feats.cc:181) Processed 140 utterances
VLOG[2] (compute-mfcc-feats[5.5.0~1-40c7]:main():compute-mfcc-feats.cc:182) Processed features for key 1867-154075-0006
VLOG[2] (compute-mfcc-feats[5.5.0~1-40c7]:main():compute-mfcc-feats.cc:182) Processed features for key 1867-154075-0007
VLOG[2] (compute-mfcc-feats[5.5.0~1-40c7]:main():compute-mfcc-feats.cc:182) Processed features for key 1867-154075-0008
VLOG[2] (compute-mfcc-feats[5.5.0~1-40c7]:main():compute-mfcc-feats.cc:182) Processed features for key 1867-154075-0009
VLOG[2] (compute-mfcc-feats[5.5.0~1-40c7]:main():compute-mfcc-feats.cc:182) Processed features for key 1867-154075-0010
VLOG[2] (compute-mfcc-feats[5.5.0~1-40c7]:main():compute-mfcc-feats.cc:182) Processed features for key 1867-154075-0011
VLOG[2] (compute-mfcc-feats[5.5.0~1-40c7]:main():compute-mfcc-feats.cc:182) Processed features for key 1867-154075-0012
VLOG[2] (compute-mfcc-feats[5.5.0~1-40c7]:main():compute-mfcc-feats.cc:182) Processed features for key 1867-154075-0013
VLOG[2] (compute-mfcc-feats[5.5.0~1-40c7]:main():compute-mfcc-feats.cc:182) Processed features for key 1867-154075-0014
VLOG[2] (compute-mfcc-feats[5.5.0~1-40c7]:main():compute-mfcc-feats.cc:182) Processed features for key 1867-154075-0015
LOG (compute-mfcc-feats[5.5.0~1-40c7]:main():compute-mfcc-feats.cc:181) Processed 150 utterances
VLOG[2] (compute-mfcc-feats[5.5.0~1-40c7]:main():compute-mfcc-feats.cc:182) Processed features for key 1867-154075-0016
VLOG[2] (compute-mfcc-feats[5.5.0~1-40c7]:main():compute-mfcc-feats.cc:182) Processed features for key 1867-154075-0017
VLOG[2] (compute-mfcc-feats[5.5.0~1-40c7]:main():compute-mfcc-feats.cc:182) Processed features for key 1867-154075-0018
LOG (compute-mfcc-feats[5.5.0~1-40c7]:main():compute-mfcc-feats.cc:185)  Done 152 out of 152 utterances.
LOG (copy-feats[5.5.0~1-40c7]:main():copy-feats.cc:143) Copied 152 feature matrices.
# Accounting: time=6 threads=1
# Ended (code 0) at Thu Mar 11 10:36:34 UTC 2021, elapsed time 6 seconds
