# compile-train-graphs --read-disambig-syms=data/lang/phones/disambig.int exp/tri3b_ali_train_clean_5/tree exp/tri3b_ali_train_clean_5/final.mdl data/lang/L.fst "ark:utils/sym2int.pl --map-oov 3 -f 2- data/lang/words.txt data/train_clean_5/split5/2/text|" "ark:|gzip -c >exp/tri3b_ali_train_clean_5/fsts.2.gz" 
# Started at Thu Mar 11 10:48:24 UTC 2021
#
compile-train-graphs --read-disambig-syms=data/lang/phones/disambig.int exp/tri3b_ali_train_clean_5/tree exp/tri3b_ali_train_clean_5/final.mdl data/lang/L.fst 'ark:utils/sym2int.pl --map-oov 3 -f 2- data/lang/words.txt data/train_clean_5/split5/2/text|' 'ark:|gzip -c >exp/tri3b_ali_train_clean_5/fsts.2.gz' 
sym2int.pl: replacing RONICKY'S with 3
sym2int.pl: replacing LAGREE with 3
sym2int.pl: replacing LAGREE with 3
sym2int.pl: replacing LAGREE with 3
sym2int.pl: replacing LOCRINOS with 3
sym2int.pl: replacing LOCRINOS with 3
sym2int.pl: replacing LOCRINOS with 3
sym2int.pl: replacing LAGREE with 3
sym2int.pl: replacing LAGREE with 3
sym2int.pl: replacing LAGREE'S with 3
sym2int.pl: replacing LAGREE with 3
sym2int.pl: replacing LAGREE with 3
sym2int.pl: replacing TESSELLATION with 3
sym2int.pl: replacing MOYNES with 3
** Replaced 14 instances of OOVs with 3
LOG (compile-train-graphs[5.5.0~1-40c7]:main():compile-train-graphs.cc:147) compile-train-graphs: succeeded for 324 graphs, failed for 0
# Accounting: time=3 threads=1
# Ended (code 0) at Thu Mar 11 10:48:27 UTC 2021, elapsed time 3 seconds
