# ali-to-post "ark:gunzip -c exp/tri3b_ali_train_clean_5/pre_ali.1.gz|" ark:- | weight-silence-post 0.0 1:2:3:4:5:6:7:8:9:10 exp/tri3b/final.alimdl ark:- ark:- | gmm-post-to-gpost exp/tri3b/final.alimdl "ark,s,cs:apply-cmvn  --utt2spk=ark:data/train_clean_5/split5/1/utt2spk scp:data/train_clean_5/split5/1/cmvn.scp scp:data/train_clean_5/split5/1/feats.scp ark:- | splice-feats --left-context=3 --right-context=3 ark:- ark:- | transform-feats exp/tri3b/final.mat ark:- ark:- |" ark:- ark:- | gmm-est-fmllr-gpost --fmllr-update-type=full --spk2utt=ark:data/train_clean_5/split5/1/spk2utt exp/tri3b/final.mdl "ark,s,cs:apply-cmvn  --utt2spk=ark:data/train_clean_5/split5/1/utt2spk scp:data/train_clean_5/split5/1/cmvn.scp scp:data/train_clean_5/split5/1/feats.scp ark:- | splice-feats --left-context=3 --right-context=3 ark:- ark:- | transform-feats exp/tri3b/final.mat ark:- ark:- |" ark,s,cs:- ark:exp/tri3b_ali_train_clean_5/trans.1 
# Started at Thu Mar 11 10:48:32 UTC 2021
#
gmm-post-to-gpost exp/tri3b/final.alimdl 'ark,s,cs:apply-cmvn  --utt2spk=ark:data/train_clean_5/split5/1/utt2spk scp:data/train_clean_5/split5/1/cmvn.scp scp:data/train_clean_5/split5/1/feats.scp ark:- | splice-feats --left-context=3 --right-context=3 ark:- ark:- | transform-feats exp/tri3b/final.mat ark:- ark:- |' ark:- ark:- 
weight-silence-post 0.0 1:2:3:4:5:6:7:8:9:10 exp/tri3b/final.alimdl ark:- ark:- 
ali-to-post 'ark:gunzip -c exp/tri3b_ali_train_clean_5/pre_ali.1.gz|' ark:- 
gmm-est-fmllr-gpost --fmllr-update-type=full --spk2utt=ark:data/train_clean_5/split5/1/spk2utt exp/tri3b/final.mdl 'ark,s,cs:apply-cmvn  --utt2spk=ark:data/train_clean_5/split5/1/utt2spk scp:data/train_clean_5/split5/1/cmvn.scp scp:data/train_clean_5/split5/1/feats.scp ark:- | splice-feats --left-context=3 --right-context=3 ark:- ark:- | transform-feats exp/tri3b/final.mat ark:- ark:- |' ark,s,cs:- ark:exp/tri3b_ali_train_clean_5/trans.1 
transform-feats exp/tri3b/final.mat ark:- ark:- 
splice-feats --left-context=3 --right-context=3 ark:- ark:- 
apply-cmvn --utt2spk=ark:data/train_clean_5/split5/1/utt2spk scp:data/train_clean_5/split5/1/cmvn.scp scp:data/train_clean_5/split5/1/feats.scp ark:- 
transform-feats exp/tri3b/final.mat ark:- ark:- 
splice-feats --left-context=3 --right-context=3 ark:- ark:- 
apply-cmvn --utt2spk=ark:data/train_clean_5/split5/1/utt2spk scp:data/train_clean_5/split5/1/cmvn.scp scp:data/train_clean_5/split5/1/feats.scp ark:- 
LOG (gmm-est-fmllr-gpost[5.5.0~1-40c7]:ComputeFmllrMatrixDiagGmmFull():fmllr-diag-gmm.cc:262) fMLLR objf improvement is 6.3994 per frame over 64689 frames.
LOG (gmm-est-fmllr-gpost[5.5.0~1-40c7]:main():gmm-est-fmllr-gpost.cc:141) For speaker 1088-134315, auxf-impr from fMLLR is 6.3994, over 64689 frames.

LOG (gmm-est-fmllr-gpost[5.5.0~1-40c7]:ComputeFmllrMatrixDiagGmmFull():fmllr-diag-gmm.cc:262) fMLLR objf improvement is 6.25895 per frame over 25526 frames.
LOG (gmm-est-fmllr-gpost[5.5.0~1-40c7]:main():gmm-est-fmllr-gpost.cc:141) For speaker 1088-134318, auxf-impr from fMLLR is 6.25895, over 25526 frames.

LOG (gmm-est-fmllr-gpost[5.5.0~1-40c7]:ComputeFmllrMatrixDiagGmmFull():fmllr-diag-gmm.cc:262) fMLLR objf improvement is 10.5601 per frame over 71281 frames.
LOG (gmm-est-fmllr-gpost[5.5.0~1-40c7]:main():gmm-est-fmllr-gpost.cc:141) For speaker 118-47824, auxf-impr from fMLLR is 10.5601, over 71281 frames.

LOG (gmm-est-fmllr-gpost[5.5.0~1-40c7]:ComputeFmllrMatrixDiagGmmFull():fmllr-diag-gmm.cc:262) fMLLR objf improvement is 5.22295 per frame over 99216 frames.
LOG (gmm-est-fmllr-gpost[5.5.0~1-40c7]:main():gmm-est-fmllr-gpost.cc:141) For speaker 163-122947, auxf-impr from fMLLR is 5.22295, over 99216 frames.

LOG (ali-to-post[5.5.0~1-40c7]:main():ali-to-post.cc:73) Converted 285 alignments.
LOG (weight-silence-post[5.5.0~1-40c7]:main():weight-silence-post.cc:95) Done 285 posteriors.
LOG (apply-cmvn[5.5.0~1-40c7]:main():apply-cmvn.cc:162) Applied cepstral mean normalization to 285 utterances, errors on 0
LOG (apply-cmvn[5.5.0~1-40c7]:main():apply-cmvn.cc:162) Applied cepstral mean normalization to 285 utterances, errors on 0
LOG (transform-feats[5.5.0~1-40c7]:main():transform-feats.cc:158) Overall average [pseudo-]logdet is -92.335 over 350828 frames.
LOG (transform-feats[5.5.0~1-40c7]:main():transform-feats.cc:161) Applied transform to 285 utterances; 0 had errors.
LOG (gmm-post-to-gpost[5.5.0~1-40c7]:main():gmm-post-to-gpost.cc:124) Done 285 files, 0 with no posteriors, 0 with other errors.
LOG (gmm-post-to-gpost[5.5.0~1-40c7]:main():gmm-post-to-gpost.cc:128) Overall avg like per frame (Gaussian only) = -50.8397 over 275645 frames.
LOG (gmm-post-to-gpost[5.5.0~1-40c7]:main():gmm-post-to-gpost.cc:131) Done converting post to gpost
LOG (transform-feats[5.5.0~1-40c7]:main():transform-feats.cc:158) Overall average [pseudo-]logdet is -92.335 over 350828 frames.
LOG (transform-feats[5.5.0~1-40c7]:main():transform-feats.cc:161) Applied transform to 285 utterances; 0 had errors.
LOG (gmm-est-fmllr-gpost[5.5.0~1-40c7]:ComputeFmllrMatrixDiagGmmFull():fmllr-diag-gmm.cc:262) fMLLR objf improvement is 16.4672 per frame over 14933 frames.
LOG (gmm-est-fmllr-gpost[5.5.0~1-40c7]:main():gmm-est-fmllr-gpost.cc:141) For speaker 1737-146161, auxf-impr from fMLLR is 16.4672, over 14933 frames.

LOG (gmm-est-fmllr-gpost[5.5.0~1-40c7]:main():gmm-est-fmllr-gpost.cc:186) Done 285 files, 0 with no gposts, 0 with other errors.
LOG (gmm-est-fmllr-gpost[5.5.0~1-40c7]:main():gmm-est-fmllr-gpost.cc:188) Overall fMLLR auxf impr per frame is 7.58431 over 275645 frames.
# Accounting: time=3 threads=1
# Ended (code 0) at Thu Mar 11 10:48:35 UTC 2021, elapsed time 3 seconds
