# ali-to-post "ark:gunzip -c exp/tri3b_ali_train_clean_5/pre_ali.2.gz|" ark:- | weight-silence-post 0.0 1:2:3:4:5:6:7:8:9:10 exp/tri3b/final.alimdl ark:- ark:- | gmm-post-to-gpost exp/tri3b/final.alimdl "ark,s,cs:apply-cmvn  --utt2spk=ark:data/train_clean_5/split5/2/utt2spk scp:data/train_clean_5/split5/2/cmvn.scp scp:data/train_clean_5/split5/2/feats.scp ark:- | splice-feats --left-context=3 --right-context=3 ark:- ark:- | transform-feats exp/tri3b/final.mat ark:- ark:- |" ark:- ark:- | gmm-est-fmllr-gpost --fmllr-update-type=full --spk2utt=ark:data/train_clean_5/split5/2/spk2utt exp/tri3b/final.mdl "ark,s,cs:apply-cmvn  --utt2spk=ark:data/train_clean_5/split5/2/utt2spk scp:data/train_clean_5/split5/2/cmvn.scp scp:data/train_clean_5/split5/2/feats.scp ark:- | splice-feats --left-context=3 --right-context=3 ark:- ark:- | transform-feats exp/tri3b/final.mat ark:- ark:- |" ark,s,cs:- ark:exp/tri3b_ali_train_clean_5/trans.2 
# Started at Thu Mar 11 10:48:32 UTC 2021
#
gmm-post-to-gpost exp/tri3b/final.alimdl 'ark,s,cs:apply-cmvn  --utt2spk=ark:data/train_clean_5/split5/2/utt2spk scp:data/train_clean_5/split5/2/cmvn.scp scp:data/train_clean_5/split5/2/feats.scp ark:- | splice-feats --left-context=3 --right-context=3 ark:- ark:- | transform-feats exp/tri3b/final.mat ark:- ark:- |' ark:- ark:- 
weight-silence-post 0.0 1:2:3:4:5:6:7:8:9:10 exp/tri3b/final.alimdl ark:- ark:- 
ali-to-post 'ark:gunzip -c exp/tri3b_ali_train_clean_5/pre_ali.2.gz|' ark:- 
gmm-est-fmllr-gpost --fmllr-update-type=full --spk2utt=ark:data/train_clean_5/split5/2/spk2utt exp/tri3b/final.mdl 'ark,s,cs:apply-cmvn  --utt2spk=ark:data/train_clean_5/split5/2/utt2spk scp:data/train_clean_5/split5/2/cmvn.scp scp:data/train_clean_5/split5/2/feats.scp ark:- | splice-feats --left-context=3 --right-context=3 ark:- ark:- | transform-feats exp/tri3b/final.mat ark:- ark:- |' ark,s,cs:- ark:exp/tri3b_ali_train_clean_5/trans.2 
apply-cmvn --utt2spk=ark:data/train_clean_5/split5/2/utt2spk scp:data/train_clean_5/split5/2/cmvn.scp scp:data/train_clean_5/split5/2/feats.scp ark:- 
splice-feats --left-context=3 --right-context=3 ark:- ark:- 
transform-feats exp/tri3b/final.mat ark:- ark:- 
transform-feats exp/tri3b/final.mat ark:- ark:- 
apply-cmvn --utt2spk=ark:data/train_clean_5/split5/2/utt2spk scp:data/train_clean_5/split5/2/cmvn.scp scp:data/train_clean_5/split5/2/feats.scp ark:- 
splice-feats --left-context=3 --right-context=3 ark:- ark:- 
LOG (gmm-est-fmllr-gpost[5.5.0~1-40c7]:ComputeFmllrMatrixDiagGmmFull():fmllr-diag-gmm.cc:262) fMLLR objf improvement is 4.33458 per frame over 44437 frames.
LOG (gmm-est-fmllr-gpost[5.5.0~1-40c7]:main():gmm-est-fmllr-gpost.cc:141) For speaker 1867-154075, auxf-impr from fMLLR is 4.33458, over 44437 frames.

LOG (gmm-est-fmllr-gpost[5.5.0~1-40c7]:ComputeFmllrMatrixDiagGmmFull():fmllr-diag-gmm.cc:262) fMLLR objf improvement is 5.50619 per frame over 51592 frames.
LOG (gmm-est-fmllr-gpost[5.5.0~1-40c7]:main():gmm-est-fmllr-gpost.cc:141) For speaker 1898-145715, auxf-impr from fMLLR is 5.50619, over 51592 frames.

LOG (gmm-est-fmllr-gpost[5.5.0~1-40c7]:ComputeFmllrMatrixDiagGmmFull():fmllr-diag-gmm.cc:262) fMLLR objf improvement is 6.48044 per frame over 39615 frames.
LOG (gmm-est-fmllr-gpost[5.5.0~1-40c7]:main():gmm-est-fmllr-gpost.cc:141) For speaker 19-198, auxf-impr from fMLLR is 6.48044, over 39615 frames.

LOG (gmm-est-fmllr-gpost[5.5.0~1-40c7]:ComputeFmllrMatrixDiagGmmFull():fmllr-diag-gmm.cc:262) fMLLR objf improvement is 5.64389 per frame over 41736 frames.
LOG (gmm-est-fmllr-gpost[5.5.0~1-40c7]:main():gmm-est-fmllr-gpost.cc:141) For speaker 1970-28415, auxf-impr from fMLLR is 5.64389, over 41736 frames.

LOG (gmm-est-fmllr-gpost[5.5.0~1-40c7]:ComputeFmllrMatrixDiagGmmFull():fmllr-diag-gmm.cc:262) fMLLR objf improvement is 4.07481 per frame over 40007 frames.
LOG (gmm-est-fmllr-gpost[5.5.0~1-40c7]:main():gmm-est-fmllr-gpost.cc:141) For speaker 2136-5147, auxf-impr from fMLLR is 4.07481, over 40007 frames.

LOG (gmm-est-fmllr-gpost[5.5.0~1-40c7]:ComputeFmllrMatrixDiagGmmFull():fmllr-diag-gmm.cc:262) fMLLR objf improvement is 4.66234 per frame over 43139 frames.
LOG (gmm-est-fmllr-gpost[5.5.0~1-40c7]:main():gmm-est-fmllr-gpost.cc:141) For speaker 226-122538, auxf-impr from fMLLR is 4.66234, over 43139 frames.

LOG (ali-to-post[5.5.0~1-40c7]:main():ali-to-post.cc:73) Converted 324 alignments.
LOG (weight-silence-post[5.5.0~1-40c7]:main():weight-silence-post.cc:95) Done 324 posteriors.
LOG (apply-cmvn[5.5.0~1-40c7]:main():apply-cmvn.cc:162) Applied cepstral mean normalization to 324 utterances, errors on 0
LOG (apply-cmvn[5.5.0~1-40c7]:main():apply-cmvn.cc:162) Applied cepstral mean normalization to 324 utterances, errors on 0
LOG (transform-feats[5.5.0~1-40c7]:main():transform-feats.cc:158) Overall average [pseudo-]logdet is -92.335 over 419179 frames.
LOG (transform-feats[5.5.0~1-40c7]:main():transform-feats.cc:161) Applied transform to 324 utterances; 0 had errors.
LOG (gmm-post-to-gpost[5.5.0~1-40c7]:main():gmm-post-to-gpost.cc:124) Done 324 files, 0 with no posteriors, 0 with other errors.
LOG (gmm-post-to-gpost[5.5.0~1-40c7]:main():gmm-post-to-gpost.cc:128) Overall avg like per frame (Gaussian only) = -48.7421 over 337405 frames.
LOG (gmm-post-to-gpost[5.5.0~1-40c7]:main():gmm-post-to-gpost.cc:131) Done converting post to gpost
LOG (transform-feats[5.5.0~1-40c7]:main():transform-feats.cc:158) Overall average [pseudo-]logdet is -92.335 over 419179 frames.
LOG (transform-feats[5.5.0~1-40c7]:main():transform-feats.cc:161) Applied transform to 324 utterances; 0 had errors.
LOG (gmm-est-fmllr-gpost[5.5.0~1-40c7]:ComputeFmllrMatrixDiagGmmFull():fmllr-diag-gmm.cc:262) fMLLR objf improvement is 5.18155 per frame over 76879 frames.
LOG (gmm-est-fmllr-gpost[5.5.0~1-40c7]:main():gmm-est-fmllr-gpost.cc:141) For speaker 2416-152139, auxf-impr from fMLLR is 5.18155, over 76879 frames.

LOG (gmm-est-fmllr-gpost[5.5.0~1-40c7]:main():gmm-est-fmllr-gpost.cc:186) Done 324 files, 0 with no gposts, 0 with other errors.
LOG (gmm-est-fmllr-gpost[5.5.0~1-40c7]:main():gmm-est-fmllr-gpost.cc:188) Overall fMLLR auxf impr per frame is 5.13172 over 337405 frames.
# Accounting: time=3 threads=1
# Ended (code 0) at Thu Mar 11 10:48:35 UTC 2021, elapsed time 3 seconds
